ARM GAS  C:\Users\ADMINI~1.SC-\AppData\Local\Temp\cce1OJz3.s 			page 1


   1              		.cpu cortex-m0
   2              		.fpu softvfp
   3              		.eabi_attribute 20, 1
   4              		.eabi_attribute 21, 1
   5              		.eabi_attribute 23, 3
   6              		.eabi_attribute 24, 1
   7              		.eabi_attribute 25, 1
   8              		.eabi_attribute 26, 1
   9              		.eabi_attribute 30, 6
  10              		.eabi_attribute 34, 0
  11              		.eabi_attribute 18, 4
  12              		.code	16
  13              		.file	"app_LED.c"
  14              		.text
  15              	.Ltext0:
  16              		.cfi_sections	.debug_frame
  17              		.section	.text.HandleLeds,"ax",%progbits
  18              		.align	2
  19              		.global	HandleLeds
  20              		.code	16
  21              		.thumb_func
  22              		.type	HandleLeds, %function
  23              	HandleLeds:
  24              	.LFB35:
  25              		.file 1 "app_LED.c"
   1:app_LED.c     **** /*******************************************************************************
   2:app_LED.c     **** * File Name: app_LED.c
   3:app_LED.c     **** *
   4:app_LED.c     **** * Description:
   5:app_LED.c     **** *  Common BLE application code for client devices.
   6:app_LED.c     **** *
   7:app_LED.c     **** *******************************************************************************
   8:app_LED.c     **** * Copyright 2015, Cypress Semiconductor Corporation.  All rights reserved.
   9:app_LED.c     **** * You may use this file only in accordance with the license, terms, conditions,
  10:app_LED.c     **** * disclaimers, and limitations in the end user license agreement accompanying
  11:app_LED.c     **** * the software package with which this file was provided.
  12:app_LED.c     **** *******************************************************************************/
  13:app_LED.c     **** 
  14:app_LED.c     **** #include "app_LED.h"
  15:app_LED.c     **** 
  16:app_LED.c     **** 
  17:app_LED.c     **** /*******************************************************************************
  18:app_LED.c     **** * Function Name: HandleLeds
  19:app_LED.c     **** ********************************************************************************
  20:app_LED.c     **** *
  21:app_LED.c     **** * Summary:
  22:app_LED.c     **** *  This function handles the toggling of Scan and Connection LED. 
  23:app_LED.c     **** *
  24:app_LED.c     **** * Parameters:
  25:app_LED.c     **** *  None.
  26:app_LED.c     **** *
  27:app_LED.c     **** * Return:
  28:app_LED.c     **** *   None.
  29:app_LED.c     **** *
  30:app_LED.c     **** *******************************************************************************/
  31:app_LED.c     **** void HandleLeds(void)
  32:app_LED.c     **** {
ARM GAS  C:\Users\ADMINI~1.SC-\AppData\Local\Temp\cce1OJz3.s 			page 2


  26              		.loc 1 32 0
  27              		.cfi_startproc
  28 0000 80B5     		push	{r7, lr}
  29              		.cfi_def_cfa_offset 8
  30              		.cfi_offset 7, -8
  31              		.cfi_offset 14, -4
  32 0002 00AF     		add	r7, sp, #0
  33              		.cfi_def_cfa_register 7
  33:app_LED.c     ****     static uint8        ledState        = LED_OFF;  
  34:app_LED.c     ****     static uint32       connLedTimer    = CONN_LED_TIMEOUT;   
  35:app_LED.c     ****     
  36:app_LED.c     ****     switch (cyBle_state)
  34              		.loc 1 36 0
  35 0004 0F4B     		ldr	r3, .L7
  36 0006 1B78     		ldrb	r3, [r3]
  37 0008 022B     		cmp	r3, #2
  38 000a 02D0     		beq	.L3
  39 000c 032B     		cmp	r3, #3
  40 000e 15D0     		beq	.L6
  37:app_LED.c     ****     {
  38:app_LED.c     ****         case CYBLE_STATE_ADVERTISING:
  39:app_LED.c     ****             
  40:app_LED.c     ****             
  41:app_LED.c     ****             break;
  42:app_LED.c     ****             
  43:app_LED.c     ****         case CYBLE_STATE_CONNECTED: 
  44:app_LED.c     ****             
  45:app_LED.c     ****             #if DONGLE
  46:app_LED.c     ****             Adv_LED_Write(LED_OFF);
  47:app_LED.c     ****             #endif 
  48:app_LED.c     ****             
  49:app_LED.c     ****             if(--connLedTimer == 0u) 
  50:app_LED.c     ****             {
  51:app_LED.c     ****                 connLedTimer = CONN_LED_TIMEOUT;
  52:app_LED.c     ****                 ledState    ^= LED_OFF;
  53:app_LED.c     ****                 
  54:app_LED.c     ****             }
  55:app_LED.c     ****             
  56:app_LED.c     ****         default:
  57:app_LED.c     ****             break;
  41              		.loc 1 57 0
  42 0010 15E0     		b	.L1
  43              	.L3:
  49:app_LED.c     ****             {
  44              		.loc 1 49 0
  45 0012 0D4B     		ldr	r3, .L7+4
  46 0014 1B68     		ldr	r3, [r3]
  47 0016 5A1E     		sub	r2, r3, #1
  48 0018 0B4B     		ldr	r3, .L7+4
  49 001a 1A60     		str	r2, [r3]
  50 001c 0A4B     		ldr	r3, .L7+4
  51 001e 1B68     		ldr	r3, [r3]
  52 0020 002B     		cmp	r3, #0
  53 0022 09D1     		bne	.L2
  51:app_LED.c     ****                 ledState    ^= LED_OFF;
  54              		.loc 1 51 0
  55 0024 084B     		ldr	r3, .L7+4
ARM GAS  C:\Users\ADMINI~1.SC-\AppData\Local\Temp\cce1OJz3.s 			page 3


  56 0026 094A     		ldr	r2, .L7+8
  57 0028 1A60     		str	r2, [r3]
  52:app_LED.c     ****                 
  58              		.loc 1 52 0
  59 002a 094B     		ldr	r3, .L7+12
  60 002c 1B78     		ldrb	r3, [r3]
  61 002e 0122     		mov	r2, #1
  62 0030 5340     		eor	r3, r2
  63 0032 DAB2     		uxtb	r2, r3
  64 0034 064B     		ldr	r3, .L7+12
  65 0036 1A70     		strb	r2, [r3]
  66              	.L2:
  67              		.loc 1 57 0
  68 0038 C046     		mov	r8, r8
  69 003a 00E0     		b	.L1
  70              	.L6:
  41:app_LED.c     ****             
  71              		.loc 1 41 0
  72 003c C046     		mov	r8, r8
  73              	.L1:
  58:app_LED.c     ****     }
  59:app_LED.c     **** }
  74              		.loc 1 59 0
  75 003e BD46     		mov	sp, r7
  76              		@ sp needed
  77 0040 80BD     		pop	{r7, pc}
  78              	.L8:
  79 0042 C046     		.align	2
  80              	.L7:
  81 0044 00000000 		.word	cyBle_state
  82 0048 00000000 		.word	connLedTimer.7078
  83 004c 50C30000 		.word	50000
  84 0050 04000000 		.word	ledState.7077
  85              		.cfi_endproc
  86              	.LFE35:
  87              		.size	HandleLeds, .-HandleLeds
  88              		.data
  89              		.align	2
  90              		.type	connLedTimer.7078, %object
  91              		.size	connLedTimer.7078, 4
  92              	connLedTimer.7078:
  93 0000 50C30000 		.word	50000
  94              		.type	ledState.7077, %object
  95              		.size	ledState.7077, 1
  96              	ledState.7077:
  97 0004 01       		.byte	1
  98 0005 000000   		.text
  99              	.Letext0:
 100              		.file 2 "Generated_Source\\PSoC4/cytypes.h"
 101              		.file 3 "Generated_Source\\PSoC4/BLE_eventHandler.h"
 102              		.section	.debug_info,"",%progbits
 103              	.Ldebug_info0:
 104 0000 12010000 		.4byte	0x112
 105 0004 0400     		.2byte	0x4
 106 0006 00000000 		.4byte	.Ldebug_abbrev0
 107 000a 04       		.byte	0x4
 108 000b 01       		.uleb128 0x1
ARM GAS  C:\Users\ADMINI~1.SC-\AppData\Local\Temp\cce1OJz3.s 			page 4


 109 000c 65010000 		.4byte	.LASF23
 110 0010 01       		.byte	0x1
 111 0011 28000000 		.4byte	.LASF24
 112 0015 F3010000 		.4byte	.LASF25
 113 0019 00000000 		.4byte	.Ldebug_ranges0+0
 114 001d 00000000 		.4byte	0
 115 0021 00000000 		.4byte	.Ldebug_line0
 116 0025 02       		.uleb128 0x2
 117 0026 01       		.byte	0x1
 118 0027 06       		.byte	0x6
 119 0028 11010000 		.4byte	.LASF0
 120 002c 02       		.uleb128 0x2
 121 002d 01       		.byte	0x1
 122 002e 08       		.byte	0x8
 123 002f C1000000 		.4byte	.LASF1
 124 0033 02       		.uleb128 0x2
 125 0034 02       		.byte	0x2
 126 0035 05       		.byte	0x5
 127 0036 47010000 		.4byte	.LASF2
 128 003a 02       		.uleb128 0x2
 129 003b 02       		.byte	0x2
 130 003c 07       		.byte	0x7
 131 003d FE000000 		.4byte	.LASF3
 132 0041 02       		.uleb128 0x2
 133 0042 04       		.byte	0x4
 134 0043 05       		.byte	0x5
 135 0044 D4000000 		.4byte	.LASF4
 136 0048 02       		.uleb128 0x2
 137 0049 04       		.byte	0x4
 138 004a 07       		.byte	0x7
 139 004b 51000000 		.4byte	.LASF5
 140 004f 02       		.uleb128 0x2
 141 0050 08       		.byte	0x8
 142 0051 05       		.byte	0x5
 143 0052 F0000000 		.4byte	.LASF6
 144 0056 02       		.uleb128 0x2
 145 0057 08       		.byte	0x8
 146 0058 07       		.byte	0x7
 147 0059 7C000000 		.4byte	.LASF7
 148 005d 03       		.uleb128 0x3
 149 005e 04       		.byte	0x4
 150 005f 05       		.byte	0x5
 151 0060 696E7400 		.ascii	"int\000"
 152 0064 02       		.uleb128 0x2
 153 0065 04       		.byte	0x4
 154 0066 07       		.byte	0x7
 155 0067 1B000000 		.4byte	.LASF8
 156 006b 04       		.uleb128 0x4
 157 006c 4B000000 		.4byte	.LASF9
 158 0070 02       		.byte	0x2
 159 0071 C2       		.byte	0xc2
 160 0072 2C000000 		.4byte	0x2c
 161 0076 04       		.uleb128 0x4
 162 0077 14000000 		.4byte	.LASF10
 163 007b 02       		.byte	0x2
 164 007c C4       		.byte	0xc4
 165 007d 48000000 		.4byte	0x48
ARM GAS  C:\Users\ADMINI~1.SC-\AppData\Local\Temp\cce1OJz3.s 			page 5


 166 0081 02       		.uleb128 0x2
 167 0082 04       		.byte	0x4
 168 0083 04       		.byte	0x4
 169 0084 33010000 		.4byte	.LASF11
 170 0088 02       		.uleb128 0x2
 171 0089 08       		.byte	0x8
 172 008a 04       		.byte	0x4
 173 008b E9000000 		.4byte	.LASF12
 174 008f 02       		.uleb128 0x2
 175 0090 01       		.byte	0x1
 176 0091 08       		.byte	0x8
 177 0092 CF000000 		.4byte	.LASF13
 178 0096 02       		.uleb128 0x2
 179 0097 04       		.byte	0x4
 180 0098 07       		.byte	0x7
 181 0099 5C010000 		.4byte	.LASF14
 182 009d 05       		.uleb128 0x5
 183 009e 01       		.byte	0x1
 184 009f 03       		.byte	0x3
 185 00a0 3707     		.2byte	0x737
 186 00a2 C5000000 		.4byte	0xc5
 187 00a6 06       		.uleb128 0x6
 188 00a7 00000000 		.4byte	.LASF15
 189 00ab 00       		.sleb128 0
 190 00ac 06       		.uleb128 0x6
 191 00ad 63000000 		.4byte	.LASF16
 192 00b1 01       		.sleb128 1
 193 00b2 06       		.uleb128 0x6
 194 00b3 1D010000 		.4byte	.LASF17
 195 00b7 02       		.sleb128 2
 196 00b8 06       		.uleb128 0x6
 197 00b9 A9000000 		.4byte	.LASF18
 198 00bd 03       		.sleb128 3
 199 00be 06       		.uleb128 0x6
 200 00bf 32000000 		.4byte	.LASF19
 201 00c3 04       		.sleb128 4
 202 00c4 00       		.byte	0
 203 00c5 07       		.uleb128 0x7
 204 00c6 39010000 		.4byte	.LASF20
 205 00ca 03       		.byte	0x3
 206 00cb 4507     		.2byte	0x745
 207 00cd 9D000000 		.4byte	0x9d
 208 00d1 08       		.uleb128 0x8
 209 00d2 51010000 		.4byte	.LASF26
 210 00d6 01       		.byte	0x1
 211 00d7 1F       		.byte	0x1f
 212 00d8 00000000 		.4byte	.LFB35
 213 00dc 54000000 		.4byte	.LFE35-.LFB35
 214 00e0 01       		.uleb128 0x1
 215 00e1 9C       		.byte	0x9c
 216 00e2 09010000 		.4byte	0x109
 217 00e6 09       		.uleb128 0x9
 218 00e7 A0000000 		.4byte	.LASF21
 219 00eb 01       		.byte	0x1
 220 00ec 21       		.byte	0x21
 221 00ed 6B000000 		.4byte	0x6b
 222 00f1 05       		.uleb128 0x5
ARM GAS  C:\Users\ADMINI~1.SC-\AppData\Local\Temp\cce1OJz3.s 			page 6


 223 00f2 03       		.byte	0x3
 224 00f3 04000000 		.4byte	ledState.7077
 225 00f7 09       		.uleb128 0x9
 226 00f8 93000000 		.4byte	.LASF22
 227 00fc 01       		.byte	0x1
 228 00fd 22       		.byte	0x22
 229 00fe 76000000 		.4byte	0x76
 230 0102 05       		.uleb128 0x5
 231 0103 03       		.byte	0x3
 232 0104 00000000 		.4byte	connLedTimer.7078
 233 0108 00       		.byte	0
 234 0109 0A       		.uleb128 0xa
 235 010a DD000000 		.4byte	.LASF27
 236 010e 03       		.byte	0x3
 237 010f 2C09     		.2byte	0x92c
 238 0111 C5000000 		.4byte	0xc5
 239 0115 00       		.byte	0
 240              		.section	.debug_abbrev,"",%progbits
 241              	.Ldebug_abbrev0:
 242 0000 01       		.uleb128 0x1
 243 0001 11       		.uleb128 0x11
 244 0002 01       		.byte	0x1
 245 0003 25       		.uleb128 0x25
 246 0004 0E       		.uleb128 0xe
 247 0005 13       		.uleb128 0x13
 248 0006 0B       		.uleb128 0xb
 249 0007 03       		.uleb128 0x3
 250 0008 0E       		.uleb128 0xe
 251 0009 1B       		.uleb128 0x1b
 252 000a 0E       		.uleb128 0xe
 253 000b 55       		.uleb128 0x55
 254 000c 17       		.uleb128 0x17
 255 000d 11       		.uleb128 0x11
 256 000e 01       		.uleb128 0x1
 257 000f 10       		.uleb128 0x10
 258 0010 17       		.uleb128 0x17
 259 0011 00       		.byte	0
 260 0012 00       		.byte	0
 261 0013 02       		.uleb128 0x2
 262 0014 24       		.uleb128 0x24
 263 0015 00       		.byte	0
 264 0016 0B       		.uleb128 0xb
 265 0017 0B       		.uleb128 0xb
 266 0018 3E       		.uleb128 0x3e
 267 0019 0B       		.uleb128 0xb
 268 001a 03       		.uleb128 0x3
 269 001b 0E       		.uleb128 0xe
 270 001c 00       		.byte	0
 271 001d 00       		.byte	0
 272 001e 03       		.uleb128 0x3
 273 001f 24       		.uleb128 0x24
 274 0020 00       		.byte	0
 275 0021 0B       		.uleb128 0xb
 276 0022 0B       		.uleb128 0xb
 277 0023 3E       		.uleb128 0x3e
 278 0024 0B       		.uleb128 0xb
 279 0025 03       		.uleb128 0x3
ARM GAS  C:\Users\ADMINI~1.SC-\AppData\Local\Temp\cce1OJz3.s 			page 7


 280 0026 08       		.uleb128 0x8
 281 0027 00       		.byte	0
 282 0028 00       		.byte	0
 283 0029 04       		.uleb128 0x4
 284 002a 16       		.uleb128 0x16
 285 002b 00       		.byte	0
 286 002c 03       		.uleb128 0x3
 287 002d 0E       		.uleb128 0xe
 288 002e 3A       		.uleb128 0x3a
 289 002f 0B       		.uleb128 0xb
 290 0030 3B       		.uleb128 0x3b
 291 0031 0B       		.uleb128 0xb
 292 0032 49       		.uleb128 0x49
 293 0033 13       		.uleb128 0x13
 294 0034 00       		.byte	0
 295 0035 00       		.byte	0
 296 0036 05       		.uleb128 0x5
 297 0037 04       		.uleb128 0x4
 298 0038 01       		.byte	0x1
 299 0039 0B       		.uleb128 0xb
 300 003a 0B       		.uleb128 0xb
 301 003b 3A       		.uleb128 0x3a
 302 003c 0B       		.uleb128 0xb
 303 003d 3B       		.uleb128 0x3b
 304 003e 05       		.uleb128 0x5
 305 003f 01       		.uleb128 0x1
 306 0040 13       		.uleb128 0x13
 307 0041 00       		.byte	0
 308 0042 00       		.byte	0
 309 0043 06       		.uleb128 0x6
 310 0044 28       		.uleb128 0x28
 311 0045 00       		.byte	0
 312 0046 03       		.uleb128 0x3
 313 0047 0E       		.uleb128 0xe
 314 0048 1C       		.uleb128 0x1c
 315 0049 0D       		.uleb128 0xd
 316 004a 00       		.byte	0
 317 004b 00       		.byte	0
 318 004c 07       		.uleb128 0x7
 319 004d 16       		.uleb128 0x16
 320 004e 00       		.byte	0
 321 004f 03       		.uleb128 0x3
 322 0050 0E       		.uleb128 0xe
 323 0051 3A       		.uleb128 0x3a
 324 0052 0B       		.uleb128 0xb
 325 0053 3B       		.uleb128 0x3b
 326 0054 05       		.uleb128 0x5
 327 0055 49       		.uleb128 0x49
 328 0056 13       		.uleb128 0x13
 329 0057 00       		.byte	0
 330 0058 00       		.byte	0
 331 0059 08       		.uleb128 0x8
 332 005a 2E       		.uleb128 0x2e
 333 005b 01       		.byte	0x1
 334 005c 3F       		.uleb128 0x3f
 335 005d 19       		.uleb128 0x19
 336 005e 03       		.uleb128 0x3
ARM GAS  C:\Users\ADMINI~1.SC-\AppData\Local\Temp\cce1OJz3.s 			page 8


 337 005f 0E       		.uleb128 0xe
 338 0060 3A       		.uleb128 0x3a
 339 0061 0B       		.uleb128 0xb
 340 0062 3B       		.uleb128 0x3b
 341 0063 0B       		.uleb128 0xb
 342 0064 27       		.uleb128 0x27
 343 0065 19       		.uleb128 0x19
 344 0066 11       		.uleb128 0x11
 345 0067 01       		.uleb128 0x1
 346 0068 12       		.uleb128 0x12
 347 0069 06       		.uleb128 0x6
 348 006a 40       		.uleb128 0x40
 349 006b 18       		.uleb128 0x18
 350 006c 9742     		.uleb128 0x2117
 351 006e 19       		.uleb128 0x19
 352 006f 01       		.uleb128 0x1
 353 0070 13       		.uleb128 0x13
 354 0071 00       		.byte	0
 355 0072 00       		.byte	0
 356 0073 09       		.uleb128 0x9
 357 0074 34       		.uleb128 0x34
 358 0075 00       		.byte	0
 359 0076 03       		.uleb128 0x3
 360 0077 0E       		.uleb128 0xe
 361 0078 3A       		.uleb128 0x3a
 362 0079 0B       		.uleb128 0xb
 363 007a 3B       		.uleb128 0x3b
 364 007b 0B       		.uleb128 0xb
 365 007c 49       		.uleb128 0x49
 366 007d 13       		.uleb128 0x13
 367 007e 02       		.uleb128 0x2
 368 007f 18       		.uleb128 0x18
 369 0080 00       		.byte	0
 370 0081 00       		.byte	0
 371 0082 0A       		.uleb128 0xa
 372 0083 34       		.uleb128 0x34
 373 0084 00       		.byte	0
 374 0085 03       		.uleb128 0x3
 375 0086 0E       		.uleb128 0xe
 376 0087 3A       		.uleb128 0x3a
 377 0088 0B       		.uleb128 0xb
 378 0089 3B       		.uleb128 0x3b
 379 008a 05       		.uleb128 0x5
 380 008b 49       		.uleb128 0x49
 381 008c 13       		.uleb128 0x13
 382 008d 3F       		.uleb128 0x3f
 383 008e 19       		.uleb128 0x19
 384 008f 3C       		.uleb128 0x3c
 385 0090 19       		.uleb128 0x19
 386 0091 00       		.byte	0
 387 0092 00       		.byte	0
 388 0093 00       		.byte	0
 389              		.section	.debug_aranges,"",%progbits
 390 0000 1C000000 		.4byte	0x1c
 391 0004 0200     		.2byte	0x2
 392 0006 00000000 		.4byte	.Ldebug_info0
 393 000a 04       		.byte	0x4
ARM GAS  C:\Users\ADMINI~1.SC-\AppData\Local\Temp\cce1OJz3.s 			page 9


 394 000b 00       		.byte	0
 395 000c 0000     		.2byte	0
 396 000e 0000     		.2byte	0
 397 0010 00000000 		.4byte	.LFB35
 398 0014 54000000 		.4byte	.LFE35-.LFB35
 399 0018 00000000 		.4byte	0
 400 001c 00000000 		.4byte	0
 401              		.section	.debug_ranges,"",%progbits
 402              	.Ldebug_ranges0:
 403 0000 00000000 		.4byte	.LFB35
 404 0004 54000000 		.4byte	.LFE35
 405 0008 00000000 		.4byte	0
 406 000c 00000000 		.4byte	0
 407              		.section	.debug_line,"",%progbits
 408              	.Ldebug_line0:
 409 0000 7F000000 		.section	.debug_str,"MS",%progbits,1
 409      02005A00 
 409      00000201 
 409      FB0E0D00 
 409      01010101 
 410              	.LASF15:
 411 0000 4359424C 		.ascii	"CYBLE_STATE_STOPPED\000"
 411      455F5354 
 411      4154455F 
 411      53544F50 
 411      50454400 
 412              	.LASF10:
 413 0014 75696E74 		.ascii	"uint32\000"
 413      333200
 414              	.LASF8:
 415 001b 756E7369 		.ascii	"unsigned int\000"
 415      676E6564 
 415      20696E74 
 415      00
 416              	.LASF24:
 417 0028 6170705F 		.ascii	"app_LED.c\000"
 417      4C45442E 
 417      6300
 418              	.LASF19:
 419 0032 4359424C 		.ascii	"CYBLE_STATE_DISCONNECTED\000"
 419      455F5354 
 419      4154455F 
 419      44495343 
 419      4F4E4E45 
 420              	.LASF9:
 421 004b 75696E74 		.ascii	"uint8\000"
 421      3800
 422              	.LASF5:
 423 0051 6C6F6E67 		.ascii	"long unsigned int\000"
 423      20756E73 
 423      69676E65 
 423      6420696E 
 423      7400
 424              	.LASF16:
 425 0063 4359424C 		.ascii	"CYBLE_STATE_INITIALIZING\000"
 425      455F5354 
 425      4154455F 
ARM GAS  C:\Users\ADMINI~1.SC-\AppData\Local\Temp\cce1OJz3.s 			page 10


 425      494E4954 
 425      49414C49 
 426              	.LASF7:
 427 007c 6C6F6E67 		.ascii	"long long unsigned int\000"
 427      206C6F6E 
 427      6720756E 
 427      7369676E 
 427      65642069 
 428              	.LASF22:
 429 0093 636F6E6E 		.ascii	"connLedTimer\000"
 429      4C656454 
 429      696D6572 
 429      00
 430              	.LASF21:
 431 00a0 6C656453 		.ascii	"ledState\000"
 431      74617465 
 431      00
 432              	.LASF18:
 433 00a9 4359424C 		.ascii	"CYBLE_STATE_ADVERTISING\000"
 433      455F5354 
 433      4154455F 
 433      41445645 
 433      52544953 
 434              	.LASF1:
 435 00c1 756E7369 		.ascii	"unsigned char\000"
 435      676E6564 
 435      20636861 
 435      7200
 436              	.LASF13:
 437 00cf 63686172 		.ascii	"char\000"
 437      00
 438              	.LASF4:
 439 00d4 6C6F6E67 		.ascii	"long int\000"
 439      20696E74 
 439      00
 440              	.LASF27:
 441 00dd 6379426C 		.ascii	"cyBle_state\000"
 441      655F7374 
 441      61746500 
 442              	.LASF12:
 443 00e9 646F7562 		.ascii	"double\000"
 443      6C6500
 444              	.LASF6:
 445 00f0 6C6F6E67 		.ascii	"long long int\000"
 445      206C6F6E 
 445      6720696E 
 445      7400
 446              	.LASF3:
 447 00fe 73686F72 		.ascii	"short unsigned int\000"
 447      7420756E 
 447      7369676E 
 447      65642069 
 447      6E7400
 448              	.LASF0:
 449 0111 7369676E 		.ascii	"signed char\000"
 449      65642063 
 449      68617200 
ARM GAS  C:\Users\ADMINI~1.SC-\AppData\Local\Temp\cce1OJz3.s 			page 11


 450              	.LASF17:
 451 011d 4359424C 		.ascii	"CYBLE_STATE_CONNECTED\000"
 451      455F5354 
 451      4154455F 
 451      434F4E4E 
 451      45435445 
 452              	.LASF11:
 453 0133 666C6F61 		.ascii	"float\000"
 453      7400
 454              	.LASF20:
 455 0139 4359424C 		.ascii	"CYBLE_STATE_T\000"
 455      455F5354 
 455      4154455F 
 455      5400
 456              	.LASF2:
 457 0147 73686F72 		.ascii	"short int\000"
 457      7420696E 
 457      7400
 458              	.LASF26:
 459 0151 48616E64 		.ascii	"HandleLeds\000"
 459      6C654C65 
 459      647300
 460              	.LASF14:
 461 015c 73697A65 		.ascii	"sizetype\000"
 461      74797065 
 461      00
 462              	.LASF23:
 463 0165 474E5520 		.ascii	"GNU C 4.9.3 20150303 (release) [ARM/embedded-4_9-br"
 463      4320342E 
 463      392E3320 
 463      32303135 
 463      30333033 
 464 0198 616E6368 		.ascii	"anch revision 221220] -mcpu=cortex-m0 -mthumb -g -O"
 464      20726576 
 464      6973696F 
 464      6E203232 
 464      31323230 
 465 01cb 30202D66 		.ascii	"0 -ffunction-sections -ffat-lto-objects\000"
 465      66756E63 
 465      74696F6E 
 465      2D736563 
 465      74696F6E 
 466              	.LASF25:
 467 01f3 453A5C6D 		.ascii	"E:\\my_project\\shhl\\BLE_KEY_wuyuan\\Design02.cyds"
 467      795F7072 
 467      6F6A6563 
 467      745C7368 
 467      686C5C42 
 468 0222 6E00     		.ascii	"n\000"
 469              		.ident	"GCC: (GNU Tools for ARM Embedded Processors) 4.9.3 20150303 (release) [ARM/embedded-4_9-br
