ARM GAS  C:\Users\ADMINI~1.SC-\AppData\Local\Temp\ccuP3DsU.s 			page 1


   1              		.cpu cortex-m0
   2              		.fpu softvfp
   3              		.eabi_attribute 20, 1
   4              		.eabi_attribute 21, 1
   5              		.eabi_attribute 23, 3
   6              		.eabi_attribute 24, 1
   7              		.eabi_attribute 25, 1
   8              		.eabi_attribute 26, 1
   9              		.eabi_attribute 30, 6
  10              		.eabi_attribute 34, 0
  11              		.eabi_attribute 18, 4
  12              		.code	16
  13              		.file	"app_Ble.c"
  14              		.text
  15              	.Ltext0:
  16              		.cfi_sections	.debug_frame
  17              		.global	mtuSize
  18              		.data
  19              		.align	1
  20              		.type	mtuSize, %object
  21              		.size	mtuSize, 2
  22              	mtuSize:
  23 0000 1700     		.short	23
  24              		.comm	packetRX,44,4
  25              		.comm	packetRXSize,4,4
  26              		.comm	packetRXFlag,4,4
  27              		.section	.text.HandleBleProcessing,"ax",%progbits
  28              		.align	2
  29              		.global	HandleBleProcessing
  30              		.code	16
  31              		.thumb_func
  32              		.type	HandleBleProcessing, %function
  33              	HandleBleProcessing:
  34              	.LFB35:
  35              		.file 1 "app_Ble.c"
   1:app_Ble.c     **** #include "app_ble.h"
   2:app_Ble.c     **** #include "app_uart.h"
   3:app_Ble.c     **** #include <string.h>
   4:app_Ble.c     **** //#include "WriteUserSFlash.h"
   5:app_Ble.c     **** 
   6:app_Ble.c     **** /* MTU size to be used by Client and Server after MTU exchange */
   7:app_Ble.c     **** uint16 mtuSize      = CYBLE_GATT_MTU;   
   8:app_Ble.c     **** 
   9:app_Ble.c     **** /* Buffer for blerx data */
  10:app_Ble.c     **** uint8 packetRX[BLE_PACKET_SIZE_MAX];
  11:app_Ble.c     **** uint32 packetRXSize;
  12:app_Ble.c     **** uint32 packetRXFlag;
  13:app_Ble.c     **** 
  14:app_Ble.c     **** /*******************************************************************************
  15:app_Ble.c     **** * Function Name: HandleBleProcessing
  16:app_Ble.c     **** ********************************************************************************
  17:app_Ble.c     **** *
  18:app_Ble.c     **** * Summary:
  19:app_Ble.c     **** *   Handles the BLE state machine for intiating different procedures
  20:app_Ble.c     **** *   during different states of BLESS.
  21:app_Ble.c     **** *
  22:app_Ble.c     **** * Parameters:
ARM GAS  C:\Users\ADMINI~1.SC-\AppData\Local\Temp\ccuP3DsU.s 			page 2


  23:app_Ble.c     **** *   None.
  24:app_Ble.c     **** *
  25:app_Ble.c     **** * Return:
  26:app_Ble.c     **** *   None.
  27:app_Ble.c     **** *
  28:app_Ble.c     **** *******************************************************************************/
  29:app_Ble.c     **** void HandleBleProcessing(void)
  30:app_Ble.c     **** {    
  36              		.loc 1 30 0
  37              		.cfi_startproc
  38 0000 80B5     		push	{r7, lr}
  39              		.cfi_def_cfa_offset 8
  40              		.cfi_offset 7, -8
  41              		.cfi_offset 14, -4
  42 0002 84B0     		sub	sp, sp, #16
  43              		.cfi_def_cfa_offset 24
  44 0004 00AF     		add	r7, sp, #0
  45              		.cfi_def_cfa_register 7
  31:app_Ble.c     ****     uint8 txDataClientConfigDesc[2];
  32:app_Ble.c     ****     CYBLE_GATT_HANDLE_VALUE_PAIR_T  attrValue = { 
  46              		.loc 1 32 0
  47 0006 3B1C     		mov	r3, r7
  48 0008 0C22     		mov	r2, #12
  49 000a BA18     		add	r2, r7, r2
  50 000c 1A60     		str	r2, [r3]
  51 000e 3B1C     		mov	r3, r7
  52 0010 0222     		mov	r2, #2
  53 0012 9A80     		strh	r2, [r3, #4]
  54 0014 3B1C     		mov	r3, r7
  55 0016 0222     		mov	r2, #2
  56 0018 DA80     		strh	r2, [r3, #6]
  57 001a 3B1C     		mov	r3, r7
  58 001c 1422     		mov	r2, #20
  59 001e 1A81     		strh	r2, [r3, #8]
  33:app_Ble.c     ****                                                     {(uint8 *)txDataClientConfigDesc, 2, 2}, 
  34:app_Ble.c     ****                                                     CYBLE_CUSTOM_SERVICE_RX_FROM_APP_CLIENT_CHARACT
  35:app_Ble.c     ****                                                 };
  36:app_Ble.c     ****     switch (cyBle_state)
  60              		.loc 1 36 0
  61 0020 0C4B     		ldr	r3, .L8
  62 0022 1B78     		ldrb	r3, [r3]
  63 0024 032B     		cmp	r3, #3
  64 0026 10D0     		beq	.L7
  65 0028 042B     		cmp	r3, #4
  66 002a 0AD0     		beq	.L4
  67 002c 022B     		cmp	r3, #2
  68 002e 00D0     		beq	.L5
  37:app_Ble.c     ****     {
  38:app_Ble.c     ****         case CYBLE_STATE_ADVERTISING:
  39:app_Ble.c     ****             break;
  40:app_Ble.c     ****         
  41:app_Ble.c     ****         case CYBLE_STATE_CONNECTED:
  42:app_Ble.c     ****             CyBle_GattsReadAttributeValue(&attrValue, &cyBle_connHandle, CYBLE_GATT_DB_LOCALLY_INIT
  43:app_Ble.c     ****             break;
  44:app_Ble.c     ****                 
  45:app_Ble.c     ****         case CYBLE_STATE_DISCONNECTED: 
  46:app_Ble.c     ****             CyBle_GappStartAdvertisement(CYBLE_ADVERTISING_FAST);
ARM GAS  C:\Users\ADMINI~1.SC-\AppData\Local\Temp\ccuP3DsU.s 			page 3


  47:app_Ble.c     ****             break;       
  48:app_Ble.c     ****             
  49:app_Ble.c     ****         case CYBLE_STATE_INITIALIZING:
  50:app_Ble.c     ****         case CYBLE_STATE_STOPPED:
  51:app_Ble.c     ****         default:
  52:app_Ble.c     ****             break;       
  69              		.loc 1 52 0
  70 0030 0CE0     		b	.L1
  71              	.L5:
  42:app_Ble.c     ****             break;
  72              		.loc 1 42 0
  73 0032 3A1C     		mov	r2, r7
  74 0034 084B     		ldr	r3, .L8+4
  75 0036 101C     		mov	r0, r2
  76 0038 191C     		mov	r1, r3
  77 003a 0022     		mov	r2, #0
  78 003c FFF7FEFF 		bl	CyBle_GattsReadAttributeValue
  43:app_Ble.c     ****                 
  79              		.loc 1 43 0
  80 0040 04E0     		b	.L1
  81              	.L4:
  46:app_Ble.c     ****             break;       
  82              		.loc 1 46 0
  83 0042 0020     		mov	r0, #0
  84 0044 FFF7FEFF 		bl	CyBle_GappStartAdvertisement
  47:app_Ble.c     ****             
  85              		.loc 1 47 0
  86 0048 00E0     		b	.L1
  87              	.L7:
  39:app_Ble.c     ****         
  88              		.loc 1 39 0
  89 004a C046     		mov	r8, r8
  90              	.L1:
  53:app_Ble.c     ****     }
  54:app_Ble.c     **** }
  91              		.loc 1 54 0
  92 004c BD46     		mov	sp, r7
  93 004e 04B0     		add	sp, sp, #16
  94              		@ sp needed
  95 0050 80BD     		pop	{r7, pc}
  96              	.L9:
  97 0052 C046     		.align	2
  98              	.L8:
  99 0054 00000000 		.word	cyBle_state
 100 0058 00000000 		.word	cyBle_connHandle
 101              		.cfi_endproc
 102              	.LFE35:
 103              		.size	HandleBleProcessing, .-HandleBleProcessing
 104              		.comm	ConnectFlag,1,1
 105              		.section	.text.AppCallBack,"ax",%progbits
 106              		.align	2
 107              		.global	AppCallBack
 108              		.code	16
 109              		.thumb_func
 110              		.type	AppCallBack, %function
 111              	AppCallBack:
 112              	.LFB36:
ARM GAS  C:\Users\ADMINI~1.SC-\AppData\Local\Temp\ccuP3DsU.s 			page 4


  55:app_Ble.c     **** uint8 ConnectFlag;
  56:app_Ble.c     **** 
  57:app_Ble.c     **** /*******************************************************************************
  58:app_Ble.c     **** * Function Name: AppCallBack
  59:app_Ble.c     **** ********************************************************************************
  60:app_Ble.c     **** *
  61:app_Ble.c     **** * Summary:
  62:app_Ble.c     **** *   Call back function for BLE stack to handle BLESS events
  63:app_Ble.c     **** *
  64:app_Ble.c     **** * Parameters:
  65:app_Ble.c     **** *   event       - the event generated by stack
  66:app_Ble.c     **** *   eventParam  - the parameters related to the corresponding event
  67:app_Ble.c     **** *
  68:app_Ble.c     **** * Return:
  69:app_Ble.c     **** *   None.
  70:app_Ble.c     **** *
  71:app_Ble.c     **** *******************************************************************************/
  72:app_Ble.c     **** void AppCallBack(uint32 event, void *eventParam)
  73:app_Ble.c     **** {   
 113              		.loc 1 73 0
 114              		.cfi_startproc
 115 0000 90B5     		push	{r4, r7, lr}
 116              		.cfi_def_cfa_offset 12
 117              		.cfi_offset 4, -12
 118              		.cfi_offset 7, -8
 119              		.cfi_offset 14, -4
 120 0002 85B0     		sub	sp, sp, #20
 121              		.cfi_def_cfa_offset 32
 122 0004 00AF     		add	r7, sp, #0
 123              		.cfi_def_cfa_register 7
 124 0006 7860     		str	r0, [r7, #4]
 125 0008 3960     		str	r1, [r7]
  74:app_Ble.c     ****     CYBLE_GATT_ERR_CODE_T           errorCode;
  75:app_Ble.c     ****     CYBLE_GATTS_WRITE_REQ_PARAM_T   *writeReqParam;
  76:app_Ble.c     ****     CYBLE_API_RESULT_T apiResult;
  77:app_Ble.c     ****     switch (event)//蓝牙的功能事件
 126              		.loc 1 77 0
 127 000a 7B68     		ldr	r3, [r7, #4]
 128 000c 412B     		cmp	r3, #65
 129 000e 00D1     		bne	.LCB89
 130 0010 6AE0     		b	.L23	@long jump
 131              	.LCB89:
 132 0012 05D8     		bhi	.L13
 133 0014 012B     		cmp	r3, #1
 134 0016 00D1     		bne	.LCB93
 135 0018 68E0     		b	.L24	@long jump
 136              	.LCB93:
 137 001a 282B     		cmp	r3, #40
 138 001c 07D0     		beq	.L15
  78:app_Ble.c     ****     {
  79:app_Ble.c     ****         case CYBLE_EVT_STACK_ON://开启状态
  80:app_Ble.c     ****         /* This event is received when component is Started */
  81:app_Ble.c     ****             /* Enter into discoverable mode so that remote can search it. */
  82:app_Ble.c     ****             //apiResult = CyBle_GappStartAdvertisement(CYBLE_ADVERTISING_FAST);
  83:app_Ble.c     ****             if(apiResult != CYBLE_ERROR_OK)
  84:app_Ble.c     ****             {   
  85:app_Ble.c     ****                 //ShowError();                
ARM GAS  C:\Users\ADMINI~1.SC-\AppData\Local\Temp\ccuP3DsU.s 			page 5


  86:app_Ble.c     ****             }
  87:app_Ble.c     ****             break;
  88:app_Ble.c     ****             
  89:app_Ble.c     ****         case CYBLE_EVT_GAP_DEVICE_DISCONNECTED://没有设备接入时
  90:app_Ble.c     ****              CyBle_GappStartAdvertisement(CYBLE_ADVERTISING_FAST);      //广播方式设为 快速
  91:app_Ble.c     ****             break;
  92:app_Ble.c     ****         case CYBLE_EVT_GATT_CONNECT_IND://连接完毕
  93:app_Ble.c     ****                 
  94:app_Ble.c     ****             break;
  95:app_Ble.c     ****         
  96:app_Ble.c     ****         case CYBLE_EVT_GATTS_WRITE_CMD_REQ:            
  97:app_Ble.c     ****             packetRXSize = ((CYBLE_GATTS_WRITE_REQ_PARAM_T *)eventParam)->handleValPair.value.len;
  98:app_Ble.c     ****             memcpy(&packetRX[0], ((CYBLE_GATTS_WRITE_REQ_PARAM_T *)eventParam)->handleValPair.value
  99:app_Ble.c     ****             packetRXFlag = 1u;
 100:app_Ble.c     ****             break;
 101:app_Ble.c     ****         case CYBLE_EVT_GATTS_XCNHG_MTU_REQ:            
 102:app_Ble.c     ****             if(CYBLE_GATT_MTU > ((CYBLE_GATT_XCHG_MTU_PARAM_T *)eventParam)->mtu)
 103:app_Ble.c     ****             {
 104:app_Ble.c     ****                 mtuSize = ((CYBLE_GATT_XCHG_MTU_PARAM_T *)eventParam)->mtu;
 105:app_Ble.c     ****             }
 106:app_Ble.c     ****             else
 107:app_Ble.c     ****             {
 108:app_Ble.c     ****                 mtuSize = CYBLE_GATT_MTU;
 109:app_Ble.c     ****             }
 110:app_Ble.c     ****             break;
 111:app_Ble.c     ****         case CYBLE_EVT_GATTS_WRITE_REQ:
 112:app_Ble.c     ****             writeReqParam = (CYBLE_GATTS_WRITE_REQ_PARAM_T *) eventParam;
 113:app_Ble.c     ****             
 114:app_Ble.c     ****             if(CYBLE_CUSTOM_SERVICE_RX_FROM_APP_CLIENT_CHARACTERISTIC_CONFIGURATION_DESC_HANDLE == 
 115:app_Ble.c     ****                                                                     writeReqParam->handleValPair.at
 116:app_Ble.c     ****             {
 117:app_Ble.c     ****              errorCode = CyBle_GattsWriteAttributeValue(&(writeReqParam->handleValPair), \
 118:app_Ble.c     ****                                                 0, &cyBle_connHandle, CYBLE_GATT_DB_PEER_INITIATED)
 119:app_Ble.c     ****                 
 120:app_Ble.c     ****                 if (CYBLE_GATT_ERR_NONE  == errorCode)
 121:app_Ble.c     ****                 {
 122:app_Ble.c     ****                     CyBle_GattsWriteRsp(cyBle_connHandle); 
 123:app_Ble.c     ****                //     UART_UartPutString("\n\rNotifications enabled\n\r");
 124:app_Ble.c     ****                //     UART_UartPutString("\n\rStart entering data:\n\r");
 125:app_Ble.c     ****                 }
 126:app_Ble.c     ****             }
 127:app_Ble.c     ****            
 128:app_Ble.c     ****             //
 129:app_Ble.c     ****             packetRXSize = ((CYBLE_GATTS_WRITE_REQ_PARAM_T *)eventParam)->handleValPair.value.len;
 130:app_Ble.c     ****             memcpy(&packetRX[0], ((CYBLE_GATTS_WRITE_REQ_PARAM_T *)eventParam)->handleValPair.value
 131:app_Ble.c     ****             packetRXFlag = 1u;
 132:app_Ble.c     ****             
 133:app_Ble.c     ****             break;
 134:app_Ble.c     ****      
 135:app_Ble.c     ****         default:
 136:app_Ble.c     ****             break;
 139              		.loc 1 136 0
 140 001e 66E0     		b	.L10
 141              	.L13:
  77:app_Ble.c     ****     {
 142              		.loc 1 77 0
 143 0020 4C2B     		cmp	r3, #76
ARM GAS  C:\Users\ADMINI~1.SC-\AppData\Local\Temp\ccuP3DsU.s 			page 6


 144 0022 28D0     		beq	.L16
 145 0024 4E2B     		cmp	r3, #78
 146 0026 06D0     		beq	.L17
 147 0028 432B     		cmp	r3, #67
 148 002a 17D0     		beq	.L18
 149              		.loc 1 136 0
 150 002c 5FE0     		b	.L10
 151              	.L15:
  90:app_Ble.c     ****             break;
 152              		.loc 1 90 0
 153 002e 0020     		mov	r0, #0
 154 0030 FFF7FEFF 		bl	CyBle_GappStartAdvertisement
  91:app_Ble.c     ****         case CYBLE_EVT_GATT_CONNECT_IND://连接完毕
 155              		.loc 1 91 0
 156 0034 5BE0     		b	.L10
 157              	.L17:
  97:app_Ble.c     ****             memcpy(&packetRX[0], ((CYBLE_GATTS_WRITE_REQ_PARAM_T *)eventParam)->handleValPair.value
 158              		.loc 1 97 0
 159 0036 3B68     		ldr	r3, [r7]
 160 0038 1B89     		ldrh	r3, [r3, #8]
 161 003a 1A1C     		mov	r2, r3
 162 003c 2D4B     		ldr	r3, .L25
 163 003e 1A60     		str	r2, [r3]
  98:app_Ble.c     ****             packetRXFlag = 1u;
 164              		.loc 1 98 0
 165 0040 3B68     		ldr	r3, [r7]
 166 0042 5A68     		ldr	r2, [r3, #4]
 167 0044 2B4B     		ldr	r3, .L25
 168 0046 1B68     		ldr	r3, [r3]
 169 0048 2B49     		ldr	r1, .L25+4
 170 004a 081C     		mov	r0, r1
 171 004c 111C     		mov	r1, r2
 172 004e 1A1C     		mov	r2, r3
 173 0050 FFF7FEFF 		bl	memcpy
  99:app_Ble.c     ****             break;
 174              		.loc 1 99 0
 175 0054 294B     		ldr	r3, .L25+8
 176 0056 0122     		mov	r2, #1
 177 0058 1A60     		str	r2, [r3]
 100:app_Ble.c     ****         case CYBLE_EVT_GATTS_XCNHG_MTU_REQ:            
 178              		.loc 1 100 0
 179 005a 48E0     		b	.L10
 180              	.L18:
 102:app_Ble.c     ****             {
 181              		.loc 1 102 0
 182 005c 3B68     		ldr	r3, [r7]
 183 005e 5B88     		ldrh	r3, [r3, #2]
 184 0060 162B     		cmp	r3, #22
 185 0062 04D8     		bhi	.L20
 104:app_Ble.c     ****             }
 186              		.loc 1 104 0
 187 0064 3B68     		ldr	r3, [r7]
 188 0066 5A88     		ldrh	r2, [r3, #2]
 189 0068 254B     		ldr	r3, .L25+12
 190 006a 1A80     		strh	r2, [r3]
 110:app_Ble.c     ****         case CYBLE_EVT_GATTS_WRITE_REQ:
 191              		.loc 1 110 0
ARM GAS  C:\Users\ADMINI~1.SC-\AppData\Local\Temp\ccuP3DsU.s 			page 7


 192 006c 3FE0     		b	.L10
 193              	.L20:
 108:app_Ble.c     ****             }
 194              		.loc 1 108 0
 195 006e 244B     		ldr	r3, .L25+12
 196 0070 1722     		mov	r2, #23
 197 0072 1A80     		strh	r2, [r3]
 110:app_Ble.c     ****         case CYBLE_EVT_GATTS_WRITE_REQ:
 198              		.loc 1 110 0
 199 0074 3BE0     		b	.L10
 200              	.L16:
 112:app_Ble.c     ****             
 201              		.loc 1 112 0
 202 0076 3B68     		ldr	r3, [r7]
 203 0078 FB60     		str	r3, [r7, #12]
 115:app_Ble.c     ****             {
 204              		.loc 1 115 0
 205 007a FB68     		ldr	r3, [r7, #12]
 206 007c 9B89     		ldrh	r3, [r3, #12]
 114:app_Ble.c     ****                                                                     writeReqParam->handleValPair.at
 207              		.loc 1 114 0
 208 007e 142B     		cmp	r3, #20
 209 0080 1FD1     		bne	.L22
 117:app_Ble.c     ****                                                 0, &cyBle_connHandle, CYBLE_GATT_DB_PEER_INITIATED)
 210              		.loc 1 117 0
 211 0082 FB68     		ldr	r3, [r7, #12]
 212 0084 1A1D     		add	r2, r3, #4
 213 0086 0B23     		mov	r3, #11
 214 0088 FC18     		add	r4, r7, r3
 215 008a 1E4B     		ldr	r3, .L25+16
 216 008c 101C     		mov	r0, r2
 217 008e 0021     		mov	r1, #0
 218 0090 1A1C     		mov	r2, r3
 219 0092 4023     		mov	r3, #64
 220 0094 FFF7FEFF 		bl	CyBle_GattsWriteAttributeValue
 221 0098 031C     		mov	r3, r0
 222 009a 2370     		strb	r3, [r4]
 120:app_Ble.c     ****                 {
 223              		.loc 1 120 0
 224 009c 0B23     		mov	r3, #11
 225 009e FB18     		add	r3, r7, r3
 226 00a0 1B78     		ldrb	r3, [r3]
 227 00a2 002B     		cmp	r3, #0
 228 00a4 0DD1     		bne	.L22
 122:app_Ble.c     ****                //     UART_UartPutString("\n\rNotifications enabled\n\r");
 229              		.loc 1 122 0
 230 00a6 174B     		ldr	r3, .L25+16
 231 00a8 1A78     		ldrb	r2, [r3]
 232 00aa 5B78     		ldrb	r3, [r3, #1]
 233 00ac 1B02     		lsl	r3, r3, #8
 234 00ae 1A43     		orr	r2, r3
 235 00b0 0023     		mov	r3, #0
 236 00b2 1204     		lsl	r2, r2, #16
 237 00b4 120C     		lsr	r2, r2, #16
 238 00b6 1B0C     		lsr	r3, r3, #16
 239 00b8 1B04     		lsl	r3, r3, #16
 240 00ba 1343     		orr	r3, r2
ARM GAS  C:\Users\ADMINI~1.SC-\AppData\Local\Temp\ccuP3DsU.s 			page 8


 241 00bc 181C     		mov	r0, r3
 242 00be FFF7FEFF 		bl	CyBle_GattsWriteRsp
 243              	.L22:
 129:app_Ble.c     ****             memcpy(&packetRX[0], ((CYBLE_GATTS_WRITE_REQ_PARAM_T *)eventParam)->handleValPair.value
 244              		.loc 1 129 0
 245 00c2 3B68     		ldr	r3, [r7]
 246 00c4 1B89     		ldrh	r3, [r3, #8]
 247 00c6 1A1C     		mov	r2, r3
 248 00c8 0A4B     		ldr	r3, .L25
 249 00ca 1A60     		str	r2, [r3]
 130:app_Ble.c     ****             packetRXFlag = 1u;
 250              		.loc 1 130 0
 251 00cc 3B68     		ldr	r3, [r7]
 252 00ce 5A68     		ldr	r2, [r3, #4]
 253 00d0 084B     		ldr	r3, .L25
 254 00d2 1B68     		ldr	r3, [r3]
 255 00d4 0849     		ldr	r1, .L25+4
 256 00d6 081C     		mov	r0, r1
 257 00d8 111C     		mov	r1, r2
 258 00da 1A1C     		mov	r2, r3
 259 00dc FFF7FEFF 		bl	memcpy
 131:app_Ble.c     ****             
 260              		.loc 1 131 0
 261 00e0 064B     		ldr	r3, .L25+8
 262 00e2 0122     		mov	r2, #1
 263 00e4 1A60     		str	r2, [r3]
 133:app_Ble.c     ****      
 264              		.loc 1 133 0
 265 00e6 02E0     		b	.L10
 266              	.L23:
  94:app_Ble.c     ****         
 267              		.loc 1 94 0
 268 00e8 C046     		mov	r8, r8
 269 00ea 00E0     		b	.L10
 270              	.L24:
  87:app_Ble.c     ****             
 271              		.loc 1 87 0
 272 00ec C046     		mov	r8, r8
 273              	.L10:
 137:app_Ble.c     ****     }
 138:app_Ble.c     **** }
 274              		.loc 1 138 0
 275 00ee BD46     		mov	sp, r7
 276 00f0 05B0     		add	sp, sp, #20
 277              		@ sp needed
 278 00f2 90BD     		pop	{r4, r7, pc}
 279              	.L26:
 280              		.align	2
 281              	.L25:
 282 00f4 00000000 		.word	packetRXSize
 283 00f8 00000000 		.word	packetRX
 284 00fc 00000000 		.word	packetRXFlag
 285 0100 00000000 		.word	mtuSize
 286 0104 00000000 		.word	cyBle_connHandle
 287              		.cfi_endproc
 288              	.LFE36:
 289              		.size	AppCallBack, .-AppCallBack
ARM GAS  C:\Users\ADMINI~1.SC-\AppData\Local\Temp\ccuP3DsU.s 			page 9


 290              		.text
 291              	.Letext0:
 292              		.file 2 "Generated_Source\\PSoC4/cytypes.h"
 293              		.file 3 "Generated_Source\\PSoC4/BLE_Stack.h"
 294              		.file 4 "Generated_Source\\PSoC4/BLE_StackGatt.h"
 295              		.file 5 "Generated_Source\\PSoC4/BLE_StackGattServer.h"
 296              		.file 6 "Generated_Source\\PSoC4/BLE_eventHandler.h"
 297              		.section	.debug_info,"",%progbits
 298              	.Ldebug_info0:
 299 0000 4B060000 		.4byte	0x64b
 300 0004 0400     		.2byte	0x4
 301 0006 00000000 		.4byte	.Ldebug_abbrev0
 302 000a 04       		.byte	0x4
 303 000b 01       		.uleb128 0x1
 304 000c 84110000 		.4byte	.LASF173
 305 0010 01       		.byte	0x1
 306 0011 8B010000 		.4byte	.LASF174
 307 0015 9F0B0000 		.4byte	.LASF175
 308 0019 00000000 		.4byte	.Ldebug_ranges0+0
 309 001d 00000000 		.4byte	0
 310 0021 00000000 		.4byte	.Ldebug_line0
 311 0025 02       		.uleb128 0x2
 312 0026 01       		.byte	0x1
 313 0027 06       		.byte	0x6
 314 0028 8B030000 		.4byte	.LASF0
 315 002c 02       		.uleb128 0x2
 316 002d 01       		.byte	0x1
 317 002e 08       		.byte	0x8
 318 002f CA0C0000 		.4byte	.LASF1
 319 0033 02       		.uleb128 0x2
 320 0034 02       		.byte	0x2
 321 0035 05       		.byte	0x5
 322 0036 2F0D0000 		.4byte	.LASF2
 323 003a 02       		.uleb128 0x2
 324 003b 02       		.byte	0x2
 325 003c 07       		.byte	0x7
 326 003d ED0F0000 		.4byte	.LASF3
 327 0041 02       		.uleb128 0x2
 328 0042 04       		.byte	0x4
 329 0043 05       		.byte	0x5
 330 0044 FE010000 		.4byte	.LASF4
 331 0048 02       		.uleb128 0x2
 332 0049 04       		.byte	0x4
 333 004a 07       		.byte	0x7
 334 004b 2D070000 		.4byte	.LASF5
 335 004f 02       		.uleb128 0x2
 336 0050 08       		.byte	0x8
 337 0051 05       		.byte	0x5
 338 0052 7D030000 		.4byte	.LASF6
 339 0056 02       		.uleb128 0x2
 340 0057 08       		.byte	0x8
 341 0058 07       		.byte	0x7
 342 0059 33090000 		.4byte	.LASF7
 343 005d 03       		.uleb128 0x3
 344 005e 04       		.byte	0x4
 345 005f 05       		.byte	0x5
 346 0060 696E7400 		.ascii	"int\000"
ARM GAS  C:\Users\ADMINI~1.SC-\AppData\Local\Temp\ccuP3DsU.s 			page 10


 347 0064 02       		.uleb128 0x2
 348 0065 04       		.byte	0x4
 349 0066 07       		.byte	0x7
 350 0067 BB0E0000 		.4byte	.LASF8
 351 006b 04       		.uleb128 0x4
 352 006c E7040000 		.4byte	.LASF9
 353 0070 02       		.byte	0x2
 354 0071 C2       		.byte	0xc2
 355 0072 2C000000 		.4byte	0x2c
 356 0076 04       		.uleb128 0x4
 357 0077 D80C0000 		.4byte	.LASF10
 358 007b 02       		.byte	0x2
 359 007c C3       		.byte	0xc3
 360 007d 3A000000 		.4byte	0x3a
 361 0081 04       		.uleb128 0x4
 362 0082 78050000 		.4byte	.LASF11
 363 0086 02       		.byte	0x2
 364 0087 C4       		.byte	0xc4
 365 0088 48000000 		.4byte	0x48
 366 008c 02       		.uleb128 0x2
 367 008d 04       		.byte	0x4
 368 008e 04       		.byte	0x4
 369 008f 6E0E0000 		.4byte	.LASF12
 370 0093 02       		.uleb128 0x2
 371 0094 08       		.byte	0x8
 372 0095 04       		.byte	0x4
 373 0096 0C050000 		.4byte	.LASF13
 374 009a 02       		.uleb128 0x2
 375 009b 01       		.byte	0x1
 376 009c 08       		.byte	0x8
 377 009d 740E0000 		.4byte	.LASF14
 378 00a1 02       		.uleb128 0x2
 379 00a2 04       		.byte	0x4
 380 00a3 07       		.byte	0x7
 381 00a4 3F0A0000 		.4byte	.LASF15
 382 00a8 05       		.uleb128 0x5
 383 00a9 04       		.byte	0x4
 384 00aa 06       		.uleb128 0x6
 385 00ab 04       		.byte	0x4
 386 00ac 6B000000 		.4byte	0x6b
 387 00b0 07       		.uleb128 0x7
 388 00b1 01       		.byte	0x1
 389 00b2 03       		.byte	0x3
 390 00b3 A4       		.byte	0xa4
 391 00b4 35020000 		.4byte	0x235
 392 00b8 08       		.uleb128 0x8
 393 00b9 26080000 		.4byte	.LASF16
 394 00bd 00       		.sleb128 0
 395 00be 08       		.uleb128 0x8
 396 00bf 97030000 		.4byte	.LASF17
 397 00c3 01       		.sleb128 1
 398 00c4 08       		.uleb128 0x8
 399 00c5 EC010000 		.4byte	.LASF18
 400 00c9 02       		.sleb128 2
 401 00ca 08       		.uleb128 0x8
 402 00cb D40F0000 		.4byte	.LASF19
 403 00cf 03       		.sleb128 3
ARM GAS  C:\Users\ADMINI~1.SC-\AppData\Local\Temp\ccuP3DsU.s 			page 11


 404 00d0 08       		.uleb128 0x8
 405 00d1 3F020000 		.4byte	.LASF20
 406 00d5 04       		.sleb128 4
 407 00d6 08       		.uleb128 0x8
 408 00d7 23000000 		.4byte	.LASF21
 409 00db 05       		.sleb128 5
 410 00dc 08       		.uleb128 0x8
 411 00dd BE090000 		.4byte	.LASF22
 412 00e1 20       		.sleb128 32
 413 00e2 08       		.uleb128 0x8
 414 00e3 F6030000 		.4byte	.LASF23
 415 00e7 21       		.sleb128 33
 416 00e8 08       		.uleb128 0x8
 417 00e9 7F080000 		.4byte	.LASF24
 418 00ed 22       		.sleb128 34
 419 00ee 08       		.uleb128 0x8
 420 00ef 0D090000 		.4byte	.LASF25
 421 00f3 23       		.sleb128 35
 422 00f4 08       		.uleb128 0x8
 423 00f5 1F0B0000 		.4byte	.LASF26
 424 00f9 24       		.sleb128 36
 425 00fa 08       		.uleb128 0x8
 426 00fb A40A0000 		.4byte	.LASF27
 427 00ff 25       		.sleb128 37
 428 0100 08       		.uleb128 0x8
 429 0101 9C040000 		.4byte	.LASF28
 430 0105 26       		.sleb128 38
 431 0106 08       		.uleb128 0x8
 432 0107 A3080000 		.4byte	.LASF29
 433 010b 27       		.sleb128 39
 434 010c 08       		.uleb128 0x8
 435 010d 990E0000 		.4byte	.LASF30
 436 0111 28       		.sleb128 40
 437 0112 08       		.uleb128 0x8
 438 0113 D4020000 		.4byte	.LASF31
 439 0117 29       		.sleb128 41
 440 0118 08       		.uleb128 0x8
 441 0119 22010000 		.4byte	.LASF32
 442 011d 2A       		.sleb128 42
 443 011e 08       		.uleb128 0x8
 444 011f 6C010000 		.4byte	.LASF33
 445 0123 2B       		.sleb128 43
 446 0124 08       		.uleb128 0x8
 447 0125 4E120000 		.4byte	.LASF34
 448 0129 2C       		.sleb128 44
 449 012a 08       		.uleb128 0x8
 450 012b 00100000 		.4byte	.LASF35
 451 012f C000     		.sleb128 64
 452 0131 08       		.uleb128 0x8
 453 0132 4A090000 		.4byte	.LASF36
 454 0136 C100     		.sleb128 65
 455 0138 08       		.uleb128 0x8
 456 0139 D9120000 		.4byte	.LASF37
 457 013d C200     		.sleb128 66
 458 013f 08       		.uleb128 0x8
 459 0140 97100000 		.4byte	.LASF38
 460 0144 C300     		.sleb128 67
ARM GAS  C:\Users\ADMINI~1.SC-\AppData\Local\Temp\ccuP3DsU.s 			page 12


 461 0146 08       		.uleb128 0x8
 462 0147 7C070000 		.4byte	.LASF39
 463 014b C400     		.sleb128 68
 464 014d 08       		.uleb128 0x8
 465 014e 140C0000 		.4byte	.LASF40
 466 0152 C500     		.sleb128 69
 467 0154 08       		.uleb128 0x8
 468 0155 1E0A0000 		.4byte	.LASF41
 469 0159 C600     		.sleb128 70
 470 015b 08       		.uleb128 0x8
 471 015c 3D080000 		.4byte	.LASF42
 472 0160 C700     		.sleb128 71
 473 0162 08       		.uleb128 0x8
 474 0163 12120000 		.4byte	.LASF43
 475 0167 C800     		.sleb128 72
 476 0169 08       		.uleb128 0x8
 477 016a 0D040000 		.4byte	.LASF44
 478 016e C900     		.sleb128 73
 479 0170 08       		.uleb128 0x8
 480 0171 F1100000 		.4byte	.LASF45
 481 0175 CA00     		.sleb128 74
 482 0177 08       		.uleb128 0x8
 483 0178 95010000 		.4byte	.LASF46
 484 017c CB00     		.sleb128 75
 485 017e 08       		.uleb128 0x8
 486 017f 62070000 		.4byte	.LASF47
 487 0183 CC00     		.sleb128 76
 488 0185 08       		.uleb128 0x8
 489 0186 CF0A0000 		.4byte	.LASF48
 490 018a CD00     		.sleb128 77
 491 018c 08       		.uleb128 0x8
 492 018d 65040000 		.4byte	.LASF49
 493 0191 CE00     		.sleb128 78
 494 0193 08       		.uleb128 0x8
 495 0194 B80D0000 		.4byte	.LASF50
 496 0198 CF00     		.sleb128 79
 497 019a 08       		.uleb128 0x8
 498 019b B4010000 		.4byte	.LASF51
 499 019f D000     		.sleb128 80
 500 01a1 08       		.uleb128 0x8
 501 01a2 ED040000 		.4byte	.LASF52
 502 01a6 D100     		.sleb128 81
 503 01a8 08       		.uleb128 0x8
 504 01a9 580B0000 		.4byte	.LASF53
 505 01ad D200     		.sleb128 82
 506 01af 08       		.uleb128 0x8
 507 01b0 390D0000 		.4byte	.LASF54
 508 01b4 D300     		.sleb128 83
 509 01b6 08       		.uleb128 0x8
 510 01b7 F80D0000 		.4byte	.LASF55
 511 01bb D400     		.sleb128 84
 512 01bd 08       		.uleb128 0x8
 513 01be 9A070000 		.4byte	.LASF56
 514 01c2 D500     		.sleb128 85
 515 01c4 08       		.uleb128 0x8
 516 01c5 5C060000 		.4byte	.LASF57
 517 01c9 D600     		.sleb128 86
ARM GAS  C:\Users\ADMINI~1.SC-\AppData\Local\Temp\ccuP3DsU.s 			page 13


 518 01cb 08       		.uleb128 0x8
 519 01cc C80E0000 		.4byte	.LASF58
 520 01d0 D700     		.sleb128 87
 521 01d2 08       		.uleb128 0x8
 522 01d3 D3050000 		.4byte	.LASF59
 523 01d7 F000     		.sleb128 112
 524 01d9 08       		.uleb128 0x8
 525 01da 8F120000 		.4byte	.LASF60
 526 01de F100     		.sleb128 113
 527 01e0 08       		.uleb128 0x8
 528 01e1 6B090000 		.4byte	.LASF61
 529 01e5 F200     		.sleb128 114
 530 01e7 08       		.uleb128 0x8
 531 01e8 000A0000 		.4byte	.LASF62
 532 01ec F300     		.sleb128 115
 533 01ee 08       		.uleb128 0x8
 534 01ef D00B0000 		.4byte	.LASF63
 535 01f3 F400     		.sleb128 116
 536 01f5 08       		.uleb128 0x8
 537 01f6 13050000 		.4byte	.LASF64
 538 01fa F500     		.sleb128 117
 539 01fc 08       		.uleb128 0x8
 540 01fd 4B010000 		.4byte	.LASF65
 541 0201 F600     		.sleb128 118
 542 0203 08       		.uleb128 0x8
 543 0204 53000000 		.4byte	.LASF66
 544 0208 F700     		.sleb128 119
 545 020a 08       		.uleb128 0x8
 546 020b 00000000 		.4byte	.LASF67
 547 020f F800     		.sleb128 120
 548 0211 08       		.uleb128 0x8
 549 0212 F10E0000 		.4byte	.LASF68
 550 0216 F900     		.sleb128 121
 551 0218 08       		.uleb128 0x8
 552 0219 1B060000 		.4byte	.LASF69
 553 021d FA00     		.sleb128 122
 554 021f 08       		.uleb128 0x8
 555 0220 9F020000 		.4byte	.LASF70
 556 0224 FA01     		.sleb128 250
 557 0226 08       		.uleb128 0x8
 558 0227 9C060000 		.4byte	.LASF71
 559 022b FB01     		.sleb128 251
 560 022d 08       		.uleb128 0x8
 561 022e A2050000 		.4byte	.LASF72
 562 0232 FF01     		.sleb128 255
 563 0234 00       		.byte	0
 564 0235 09       		.uleb128 0x9
 565 0236 02       		.byte	0x2
 566 0237 03       		.byte	0x3
 567 0238 0C02     		.2byte	0x20c
 568 023a EC020000 		.4byte	0x2ec
 569 023e 08       		.uleb128 0x8
 570 023f B0050000 		.4byte	.LASF73
 571 0243 00       		.sleb128 0
 572 0244 08       		.uleb128 0x8
 573 0245 34050000 		.4byte	.LASF74
 574 0249 01       		.sleb128 1
ARM GAS  C:\Users\ADMINI~1.SC-\AppData\Local\Temp\ccuP3DsU.s 			page 14


 575 024a 08       		.uleb128 0x8
 576 024b 24100000 		.4byte	.LASF75
 577 024f 02       		.sleb128 2
 578 0250 08       		.uleb128 0x8
 579 0251 BA000000 		.4byte	.LASF76
 580 0255 03       		.sleb128 3
 581 0256 08       		.uleb128 0x8
 582 0257 C0100000 		.4byte	.LASF77
 583 025b 04       		.sleb128 4
 584 025c 08       		.uleb128 0x8
 585 025d 7E060000 		.4byte	.LASF78
 586 0261 05       		.sleb128 5
 587 0262 08       		.uleb128 0x8
 588 0263 750D0000 		.4byte	.LASF79
 589 0267 06       		.sleb128 6
 590 0268 08       		.uleb128 0x8
 591 0269 CC030000 		.4byte	.LASF80
 592 026d 07       		.sleb128 7
 593 026e 08       		.uleb128 0x8
 594 026f 1F130000 		.4byte	.LASF81
 595 0273 08       		.sleb128 8
 596 0274 08       		.uleb128 0x8
 597 0275 39120000 		.4byte	.LASF82
 598 0279 09       		.sleb128 9
 599 027a 08       		.uleb128 0x8
 600 027b 710C0000 		.4byte	.LASF83
 601 027f 0A       		.sleb128 10
 602 0280 08       		.uleb128 0x8
 603 0281 790E0000 		.4byte	.LASF84
 604 0285 0B       		.sleb128 11
 605 0286 08       		.uleb128 0x8
 606 0287 BD020000 		.4byte	.LASF85
 607 028b 0C       		.sleb128 12
 608 028c 08       		.uleb128 0x8
 609 028d 07020000 		.4byte	.LASF86
 610 0291 0D       		.sleb128 13
 611 0292 08       		.uleb128 0x8
 612 0293 04070000 		.4byte	.LASF87
 613 0297 0E       		.sleb128 14
 614 0298 08       		.uleb128 0x8
 615 0299 49110000 		.4byte	.LASF88
 616 029d 0F       		.sleb128 15
 617 029e 08       		.uleb128 0x8
 618 029f 790F0000 		.4byte	.LASF89
 619 02a3 10       		.sleb128 16
 620 02a4 08       		.uleb128 0x8
 621 02a5 BE070000 		.4byte	.LASF90
 622 02a9 11       		.sleb128 17
 623 02aa 08       		.uleb128 0x8
 624 02ab C4040000 		.4byte	.LASF91
 625 02af 12       		.sleb128 18
 626 02b0 08       		.uleb128 0x8
 627 02b1 F7120000 		.4byte	.LASF92
 628 02b5 13       		.sleb128 19
 629 02b6 08       		.uleb128 0x8
 630 02b7 AA030000 		.4byte	.LASF93
 631 02bb 27       		.sleb128 39
ARM GAS  C:\Users\ADMINI~1.SC-\AppData\Local\Temp\ccuP3DsU.s 			page 15


 632 02bc 08       		.uleb128 0x8
 633 02bd 540F0000 		.4byte	.LASF94
 634 02c1 28       		.sleb128 40
 635 02c2 08       		.uleb128 0x8
 636 02c3 2D110000 		.4byte	.LASF95
 637 02c7 29       		.sleb128 41
 638 02c8 08       		.uleb128 0x8
 639 02c9 F0090000 		.4byte	.LASF96
 640 02cd FF01     		.sleb128 255
 641 02cf 08       		.uleb128 0x8
 642 02d0 D3010000 		.4byte	.LASF97
 643 02d4 8002     		.sleb128 256
 644 02d6 08       		.uleb128 0x8
 645 02d7 790B0000 		.4byte	.LASF98
 646 02db 8102     		.sleb128 257
 647 02dd 08       		.uleb128 0x8
 648 02de 8B0C0000 		.4byte	.LASF99
 649 02e2 8202     		.sleb128 258
 650 02e4 08       		.uleb128 0x8
 651 02e5 41040000 		.4byte	.LASF100
 652 02e9 8302     		.sleb128 259
 653 02eb 00       		.byte	0
 654 02ec 0A       		.uleb128 0xa
 655 02ed 450B0000 		.4byte	.LASF101
 656 02f1 03       		.byte	0x3
 657 02f2 6902     		.2byte	0x269
 658 02f4 35020000 		.4byte	0x235
 659 02f8 07       		.uleb128 0x7
 660 02f9 01       		.byte	0x1
 661 02fa 04       		.byte	0x4
 662 02fb AA       		.byte	0xaa
 663 02fc EB030000 		.4byte	0x3eb
 664 0300 08       		.uleb128 0x8
 665 0301 BF050000 		.4byte	.LASF102
 666 0305 00       		.sleb128 0
 667 0306 08       		.uleb128 0x8
 668 0307 04010000 		.4byte	.LASF103
 669 030b 01       		.sleb128 1
 670 030c 08       		.uleb128 0x8
 671 030d F9050000 		.4byte	.LASF104
 672 0311 02       		.sleb128 2
 673 0312 08       		.uleb128 0x8
 674 0313 7F050000 		.4byte	.LASF105
 675 0317 03       		.sleb128 3
 676 0318 08       		.uleb128 0x8
 677 0319 26040000 		.4byte	.LASF106
 678 031d 04       		.sleb128 4
 679 031e 08       		.uleb128 0x8
 680 031f 3A030000 		.4byte	.LASF107
 681 0323 05       		.sleb128 5
 682 0324 08       		.uleb128 0x8
 683 0325 DF000000 		.4byte	.LASF108
 684 0329 06       		.sleb128 6
 685 032a 08       		.uleb128 0x8
 686 032b 0F110000 		.4byte	.LASF109
 687 032f 07       		.sleb128 7
 688 0330 08       		.uleb128 0x8
ARM GAS  C:\Users\ADMINI~1.SC-\AppData\Local\Temp\ccuP3DsU.s 			page 16


 689 0331 F50A0000 		.4byte	.LASF110
 690 0335 08       		.sleb128 8
 691 0336 08       		.uleb128 0x8
 692 0337 490C0000 		.4byte	.LASF111
 693 033b 09       		.sleb128 9
 694 033c 08       		.uleb128 0x8
 695 033d 3F070000 		.4byte	.LASF112
 696 0341 0A       		.sleb128 10
 697 0342 08       		.uleb128 0x8
 698 0343 04080000 		.4byte	.LASF113
 699 0347 0B       		.sleb128 11
 700 0348 08       		.uleb128 0x8
 701 0349 86000000 		.4byte	.LASF114
 702 034d 0C       		.sleb128 12
 703 034e 08       		.uleb128 0x8
 704 034f DF0C0000 		.4byte	.LASF115
 705 0353 0D       		.sleb128 13
 706 0354 08       		.uleb128 0x8
 707 0355 140F0000 		.4byte	.LASF116
 708 0359 0E       		.sleb128 14
 709 035a 08       		.uleb128 0x8
 710 035b 70100000 		.4byte	.LASF117
 711 035f 0F       		.sleb128 15
 712 0360 08       		.uleb128 0x8
 713 0361 52050000 		.4byte	.LASF118
 714 0365 10       		.sleb128 16
 715 0366 08       		.uleb128 0x8
 716 0367 480A0000 		.4byte	.LASF119
 717 036b 11       		.sleb128 17
 718 036c 08       		.uleb128 0x8
 719 036d 380E0000 		.4byte	.LASF120
 720 0371 8001     		.sleb128 128
 721 0373 08       		.uleb128 0x8
 722 0374 42100000 		.4byte	.LASF121
 723 0378 8001     		.sleb128 128
 724 037a 08       		.uleb128 0x8
 725 037b 87090000 		.4byte	.LASF122
 726 037f 8001     		.sleb128 128
 727 0381 08       		.uleb128 0x8
 728 0382 E1080000 		.4byte	.LASF123
 729 0386 8001     		.sleb128 128
 730 0388 08       		.uleb128 0x8
 731 0389 D6060000 		.4byte	.LASF124
 732 038d 8001     		.sleb128 128
 733 038f 08       		.uleb128 0x8
 734 0390 15030000 		.4byte	.LASF125
 735 0394 8001     		.sleb128 128
 736 0396 08       		.uleb128 0x8
 737 0397 5A0D0000 		.4byte	.LASF126
 738 039b 8001     		.sleb128 128
 739 039d 08       		.uleb128 0x8
 740 039e 040D0000 		.4byte	.LASF127
 741 03a2 8101     		.sleb128 129
 742 03a4 08       		.uleb128 0x8
 743 03a5 54020000 		.4byte	.LASF128
 744 03a9 8101     		.sleb128 129
 745 03ab 08       		.uleb128 0x8
ARM GAS  C:\Users\ADMINI~1.SC-\AppData\Local\Temp\ccuP3DsU.s 			page 17


 746 03ac BB060000 		.4byte	.LASF129
 747 03b0 8101     		.sleb128 129
 748 03b2 08       		.uleb128 0x8
 749 03b3 8F0D0000 		.4byte	.LASF130
 750 03b7 A001     		.sleb128 160
 751 03b9 08       		.uleb128 0x8
 752 03ba 5B080000 		.4byte	.LASF131
 753 03be A001     		.sleb128 160
 754 03c0 08       		.uleb128 0x8
 755 03c1 F1020000 		.4byte	.LASF132
 756 03c5 A101     		.sleb128 161
 757 03c7 08       		.uleb128 0x8
 758 03c8 EE0B0000 		.4byte	.LASF133
 759 03cc A201     		.sleb128 162
 760 03ce 08       		.uleb128 0x8
 761 03cf 320F0000 		.4byte	.LASF134
 762 03d3 A301     		.sleb128 163
 763 03d5 08       		.uleb128 0x8
 764 03d6 75020000 		.4byte	.LASF135
 765 03da FD01     		.sleb128 253
 766 03dc 08       		.uleb128 0x8
 767 03dd A70F0000 		.4byte	.LASF136
 768 03e1 FE01     		.sleb128 254
 769 03e3 08       		.uleb128 0x8
 770 03e4 AE0C0000 		.4byte	.LASF137
 771 03e8 FF01     		.sleb128 255
 772 03ea 00       		.byte	0
 773 03eb 0A       		.uleb128 0xa
 774 03ec CB080000 		.4byte	.LASF138
 775 03f0 04       		.byte	0x4
 776 03f1 5901     		.2byte	0x159
 777 03f3 F8020000 		.4byte	0x2f8
 778 03f7 0A       		.uleb128 0xa
 779 03f8 BD120000 		.4byte	.LASF139
 780 03fc 04       		.byte	0x4
 781 03fd 8801     		.2byte	0x188
 782 03ff 76000000 		.4byte	0x76
 783 0403 0B       		.uleb128 0xb
 784 0404 02       		.byte	0x2
 785 0405 04       		.byte	0x4
 786 0406 9201     		.2byte	0x192
 787 0408 27040000 		.4byte	0x427
 788 040c 0C       		.uleb128 0xc
 789 040d 72120000 		.4byte	.LASF140
 790 0411 04       		.byte	0x4
 791 0412 9901     		.2byte	0x199
 792 0414 6B000000 		.4byte	0x6b
 793 0418 00       		.byte	0
 794 0419 0C       		.uleb128 0xc
 795 041a 65090000 		.4byte	.LASF141
 796 041e 04       		.byte	0x4
 797 041f 9F01     		.2byte	0x19f
 798 0421 6B000000 		.4byte	0x6b
 799 0425 01       		.byte	0x1
 800 0426 00       		.byte	0
 801 0427 0A       		.uleb128 0xa
 802 0428 72000000 		.4byte	.LASF142
ARM GAS  C:\Users\ADMINI~1.SC-\AppData\Local\Temp\ccuP3DsU.s 			page 18


 803 042c 04       		.byte	0x4
 804 042d A101     		.2byte	0x1a1
 805 042f 03040000 		.4byte	0x403
 806 0433 0B       		.uleb128 0xb
 807 0434 08       		.byte	0x8
 808 0435 04       		.byte	0x4
 809 0436 BD01     		.2byte	0x1bd
 810 0438 64040000 		.4byte	0x464
 811 043c 0D       		.uleb128 0xd
 812 043d 76616C00 		.ascii	"val\000"
 813 0441 04       		.byte	0x4
 814 0442 C001     		.2byte	0x1c0
 815 0444 AA000000 		.4byte	0xaa
 816 0448 00       		.byte	0
 817 0449 0D       		.uleb128 0xd
 818 044a 6C656E00 		.ascii	"len\000"
 819 044e 04       		.byte	0x4
 820 044f C301     		.2byte	0x1c3
 821 0451 76000000 		.4byte	0x76
 822 0455 04       		.byte	0x4
 823 0456 0C       		.uleb128 0xc
 824 0457 1A100000 		.4byte	.LASF143
 825 045b 04       		.byte	0x4
 826 045c CA01     		.2byte	0x1ca
 827 045e 76000000 		.4byte	0x76
 828 0462 06       		.byte	0x6
 829 0463 00       		.byte	0
 830 0464 0A       		.uleb128 0xa
 831 0465 2C020000 		.4byte	.LASF144
 832 0469 04       		.byte	0x4
 833 046a CC01     		.2byte	0x1cc
 834 046c 33040000 		.4byte	0x433
 835 0470 0B       		.uleb128 0xb
 836 0471 0C       		.byte	0xc
 837 0472 04       		.byte	0x4
 838 0473 CF01     		.2byte	0x1cf
 839 0475 94040000 		.4byte	0x494
 840 0479 0C       		.uleb128 0xc
 841 047a 56060000 		.4byte	.LASF145
 842 047e 04       		.byte	0x4
 843 047f D201     		.2byte	0x1d2
 844 0481 64040000 		.4byte	0x464
 845 0485 00       		.byte	0
 846 0486 0C       		.uleb128 0xc
 847 0487 3F060000 		.4byte	.LASF146
 848 048b 04       		.byte	0x4
 849 048c D501     		.2byte	0x1d5
 850 048e F7030000 		.4byte	0x3f7
 851 0492 08       		.byte	0x8
 852 0493 00       		.byte	0
 853 0494 0A       		.uleb128 0xa
 854 0495 190E0000 		.4byte	.LASF147
 855 0499 04       		.byte	0x4
 856 049a D701     		.2byte	0x1d7
 857 049c 70040000 		.4byte	0x470
 858 04a0 0B       		.uleb128 0xb
 859 04a1 04       		.byte	0x4
ARM GAS  C:\Users\ADMINI~1.SC-\AppData\Local\Temp\ccuP3DsU.s 			page 19


 860 04a2 04       		.byte	0x4
 861 04a3 E501     		.2byte	0x1e5
 862 04a5 C4040000 		.4byte	0x4c4
 863 04a9 0C       		.uleb128 0xc
 864 04aa AF000000 		.4byte	.LASF148
 865 04ae 04       		.byte	0x4
 866 04af E801     		.2byte	0x1e8
 867 04b1 27040000 		.4byte	0x427
 868 04b5 00       		.byte	0
 869 04b6 0D       		.uleb128 0xd
 870 04b7 6D747500 		.ascii	"mtu\000"
 871 04bb 04       		.byte	0x4
 872 04bc EB01     		.2byte	0x1eb
 873 04be 76000000 		.4byte	0x76
 874 04c2 02       		.byte	0x2
 875 04c3 00       		.byte	0
 876 04c4 0A       		.uleb128 0xa
 877 04c5 E8070000 		.4byte	.LASF149
 878 04c9 04       		.byte	0x4
 879 04ca ED01     		.2byte	0x1ed
 880 04cc A0040000 		.4byte	0x4a0
 881 04d0 0E       		.uleb128 0xe
 882 04d1 10       		.byte	0x10
 883 04d2 05       		.byte	0x5
 884 04d3 8A       		.byte	0x8a
 885 04d4 F1040000 		.4byte	0x4f1
 886 04d8 0F       		.uleb128 0xf
 887 04d9 AF000000 		.4byte	.LASF148
 888 04dd 05       		.byte	0x5
 889 04de 8D       		.byte	0x8d
 890 04df 27040000 		.4byte	0x427
 891 04e3 00       		.byte	0
 892 04e4 0F       		.uleb128 0xf
 893 04e5 E2090000 		.4byte	.LASF150
 894 04e9 05       		.byte	0x5
 895 04ea 90       		.byte	0x90
 896 04eb 94040000 		.4byte	0x494
 897 04ef 04       		.byte	0x4
 898 04f0 00       		.byte	0
 899 04f1 04       		.uleb128 0x4
 900 04f2 6D0A0000 		.4byte	.LASF151
 901 04f6 05       		.byte	0x5
 902 04f7 92       		.byte	0x92
 903 04f8 D0040000 		.4byte	0x4d0
 904 04fc 09       		.uleb128 0x9
 905 04fd 01       		.byte	0x1
 906 04fe 06       		.byte	0x6
 907 04ff 3707     		.2byte	0x737
 908 0501 24050000 		.4byte	0x524
 909 0505 08       		.uleb128 0x8
 910 0506 3F000000 		.4byte	.LASF152
 911 050a 00       		.sleb128 0
 912 050b 08       		.uleb128 0x8
 913 050c 8B0A0000 		.4byte	.LASF153
 914 0510 01       		.sleb128 1
 915 0511 08       		.uleb128 0x8
 916 0512 6E110000 		.4byte	.LASF154
ARM GAS  C:\Users\ADMINI~1.SC-\AppData\Local\Temp\ccuP3DsU.s 			page 20


 917 0516 02       		.sleb128 2
 918 0517 08       		.uleb128 0x8
 919 0518 65030000 		.4byte	.LASF155
 920 051c 03       		.sleb128 3
 921 051d 08       		.uleb128 0x8
 922 051e 83040000 		.4byte	.LASF156
 923 0522 04       		.sleb128 4
 924 0523 00       		.byte	0
 925 0524 0A       		.uleb128 0xa
 926 0525 E3100000 		.4byte	.LASF157
 927 0529 06       		.byte	0x6
 928 052a 4507     		.2byte	0x745
 929 052c FC040000 		.4byte	0x4fc
 930 0530 10       		.uleb128 0x10
 931 0531 6B000000 		.4byte	0x6b
 932 0535 40050000 		.4byte	0x540
 933 0539 11       		.uleb128 0x11
 934 053a A1000000 		.4byte	0xa1
 935 053e 01       		.byte	0x1
 936 053f 00       		.byte	0
 937 0540 12       		.uleb128 0x12
 938 0541 7B120000 		.4byte	.LASF160
 939 0545 01       		.byte	0x1
 940 0546 1D       		.byte	0x1d
 941 0547 00000000 		.4byte	.LFB35
 942 054b 5C000000 		.4byte	.LFE35-.LFB35
 943 054f 01       		.uleb128 0x1
 944 0550 9C       		.byte	0x9c
 945 0551 72050000 		.4byte	0x572
 946 0555 13       		.uleb128 0x13
 947 0556 D70D0000 		.4byte	.LASF158
 948 055a 01       		.byte	0x1
 949 055b 1F       		.byte	0x1f
 950 055c 30050000 		.4byte	0x530
 951 0560 02       		.uleb128 0x2
 952 0561 91       		.byte	0x91
 953 0562 74       		.sleb128 -12
 954 0563 13       		.uleb128 0x13
 955 0564 EE0D0000 		.4byte	.LASF159
 956 0568 01       		.byte	0x1
 957 0569 20       		.byte	0x20
 958 056a 94040000 		.4byte	0x494
 959 056e 02       		.uleb128 0x2
 960 056f 91       		.byte	0x91
 961 0570 68       		.sleb128 -24
 962 0571 00       		.byte	0
 963 0572 12       		.uleb128 0x12
 964 0573 E90A0000 		.4byte	.LASF161
 965 0577 01       		.byte	0x1
 966 0578 48       		.byte	0x48
 967 0579 00000000 		.4byte	.LFB36
 968 057d 08010000 		.4byte	.LFE36-.LFB36
 969 0581 01       		.uleb128 0x1
 970 0582 9C       		.byte	0x9c
 971 0583 CB050000 		.4byte	0x5cb
 972 0587 14       		.uleb128 0x14
 973 0588 E2070000 		.4byte	.LASF162
ARM GAS  C:\Users\ADMINI~1.SC-\AppData\Local\Temp\ccuP3DsU.s 			page 21


 974 058c 01       		.byte	0x1
 975 058d 48       		.byte	0x48
 976 058e 81000000 		.4byte	0x81
 977 0592 02       		.uleb128 0x2
 978 0593 91       		.byte	0x91
 979 0594 64       		.sleb128 -28
 980 0595 14       		.uleb128 0x14
 981 0596 B5100000 		.4byte	.LASF163
 982 059a 01       		.byte	0x1
 983 059b 48       		.byte	0x48
 984 059c A8000000 		.4byte	0xa8
 985 05a0 02       		.uleb128 0x2
 986 05a1 91       		.byte	0x91
 987 05a2 60       		.sleb128 -32
 988 05a3 13       		.uleb128 0x13
 989 05a4 5B040000 		.4byte	.LASF164
 990 05a8 01       		.byte	0x1
 991 05a9 4A       		.byte	0x4a
 992 05aa EB030000 		.4byte	0x3eb
 993 05ae 02       		.uleb128 0x2
 994 05af 91       		.byte	0x91
 995 05b0 6B       		.sleb128 -21
 996 05b1 13       		.uleb128 0x13
 997 05b2 3B0C0000 		.4byte	.LASF165
 998 05b6 01       		.byte	0x1
 999 05b7 4B       		.byte	0x4b
 1000 05b8 CB050000 		.4byte	0x5cb
 1001 05bc 02       		.uleb128 0x2
 1002 05bd 91       		.byte	0x91
 1003 05be 6C       		.sleb128 -20
 1004 05bf 15       		.uleb128 0x15
 1005 05c0 3B0B0000 		.4byte	.LASF176
 1006 05c4 01       		.byte	0x1
 1007 05c5 4C       		.byte	0x4c
 1008 05c6 EC020000 		.4byte	0x2ec
 1009 05ca 00       		.byte	0
 1010 05cb 06       		.uleb128 0x6
 1011 05cc 04       		.byte	0x4
 1012 05cd F1040000 		.4byte	0x4f1
 1013 05d1 16       		.uleb128 0x16
 1014 05d2 01090000 		.4byte	.LASF166
 1015 05d6 06       		.byte	0x6
 1016 05d7 2C09     		.2byte	0x92c
 1017 05d9 24050000 		.4byte	0x524
 1018 05dd 16       		.uleb128 0x16
 1019 05de BE0A0000 		.4byte	.LASF167
 1020 05e2 06       		.byte	0x6
 1021 05e3 2D09     		.2byte	0x92d
 1022 05e5 27040000 		.4byte	0x427
 1023 05e9 17       		.uleb128 0x17
 1024 05ea B5120000 		.4byte	.LASF168
 1025 05ee 01       		.byte	0x1
 1026 05ef 07       		.byte	0x7
 1027 05f0 76000000 		.4byte	0x76
 1028 05f4 05       		.uleb128 0x5
 1029 05f5 03       		.byte	0x3
 1030 05f6 00000000 		.4byte	mtuSize
ARM GAS  C:\Users\ADMINI~1.SC-\AppData\Local\Temp\ccuP3DsU.s 			page 22


 1031 05fa 10       		.uleb128 0x10
 1032 05fb 6B000000 		.4byte	0x6b
 1033 05ff 0A060000 		.4byte	0x60a
 1034 0603 11       		.uleb128 0x11
 1035 0604 A1000000 		.4byte	0xa1
 1036 0608 2B       		.byte	0x2b
 1037 0609 00       		.byte	0
 1038 060a 17       		.uleb128 0x17
 1039 060b C2080000 		.4byte	.LASF169
 1040 060f 01       		.byte	0x1
 1041 0610 0A       		.byte	0xa
 1042 0611 FA050000 		.4byte	0x5fa
 1043 0615 05       		.uleb128 0x5
 1044 0616 03       		.byte	0x3
 1045 0617 00000000 		.4byte	packetRX
 1046 061b 17       		.uleb128 0x17
 1047 061c 920B0000 		.4byte	.LASF170
 1048 0620 01       		.byte	0x1
 1049 0621 0B       		.byte	0xb
 1050 0622 81000000 		.4byte	0x81
 1051 0626 05       		.uleb128 0x5
 1052 0627 03       		.byte	0x3
 1053 0628 00000000 		.4byte	packetRXSize
 1054 062c 17       		.uleb128 0x17
 1055 062d E9030000 		.4byte	.LASF171
 1056 0631 01       		.byte	0x1
 1057 0632 0C       		.byte	0xc
 1058 0633 81000000 		.4byte	0x81
 1059 0637 05       		.uleb128 0x5
 1060 0638 03       		.byte	0x3
 1061 0639 00000000 		.4byte	packetRXFlag
 1062 063d 17       		.uleb128 0x17
 1063 063e 4A060000 		.4byte	.LASF172
 1064 0642 01       		.byte	0x1
 1065 0643 37       		.byte	0x37
 1066 0644 6B000000 		.4byte	0x6b
 1067 0648 05       		.uleb128 0x5
 1068 0649 03       		.byte	0x3
 1069 064a 00000000 		.4byte	ConnectFlag
 1070 064e 00       		.byte	0
 1071              		.section	.debug_abbrev,"",%progbits
 1072              	.Ldebug_abbrev0:
 1073 0000 01       		.uleb128 0x1
 1074 0001 11       		.uleb128 0x11
 1075 0002 01       		.byte	0x1
 1076 0003 25       		.uleb128 0x25
 1077 0004 0E       		.uleb128 0xe
 1078 0005 13       		.uleb128 0x13
 1079 0006 0B       		.uleb128 0xb
 1080 0007 03       		.uleb128 0x3
 1081 0008 0E       		.uleb128 0xe
 1082 0009 1B       		.uleb128 0x1b
 1083 000a 0E       		.uleb128 0xe
 1084 000b 55       		.uleb128 0x55
 1085 000c 17       		.uleb128 0x17
 1086 000d 11       		.uleb128 0x11
 1087 000e 01       		.uleb128 0x1
ARM GAS  C:\Users\ADMINI~1.SC-\AppData\Local\Temp\ccuP3DsU.s 			page 23


 1088 000f 10       		.uleb128 0x10
 1089 0010 17       		.uleb128 0x17
 1090 0011 00       		.byte	0
 1091 0012 00       		.byte	0
 1092 0013 02       		.uleb128 0x2
 1093 0014 24       		.uleb128 0x24
 1094 0015 00       		.byte	0
 1095 0016 0B       		.uleb128 0xb
 1096 0017 0B       		.uleb128 0xb
 1097 0018 3E       		.uleb128 0x3e
 1098 0019 0B       		.uleb128 0xb
 1099 001a 03       		.uleb128 0x3
 1100 001b 0E       		.uleb128 0xe
 1101 001c 00       		.byte	0
 1102 001d 00       		.byte	0
 1103 001e 03       		.uleb128 0x3
 1104 001f 24       		.uleb128 0x24
 1105 0020 00       		.byte	0
 1106 0021 0B       		.uleb128 0xb
 1107 0022 0B       		.uleb128 0xb
 1108 0023 3E       		.uleb128 0x3e
 1109 0024 0B       		.uleb128 0xb
 1110 0025 03       		.uleb128 0x3
 1111 0026 08       		.uleb128 0x8
 1112 0027 00       		.byte	0
 1113 0028 00       		.byte	0
 1114 0029 04       		.uleb128 0x4
 1115 002a 16       		.uleb128 0x16
 1116 002b 00       		.byte	0
 1117 002c 03       		.uleb128 0x3
 1118 002d 0E       		.uleb128 0xe
 1119 002e 3A       		.uleb128 0x3a
 1120 002f 0B       		.uleb128 0xb
 1121 0030 3B       		.uleb128 0x3b
 1122 0031 0B       		.uleb128 0xb
 1123 0032 49       		.uleb128 0x49
 1124 0033 13       		.uleb128 0x13
 1125 0034 00       		.byte	0
 1126 0035 00       		.byte	0
 1127 0036 05       		.uleb128 0x5
 1128 0037 0F       		.uleb128 0xf
 1129 0038 00       		.byte	0
 1130 0039 0B       		.uleb128 0xb
 1131 003a 0B       		.uleb128 0xb
 1132 003b 00       		.byte	0
 1133 003c 00       		.byte	0
 1134 003d 06       		.uleb128 0x6
 1135 003e 0F       		.uleb128 0xf
 1136 003f 00       		.byte	0
 1137 0040 0B       		.uleb128 0xb
 1138 0041 0B       		.uleb128 0xb
 1139 0042 49       		.uleb128 0x49
 1140 0043 13       		.uleb128 0x13
 1141 0044 00       		.byte	0
 1142 0045 00       		.byte	0
 1143 0046 07       		.uleb128 0x7
 1144 0047 04       		.uleb128 0x4
ARM GAS  C:\Users\ADMINI~1.SC-\AppData\Local\Temp\ccuP3DsU.s 			page 24


 1145 0048 01       		.byte	0x1
 1146 0049 0B       		.uleb128 0xb
 1147 004a 0B       		.uleb128 0xb
 1148 004b 3A       		.uleb128 0x3a
 1149 004c 0B       		.uleb128 0xb
 1150 004d 3B       		.uleb128 0x3b
 1151 004e 0B       		.uleb128 0xb
 1152 004f 01       		.uleb128 0x1
 1153 0050 13       		.uleb128 0x13
 1154 0051 00       		.byte	0
 1155 0052 00       		.byte	0
 1156 0053 08       		.uleb128 0x8
 1157 0054 28       		.uleb128 0x28
 1158 0055 00       		.byte	0
 1159 0056 03       		.uleb128 0x3
 1160 0057 0E       		.uleb128 0xe
 1161 0058 1C       		.uleb128 0x1c
 1162 0059 0D       		.uleb128 0xd
 1163 005a 00       		.byte	0
 1164 005b 00       		.byte	0
 1165 005c 09       		.uleb128 0x9
 1166 005d 04       		.uleb128 0x4
 1167 005e 01       		.byte	0x1
 1168 005f 0B       		.uleb128 0xb
 1169 0060 0B       		.uleb128 0xb
 1170 0061 3A       		.uleb128 0x3a
 1171 0062 0B       		.uleb128 0xb
 1172 0063 3B       		.uleb128 0x3b
 1173 0064 05       		.uleb128 0x5
 1174 0065 01       		.uleb128 0x1
 1175 0066 13       		.uleb128 0x13
 1176 0067 00       		.byte	0
 1177 0068 00       		.byte	0
 1178 0069 0A       		.uleb128 0xa
 1179 006a 16       		.uleb128 0x16
 1180 006b 00       		.byte	0
 1181 006c 03       		.uleb128 0x3
 1182 006d 0E       		.uleb128 0xe
 1183 006e 3A       		.uleb128 0x3a
 1184 006f 0B       		.uleb128 0xb
 1185 0070 3B       		.uleb128 0x3b
 1186 0071 05       		.uleb128 0x5
 1187 0072 49       		.uleb128 0x49
 1188 0073 13       		.uleb128 0x13
 1189 0074 00       		.byte	0
 1190 0075 00       		.byte	0
 1191 0076 0B       		.uleb128 0xb
 1192 0077 13       		.uleb128 0x13
 1193 0078 01       		.byte	0x1
 1194 0079 0B       		.uleb128 0xb
 1195 007a 0B       		.uleb128 0xb
 1196 007b 3A       		.uleb128 0x3a
 1197 007c 0B       		.uleb128 0xb
 1198 007d 3B       		.uleb128 0x3b
 1199 007e 05       		.uleb128 0x5
 1200 007f 01       		.uleb128 0x1
 1201 0080 13       		.uleb128 0x13
ARM GAS  C:\Users\ADMINI~1.SC-\AppData\Local\Temp\ccuP3DsU.s 			page 25


 1202 0081 00       		.byte	0
 1203 0082 00       		.byte	0
 1204 0083 0C       		.uleb128 0xc
 1205 0084 0D       		.uleb128 0xd
 1206 0085 00       		.byte	0
 1207 0086 03       		.uleb128 0x3
 1208 0087 0E       		.uleb128 0xe
 1209 0088 3A       		.uleb128 0x3a
 1210 0089 0B       		.uleb128 0xb
 1211 008a 3B       		.uleb128 0x3b
 1212 008b 05       		.uleb128 0x5
 1213 008c 49       		.uleb128 0x49
 1214 008d 13       		.uleb128 0x13
 1215 008e 38       		.uleb128 0x38
 1216 008f 0B       		.uleb128 0xb
 1217 0090 00       		.byte	0
 1218 0091 00       		.byte	0
 1219 0092 0D       		.uleb128 0xd
 1220 0093 0D       		.uleb128 0xd
 1221 0094 00       		.byte	0
 1222 0095 03       		.uleb128 0x3
 1223 0096 08       		.uleb128 0x8
 1224 0097 3A       		.uleb128 0x3a
 1225 0098 0B       		.uleb128 0xb
 1226 0099 3B       		.uleb128 0x3b
 1227 009a 05       		.uleb128 0x5
 1228 009b 49       		.uleb128 0x49
 1229 009c 13       		.uleb128 0x13
 1230 009d 38       		.uleb128 0x38
 1231 009e 0B       		.uleb128 0xb
 1232 009f 00       		.byte	0
 1233 00a0 00       		.byte	0
 1234 00a1 0E       		.uleb128 0xe
 1235 00a2 13       		.uleb128 0x13
 1236 00a3 01       		.byte	0x1
 1237 00a4 0B       		.uleb128 0xb
 1238 00a5 0B       		.uleb128 0xb
 1239 00a6 3A       		.uleb128 0x3a
 1240 00a7 0B       		.uleb128 0xb
 1241 00a8 3B       		.uleb128 0x3b
 1242 00a9 0B       		.uleb128 0xb
 1243 00aa 01       		.uleb128 0x1
 1244 00ab 13       		.uleb128 0x13
 1245 00ac 00       		.byte	0
 1246 00ad 00       		.byte	0
 1247 00ae 0F       		.uleb128 0xf
 1248 00af 0D       		.uleb128 0xd
 1249 00b0 00       		.byte	0
 1250 00b1 03       		.uleb128 0x3
 1251 00b2 0E       		.uleb128 0xe
 1252 00b3 3A       		.uleb128 0x3a
 1253 00b4 0B       		.uleb128 0xb
 1254 00b5 3B       		.uleb128 0x3b
 1255 00b6 0B       		.uleb128 0xb
 1256 00b7 49       		.uleb128 0x49
 1257 00b8 13       		.uleb128 0x13
 1258 00b9 38       		.uleb128 0x38
ARM GAS  C:\Users\ADMINI~1.SC-\AppData\Local\Temp\ccuP3DsU.s 			page 26


 1259 00ba 0B       		.uleb128 0xb
 1260 00bb 00       		.byte	0
 1261 00bc 00       		.byte	0
 1262 00bd 10       		.uleb128 0x10
 1263 00be 01       		.uleb128 0x1
 1264 00bf 01       		.byte	0x1
 1265 00c0 49       		.uleb128 0x49
 1266 00c1 13       		.uleb128 0x13
 1267 00c2 01       		.uleb128 0x1
 1268 00c3 13       		.uleb128 0x13
 1269 00c4 00       		.byte	0
 1270 00c5 00       		.byte	0
 1271 00c6 11       		.uleb128 0x11
 1272 00c7 21       		.uleb128 0x21
 1273 00c8 00       		.byte	0
 1274 00c9 49       		.uleb128 0x49
 1275 00ca 13       		.uleb128 0x13
 1276 00cb 2F       		.uleb128 0x2f
 1277 00cc 0B       		.uleb128 0xb
 1278 00cd 00       		.byte	0
 1279 00ce 00       		.byte	0
 1280 00cf 12       		.uleb128 0x12
 1281 00d0 2E       		.uleb128 0x2e
 1282 00d1 01       		.byte	0x1
 1283 00d2 3F       		.uleb128 0x3f
 1284 00d3 19       		.uleb128 0x19
 1285 00d4 03       		.uleb128 0x3
 1286 00d5 0E       		.uleb128 0xe
 1287 00d6 3A       		.uleb128 0x3a
 1288 00d7 0B       		.uleb128 0xb
 1289 00d8 3B       		.uleb128 0x3b
 1290 00d9 0B       		.uleb128 0xb
 1291 00da 27       		.uleb128 0x27
 1292 00db 19       		.uleb128 0x19
 1293 00dc 11       		.uleb128 0x11
 1294 00dd 01       		.uleb128 0x1
 1295 00de 12       		.uleb128 0x12
 1296 00df 06       		.uleb128 0x6
 1297 00e0 40       		.uleb128 0x40
 1298 00e1 18       		.uleb128 0x18
 1299 00e2 9642     		.uleb128 0x2116
 1300 00e4 19       		.uleb128 0x19
 1301 00e5 01       		.uleb128 0x1
 1302 00e6 13       		.uleb128 0x13
 1303 00e7 00       		.byte	0
 1304 00e8 00       		.byte	0
 1305 00e9 13       		.uleb128 0x13
 1306 00ea 34       		.uleb128 0x34
 1307 00eb 00       		.byte	0
 1308 00ec 03       		.uleb128 0x3
 1309 00ed 0E       		.uleb128 0xe
 1310 00ee 3A       		.uleb128 0x3a
 1311 00ef 0B       		.uleb128 0xb
 1312 00f0 3B       		.uleb128 0x3b
 1313 00f1 0B       		.uleb128 0xb
 1314 00f2 49       		.uleb128 0x49
 1315 00f3 13       		.uleb128 0x13
ARM GAS  C:\Users\ADMINI~1.SC-\AppData\Local\Temp\ccuP3DsU.s 			page 27


 1316 00f4 02       		.uleb128 0x2
 1317 00f5 18       		.uleb128 0x18
 1318 00f6 00       		.byte	0
 1319 00f7 00       		.byte	0
 1320 00f8 14       		.uleb128 0x14
 1321 00f9 05       		.uleb128 0x5
 1322 00fa 00       		.byte	0
 1323 00fb 03       		.uleb128 0x3
 1324 00fc 0E       		.uleb128 0xe
 1325 00fd 3A       		.uleb128 0x3a
 1326 00fe 0B       		.uleb128 0xb
 1327 00ff 3B       		.uleb128 0x3b
 1328 0100 0B       		.uleb128 0xb
 1329 0101 49       		.uleb128 0x49
 1330 0102 13       		.uleb128 0x13
 1331 0103 02       		.uleb128 0x2
 1332 0104 18       		.uleb128 0x18
 1333 0105 00       		.byte	0
 1334 0106 00       		.byte	0
 1335 0107 15       		.uleb128 0x15
 1336 0108 34       		.uleb128 0x34
 1337 0109 00       		.byte	0
 1338 010a 03       		.uleb128 0x3
 1339 010b 0E       		.uleb128 0xe
 1340 010c 3A       		.uleb128 0x3a
 1341 010d 0B       		.uleb128 0xb
 1342 010e 3B       		.uleb128 0x3b
 1343 010f 0B       		.uleb128 0xb
 1344 0110 49       		.uleb128 0x49
 1345 0111 13       		.uleb128 0x13
 1346 0112 00       		.byte	0
 1347 0113 00       		.byte	0
 1348 0114 16       		.uleb128 0x16
 1349 0115 34       		.uleb128 0x34
 1350 0116 00       		.byte	0
 1351 0117 03       		.uleb128 0x3
 1352 0118 0E       		.uleb128 0xe
 1353 0119 3A       		.uleb128 0x3a
 1354 011a 0B       		.uleb128 0xb
 1355 011b 3B       		.uleb128 0x3b
 1356 011c 05       		.uleb128 0x5
 1357 011d 49       		.uleb128 0x49
 1358 011e 13       		.uleb128 0x13
 1359 011f 3F       		.uleb128 0x3f
 1360 0120 19       		.uleb128 0x19
 1361 0121 3C       		.uleb128 0x3c
 1362 0122 19       		.uleb128 0x19
 1363 0123 00       		.byte	0
 1364 0124 00       		.byte	0
 1365 0125 17       		.uleb128 0x17
 1366 0126 34       		.uleb128 0x34
 1367 0127 00       		.byte	0
 1368 0128 03       		.uleb128 0x3
 1369 0129 0E       		.uleb128 0xe
 1370 012a 3A       		.uleb128 0x3a
 1371 012b 0B       		.uleb128 0xb
 1372 012c 3B       		.uleb128 0x3b
ARM GAS  C:\Users\ADMINI~1.SC-\AppData\Local\Temp\ccuP3DsU.s 			page 28


 1373 012d 0B       		.uleb128 0xb
 1374 012e 49       		.uleb128 0x49
 1375 012f 13       		.uleb128 0x13
 1376 0130 3F       		.uleb128 0x3f
 1377 0131 19       		.uleb128 0x19
 1378 0132 02       		.uleb128 0x2
 1379 0133 18       		.uleb128 0x18
 1380 0134 00       		.byte	0
 1381 0135 00       		.byte	0
 1382 0136 00       		.byte	0
 1383              		.section	.debug_aranges,"",%progbits
 1384 0000 24000000 		.4byte	0x24
 1385 0004 0200     		.2byte	0x2
 1386 0006 00000000 		.4byte	.Ldebug_info0
 1387 000a 04       		.byte	0x4
 1388 000b 00       		.byte	0
 1389 000c 0000     		.2byte	0
 1390 000e 0000     		.2byte	0
 1391 0010 00000000 		.4byte	.LFB35
 1392 0014 5C000000 		.4byte	.LFE35-.LFB35
 1393 0018 00000000 		.4byte	.LFB36
 1394 001c 08010000 		.4byte	.LFE36-.LFB36
 1395 0020 00000000 		.4byte	0
 1396 0024 00000000 		.4byte	0
 1397              		.section	.debug_ranges,"",%progbits
 1398              	.Ldebug_ranges0:
 1399 0000 00000000 		.4byte	.LFB35
 1400 0004 5C000000 		.4byte	.LFE35
 1401 0008 00000000 		.4byte	.LFB36
 1402 000c 08010000 		.4byte	.LFE36
 1403 0010 00000000 		.4byte	0
 1404 0014 00000000 		.4byte	0
 1405              		.section	.debug_line,"",%progbits
 1406              	.Ldebug_line0:
 1407 0000 F5000000 		.section	.debug_str,"MS",%progbits,1
 1407      02009500 
 1407      00000201 
 1407      FB0E0D00 
 1407      01010101 
 1408              	.LASF67:
 1409 0000 4359424C 		.ascii	"CYBLE_EVT_L2CAP_CBFC_RX_CREDIT_IND\000"
 1409      455F4556 
 1409      545F4C32 
 1409      4341505F 
 1409      43424643 
 1410              	.LASF21:
 1411 0023 4359424C 		.ascii	"CYBLE_EVT_STACK_BUSY_STATUS\000"
 1411      455F4556 
 1411      545F5354 
 1411      41434B5F 
 1411      42555359 
 1412              	.LASF152:
 1413 003f 4359424C 		.ascii	"CYBLE_STATE_STOPPED\000"
 1413      455F5354 
 1413      4154455F 
 1413      53544F50 
 1413      50454400 
ARM GAS  C:\Users\ADMINI~1.SC-\AppData\Local\Temp\ccuP3DsU.s 			page 29


 1414              	.LASF66:
 1415 0053 4359424C 		.ascii	"CYBLE_EVT_L2CAP_CBFC_DATA_READ\000"
 1415      455F4556 
 1415      545F4C32 
 1415      4341505F 
 1415      43424643 
 1416              	.LASF142:
 1417 0072 4359424C 		.ascii	"CYBLE_CONN_HANDLE_T\000"
 1417      455F434F 
 1417      4E4E5F48 
 1417      414E444C 
 1417      455F5400 
 1418              	.LASF114:
 1419 0086 4359424C 		.ascii	"CYBLE_GATT_ERR_INSUFFICIENT_ENC_KEY_SIZE\000"
 1419      455F4741 
 1419      54545F45 
 1419      52525F49 
 1419      4E535546 
 1420              	.LASF148:
 1421 00af 636F6E6E 		.ascii	"connHandle\000"
 1421      48616E64 
 1421      6C6500
 1422              	.LASF76:
 1423 00ba 4359424C 		.ascii	"CYBLE_ERROR_MEMORY_ALLOCATION_FAILED\000"
 1423      455F4552 
 1423      524F525F 
 1423      4D454D4F 
 1423      52595F41 
 1424              	.LASF108:
 1425 00df 4359424C 		.ascii	"CYBLE_GATT_ERR_REQUEST_NOT_SUPPORTED\000"
 1425      455F4741 
 1425      54545F45 
 1425      52525F52 
 1425      45515545 
 1426              	.LASF103:
 1427 0104 4359424C 		.ascii	"CYBLE_GATT_ERR_INVALID_HANDLE\000"
 1427      455F4741 
 1427      54545F45 
 1427      52525F49 
 1427      4E56414C 
 1428              	.LASF32:
 1429 0122 4359424C 		.ascii	"CYBLE_EVT_GAP_CONNECTION_UPDATE_COMPLETE\000"
 1429      455F4556 
 1429      545F4741 
 1429      505F434F 
 1429      4E4E4543 
 1430              	.LASF65:
 1431 014b 4359424C 		.ascii	"CYBLE_EVT_L2CAP_CBFC_DISCONN_CNF\000"
 1431      455F4556 
 1431      545F4C32 
 1431      4341505F 
 1431      43424643 
 1432              	.LASF33:
 1433 016c 4359424C 		.ascii	"CYBLE_EVT_GAPC_SCAN_START_STOP\000"
 1433      455F4556 
 1433      545F4741 
 1433      50435F53 
ARM GAS  C:\Users\ADMINI~1.SC-\AppData\Local\Temp\ccuP3DsU.s 			page 30


 1433      43414E5F 
 1434              	.LASF174:
 1435 018b 6170705F 		.ascii	"app_Ble.c\000"
 1435      426C652E 
 1435      6300
 1436              	.LASF46:
 1437 0195 4359424C 		.ascii	"CYBLE_EVT_GATTC_READ_MULTI_RSP\000"
 1437      455F4556 
 1437      545F4741 
 1437      5454435F 
 1437      52454144 
 1438              	.LASF51:
 1439 01b4 4359424C 		.ascii	"CYBLE_EVT_GATTS_EXEC_WRITE_REQ\000"
 1439      455F4556 
 1439      545F4741 
 1439      5454535F 
 1439      45584543 
 1440              	.LASF97:
 1441 01d3 4359424C 		.ascii	"CYBLE_ERROR_NTF_DISABLED\000"
 1441      455F4552 
 1441      524F525F 
 1441      4E54465F 
 1441      44495341 
 1442              	.LASF18:
 1443 01ec 4359424C 		.ascii	"CYBLE_EVT_TIMEOUT\000"
 1443      455F4556 
 1443      545F5449 
 1443      4D454F55 
 1443      5400
 1444              	.LASF4:
 1445 01fe 6C6F6E67 		.ascii	"long int\000"
 1445      20696E74 
 1445      00
 1446              	.LASF86:
 1447 0207 4359424C 		.ascii	"CYBLE_ERROR_L2CAP_PSM_WRONG_ENCODING\000"
 1447      455F4552 
 1447      524F525F 
 1447      4C324341 
 1447      505F5053 
 1448              	.LASF144:
 1449 022c 4359424C 		.ascii	"CYBLE_GATT_VALUE_T\000"
 1449      455F4741 
 1449      54545F56 
 1449      414C5545 
 1449      5F5400
 1450              	.LASF20:
 1451 023f 4359424C 		.ascii	"CYBLE_EVT_HCI_STATUS\000"
 1451      455F4556 
 1451      545F4843 
 1451      495F5354 
 1451      41545553 
 1452              	.LASF128:
 1453 0254 4359424C 		.ascii	"CYBLE_GATTS_ERR_OPERATION_FAILED\000"
 1453      455F4741 
 1453      5454535F 
 1453      4552525F 
 1453      4F504552 
ARM GAS  C:\Users\ADMINI~1.SC-\AppData\Local\Temp\ccuP3DsU.s 			page 31


 1454              	.LASF135:
 1455 0275 4359424C 		.ascii	"CYBLE_GATT_ERR_CCCD_IMPROPERLY_CONFIGURED\000"
 1455      455F4741 
 1455      54545F45 
 1455      52525F43 
 1455      4343445F 
 1456              	.LASF70:
 1457 029f 4359424C 		.ascii	"CYBLE_EVT_PENDING_FLASH_WRITE\000"
 1457      455F4556 
 1457      545F5045 
 1457      4E44494E 
 1457      475F464C 
 1458              	.LASF85:
 1459 02bd 4359424C 		.ascii	"CYBLE_ERROR_SEC_FAILED\000"
 1459      455F4552 
 1459      524F525F 
 1459      5345435F 
 1459      4641494C 
 1460              	.LASF31:
 1461 02d4 4359424C 		.ascii	"CYBLE_EVT_GAP_ENCRYPT_CHANGE\000"
 1461      455F4556 
 1461      545F4741 
 1461      505F454E 
 1461      43525950 
 1462              	.LASF132:
 1463 02f1 4359424C 		.ascii	"CYBLE_GATT_ERR_ANCS_INVALID_COMMAND\000"
 1463      455F4741 
 1463      54545F45 
 1463      52525F41 
 1463      4E43535F 
 1464              	.LASF125:
 1465 0315 4359424C 		.ascii	"CYBLE_GATT_ERR_OP_CODE_NOT_SUPPORTED\000"
 1465      455F4741 
 1465      54545F45 
 1465      52525F4F 
 1465      505F434F 
 1466              	.LASF107:
 1467 033a 4359424C 		.ascii	"CYBLE_GATT_ERR_INSUFFICIENT_AUTHENTICATION\000"
 1467      455F4741 
 1467      54545F45 
 1467      52525F49 
 1467      4E535546 
 1468              	.LASF155:
 1469 0365 4359424C 		.ascii	"CYBLE_STATE_ADVERTISING\000"
 1469      455F5354 
 1469      4154455F 
 1469      41445645 
 1469      52544953 
 1470              	.LASF6:
 1471 037d 6C6F6E67 		.ascii	"long long int\000"
 1471      206C6F6E 
 1471      6720696E 
 1471      7400
 1472              	.LASF0:
 1473 038b 7369676E 		.ascii	"signed char\000"
 1473      65642063 
 1473      68617200 
ARM GAS  C:\Users\ADMINI~1.SC-\AppData\Local\Temp\ccuP3DsU.s 			page 32


 1474              	.LASF17:
 1475 0397 4359424C 		.ascii	"CYBLE_EVT_STACK_ON\000"
 1475      455F4556 
 1475      545F5354 
 1475      41434B5F 
 1475      4F4E00
 1476              	.LASF93:
 1477 03aa 4359424C 		.ascii	"CYBLE_ERROR_DEVICE_ALREADY_EXISTS\000"
 1477      455F4552 
 1477      524F525F 
 1477      44455649 
 1477      43455F41 
 1478              	.LASF80:
 1479 03cc 4359424C 		.ascii	"CYBLE_ERROR_NO_DEVICE_ENTITY\000"
 1479      455F4552 
 1479      524F525F 
 1479      4E4F5F44 
 1479      45564943 
 1480              	.LASF171:
 1481 03e9 7061636B 		.ascii	"packetRXFlag\000"
 1481      65745258 
 1481      466C6167 
 1481      00
 1482              	.LASF23:
 1483 03f6 4359424C 		.ascii	"CYBLE_EVT_GAP_AUTH_REQ\000"
 1483      455F4556 
 1483      545F4741 
 1483      505F4155 
 1483      54485F52 
 1484              	.LASF44:
 1485 040d 4359424C 		.ascii	"CYBLE_EVT_GATTC_READ_RSP\000"
 1485      455F4556 
 1485      545F4741 
 1485      5454435F 
 1485      52454144 
 1486              	.LASF106:
 1487 0426 4359424C 		.ascii	"CYBLE_GATT_ERR_INVALID_PDU\000"
 1487      455F4741 
 1487      54545F45 
 1487      52525F49 
 1487      4E56414C 
 1488              	.LASF100:
 1489 0441 4359424C 		.ascii	"CYBLE_ERROR_INVALID_STATE\000"
 1489      455F4552 
 1489      524F525F 
 1489      494E5641 
 1489      4C49445F 
 1490              	.LASF164:
 1491 045b 6572726F 		.ascii	"errorCode\000"
 1491      72436F64 
 1491      6500
 1492              	.LASF49:
 1493 0465 4359424C 		.ascii	"CYBLE_EVT_GATTS_WRITE_CMD_REQ\000"
 1493      455F4556 
 1493      545F4741 
 1493      5454535F 
 1493      57524954 
ARM GAS  C:\Users\ADMINI~1.SC-\AppData\Local\Temp\ccuP3DsU.s 			page 33


 1494              	.LASF156:
 1495 0483 4359424C 		.ascii	"CYBLE_STATE_DISCONNECTED\000"
 1495      455F5354 
 1495      4154455F 
 1495      44495343 
 1495      4F4E4E45 
 1496              	.LASF28:
 1497 049c 4359424C 		.ascii	"CYBLE_EVT_GAPP_ADVERTISEMENT_START_STOP\000"
 1497      455F4556 
 1497      545F4741 
 1497      50505F41 
 1497      44564552 
 1498              	.LASF91:
 1499 04c4 4359424C 		.ascii	"CYBLE_ERROR_L2CAP_PSM_NOT_IN_RANGE\000"
 1499      455F4552 
 1499      524F525F 
 1499      4C324341 
 1499      505F5053 
 1500              	.LASF9:
 1501 04e7 75696E74 		.ascii	"uint8\000"
 1501      3800
 1502              	.LASF52:
 1503 04ed 4359424C 		.ascii	"CYBLE_EVT_GATTC_EXEC_WRITE_RSP\000"
 1503      455F4556 
 1503      545F4741 
 1503      5454435F 
 1503      45584543 
 1504              	.LASF13:
 1505 050c 646F7562 		.ascii	"double\000"
 1505      6C6500
 1506              	.LASF64:
 1507 0513 4359424C 		.ascii	"CYBLE_EVT_L2CAP_CBFC_DISCONN_IND\000"
 1507      455F4556 
 1507      545F4C32 
 1507      4341505F 
 1507      43424643 
 1508              	.LASF74:
 1509 0534 4359424C 		.ascii	"CYBLE_ERROR_INVALID_PARAMETER\000"
 1509      455F4552 
 1509      524F525F 
 1509      494E5641 
 1509      4C49445F 
 1510              	.LASF118:
 1511 0552 4359424C 		.ascii	"CYBLE_GATT_ERR_UNSUPPORTED_GROUP_TYPE\000"
 1511      455F4741 
 1511      54545F45 
 1511      52525F55 
 1511      4E535550 
 1512              	.LASF11:
 1513 0578 75696E74 		.ascii	"uint32\000"
 1513      333200
 1514              	.LASF105:
 1515 057f 4359424C 		.ascii	"CYBLE_GATT_ERR_WRITE_NOT_PERMITTED\000"
 1515      455F4741 
 1515      54545F45 
 1515      52525F57 
 1515      52495445 
ARM GAS  C:\Users\ADMINI~1.SC-\AppData\Local\Temp\ccuP3DsU.s 			page 34


 1516              	.LASF72:
 1517 05a2 4359424C 		.ascii	"CYBLE_EVT_MAX\000"
 1517      455F4556 
 1517      545F4D41 
 1517      5800
 1518              	.LASF73:
 1519 05b0 4359424C 		.ascii	"CYBLE_ERROR_OK\000"
 1519      455F4552 
 1519      524F525F 
 1519      4F4B00
 1520              	.LASF102:
 1521 05bf 4359424C 		.ascii	"CYBLE_GATT_ERR_NONE\000"
 1521      455F4741 
 1521      54545F45 
 1521      52525F4E 
 1521      4F4E4500 
 1522              	.LASF59:
 1523 05d3 4359424C 		.ascii	"CYBLE_EVT_L2CAP_CONN_PARAM_UPDATE_REQ\000"
 1523      455F4556 
 1523      545F4C32 
 1523      4341505F 
 1523      434F4E4E 
 1524              	.LASF104:
 1525 05f9 4359424C 		.ascii	"CYBLE_GATT_ERR_READ_NOT_PERMITTED\000"
 1525      455F4741 
 1525      54545F45 
 1525      52525F52 
 1525      4541445F 
 1526              	.LASF69:
 1527 061b 4359424C 		.ascii	"CYBLE_EVT_L2CAP_CBFC_DATA_WRITE_IND\000"
 1527      455F4556 
 1527      545F4C32 
 1527      4341505F 
 1527      43424643 
 1528              	.LASF146:
 1529 063f 61747472 		.ascii	"attrHandle\000"
 1529      48616E64 
 1529      6C6500
 1530              	.LASF172:
 1531 064a 436F6E6E 		.ascii	"ConnectFlag\000"
 1531      65637446 
 1531      6C616700 
 1532              	.LASF145:
 1533 0656 76616C75 		.ascii	"value\000"
 1533      6500
 1534              	.LASF57:
 1535 065c 4359424C 		.ascii	"CYBLE_EVT_GATTC_STOP_CMD_COMPLETE\000"
 1535      455F4556 
 1535      545F4741 
 1535      5454435F 
 1535      53544F50 
 1536              	.LASF78:
 1537 067e 4359424C 		.ascii	"CYBLE_ERROR_OOB_NOT_AVAILABLE\000"
 1537      455F4552 
 1537      524F525F 
 1537      4F4F425F 
 1537      4E4F545F 
ARM GAS  C:\Users\ADMINI~1.SC-\AppData\Local\Temp\ccuP3DsU.s 			page 35


 1538              	.LASF71:
 1539 069c 4359424C 		.ascii	"CYBLE_EVT_LE_PING_AUTH_TIMEOUT\000"
 1539      455F4556 
 1539      545F4C45 
 1539      5F50494E 
 1539      475F4155 
 1540              	.LASF129:
 1541 06bb 4359424C 		.ascii	"CYBLE_GATT_ERR_INVALID_CRC\000"
 1541      455F4741 
 1541      54545F45 
 1541      52525F49 
 1541      4E56414C 
 1542              	.LASF124:
 1543 06d6 4359424C 		.ascii	"CYBLE_GATTS_ERR_PROCEDURE_ALREADY_IN_PROGRESS\000"
 1543      455F4741 
 1543      5454535F 
 1543      4552525F 
 1543      50524F43 
 1544              	.LASF87:
 1545 0704 4359424C 		.ascii	"CYBLE_ERROR_L2CAP_PSM_ALREADY_REGISTERED\000"
 1545      455F4552 
 1545      524F525F 
 1545      4C324341 
 1545      505F5053 
 1546              	.LASF5:
 1547 072d 6C6F6E67 		.ascii	"long unsigned int\000"
 1547      20756E73 
 1547      69676E65 
 1547      6420696E 
 1547      7400
 1548              	.LASF112:
 1549 073f 4359424C 		.ascii	"CYBLE_GATT_ERR_ATTRIBUTE_NOT_FOUND\000"
 1549      455F4741 
 1549      54545F45 
 1549      52525F41 
 1549      54545249 
 1550              	.LASF47:
 1551 0762 4359424C 		.ascii	"CYBLE_EVT_GATTS_WRITE_REQ\000"
 1551      455F4556 
 1551      545F4741 
 1551      5454535F 
 1551      57524954 
 1552              	.LASF39:
 1553 077c 4359424C 		.ascii	"CYBLE_EVT_GATTC_XCHNG_MTU_RSP\000"
 1553      455F4556 
 1553      545F4741 
 1553      5454435F 
 1553      5843484E 
 1554              	.LASF56:
 1555 079a 4359424C 		.ascii	"CYBLE_EVT_GATTS_DATA_SIGNED_CMD_REQ\000"
 1555      455F4556 
 1555      545F4741 
 1555      5454535F 
 1555      44415441 
 1556              	.LASF90:
 1557 07be 4359424C 		.ascii	"CYBLE_ERROR_L2CAP_CHANNEL_NOT_FOUND\000"
 1557      455F4552 
ARM GAS  C:\Users\ADMINI~1.SC-\AppData\Local\Temp\ccuP3DsU.s 			page 36


 1557      524F525F 
 1557      4C324341 
 1557      505F4348 
 1558              	.LASF162:
 1559 07e2 6576656E 		.ascii	"event\000"
 1559      7400
 1560              	.LASF149:
 1561 07e8 4359424C 		.ascii	"CYBLE_GATT_XCHG_MTU_PARAM_T\000"
 1561      455F4741 
 1561      54545F58 
 1561      4348475F 
 1561      4D54555F 
 1562              	.LASF113:
 1563 0804 4359424C 		.ascii	"CYBLE_GATT_ERR_ATTRIBUTE_NOT_LONG\000"
 1563      455F4741 
 1563      54545F45 
 1563      52525F41 
 1563      54545249 
 1564              	.LASF16:
 1565 0826 4359424C 		.ascii	"CYBLE_EVT_HOST_INVALID\000"
 1565      455F4556 
 1565      545F484F 
 1565      53545F49 
 1565      4E56414C 
 1566              	.LASF42:
 1567 083d 4359424C 		.ascii	"CYBLE_EVT_GATTC_FIND_INFO_RSP\000"
 1567      455F4556 
 1567      545F4741 
 1567      5454435F 
 1567      46494E44 
 1568              	.LASF131:
 1569 085b 4359424C 		.ascii	"CYBLE_GATT_ERR_ANCS_UNKNOWN_COMMAND\000"
 1569      455F4741 
 1569      54545F45 
 1569      52525F41 
 1569      4E43535F 
 1570              	.LASF24:
 1571 087f 4359424C 		.ascii	"CYBLE_EVT_GAP_PASSKEY_ENTRY_REQUEST\000"
 1571      455F4556 
 1571      545F4741 
 1571      505F5041 
 1571      53534B45 
 1572              	.LASF29:
 1573 08a3 4359424C 		.ascii	"CYBLE_EVT_GAP_DEVICE_CONNECTED\000"
 1573      455F4556 
 1573      545F4741 
 1573      505F4445 
 1573      56494345 
 1574              	.LASF169:
 1575 08c2 7061636B 		.ascii	"packetRX\000"
 1575      65745258 
 1575      00
 1576              	.LASF138:
 1577 08cb 4359424C 		.ascii	"CYBLE_GATT_ERR_CODE_T\000"
 1577      455F4741 
 1577      54545F45 
 1577      52525F43 
ARM GAS  C:\Users\ADMINI~1.SC-\AppData\Local\Temp\ccuP3DsU.s 			page 37


 1577      4F44455F 
 1578              	.LASF123:
 1579 08e1 4359424C 		.ascii	"CYBLE_GATT_ERR_HTS_OUT_OF_RANGE\000"
 1579      455F4741 
 1579      54545F45 
 1579      52525F48 
 1579      54535F4F 
 1580              	.LASF166:
 1581 0901 6379426C 		.ascii	"cyBle_state\000"
 1581      655F7374 
 1581      61746500 
 1582              	.LASF25:
 1583 090d 4359424C 		.ascii	"CYBLE_EVT_GAP_PASSKEY_DISPLAY_REQUEST\000"
 1583      455F4556 
 1583      545F4741 
 1583      505F5041 
 1583      53534B45 
 1584              	.LASF7:
 1585 0933 6C6F6E67 		.ascii	"long long unsigned int\000"
 1585      206C6F6E 
 1585      6720756E 
 1585      7369676E 
 1585      65642069 
 1586              	.LASF36:
 1587 094a 4359424C 		.ascii	"CYBLE_EVT_GATT_CONNECT_IND\000"
 1587      455F4556 
 1587      545F4741 
 1587      54545F43 
 1587      4F4E4E45 
 1588              	.LASF141:
 1589 0965 61747449 		.ascii	"attId\000"
 1589      6400
 1590              	.LASF61:
 1591 096b 4359424C 		.ascii	"CYBLE_EVT_L2CAP_COMMAND_REJ\000"
 1591      455F4556 
 1591      545F4C32 
 1591      4341505F 
 1591      434F4D4D 
 1592              	.LASF122:
 1593 0987 4359424C 		.ascii	"CYBLE_GATT_ERR_CPS_INAPPROPRIATE_CONNECTION_PARAMET"
 1593      455F4741 
 1593      54545F45 
 1593      52525F43 
 1593      50535F49 
 1594 09ba 45525300 		.ascii	"ERS\000"
 1595              	.LASF22:
 1596 09be 4359424C 		.ascii	"CYBLE_EVT_GAPC_SCAN_PROGRESS_RESULT\000"
 1596      455F4556 
 1596      545F4741 
 1596      50435F53 
 1596      43414E5F 
 1597              	.LASF150:
 1598 09e2 68616E64 		.ascii	"handleValPair\000"
 1598      6C655661 
 1598      6C506169 
 1598      7200
 1599              	.LASF96:
ARM GAS  C:\Users\ADMINI~1.SC-\AppData\Local\Temp\ccuP3DsU.s 			page 38


 1600 09f0 4359424C 		.ascii	"CYBLE_ERROR_MAX\000"
 1600      455F4552 
 1600      524F525F 
 1600      4D415800 
 1601              	.LASF62:
 1602 0a00 4359424C 		.ascii	"CYBLE_EVT_L2CAP_CBFC_CONN_IND\000"
 1602      455F4556 
 1602      545F4C32 
 1602      4341505F 
 1602      43424643 
 1603              	.LASF41:
 1604 0a1e 4359424C 		.ascii	"CYBLE_EVT_GATTC_READ_BY_TYPE_RSP\000"
 1604      455F4556 
 1604      545F4741 
 1604      5454435F 
 1604      52454144 
 1605              	.LASF15:
 1606 0a3f 73697A65 		.ascii	"sizetype\000"
 1606      74797065 
 1606      00
 1607              	.LASF119:
 1608 0a48 4359424C 		.ascii	"CYBLE_GATT_ERR_INSUFFICIENT_RESOURCE\000"
 1608      455F4741 
 1608      54545F45 
 1608      52525F49 
 1608      4E535546 
 1609              	.LASF151:
 1610 0a6d 4359424C 		.ascii	"CYBLE_GATTS_WRITE_REQ_PARAM_T\000"
 1610      455F4741 
 1610      5454535F 
 1610      57524954 
 1610      455F5245 
 1611              	.LASF153:
 1612 0a8b 4359424C 		.ascii	"CYBLE_STATE_INITIALIZING\000"
 1612      455F5354 
 1612      4154455F 
 1612      494E4954 
 1612      49414C49 
 1613              	.LASF27:
 1614 0aa4 4359424C 		.ascii	"CYBLE_EVT_GAP_AUTH_FAILED\000"
 1614      455F4556 
 1614      545F4741 
 1614      505F4155 
 1614      54485F46 
 1615              	.LASF167:
 1616 0abe 6379426C 		.ascii	"cyBle_connHandle\000"
 1616      655F636F 
 1616      6E6E4861 
 1616      6E646C65 
 1616      00
 1617              	.LASF48:
 1618 0acf 4359424C 		.ascii	"CYBLE_EVT_GATTC_WRITE_RSP\000"
 1618      455F4556 
 1618      545F4741 
 1618      5454435F 
 1618      57524954 
 1619              	.LASF161:
ARM GAS  C:\Users\ADMINI~1.SC-\AppData\Local\Temp\ccuP3DsU.s 			page 39


 1620 0ae9 41707043 		.ascii	"AppCallBack\000"
 1620      616C6C42 
 1620      61636B00 
 1621              	.LASF110:
 1622 0af5 4359424C 		.ascii	"CYBLE_GATT_ERR_INSUFFICIENT_AUTHORIZATION\000"
 1622      455F4741 
 1622      54545F45 
 1622      52525F49 
 1622      4E535546 
 1623              	.LASF26:
 1624 0b1f 4359424C 		.ascii	"CYBLE_EVT_GAP_AUTH_COMPLETE\000"
 1624      455F4556 
 1624      545F4741 
 1624      505F4155 
 1624      54485F43 
 1625              	.LASF176:
 1626 0b3b 61706952 		.ascii	"apiResult\000"
 1626      6573756C 
 1626      7400
 1627              	.LASF101:
 1628 0b45 4359424C 		.ascii	"CYBLE_API_RESULT_T\000"
 1628      455F4150 
 1628      495F5245 
 1628      53554C54 
 1628      5F5400
 1629              	.LASF53:
 1630 0b58 4359424C 		.ascii	"CYBLE_EVT_GATTC_HANDLE_VALUE_NTF\000"
 1630      455F4556 
 1630      545F4741 
 1630      5454435F 
 1630      48414E44 
 1631              	.LASF98:
 1632 0b79 4359424C 		.ascii	"CYBLE_ERROR_IND_DISABLED\000"
 1632      455F4552 
 1632      524F525F 
 1632      494E445F 
 1632      44495341 
 1633              	.LASF170:
 1634 0b92 7061636B 		.ascii	"packetRXSize\000"
 1634      65745258 
 1634      53697A65 
 1634      00
 1635              	.LASF175:
 1636 0b9f 453A5C6D 		.ascii	"E:\\my_project\\shhl\\BLE_KEY_wuyuan\\Design02.cyds"
 1636      795F7072 
 1636      6F6A6563 
 1636      745C7368 
 1636      686C5C42 
 1637 0bce 6E00     		.ascii	"n\000"
 1638              	.LASF63:
 1639 0bd0 4359424C 		.ascii	"CYBLE_EVT_L2CAP_CBFC_CONN_CNF\000"
 1639      455F4556 
 1639      545F4C32 
 1639      4341505F 
 1639      43424643 
 1640              	.LASF133:
 1641 0bee 4359424C 		.ascii	"CYBLE_GATT_ERR_ANCS_INVALID_PARAMETER\000"
ARM GAS  C:\Users\ADMINI~1.SC-\AppData\Local\Temp\ccuP3DsU.s 			page 40


 1641      455F4741 
 1641      54545F45 
 1641      52525F41 
 1641      4E43535F 
 1642              	.LASF40:
 1643 0c14 4359424C 		.ascii	"CYBLE_EVT_GATTC_READ_BY_GROUP_TYPE_RSP\000"
 1643      455F4556 
 1643      545F4741 
 1643      5454435F 
 1643      52454144 
 1644              	.LASF165:
 1645 0c3b 77726974 		.ascii	"writeReqParam\000"
 1645      65526571 
 1645      50617261 
 1645      6D00
 1646              	.LASF111:
 1647 0c49 4359424C 		.ascii	"CYBLE_GATT_ERR_PREPARE_WRITE_QUEUE_FULL\000"
 1647      455F4741 
 1647      54545F45 
 1647      52525F50 
 1647      52455041 
 1648              	.LASF83:
 1649 0c71 4359424C 		.ascii	"CYBLE_ERROR_TX_POWER_READ\000"
 1649      455F4552 
 1649      524F525F 
 1649      54585F50 
 1649      4F574552 
 1650              	.LASF99:
 1651 0c8b 4359424C 		.ascii	"CYBLE_ERROR_CHAR_IS_NOT_DISCOVERED\000"
 1651      455F4552 
 1651      524F525F 
 1651      43484152 
 1651      5F49535F 
 1652              	.LASF137:
 1653 0cae 4359424C 		.ascii	"CYBLE_GATT_ERR_OUT_OF_RANGE\000"
 1653      455F4741 
 1653      54545F45 
 1653      52525F4F 
 1653      55545F4F 
 1654              	.LASF1:
 1655 0cca 756E7369 		.ascii	"unsigned char\000"
 1655      676E6564 
 1655      20636861 
 1655      7200
 1656              	.LASF10:
 1657 0cd8 75696E74 		.ascii	"uint16\000"
 1657      313600
 1658              	.LASF115:
 1659 0cdf 4359424C 		.ascii	"CYBLE_GATT_ERR_INVALID_ATTRIBUTE_LEN\000"
 1659      455F4741 
 1659      54545F45 
 1659      52525F49 
 1659      4E56414C 
 1660              	.LASF127:
 1661 0d04 4359424C 		.ascii	"CYBLE_GATTS_ERR_CCCD_IMPROPERLY_CONFIGURED\000"
 1661      455F4741 
 1661      5454535F 
ARM GAS  C:\Users\ADMINI~1.SC-\AppData\Local\Temp\ccuP3DsU.s 			page 41


 1661      4552525F 
 1661      43434344 
 1662              	.LASF2:
 1663 0d2f 73686F72 		.ascii	"short int\000"
 1663      7420696E 
 1663      7400
 1664              	.LASF54:
 1665 0d39 4359424C 		.ascii	"CYBLE_EVT_GATTC_HANDLE_VALUE_IND\000"
 1665      455F4556 
 1665      545F4741 
 1665      5454435F 
 1665      48414E44 
 1666              	.LASF126:
 1667 0d5a 4359424C 		.ascii	"CYBLE_GATT_ERR_MISSING_CRC\000"
 1667      455F4741 
 1667      54545F45 
 1667      52525F4D 
 1667      49535349 
 1668              	.LASF79:
 1669 0d75 4359424C 		.ascii	"CYBLE_ERROR_NO_CONNECTION\000"
 1669      455F4552 
 1669      524F525F 
 1669      4E4F5F43 
 1669      4F4E4E45 
 1670              	.LASF130:
 1671 0d8f 4359424C 		.ascii	"CYBLE_GATT_ERR_ANS_COMMAND_NOT_SUPPORTED\000"
 1671      455F4741 
 1671      54545F45 
 1671      52525F41 
 1671      4E535F43 
 1672              	.LASF50:
 1673 0db8 4359424C 		.ascii	"CYBLE_EVT_GATTS_PREP_WRITE_REQ\000"
 1673      455F4556 
 1673      545F4741 
 1673      5454535F 
 1673      50524550 
 1674              	.LASF158:
 1675 0dd7 74784461 		.ascii	"txDataClientConfigDesc\000"
 1675      7461436C 
 1675      69656E74 
 1675      436F6E66 
 1675      69674465 
 1676              	.LASF159:
 1677 0dee 61747472 		.ascii	"attrValue\000"
 1677      56616C75 
 1677      6500
 1678              	.LASF55:
 1679 0df8 4359424C 		.ascii	"CYBLE_EVT_GATTS_HANDLE_VALUE_CNF\000"
 1679      455F4556 
 1679      545F4741 
 1679      5454535F 
 1679      48414E44 
 1680              	.LASF147:
 1681 0e19 4359424C 		.ascii	"CYBLE_GATT_HANDLE_VALUE_PAIR_T\000"
 1681      455F4741 
 1681      54545F48 
 1681      414E444C 
ARM GAS  C:\Users\ADMINI~1.SC-\AppData\Local\Temp\ccuP3DsU.s 			page 42


 1681      455F5641 
 1682              	.LASF120:
 1683 0e38 4359424C 		.ascii	"CYBLE_GATT_ERR_HEART_RATE_CONTROL_POINT_NOT_SUPPORT"
 1683      455F4741 
 1683      54545F45 
 1683      52525F48 
 1683      45415254 
 1684 0e6b 454400   		.ascii	"ED\000"
 1685              	.LASF12:
 1686 0e6e 666C6F61 		.ascii	"float\000"
 1686      7400
 1687              	.LASF14:
 1688 0e74 63686172 		.ascii	"char\000"
 1688      00
 1689              	.LASF84:
 1690 0e79 4359424C 		.ascii	"CYBLE_ERROR_BT_ON_NOT_COMPLETED\000"
 1690      455F4552 
 1690      524F525F 
 1690      42545F4F 
 1690      4E5F4E4F 
 1691              	.LASF30:
 1692 0e99 4359424C 		.ascii	"CYBLE_EVT_GAP_DEVICE_DISCONNECTED\000"
 1692      455F4556 
 1692      545F4741 
 1692      505F4445 
 1692      56494345 
 1693              	.LASF8:
 1694 0ebb 756E7369 		.ascii	"unsigned int\000"
 1694      676E6564 
 1694      20696E74 
 1694      00
 1695              	.LASF58:
 1696 0ec8 4359424C 		.ascii	"CYBLE_EVT_GATTS_READ_CHAR_VAL_ACCESS_REQ\000"
 1696      455F4556 
 1696      545F4741 
 1696      5454535F 
 1696      52454144 
 1697              	.LASF68:
 1698 0ef1 4359424C 		.ascii	"CYBLE_EVT_L2CAP_CBFC_TX_CREDIT_IND\000"
 1698      455F4556 
 1698      545F4C32 
 1698      4341505F 
 1698      43424643 
 1699              	.LASF116:
 1700 0f14 4359424C 		.ascii	"CYBLE_GATT_ERR_UNLIKELY_ERROR\000"
 1700      455F4741 
 1700      54545F45 
 1700      52525F55 
 1700      4E4C494B 
 1701              	.LASF134:
 1702 0f32 4359424C 		.ascii	"CYBLE_GATT_ERR_ANCS_ACTION_FAILED\000"
 1702      455F4741 
 1702      54545F45 
 1702      52525F41 
 1702      4E43535F 
 1703              	.LASF94:
 1704 0f54 4359424C 		.ascii	"CYBLE_ERROR_FLASH_WRITE_NOT_PERMITED\000"
ARM GAS  C:\Users\ADMINI~1.SC-\AppData\Local\Temp\ccuP3DsU.s 			page 43


 1704      455F4552 
 1704      524F525F 
 1704      464C4153 
 1704      485F5752 
 1705              	.LASF89:
 1706 0f79 4359424C 		.ascii	"CYBLE_ERROR_L2CAP_CONNECTION_ENTITY_NOT_FOUND\000"
 1706      455F4552 
 1706      524F525F 
 1706      4C324341 
 1706      505F434F 
 1707              	.LASF136:
 1708 0fa7 4359424C 		.ascii	"CYBLE_GATT_ERR_PROCEDURE_ALREADY_IN_PROGRESS\000"
 1708      455F4741 
 1708      54545F45 
 1708      52525F50 
 1708      524F4345 
 1709              	.LASF19:
 1710 0fd4 4359424C 		.ascii	"CYBLE_EVT_HARDWARE_ERROR\000"
 1710      455F4556 
 1710      545F4841 
 1710      52445741 
 1710      52455F45 
 1711              	.LASF3:
 1712 0fed 73686F72 		.ascii	"short unsigned int\000"
 1712      7420756E 
 1712      7369676E 
 1712      65642069 
 1712      6E7400
 1713              	.LASF35:
 1714 1000 4359424C 		.ascii	"CYBLE_EVT_GATTC_ERROR_RSP\000"
 1714      455F4556 
 1714      545F4741 
 1714      5454435F 
 1714      4552524F 
 1715              	.LASF143:
 1716 101a 61637475 		.ascii	"actualLen\000"
 1716      616C4C65 
 1716      6E00
 1717              	.LASF75:
 1718 1024 4359424C 		.ascii	"CYBLE_ERROR_INVALID_OPERATION\000"
 1718      455F4552 
 1718      524F525F 
 1718      494E5641 
 1718      4C49445F 
 1719              	.LASF121:
 1720 1042 4359424C 		.ascii	"CYBLE_GATT_ERR_USER_DATA_ACCESS_NOT_PERMITTED\000"
 1720      455F4741 
 1720      54545F45 
 1720      52525F55 
 1720      5345525F 
 1721              	.LASF117:
 1722 1070 4359424C 		.ascii	"CYBLE_GATT_ERR_INSUFFICIENT_ENCRYPTION\000"
 1722      455F4741 
 1722      54545F45 
 1722      52525F49 
 1722      4E535546 
 1723              	.LASF38:
ARM GAS  C:\Users\ADMINI~1.SC-\AppData\Local\Temp\ccuP3DsU.s 			page 44


 1724 1097 4359424C 		.ascii	"CYBLE_EVT_GATTS_XCNHG_MTU_REQ\000"
 1724      455F4556 
 1724      545F4741 
 1724      5454535F 
 1724      58434E48 
 1725              	.LASF163:
 1726 10b5 6576656E 		.ascii	"eventParam\000"
 1726      74506172 
 1726      616D00
 1727              	.LASF77:
 1728 10c0 4359424C 		.ascii	"CYBLE_ERROR_INSUFFICIENT_RESOURCES\000"
 1728      455F4552 
 1728      524F525F 
 1728      494E5355 
 1728      46464943 
 1729              	.LASF157:
 1730 10e3 4359424C 		.ascii	"CYBLE_STATE_T\000"
 1730      455F5354 
 1730      4154455F 
 1730      5400
 1731              	.LASF45:
 1732 10f1 4359424C 		.ascii	"CYBLE_EVT_GATTC_READ_BLOB_RSP\000"
 1732      455F4556 
 1732      545F4741 
 1732      5454435F 
 1732      52454144 
 1733              	.LASF109:
 1734 110f 4359424C 		.ascii	"CYBLE_GATT_ERR_INVALID_OFFSET\000"
 1734      455F4741 
 1734      54545F45 
 1734      52525F49 
 1734      4E56414C 
 1735              	.LASF95:
 1736 112d 4359424C 		.ascii	"CYBLE_ERROR_MIC_AUTH_FAILED\000"
 1736      455F4552 
 1736      524F525F 
 1736      4D49435F 
 1736      41555448 
 1737              	.LASF88:
 1738 1149 4359424C 		.ascii	"CYBLE_ERROR_L2CAP_PSM_NOT_REGISTERED\000"
 1738      455F4552 
 1738      524F525F 
 1738      4C324341 
 1738      505F5053 
 1739              	.LASF154:
 1740 116e 4359424C 		.ascii	"CYBLE_STATE_CONNECTED\000"
 1740      455F5354 
 1740      4154455F 
 1740      434F4E4E 
 1740      45435445 
 1741              	.LASF173:
 1742 1184 474E5520 		.ascii	"GNU C 4.9.3 20150303 (release) [ARM/embedded-4_9-br"
 1742      4320342E 
 1742      392E3320 
 1742      32303135 
 1742      30333033 
 1743 11b7 616E6368 		.ascii	"anch revision 221220] -mcpu=cortex-m0 -mthumb -g -O"
ARM GAS  C:\Users\ADMINI~1.SC-\AppData\Local\Temp\ccuP3DsU.s 			page 45


 1743      20726576 
 1743      6973696F 
 1743      6E203232 
 1743      31323230 
 1744 11ea 30202D66 		.ascii	"0 -ffunction-sections -ffat-lto-objects\000"
 1744      66756E63 
 1744      74696F6E 
 1744      2D736563 
 1744      74696F6E 
 1745              	.LASF43:
 1746 1212 4359424C 		.ascii	"CYBLE_EVT_GATTC_FIND_BY_TYPE_VALUE_RSP\000"
 1746      455F4556 
 1746      545F4741 
 1746      5454435F 
 1746      46494E44 
 1747              	.LASF82:
 1748 1239 4359424C 		.ascii	"CYBLE_ERROR_GAP_ROLE\000"
 1748      455F4552 
 1748      524F525F 
 1748      4741505F 
 1748      524F4C45 
 1749              	.LASF34:
 1750 124e 4359424C 		.ascii	"CYBLE_EVT_GAP_KEYINFO_EXCHNGE_CMPLT\000"
 1750      455F4556 
 1750      545F4741 
 1750      505F4B45 
 1750      59494E46 
 1751              	.LASF140:
 1752 1272 62644861 		.ascii	"bdHandle\000"
 1752      6E646C65 
 1752      00
 1753              	.LASF160:
 1754 127b 48616E64 		.ascii	"HandleBleProcessing\000"
 1754      6C65426C 
 1754      6550726F 
 1754      63657373 
 1754      696E6700 
 1755              	.LASF60:
 1756 128f 4359424C 		.ascii	"CYBLE_EVT_L2CAP_CONN_PARAM_UPDATE_RSP\000"
 1756      455F4556 
 1756      545F4C32 
 1756      4341505F 
 1756      434F4E4E 
 1757              	.LASF168:
 1758 12b5 6D747553 		.ascii	"mtuSize\000"
 1758      697A6500 
 1759              	.LASF139:
 1760 12bd 4359424C 		.ascii	"CYBLE_GATT_DB_ATTR_HANDLE_T\000"
 1760      455F4741 
 1760      54545F44 
 1760      425F4154 
 1760      54525F48 
 1761              	.LASF37:
 1762 12d9 4359424C 		.ascii	"CYBLE_EVT_GATT_DISCONNECT_IND\000"
 1762      455F4556 
 1762      545F4741 
 1762      54545F44 
ARM GAS  C:\Users\ADMINI~1.SC-\AppData\Local\Temp\ccuP3DsU.s 			page 46


 1762      4953434F 
 1763              	.LASF92:
 1764 12f7 4359424C 		.ascii	"CYBLE_ERROR_GATT_DB_INVALID_ATTR_HANDLE\000"
 1764      455F4552 
 1764      524F525F 
 1764      47415454 
 1764      5F44425F 
 1765              	.LASF81:
 1766 131f 4359424C 		.ascii	"CYBLE_ERROR_REPEATED_ATTEMPTS\000"
 1766      455F4552 
 1766      524F525F 
 1766      52455045 
 1766      41544544 
 1767              		.ident	"GCC: (GNU Tools for ARM Embedded Processors) 4.9.3 20150303 (release) [ARM/embedded-4_9-br
