ARM GAS  C:\Users\ADMINI~1.SC-\AppData\Local\Temp\ccIaAudb.s 			page 1


   1              		.cpu cortex-m0
   2              		.fpu softvfp
   3              		.eabi_attribute 20, 1
   4              		.eabi_attribute 21, 1
   5              		.eabi_attribute 23, 3
   6              		.eabi_attribute 24, 1
   7              		.eabi_attribute 25, 1
   8              		.eabi_attribute 26, 1
   9              		.eabi_attribute 30, 6
  10              		.eabi_attribute 34, 0
  11              		.eabi_attribute 18, 4
  12              		.code	16
  13              		.file	"app_UART.c"
  14              		.text
  15              	.Ltext0:
  16              		.cfi_sections	.debug_frame
  17              		.comm	uartRxData,20,4
  18              		.comm	uartRxDataLength,2,2
  19              		.comm	uartRxflag,1,1
  20              		.section	.text.HandleUartTxTraffic,"ax",%progbits
  21              		.align	2
  22              		.global	HandleUartTxTraffic
  23              		.code	16
  24              		.thumb_func
  25              		.type	HandleUartTxTraffic, %function
  26              	HandleUartTxTraffic:
  27              	.LFB35:
  28              		.file 1 "app_UART.c"
   1:app_UART.c    **** /*****************************************************************************************
   2:app_UART.c    **** * File Name: app_UART.c
   3:app_UART.c    **** *
   4:app_UART.c    **** * Description:
   5:app_UART.c    **** *  Common BLE application code for client devices.
   6:app_UART.c    **** *
   7:app_UART.c    **** *****************************************************************************************
   8:app_UART.c    **** * Copyright 2015, Cypress Semiconductor Corporation.  All rights reserved.
   9:app_UART.c    **** * You may use this file only in accordance with the license, terms, conditions,
  10:app_UART.c    **** * disclaimers, and limitations in the end user license agreement accompanying
  11:app_UART.c    **** * the software package with which this file was provided.
  12:app_UART.c    **** *****************************************************************************************/
  13:app_UART.c    **** 
  14:app_UART.c    **** #include "app_UART.h"
  15:app_UART.c    **** #include "app_Ble.h"
  16:app_UART.c    **** extern char blename[11];
  17:app_UART.c    **** uint8   uartRxData[20];
  18:app_UART.c    **** uint16  uartRxDataLength;
  19:app_UART.c    **** uint8   uartRxflag;
  20:app_UART.c    **** /*****************************************************************************************
  21:app_UART.c    **** * Function Name: HandleUartTxTraffic
  22:app_UART.c    **** ******************************************************************************************
  23:app_UART.c    **** *
  24:app_UART.c    **** * Summary:
  25:app_UART.c    **** *  This function takes data from UART RX buffer and pushes it to the server 
  26:app_UART.c    **** *  as Notifications.
  27:app_UART.c    **** *
  28:app_UART.c    **** * Parameters:
  29:app_UART.c    **** *  uint16 - CCCD for checking if notifications are enabled  
ARM GAS  C:\Users\ADMINI~1.SC-\AppData\Local\Temp\ccIaAudb.s 			page 2


  30:app_UART.c    **** *
  31:app_UART.c    **** * Return:
  32:app_UART.c    **** *   None.
  33:app_UART.c    **** *
  34:app_UART.c    **** *****************************************************************************************/
  35:app_UART.c    **** void HandleUartTxTraffic(void)
  36:app_UART.c    **** {
  29              		.loc 1 36 0
  30              		.cfi_startproc
  31 0000 90B5     		push	{r4, r7, lr}
  32              		.cfi_def_cfa_offset 12
  33              		.cfi_offset 4, -12
  34              		.cfi_offset 7, -8
  35              		.cfi_offset 14, -4
  36 0002 83B0     		sub	sp, sp, #12
  37              		.cfi_def_cfa_offset 24
  38 0004 00AF     		add	r7, sp, #0
  39              		.cfi_def_cfa_register 7
  37:app_UART.c    ****     uint8   index;
  38:app_UART.c    ****     static uint16 uartIdleCount = UART_IDLE_TIMEOUT;
  39:app_UART.c    ****     uartRxDataLength = UART_SpiUartGetRxBufferSize();
  40              		.loc 1 39 0
  41 0006 FFF7FEFF 		bl	UART_SpiUartGetRxBufferSize
  42 000a 031C     		mov	r3, r0
  43 000c 9AB2     		uxth	r2, r3
  44 000e 1D4B     		ldr	r3, .L7
  45 0010 1A80     		strh	r2, [r3]
  40:app_UART.c    ****     if(0 != uartRxDataLength)
  46              		.loc 1 40 0
  47 0012 1C4B     		ldr	r3, .L7
  48 0014 1B88     		ldrh	r3, [r3]
  49 0016 002B     		cmp	r3, #0
  50 0018 30D0     		beq	.L1
  41:app_UART.c    ****     {
  42:app_UART.c    ****         if(--uartIdleCount == 0)
  51              		.loc 1 42 0
  52 001a 1B4B     		ldr	r3, .L7+4
  53 001c 1B88     		ldrh	r3, [r3]
  54 001e 013B     		sub	r3, r3, #1
  55 0020 9AB2     		uxth	r2, r3
  56 0022 194B     		ldr	r3, .L7+4
  57 0024 1A80     		strh	r2, [r3]
  58 0026 184B     		ldr	r3, .L7+4
  59 0028 1B88     		ldrh	r3, [r3]
  60 002a 002B     		cmp	r3, #0
  61 002c 03D1     		bne	.L3
  43:app_UART.c    ****         {
  44:app_UART.c    ****             /*uartTxDataLength remains unchanged */;
  45:app_UART.c    ****             uartRxflag=1;
  62              		.loc 1 45 0
  63 002e 174B     		ldr	r3, .L7+8
  64 0030 0122     		mov	r2, #1
  65 0032 1A70     		strb	r2, [r3]
  66 0034 02E0     		b	.L4
  67              	.L3:
  46:app_UART.c    ****         }
  47:app_UART.c    ****         else
ARM GAS  C:\Users\ADMINI~1.SC-\AppData\Local\Temp\ccIaAudb.s 			page 3


  48:app_UART.c    ****         {
  49:app_UART.c    ****             uartRxDataLength = 0;
  68              		.loc 1 49 0
  69 0036 134B     		ldr	r3, .L7
  70 0038 0022     		mov	r2, #0
  71 003a 1A80     		strh	r2, [r3]
  72              	.L4:
  50:app_UART.c    ****         }
  51:app_UART.c    ****         if(0 != uartRxDataLength)
  73              		.loc 1 51 0
  74 003c 114B     		ldr	r3, .L7
  75 003e 1B88     		ldrh	r3, [r3]
  76 0040 002B     		cmp	r3, #0
  77 0042 1BD0     		beq	.L1
  52:app_UART.c    ****         {
  53:app_UART.c    ****             uartIdleCount       = UART_IDLE_TIMEOUT;            
  78              		.loc 1 53 0
  79 0044 104B     		ldr	r3, .L7+4
  80 0046 FA22     		mov	r2, #250
  81 0048 9200     		lsl	r2, r2, #2
  82 004a 1A80     		strh	r2, [r3]
  54:app_UART.c    ****             for(index = 0; index < uartRxDataLength; index++)
  83              		.loc 1 54 0
  84 004c FB1D     		add	r3, r7, #7
  85 004e 0022     		mov	r2, #0
  86 0050 1A70     		strb	r2, [r3]
  87 0052 0CE0     		b	.L5
  88              	.L6:
  55:app_UART.c    ****             {
  56:app_UART.c    ****                 uartRxData[index] = (uint8) UART_UartGetByte();
  89              		.loc 1 56 0 discriminator 3
  90 0054 FB1D     		add	r3, r7, #7
  91 0056 1C78     		ldrb	r4, [r3]
  92 0058 FFF7FEFF 		bl	UART_UartGetByte
  93 005c 031C     		mov	r3, r0
  94 005e DAB2     		uxtb	r2, r3
  95 0060 0B4B     		ldr	r3, .L7+12
  96 0062 1A55     		strb	r2, [r3, r4]
  54:app_UART.c    ****             for(index = 0; index < uartRxDataLength; index++)
  97              		.loc 1 54 0 discriminator 3
  98 0064 FB1D     		add	r3, r7, #7
  99 0066 1A78     		ldrb	r2, [r3]
 100 0068 FB1D     		add	r3, r7, #7
 101 006a 0132     		add	r2, r2, #1
 102 006c 1A70     		strb	r2, [r3]
 103              	.L5:
  54:app_UART.c    ****             for(index = 0; index < uartRxDataLength; index++)
 104              		.loc 1 54 0 is_stmt 0 discriminator 1
 105 006e FB1D     		add	r3, r7, #7
 106 0070 1B78     		ldrb	r3, [r3]
 107 0072 9AB2     		uxth	r2, r3
 108 0074 034B     		ldr	r3, .L7
 109 0076 1B88     		ldrh	r3, [r3]
 110 0078 9A42     		cmp	r2, r3
 111 007a EBD3     		bcc	.L6
 112              	.L1:
  57:app_UART.c    ****             }
ARM GAS  C:\Users\ADMINI~1.SC-\AppData\Local\Temp\ccIaAudb.s 			page 4


  58:app_UART.c    ****         }
  59:app_UART.c    ****     }
  60:app_UART.c    **** 
  61:app_UART.c    **** }
 113              		.loc 1 61 0 is_stmt 1
 114 007c BD46     		mov	sp, r7
 115 007e 03B0     		add	sp, sp, #12
 116              		@ sp needed
 117 0080 90BD     		pop	{r4, r7, pc}
 118              	.L8:
 119 0082 C046     		.align	2
 120              	.L7:
 121 0084 00000000 		.word	uartRxDataLength
 122 0088 00000000 		.word	uartIdleCount.7082
 123 008c 00000000 		.word	uartRxflag
 124 0090 00000000 		.word	uartRxData
 125              		.cfi_endproc
 126              	.LFE35:
 127              		.size	HandleUartTxTraffic, .-HandleUartTxTraffic
 128              		.section	.text.HandleUartRxTraffic,"ax",%progbits
 129              		.align	2
 130              		.global	HandleUartRxTraffic
 131              		.code	16
 132              		.thumb_func
 133              		.type	HandleUartRxTraffic, %function
 134              	HandleUartRxTraffic:
 135              	.LFB36:
  62:app_UART.c    **** 
  63:app_UART.c    **** /*****************************************************************************************
  64:app_UART.c    **** * Function Name: HandleUartRxTraffic
  65:app_UART.c    **** ******************************************************************************************
  66:app_UART.c    **** *
  67:app_UART.c    **** * Summary:
  68:app_UART.c    **** *  This function takes data from received "write without response" command from
  69:app_UART.c    **** *  server and, pushes it to the UART TX buffer. 
  70:app_UART.c    **** *
  71:app_UART.c    **** * Parameters:
  72:app_UART.c    **** *  CYBLE_GATTS_WRITE_REQ_PARAM_T * - the "write without response" param as
  73:app_UART.c    **** *                                    recieved by the BLE stack
  74:app_UART.c    **** *
  75:app_UART.c    **** * Return:
  76:app_UART.c    **** *   None.
  77:app_UART.c    **** *通过串口发送到PC机
  78:app_UART.c    **** *****************************************************************************************/
  79:app_UART.c    **** void HandleUartRxTraffic(CYBLE_GATTS_WRITE_REQ_PARAM_T * uartRxDataWrReq)
  80:app_UART.c    **** {
 136              		.loc 1 80 0
 137              		.cfi_startproc
 138 0000 80B5     		push	{r7, lr}
 139              		.cfi_def_cfa_offset 8
 140              		.cfi_offset 7, -8
 141              		.cfi_offset 14, -4
 142 0002 82B0     		sub	sp, sp, #8
 143              		.cfi_def_cfa_offset 16
 144 0004 00AF     		add	r7, sp, #0
 145              		.cfi_def_cfa_register 7
 146 0006 7860     		str	r0, [r7, #4]
ARM GAS  C:\Users\ADMINI~1.SC-\AppData\Local\Temp\ccIaAudb.s 			page 5


  81:app_UART.c    ****     //if(uartRxDataWrReq->handleValPair.attrHandle == CYBLE_SERVER_UART_SERVER_UART_RX_DATA_CHAR_HA
  82:app_UART.c    ****     {
  83:app_UART.c    ****         UART_SpiUartPutArray(uartRxDataWrReq->handleValPair.value.val, \
 147              		.loc 1 83 0
 148 0008 7B68     		ldr	r3, [r7, #4]
 149 000a 5A68     		ldr	r2, [r3, #4]
  84:app_UART.c    ****                                     (uint32) uartRxDataWrReq->handleValPair.value.len);
 150              		.loc 1 84 0
 151 000c 7B68     		ldr	r3, [r7, #4]
 152 000e 1B89     		ldrh	r3, [r3, #8]
  83:app_UART.c    ****                                     (uint32) uartRxDataWrReq->handleValPair.value.len);
 153              		.loc 1 83 0
 154 0010 101C     		mov	r0, r2
 155 0012 191C     		mov	r1, r3
 156 0014 FFF7FEFF 		bl	UART_SpiUartPutArray
  85:app_UART.c    ****     }
  86:app_UART.c    **** }
 157              		.loc 1 86 0
 158 0018 BD46     		mov	sp, r7
 159 001a 02B0     		add	sp, sp, #8
 160              		@ sp needed
 161 001c 80BD     		pop	{r7, pc}
 162              		.cfi_endproc
 163              	.LFE36:
 164              		.size	HandleUartRxTraffic, .-HandleUartRxTraffic
 165 001e C046     		.section	.text.DisableUartRxInt,"ax",%progbits
 166              		.align	2
 167              		.global	DisableUartRxInt
 168              		.code	16
 169              		.thumb_func
 170              		.type	DisableUartRxInt, %function
 171              	DisableUartRxInt:
 172              	.LFB37:
  87:app_UART.c    **** 
  88:app_UART.c    **** 
  89:app_UART.c    **** 
  90:app_UART.c    **** 
  91:app_UART.c    **** /*****************************************************************************************
  92:app_UART.c    **** * Function Name: DisableUartRxInt
  93:app_UART.c    **** ******************************************************************************************
  94:app_UART.c    **** *
  95:app_UART.c    **** * Summary:
  96:app_UART.c    **** *  This function disables the UART RX interrupt.
  97:app_UART.c    **** *
  98:app_UART.c    **** * Parameters:
  99:app_UART.c    **** *   None.
 100:app_UART.c    **** *
 101:app_UART.c    **** * Return:
 102:app_UART.c    **** *   None.
 103:app_UART.c    **** *
 104:app_UART.c    **** *****************************************************************************************/
 105:app_UART.c    **** void DisableUartRxInt(void)
 106:app_UART.c    **** {
 173              		.loc 1 106 0
 174              		.cfi_startproc
 175 0000 80B5     		push	{r7, lr}
 176              		.cfi_def_cfa_offset 8
ARM GAS  C:\Users\ADMINI~1.SC-\AppData\Local\Temp\ccIaAudb.s 			page 6


 177              		.cfi_offset 7, -8
 178              		.cfi_offset 14, -4
 179 0002 00AF     		add	r7, sp, #0
 180              		.cfi_def_cfa_register 7
 107:app_UART.c    ****     UART_INTR_RX_MASK_REG &= ~UART_RX_INTR_MASK;  
 181              		.loc 1 107 0
 182 0004 034B     		ldr	r3, .L11
 183 0006 034A     		ldr	r2, .L11
 184 0008 1268     		ldr	r2, [r2]
 185 000a 0421     		mov	r1, #4
 186 000c 8A43     		bic	r2, r1
 187 000e 1A60     		str	r2, [r3]
 108:app_UART.c    **** }
 188              		.loc 1 108 0
 189 0010 BD46     		mov	sp, r7
 190              		@ sp needed
 191 0012 80BD     		pop	{r7, pc}
 192              	.L12:
 193              		.align	2
 194              	.L11:
 195 0014 C80F2540 		.word	1076170696
 196              		.cfi_endproc
 197              	.LFE37:
 198              		.size	DisableUartRxInt, .-DisableUartRxInt
 199              		.section	.text.EnableUartRxInt,"ax",%progbits
 200              		.align	2
 201              		.global	EnableUartRxInt
 202              		.code	16
 203              		.thumb_func
 204              		.type	EnableUartRxInt, %function
 205              	EnableUartRxInt:
 206              	.LFB38:
 109:app_UART.c    **** 
 110:app_UART.c    **** /*****************************************************************************************
 111:app_UART.c    **** * Function Name: EnableUartRxInt
 112:app_UART.c    **** ******************************************************************************************
 113:app_UART.c    **** *
 114:app_UART.c    **** * Summary:
 115:app_UART.c    **** *  This function enables the UART RX interrupt.
 116:app_UART.c    **** *
 117:app_UART.c    **** * Parameters:
 118:app_UART.c    **** *   None.
 119:app_UART.c    **** *
 120:app_UART.c    **** * Return:
 121:app_UART.c    **** *   None.
 122:app_UART.c    **** *
 123:app_UART.c    **** *****************************************************************************************/
 124:app_UART.c    **** void EnableUartRxInt(void)
 125:app_UART.c    **** {
 207              		.loc 1 125 0
 208              		.cfi_startproc
 209 0000 80B5     		push	{r7, lr}
 210              		.cfi_def_cfa_offset 8
 211              		.cfi_offset 7, -8
 212              		.cfi_offset 14, -4
 213 0002 00AF     		add	r7, sp, #0
 214              		.cfi_def_cfa_register 7
ARM GAS  C:\Users\ADMINI~1.SC-\AppData\Local\Temp\ccIaAudb.s 			page 7


 126:app_UART.c    ****     UART_INTR_RX_MASK_REG |= UART_RX_INTR_MASK;  
 215              		.loc 1 126 0
 216 0004 034B     		ldr	r3, .L14
 217 0006 034A     		ldr	r2, .L14
 218 0008 1268     		ldr	r2, [r2]
 219 000a 0421     		mov	r1, #4
 220 000c 0A43     		orr	r2, r1
 221 000e 1A60     		str	r2, [r3]
 127:app_UART.c    **** }
 222              		.loc 1 127 0
 223 0010 BD46     		mov	sp, r7
 224              		@ sp needed
 225 0012 80BD     		pop	{r7, pc}
 226              	.L15:
 227              		.align	2
 228              	.L14:
 229 0014 C80F2540 		.word	1076170696
 230              		.cfi_endproc
 231              	.LFE38:
 232              		.size	EnableUartRxInt, .-EnableUartRxInt
 233              		.data
 234              		.align	1
 235              		.type	uartIdleCount.7082, %object
 236              		.size	uartIdleCount.7082, 2
 237              	uartIdleCount.7082:
 238 0000 E803     		.short	1000
 239              		.text
 240              	.Letext0:
 241              		.file 2 "Generated_Source\\PSoC4/cytypes.h"
 242              		.file 3 "Generated_Source\\PSoC4/BLE_StackGatt.h"
 243              		.file 4 "Generated_Source\\PSoC4/BLE_StackGattServer.h"
 244              		.file 5 "Generated_Source\\PSoC4/BLE_Stack.h"
 245              		.section	.debug_info,"",%progbits
 246              	.Ldebug_info0:
 247 0000 DA030000 		.4byte	0x3da
 248 0004 0400     		.2byte	0x4
 249 0006 00000000 		.4byte	.Ldebug_abbrev0
 250 000a 04       		.byte	0x4
 251 000b 01       		.uleb128 0x1
 252 000c DE050000 		.4byte	.LASF95
 253 0010 01       		.byte	0x1
 254 0011 88060000 		.4byte	.LASF96
 255 0015 96020000 		.4byte	.LASF97
 256 0019 00000000 		.4byte	.Ldebug_ranges0+0
 257 001d 00000000 		.4byte	0
 258 0021 00000000 		.4byte	.Ldebug_line0
 259 0025 02       		.uleb128 0x2
 260 0026 01       		.byte	0x1
 261 0027 06       		.byte	0x6
 262 0028 8B040000 		.4byte	.LASF0
 263 002c 02       		.uleb128 0x2
 264 002d 01       		.byte	0x1
 265 002e 08       		.byte	0x8
 266 002f 21040000 		.4byte	.LASF1
 267 0033 02       		.uleb128 0x2
 268 0034 02       		.byte	0x2
 269 0035 05       		.byte	0x5
ARM GAS  C:\Users\ADMINI~1.SC-\AppData\Local\Temp\ccIaAudb.s 			page 8


 270 0036 88000000 		.4byte	.LASF2
 271 003a 02       		.uleb128 0x2
 272 003b 02       		.byte	0x2
 273 003c 07       		.byte	0x7
 274 003d 8A050000 		.4byte	.LASF3
 275 0041 02       		.uleb128 0x2
 276 0042 04       		.byte	0x4
 277 0043 05       		.byte	0x5
 278 0044 C7020000 		.4byte	.LASF4
 279 0048 02       		.uleb128 0x2
 280 0049 04       		.byte	0x4
 281 004a 07       		.byte	0x7
 282 004b 1C050000 		.4byte	.LASF5
 283 004f 02       		.uleb128 0x2
 284 0050 08       		.byte	0x8
 285 0051 05       		.byte	0x5
 286 0052 71020000 		.4byte	.LASF6
 287 0056 02       		.uleb128 0x2
 288 0057 08       		.byte	0x8
 289 0058 07       		.byte	0x7
 290 0059 7F020000 		.4byte	.LASF7
 291 005d 03       		.uleb128 0x3
 292 005e 04       		.byte	0x4
 293 005f 05       		.byte	0x5
 294 0060 696E7400 		.ascii	"int\000"
 295 0064 02       		.uleb128 0x2
 296 0065 04       		.byte	0x4
 297 0066 07       		.byte	0x7
 298 0067 F4040000 		.4byte	.LASF8
 299 006b 04       		.uleb128 0x4
 300 006c F5030000 		.4byte	.LASF9
 301 0070 02       		.byte	0x2
 302 0071 C2       		.byte	0xc2
 303 0072 2C000000 		.4byte	0x2c
 304 0076 04       		.uleb128 0x4
 305 0077 68010000 		.4byte	.LASF10
 306 007b 02       		.byte	0x2
 307 007c C3       		.byte	0xc3
 308 007d 3A000000 		.4byte	0x3a
 309 0081 04       		.uleb128 0x4
 310 0082 E4060000 		.4byte	.LASF11
 311 0086 02       		.byte	0x2
 312 0087 C4       		.byte	0xc4
 313 0088 48000000 		.4byte	0x48
 314 008c 02       		.uleb128 0x2
 315 008d 04       		.byte	0x4
 316 008e 04       		.byte	0x4
 317 008f 38020000 		.4byte	.LASF12
 318 0093 02       		.uleb128 0x2
 319 0094 08       		.byte	0x8
 320 0095 04       		.byte	0x4
 321 0096 37070000 		.4byte	.LASF13
 322 009a 02       		.uleb128 0x2
 323 009b 01       		.byte	0x1
 324 009c 08       		.byte	0x8
 325 009d C6050000 		.4byte	.LASF14
 326 00a1 05       		.uleb128 0x5
ARM GAS  C:\Users\ADMINI~1.SC-\AppData\Local\Temp\ccIaAudb.s 			page 9


 327 00a2 73050000 		.4byte	.LASF15
 328 00a6 02       		.byte	0x2
 329 00a7 6E01     		.2byte	0x16e
 330 00a9 AD000000 		.4byte	0xad
 331 00ad 06       		.uleb128 0x6
 332 00ae 81000000 		.4byte	0x81
 333 00b2 02       		.uleb128 0x2
 334 00b3 04       		.byte	0x4
 335 00b4 07       		.byte	0x7
 336 00b5 9D000000 		.4byte	.LASF16
 337 00b9 07       		.uleb128 0x7
 338 00ba 04       		.byte	0x4
 339 00bb 6B000000 		.4byte	0x6b
 340 00bf 08       		.uleb128 0x8
 341 00c0 01       		.byte	0x1
 342 00c1 05       		.byte	0x5
 343 00c2 A4       		.byte	0xa4
 344 00c3 44020000 		.4byte	0x244
 345 00c7 09       		.uleb128 0x9
 346 00c8 D9010000 		.4byte	.LASF17
 347 00cc 00       		.sleb128 0
 348 00cd 09       		.uleb128 0x9
 349 00ce 26010000 		.4byte	.LASF18
 350 00d2 01       		.sleb128 1
 351 00d3 09       		.uleb128 0x9
 352 00d4 97080000 		.4byte	.LASF19
 353 00d8 02       		.sleb128 2
 354 00d9 09       		.uleb128 0x9
 355 00da A8070000 		.4byte	.LASF20
 356 00de 03       		.sleb128 3
 357 00df 09       		.uleb128 0x9
 358 00e0 B1000000 		.4byte	.LASF21
 359 00e4 04       		.sleb128 4
 360 00e5 09       		.uleb128 0x9
 361 00e6 69030000 		.4byte	.LASF22
 362 00ea 05       		.sleb128 5
 363 00eb 09       		.uleb128 0x9
 364 00ec 06080000 		.4byte	.LASF23
 365 00f0 20       		.sleb128 32
 366 00f1 09       		.uleb128 0x9
 367 00f2 2E050000 		.4byte	.LASF24
 368 00f6 21       		.sleb128 33
 369 00f7 09       		.uleb128 0x9
 370 00f8 1A000000 		.4byte	.LASF25
 371 00fc 22       		.sleb128 34
 372 00fd 09       		.uleb128 0x9
 373 00fe A3030000 		.4byte	.LASF26
 374 0102 23       		.sleb128 35
 375 0103 09       		.uleb128 0x9
 376 0104 D8040000 		.4byte	.LASF27
 377 0108 24       		.sleb128 36
 378 0109 09       		.uleb128 0x9
 379 010a 00000000 		.4byte	.LASF28
 380 010e 25       		.sleb128 37
 381 010f 09       		.uleb128 0x9
 382 0110 20030000 		.4byte	.LASF29
 383 0114 26       		.sleb128 38
ARM GAS  C:\Users\ADMINI~1.SC-\AppData\Local\Temp\ccIaAudb.s 			page 10


 384 0115 09       		.uleb128 0x9
 385 0116 F1020000 		.4byte	.LASF30
 386 011a 27       		.sleb128 39
 387 011b 09       		.uleb128 0x9
 388 011c 66000000 		.4byte	.LASF31
 389 0120 28       		.sleb128 40
 390 0121 09       		.uleb128 0x9
 391 0122 56050000 		.4byte	.LASF32
 392 0126 29       		.sleb128 41
 393 0127 09       		.uleb128 0x9
 394 0128 9D050000 		.4byte	.LASF33
 395 012c 2A       		.sleb128 42
 396 012d 09       		.uleb128 0x9
 397 012e CD080000 		.4byte	.LASF34
 398 0132 2B       		.sleb128 43
 399 0133 09       		.uleb128 0x9
 400 0134 75010000 		.4byte	.LASF35
 401 0138 2C       		.sleb128 44
 402 0139 09       		.uleb128 0x9
 403 013a 4C000000 		.4byte	.LASF36
 404 013e C000     		.sleb128 64
 405 0140 09       		.uleb128 0x9
 406 0141 01050000 		.4byte	.LASF37
 407 0145 C100     		.sleb128 65
 408 0147 09       		.uleb128 0x9
 409 0148 9C090000 		.4byte	.LASF38
 410 014c C200     		.sleb128 66
 411 014e 09       		.uleb128 0x9
 412 014f 39010000 		.4byte	.LASF39
 413 0153 C300     		.sleb128 67
 414 0155 09       		.uleb128 0x9
 415 0156 79080000 		.4byte	.LASF40
 416 015a C400     		.sleb128 68
 417 015c 09       		.uleb128 0x9
 418 015d 34080000 		.4byte	.LASF41
 419 0161 C500     		.sleb128 69
 420 0163 09       		.uleb128 0x9
 421 0164 F7000000 		.4byte	.LASF42
 422 0168 C600     		.sleb128 70
 423 016a 09       		.uleb128 0x9
 424 016b 6D040000 		.4byte	.LASF43
 425 016f C700     		.sleb128 71
 426 0171 09       		.uleb128 0x9
 427 0172 B1040000 		.4byte	.LASF44
 428 0176 C800     		.sleb128 72
 429 0178 09       		.uleb128 0x9
 430 0179 3E020000 		.4byte	.LASF45
 431 017d C900     		.sleb128 73
 432 017f 09       		.uleb128 0x9
 433 0180 A7060000 		.4byte	.LASF46
 434 0184 CA00     		.sleb128 74
 435 0186 09       		.uleb128 0x9
 436 0187 99010000 		.4byte	.LASF47
 437 018b CB00     		.sleb128 75
 438 018d 09       		.uleb128 0x9
 439 018e 97040000 		.4byte	.LASF48
 440 0192 CC00     		.sleb128 76
ARM GAS  C:\Users\ADMINI~1.SC-\AppData\Local\Temp\ccIaAudb.s 			page 11


 441 0194 09       		.uleb128 0x9
 442 0195 57020000 		.4byte	.LASF49
 443 0199 CD00     		.sleb128 77
 444 019b 09       		.uleb128 0x9
 445 019c 5B080000 		.4byte	.LASF50
 446 01a0 CE00     		.sleb128 78
 447 01a2 09       		.uleb128 0x9
 448 01a3 2F040000 		.4byte	.LASF51
 449 01a7 CF00     		.sleb128 79
 450 01a9 09       		.uleb128 0x9
 451 01aa 3D090000 		.4byte	.LASF52
 452 01ae D000     		.sleb128 80
 453 01b0 09       		.uleb128 0x9
 454 01b1 C5060000 		.4byte	.LASF53
 455 01b5 D100     		.sleb128 81
 456 01b7 09       		.uleb128 0x9
 457 01b8 48030000 		.4byte	.LASF54
 458 01bc D200     		.sleb128 82
 459 01be 09       		.uleb128 0x9
 460 01bf D0020000 		.4byte	.LASF55
 461 01c3 D300     		.sleb128 83
 462 01c5 09       		.uleb128 0x9
 463 01c6 B8010000 		.4byte	.LASF56
 464 01ca D400     		.sleb128 84
 465 01cc 09       		.uleb128 0x9
 466 01cd 78090000 		.4byte	.LASF57
 467 01d1 D500     		.sleb128 85
 468 01d3 09       		.uleb128 0x9
 469 01d4 15090000 		.4byte	.LASF58
 470 01d8 D600     		.sleb128 86
 471 01da 09       		.uleb128 0x9
 472 01db EC080000 		.4byte	.LASF59
 473 01df D700     		.sleb128 87
 474 01e1 09       		.uleb128 0x9
 475 01e2 FB030000 		.4byte	.LASF60
 476 01e6 F000     		.sleb128 112
 477 01e8 09       		.uleb128 0x9
 478 01e9 E0070000 		.4byte	.LASF61
 479 01ed F100     		.sleb128 113
 480 01ef 09       		.uleb128 0x9
 481 01f0 6C060000 		.4byte	.LASF62
 482 01f4 F200     		.sleb128 114
 483 01f6 09       		.uleb128 0x9
 484 01f7 F0010000 		.4byte	.LASF63
 485 01fb F300     		.sleb128 115
 486 01fd 09       		.uleb128 0x9
 487 01fe C9030000 		.4byte	.LASF64
 488 0202 F400     		.sleb128 116
 489 0204 09       		.uleb128 0x9
 490 0205 D6000000 		.4byte	.LASF65
 491 0209 F500     		.sleb128 117
 492 020b 09       		.uleb128 0x9
 493 020c 0E020000 		.4byte	.LASF66
 494 0210 F600     		.sleb128 118
 495 0212 09       		.uleb128 0x9
 496 0213 C1070000 		.4byte	.LASF67
 497 0217 F700     		.sleb128 119
ARM GAS  C:\Users\ADMINI~1.SC-\AppData\Local\Temp\ccIaAudb.s 			page 12


 498 0219 09       		.uleb128 0x9
 499 021a 09070000 		.4byte	.LASF68
 500 021e F800     		.sleb128 120
 501 0220 09       		.uleb128 0x9
 502 0221 85070000 		.4byte	.LASF69
 503 0225 F900     		.sleb128 121
 504 0227 09       		.uleb128 0x9
 505 0228 A9080000 		.4byte	.LASF70
 506 022c FA00     		.sleb128 122
 507 022e 09       		.uleb128 0x9
 508 022f EB060000 		.4byte	.LASF71
 509 0233 FA01     		.sleb128 250
 510 0235 09       		.uleb128 0x9
 511 0236 4E040000 		.4byte	.LASF72
 512 023a FB01     		.sleb128 251
 513 023c 09       		.uleb128 0x9
 514 023d E7030000 		.4byte	.LASF73
 515 0241 FF01     		.sleb128 255
 516 0243 00       		.byte	0
 517 0244 05       		.uleb128 0x5
 518 0245 5C090000 		.4byte	.LASF74
 519 0249 03       		.byte	0x3
 520 024a 8801     		.2byte	0x188
 521 024c 76000000 		.4byte	0x76
 522 0250 0A       		.uleb128 0xa
 523 0251 02       		.byte	0x2
 524 0252 03       		.byte	0x3
 525 0253 9201     		.2byte	0x192
 526 0255 74020000 		.4byte	0x274
 527 0259 0B       		.uleb128 0xb
 528 025a 2F020000 		.4byte	.LASF75
 529 025e 03       		.byte	0x3
 530 025f 9901     		.2byte	0x199
 531 0261 6B000000 		.4byte	0x6b
 532 0265 00       		.byte	0
 533 0266 0B       		.uleb128 0xb
 534 0267 45050000 		.4byte	.LASF76
 535 026b 03       		.byte	0x3
 536 026c 9F01     		.2byte	0x19f
 537 026e 6B000000 		.4byte	0x6b
 538 0272 01       		.byte	0x1
 539 0273 00       		.byte	0
 540 0274 05       		.uleb128 0x5
 541 0275 52070000 		.4byte	.LASF77
 542 0279 03       		.byte	0x3
 543 027a A101     		.2byte	0x1a1
 544 027c 50020000 		.4byte	0x250
 545 0280 0A       		.uleb128 0xa
 546 0281 08       		.byte	0x8
 547 0282 03       		.byte	0x3
 548 0283 BD01     		.2byte	0x1bd
 549 0285 B1020000 		.4byte	0x2b1
 550 0289 0C       		.uleb128 0xc
 551 028a 76616C00 		.ascii	"val\000"
 552 028e 03       		.byte	0x3
 553 028f C001     		.2byte	0x1c0
 554 0291 B9000000 		.4byte	0xb9
ARM GAS  C:\Users\ADMINI~1.SC-\AppData\Local\Temp\ccIaAudb.s 			page 13


 555 0295 00       		.byte	0
 556 0296 0C       		.uleb128 0xc
 557 0297 6C656E00 		.ascii	"len\000"
 558 029b 03       		.byte	0x3
 559 029c C301     		.2byte	0x1c3
 560 029e 76000000 		.4byte	0x76
 561 02a2 04       		.byte	0x4
 562 02a3 0B       		.uleb128 0xb
 563 02a4 2A080000 		.4byte	.LASF78
 564 02a8 03       		.byte	0x3
 565 02a9 CA01     		.2byte	0x1ca
 566 02ab 76000000 		.4byte	0x76
 567 02af 06       		.byte	0x6
 568 02b0 00       		.byte	0
 569 02b1 05       		.uleb128 0x5
 570 02b2 CB050000 		.4byte	.LASF79
 571 02b6 03       		.byte	0x3
 572 02b7 CC01     		.2byte	0x1cc
 573 02b9 80020000 		.4byte	0x280
 574 02bd 0A       		.uleb128 0xa
 575 02be 0C       		.byte	0xc
 576 02bf 03       		.byte	0x3
 577 02c0 CF01     		.2byte	0x1cf
 578 02c2 E1020000 		.4byte	0x2e1
 579 02c6 0B       		.uleb128 0xb
 580 02c7 37090000 		.4byte	.LASF80
 581 02cb 03       		.byte	0x3
 582 02cc D201     		.2byte	0x1d2
 583 02ce B1020000 		.4byte	0x2b1
 584 02d2 00       		.byte	0
 585 02d3 0B       		.uleb128 0xb
 586 02d4 2C070000 		.4byte	.LASF81
 587 02d8 03       		.byte	0x3
 588 02d9 D501     		.2byte	0x1d5
 589 02db 44020000 		.4byte	0x244
 590 02df 08       		.byte	0x8
 591 02e0 00       		.byte	0
 592 02e1 05       		.uleb128 0x5
 593 02e2 66070000 		.4byte	.LASF82
 594 02e6 03       		.byte	0x3
 595 02e7 D701     		.2byte	0x1d7
 596 02e9 BD020000 		.4byte	0x2bd
 597 02ed 0D       		.uleb128 0xd
 598 02ee 10       		.byte	0x10
 599 02ef 04       		.byte	0x4
 600 02f0 8A       		.byte	0x8a
 601 02f1 0E030000 		.4byte	0x30e
 602 02f5 0E       		.uleb128 0xe
 603 02f6 A6000000 		.4byte	.LASF83
 604 02fa 04       		.byte	0x4
 605 02fb 8D       		.byte	0x8d
 606 02fc 74020000 		.4byte	0x274
 607 0300 00       		.byte	0
 608 0301 0E       		.uleb128 0xe
 609 0302 3E000000 		.4byte	.LASF84
 610 0306 04       		.byte	0x4
 611 0307 90       		.byte	0x90
ARM GAS  C:\Users\ADMINI~1.SC-\AppData\Local\Temp\ccIaAudb.s 			page 14


 612 0308 E1020000 		.4byte	0x2e1
 613 030c 04       		.byte	0x4
 614 030d 00       		.byte	0
 615 030e 04       		.uleb128 0x4
 616 030f 85030000 		.4byte	.LASF85
 617 0313 04       		.byte	0x4
 618 0314 92       		.byte	0x92
 619 0315 ED020000 		.4byte	0x2ed
 620 0319 0F       		.uleb128 0xf
 621 031a 3E070000 		.4byte	.LASF88
 622 031e 01       		.byte	0x1
 623 031f 23       		.byte	0x23
 624 0320 00000000 		.4byte	.LFB35
 625 0324 94000000 		.4byte	.LFE35-.LFB35
 626 0328 01       		.uleb128 0x1
 627 0329 9C       		.byte	0x9c
 628 032a 4E030000 		.4byte	0x34e
 629 032e 10       		.uleb128 0x10
 630 032f 6F010000 		.4byte	.LASF86
 631 0333 01       		.byte	0x1
 632 0334 25       		.byte	0x25
 633 0335 6B000000 		.4byte	0x6b
 634 0339 02       		.uleb128 0x2
 635 033a 91       		.byte	0x91
 636 033b 6F       		.sleb128 -17
 637 033c 10       		.uleb128 0x10
 638 033d 18010000 		.4byte	.LASF87
 639 0341 01       		.byte	0x1
 640 0342 26       		.byte	0x26
 641 0343 76000000 		.4byte	0x76
 642 0347 05       		.uleb128 0x5
 643 0348 03       		.byte	0x3
 644 0349 00000000 		.4byte	uartIdleCount.7082
 645 034d 00       		.byte	0
 646 034e 0F       		.uleb128 0xf
 647 034f 93060000 		.4byte	.LASF89
 648 0353 01       		.byte	0x1
 649 0354 4F       		.byte	0x4f
 650 0355 00000000 		.4byte	.LFB36
 651 0359 1E000000 		.4byte	.LFE36-.LFB36
 652 035d 01       		.uleb128 0x1
 653 035e 9C       		.byte	0x9c
 654 035f 72030000 		.4byte	0x372
 655 0363 11       		.uleb128 0x11
 656 0364 C6000000 		.4byte	.LASF98
 657 0368 01       		.byte	0x1
 658 0369 4F       		.byte	0x4f
 659 036a 72030000 		.4byte	0x372
 660 036e 02       		.uleb128 0x2
 661 036f 91       		.byte	0x91
 662 0370 74       		.sleb128 -12
 663 0371 00       		.byte	0
 664 0372 07       		.uleb128 0x7
 665 0373 04       		.byte	0x4
 666 0374 0E030000 		.4byte	0x30e
 667 0378 12       		.uleb128 0x12
 668 0379 57010000 		.4byte	.LASF90
ARM GAS  C:\Users\ADMINI~1.SC-\AppData\Local\Temp\ccIaAudb.s 			page 15


 669 037d 01       		.byte	0x1
 670 037e 69       		.byte	0x69
 671 037f 00000000 		.4byte	.LFB37
 672 0383 18000000 		.4byte	.LFE37-.LFB37
 673 0387 01       		.uleb128 0x1
 674 0388 9C       		.byte	0x9c
 675 0389 12       		.uleb128 0x12
 676 038a 10030000 		.4byte	.LASF91
 677 038e 01       		.byte	0x1
 678 038f 7C       		.byte	0x7c
 679 0390 00000000 		.4byte	.LFB38
 680 0394 18000000 		.4byte	.LFE38-.LFB38
 681 0398 01       		.uleb128 0x1
 682 0399 9C       		.byte	0x9c
 683 039a 13       		.uleb128 0x13
 684 039b 6B000000 		.4byte	0x6b
 685 039f AA030000 		.4byte	0x3aa
 686 03a3 14       		.uleb128 0x14
 687 03a4 B2000000 		.4byte	0xb2
 688 03a8 13       		.byte	0x13
 689 03a9 00       		.byte	0
 690 03aa 15       		.uleb128 0x15
 691 03ab 92000000 		.4byte	.LASF92
 692 03af 01       		.byte	0x1
 693 03b0 11       		.byte	0x11
 694 03b1 9A030000 		.4byte	0x39a
 695 03b5 05       		.uleb128 0x5
 696 03b6 03       		.byte	0x3
 697 03b7 00000000 		.4byte	uartRxData
 698 03bb 15       		.uleb128 0x15
 699 03bc 79050000 		.4byte	.LASF93
 700 03c0 01       		.byte	0x1
 701 03c1 12       		.byte	0x12
 702 03c2 76000000 		.4byte	0x76
 703 03c6 05       		.uleb128 0x5
 704 03c7 03       		.byte	0x3
 705 03c8 00000000 		.4byte	uartRxDataLength
 706 03cc 15       		.uleb128 0x15
 707 03cd 4B050000 		.4byte	.LASF94
 708 03d1 01       		.byte	0x1
 709 03d2 13       		.byte	0x13
 710 03d3 6B000000 		.4byte	0x6b
 711 03d7 05       		.uleb128 0x5
 712 03d8 03       		.byte	0x3
 713 03d9 00000000 		.4byte	uartRxflag
 714 03dd 00       		.byte	0
 715              		.section	.debug_abbrev,"",%progbits
 716              	.Ldebug_abbrev0:
 717 0000 01       		.uleb128 0x1
 718 0001 11       		.uleb128 0x11
 719 0002 01       		.byte	0x1
 720 0003 25       		.uleb128 0x25
 721 0004 0E       		.uleb128 0xe
 722 0005 13       		.uleb128 0x13
 723 0006 0B       		.uleb128 0xb
 724 0007 03       		.uleb128 0x3
 725 0008 0E       		.uleb128 0xe
ARM GAS  C:\Users\ADMINI~1.SC-\AppData\Local\Temp\ccIaAudb.s 			page 16


 726 0009 1B       		.uleb128 0x1b
 727 000a 0E       		.uleb128 0xe
 728 000b 55       		.uleb128 0x55
 729 000c 17       		.uleb128 0x17
 730 000d 11       		.uleb128 0x11
 731 000e 01       		.uleb128 0x1
 732 000f 10       		.uleb128 0x10
 733 0010 17       		.uleb128 0x17
 734 0011 00       		.byte	0
 735 0012 00       		.byte	0
 736 0013 02       		.uleb128 0x2
 737 0014 24       		.uleb128 0x24
 738 0015 00       		.byte	0
 739 0016 0B       		.uleb128 0xb
 740 0017 0B       		.uleb128 0xb
 741 0018 3E       		.uleb128 0x3e
 742 0019 0B       		.uleb128 0xb
 743 001a 03       		.uleb128 0x3
 744 001b 0E       		.uleb128 0xe
 745 001c 00       		.byte	0
 746 001d 00       		.byte	0
 747 001e 03       		.uleb128 0x3
 748 001f 24       		.uleb128 0x24
 749 0020 00       		.byte	0
 750 0021 0B       		.uleb128 0xb
 751 0022 0B       		.uleb128 0xb
 752 0023 3E       		.uleb128 0x3e
 753 0024 0B       		.uleb128 0xb
 754 0025 03       		.uleb128 0x3
 755 0026 08       		.uleb128 0x8
 756 0027 00       		.byte	0
 757 0028 00       		.byte	0
 758 0029 04       		.uleb128 0x4
 759 002a 16       		.uleb128 0x16
 760 002b 00       		.byte	0
 761 002c 03       		.uleb128 0x3
 762 002d 0E       		.uleb128 0xe
 763 002e 3A       		.uleb128 0x3a
 764 002f 0B       		.uleb128 0xb
 765 0030 3B       		.uleb128 0x3b
 766 0031 0B       		.uleb128 0xb
 767 0032 49       		.uleb128 0x49
 768 0033 13       		.uleb128 0x13
 769 0034 00       		.byte	0
 770 0035 00       		.byte	0
 771 0036 05       		.uleb128 0x5
 772 0037 16       		.uleb128 0x16
 773 0038 00       		.byte	0
 774 0039 03       		.uleb128 0x3
 775 003a 0E       		.uleb128 0xe
 776 003b 3A       		.uleb128 0x3a
 777 003c 0B       		.uleb128 0xb
 778 003d 3B       		.uleb128 0x3b
 779 003e 05       		.uleb128 0x5
 780 003f 49       		.uleb128 0x49
 781 0040 13       		.uleb128 0x13
 782 0041 00       		.byte	0
ARM GAS  C:\Users\ADMINI~1.SC-\AppData\Local\Temp\ccIaAudb.s 			page 17


 783 0042 00       		.byte	0
 784 0043 06       		.uleb128 0x6
 785 0044 35       		.uleb128 0x35
 786 0045 00       		.byte	0
 787 0046 49       		.uleb128 0x49
 788 0047 13       		.uleb128 0x13
 789 0048 00       		.byte	0
 790 0049 00       		.byte	0
 791 004a 07       		.uleb128 0x7
 792 004b 0F       		.uleb128 0xf
 793 004c 00       		.byte	0
 794 004d 0B       		.uleb128 0xb
 795 004e 0B       		.uleb128 0xb
 796 004f 49       		.uleb128 0x49
 797 0050 13       		.uleb128 0x13
 798 0051 00       		.byte	0
 799 0052 00       		.byte	0
 800 0053 08       		.uleb128 0x8
 801 0054 04       		.uleb128 0x4
 802 0055 01       		.byte	0x1
 803 0056 0B       		.uleb128 0xb
 804 0057 0B       		.uleb128 0xb
 805 0058 3A       		.uleb128 0x3a
 806 0059 0B       		.uleb128 0xb
 807 005a 3B       		.uleb128 0x3b
 808 005b 0B       		.uleb128 0xb
 809 005c 01       		.uleb128 0x1
 810 005d 13       		.uleb128 0x13
 811 005e 00       		.byte	0
 812 005f 00       		.byte	0
 813 0060 09       		.uleb128 0x9
 814 0061 28       		.uleb128 0x28
 815 0062 00       		.byte	0
 816 0063 03       		.uleb128 0x3
 817 0064 0E       		.uleb128 0xe
 818 0065 1C       		.uleb128 0x1c
 819 0066 0D       		.uleb128 0xd
 820 0067 00       		.byte	0
 821 0068 00       		.byte	0
 822 0069 0A       		.uleb128 0xa
 823 006a 13       		.uleb128 0x13
 824 006b 01       		.byte	0x1
 825 006c 0B       		.uleb128 0xb
 826 006d 0B       		.uleb128 0xb
 827 006e 3A       		.uleb128 0x3a
 828 006f 0B       		.uleb128 0xb
 829 0070 3B       		.uleb128 0x3b
 830 0071 05       		.uleb128 0x5
 831 0072 01       		.uleb128 0x1
 832 0073 13       		.uleb128 0x13
 833 0074 00       		.byte	0
 834 0075 00       		.byte	0
 835 0076 0B       		.uleb128 0xb
 836 0077 0D       		.uleb128 0xd
 837 0078 00       		.byte	0
 838 0079 03       		.uleb128 0x3
 839 007a 0E       		.uleb128 0xe
ARM GAS  C:\Users\ADMINI~1.SC-\AppData\Local\Temp\ccIaAudb.s 			page 18


 840 007b 3A       		.uleb128 0x3a
 841 007c 0B       		.uleb128 0xb
 842 007d 3B       		.uleb128 0x3b
 843 007e 05       		.uleb128 0x5
 844 007f 49       		.uleb128 0x49
 845 0080 13       		.uleb128 0x13
 846 0081 38       		.uleb128 0x38
 847 0082 0B       		.uleb128 0xb
 848 0083 00       		.byte	0
 849 0084 00       		.byte	0
 850 0085 0C       		.uleb128 0xc
 851 0086 0D       		.uleb128 0xd
 852 0087 00       		.byte	0
 853 0088 03       		.uleb128 0x3
 854 0089 08       		.uleb128 0x8
 855 008a 3A       		.uleb128 0x3a
 856 008b 0B       		.uleb128 0xb
 857 008c 3B       		.uleb128 0x3b
 858 008d 05       		.uleb128 0x5
 859 008e 49       		.uleb128 0x49
 860 008f 13       		.uleb128 0x13
 861 0090 38       		.uleb128 0x38
 862 0091 0B       		.uleb128 0xb
 863 0092 00       		.byte	0
 864 0093 00       		.byte	0
 865 0094 0D       		.uleb128 0xd
 866 0095 13       		.uleb128 0x13
 867 0096 01       		.byte	0x1
 868 0097 0B       		.uleb128 0xb
 869 0098 0B       		.uleb128 0xb
 870 0099 3A       		.uleb128 0x3a
 871 009a 0B       		.uleb128 0xb
 872 009b 3B       		.uleb128 0x3b
 873 009c 0B       		.uleb128 0xb
 874 009d 01       		.uleb128 0x1
 875 009e 13       		.uleb128 0x13
 876 009f 00       		.byte	0
 877 00a0 00       		.byte	0
 878 00a1 0E       		.uleb128 0xe
 879 00a2 0D       		.uleb128 0xd
 880 00a3 00       		.byte	0
 881 00a4 03       		.uleb128 0x3
 882 00a5 0E       		.uleb128 0xe
 883 00a6 3A       		.uleb128 0x3a
 884 00a7 0B       		.uleb128 0xb
 885 00a8 3B       		.uleb128 0x3b
 886 00a9 0B       		.uleb128 0xb
 887 00aa 49       		.uleb128 0x49
 888 00ab 13       		.uleb128 0x13
 889 00ac 38       		.uleb128 0x38
 890 00ad 0B       		.uleb128 0xb
 891 00ae 00       		.byte	0
 892 00af 00       		.byte	0
 893 00b0 0F       		.uleb128 0xf
 894 00b1 2E       		.uleb128 0x2e
 895 00b2 01       		.byte	0x1
 896 00b3 3F       		.uleb128 0x3f
ARM GAS  C:\Users\ADMINI~1.SC-\AppData\Local\Temp\ccIaAudb.s 			page 19


 897 00b4 19       		.uleb128 0x19
 898 00b5 03       		.uleb128 0x3
 899 00b6 0E       		.uleb128 0xe
 900 00b7 3A       		.uleb128 0x3a
 901 00b8 0B       		.uleb128 0xb
 902 00b9 3B       		.uleb128 0x3b
 903 00ba 0B       		.uleb128 0xb
 904 00bb 27       		.uleb128 0x27
 905 00bc 19       		.uleb128 0x19
 906 00bd 11       		.uleb128 0x11
 907 00be 01       		.uleb128 0x1
 908 00bf 12       		.uleb128 0x12
 909 00c0 06       		.uleb128 0x6
 910 00c1 40       		.uleb128 0x40
 911 00c2 18       		.uleb128 0x18
 912 00c3 9642     		.uleb128 0x2116
 913 00c5 19       		.uleb128 0x19
 914 00c6 01       		.uleb128 0x1
 915 00c7 13       		.uleb128 0x13
 916 00c8 00       		.byte	0
 917 00c9 00       		.byte	0
 918 00ca 10       		.uleb128 0x10
 919 00cb 34       		.uleb128 0x34
 920 00cc 00       		.byte	0
 921 00cd 03       		.uleb128 0x3
 922 00ce 0E       		.uleb128 0xe
 923 00cf 3A       		.uleb128 0x3a
 924 00d0 0B       		.uleb128 0xb
 925 00d1 3B       		.uleb128 0x3b
 926 00d2 0B       		.uleb128 0xb
 927 00d3 49       		.uleb128 0x49
 928 00d4 13       		.uleb128 0x13
 929 00d5 02       		.uleb128 0x2
 930 00d6 18       		.uleb128 0x18
 931 00d7 00       		.byte	0
 932 00d8 00       		.byte	0
 933 00d9 11       		.uleb128 0x11
 934 00da 05       		.uleb128 0x5
 935 00db 00       		.byte	0
 936 00dc 03       		.uleb128 0x3
 937 00dd 0E       		.uleb128 0xe
 938 00de 3A       		.uleb128 0x3a
 939 00df 0B       		.uleb128 0xb
 940 00e0 3B       		.uleb128 0x3b
 941 00e1 0B       		.uleb128 0xb
 942 00e2 49       		.uleb128 0x49
 943 00e3 13       		.uleb128 0x13
 944 00e4 02       		.uleb128 0x2
 945 00e5 18       		.uleb128 0x18
 946 00e6 00       		.byte	0
 947 00e7 00       		.byte	0
 948 00e8 12       		.uleb128 0x12
 949 00e9 2E       		.uleb128 0x2e
 950 00ea 00       		.byte	0
 951 00eb 3F       		.uleb128 0x3f
 952 00ec 19       		.uleb128 0x19
 953 00ed 03       		.uleb128 0x3
ARM GAS  C:\Users\ADMINI~1.SC-\AppData\Local\Temp\ccIaAudb.s 			page 20


 954 00ee 0E       		.uleb128 0xe
 955 00ef 3A       		.uleb128 0x3a
 956 00f0 0B       		.uleb128 0xb
 957 00f1 3B       		.uleb128 0x3b
 958 00f2 0B       		.uleb128 0xb
 959 00f3 27       		.uleb128 0x27
 960 00f4 19       		.uleb128 0x19
 961 00f5 11       		.uleb128 0x11
 962 00f6 01       		.uleb128 0x1
 963 00f7 12       		.uleb128 0x12
 964 00f8 06       		.uleb128 0x6
 965 00f9 40       		.uleb128 0x40
 966 00fa 18       		.uleb128 0x18
 967 00fb 9742     		.uleb128 0x2117
 968 00fd 19       		.uleb128 0x19
 969 00fe 00       		.byte	0
 970 00ff 00       		.byte	0
 971 0100 13       		.uleb128 0x13
 972 0101 01       		.uleb128 0x1
 973 0102 01       		.byte	0x1
 974 0103 49       		.uleb128 0x49
 975 0104 13       		.uleb128 0x13
 976 0105 01       		.uleb128 0x1
 977 0106 13       		.uleb128 0x13
 978 0107 00       		.byte	0
 979 0108 00       		.byte	0
 980 0109 14       		.uleb128 0x14
 981 010a 21       		.uleb128 0x21
 982 010b 00       		.byte	0
 983 010c 49       		.uleb128 0x49
 984 010d 13       		.uleb128 0x13
 985 010e 2F       		.uleb128 0x2f
 986 010f 0B       		.uleb128 0xb
 987 0110 00       		.byte	0
 988 0111 00       		.byte	0
 989 0112 15       		.uleb128 0x15
 990 0113 34       		.uleb128 0x34
 991 0114 00       		.byte	0
 992 0115 03       		.uleb128 0x3
 993 0116 0E       		.uleb128 0xe
 994 0117 3A       		.uleb128 0x3a
 995 0118 0B       		.uleb128 0xb
 996 0119 3B       		.uleb128 0x3b
 997 011a 0B       		.uleb128 0xb
 998 011b 49       		.uleb128 0x49
 999 011c 13       		.uleb128 0x13
 1000 011d 3F       		.uleb128 0x3f
 1001 011e 19       		.uleb128 0x19
 1002 011f 02       		.uleb128 0x2
 1003 0120 18       		.uleb128 0x18
 1004 0121 00       		.byte	0
 1005 0122 00       		.byte	0
 1006 0123 00       		.byte	0
 1007              		.section	.debug_aranges,"",%progbits
 1008 0000 34000000 		.4byte	0x34
 1009 0004 0200     		.2byte	0x2
 1010 0006 00000000 		.4byte	.Ldebug_info0
ARM GAS  C:\Users\ADMINI~1.SC-\AppData\Local\Temp\ccIaAudb.s 			page 21


 1011 000a 04       		.byte	0x4
 1012 000b 00       		.byte	0
 1013 000c 0000     		.2byte	0
 1014 000e 0000     		.2byte	0
 1015 0010 00000000 		.4byte	.LFB35
 1016 0014 94000000 		.4byte	.LFE35-.LFB35
 1017 0018 00000000 		.4byte	.LFB36
 1018 001c 1E000000 		.4byte	.LFE36-.LFB36
 1019 0020 00000000 		.4byte	.LFB37
 1020 0024 18000000 		.4byte	.LFE37-.LFB37
 1021 0028 00000000 		.4byte	.LFB38
 1022 002c 18000000 		.4byte	.LFE38-.LFB38
 1023 0030 00000000 		.4byte	0
 1024 0034 00000000 		.4byte	0
 1025              		.section	.debug_ranges,"",%progbits
 1026              	.Ldebug_ranges0:
 1027 0000 00000000 		.4byte	.LFB35
 1028 0004 94000000 		.4byte	.LFE35
 1029 0008 00000000 		.4byte	.LFB36
 1030 000c 1E000000 		.4byte	.LFE36
 1031 0010 00000000 		.4byte	.LFB37
 1032 0014 18000000 		.4byte	.LFE37
 1033 0018 00000000 		.4byte	.LFB38
 1034 001c 18000000 		.4byte	.LFE38
 1035 0020 00000000 		.4byte	0
 1036 0024 00000000 		.4byte	0
 1037              		.section	.debug_line,"",%progbits
 1038              	.Ldebug_line0:
 1039 0000 E7000000 		.section	.debug_str,"MS",%progbits,1
 1039      02008000 
 1039      00000201 
 1039      FB0E0D00 
 1039      01010101 
 1040              	.LASF28:
 1041 0000 4359424C 		.ascii	"CYBLE_EVT_GAP_AUTH_FAILED\000"
 1041      455F4556 
 1041      545F4741 
 1041      505F4155 
 1041      54485F46 
 1042              	.LASF25:
 1043 001a 4359424C 		.ascii	"CYBLE_EVT_GAP_PASSKEY_ENTRY_REQUEST\000"
 1043      455F4556 
 1043      545F4741 
 1043      505F5041 
 1043      53534B45 
 1044              	.LASF84:
 1045 003e 68616E64 		.ascii	"handleValPair\000"
 1045      6C655661 
 1045      6C506169 
 1045      7200
 1046              	.LASF36:
 1047 004c 4359424C 		.ascii	"CYBLE_EVT_GATTC_ERROR_RSP\000"
 1047      455F4556 
 1047      545F4741 
 1047      5454435F 
 1047      4552524F 
 1048              	.LASF31:
ARM GAS  C:\Users\ADMINI~1.SC-\AppData\Local\Temp\ccIaAudb.s 			page 22


 1049 0066 4359424C 		.ascii	"CYBLE_EVT_GAP_DEVICE_DISCONNECTED\000"
 1049      455F4556 
 1049      545F4741 
 1049      505F4445 
 1049      56494345 
 1050              	.LASF2:
 1051 0088 73686F72 		.ascii	"short int\000"
 1051      7420696E 
 1051      7400
 1052              	.LASF92:
 1053 0092 75617274 		.ascii	"uartRxData\000"
 1053      52784461 
 1053      746100
 1054              	.LASF16:
 1055 009d 73697A65 		.ascii	"sizetype\000"
 1055      74797065 
 1055      00
 1056              	.LASF83:
 1057 00a6 636F6E6E 		.ascii	"connHandle\000"
 1057      48616E64 
 1057      6C6500
 1058              	.LASF21:
 1059 00b1 4359424C 		.ascii	"CYBLE_EVT_HCI_STATUS\000"
 1059      455F4556 
 1059      545F4843 
 1059      495F5354 
 1059      41545553 
 1060              	.LASF98:
 1061 00c6 75617274 		.ascii	"uartRxDataWrReq\000"
 1061      52784461 
 1061      74615772 
 1061      52657100 
 1062              	.LASF65:
 1063 00d6 4359424C 		.ascii	"CYBLE_EVT_L2CAP_CBFC_DISCONN_IND\000"
 1063      455F4556 
 1063      545F4C32 
 1063      4341505F 
 1063      43424643 
 1064              	.LASF42:
 1065 00f7 4359424C 		.ascii	"CYBLE_EVT_GATTC_READ_BY_TYPE_RSP\000"
 1065      455F4556 
 1065      545F4741 
 1065      5454435F 
 1065      52454144 
 1066              	.LASF87:
 1067 0118 75617274 		.ascii	"uartIdleCount\000"
 1067      49646C65 
 1067      436F756E 
 1067      7400
 1068              	.LASF18:
 1069 0126 4359424C 		.ascii	"CYBLE_EVT_STACK_ON\000"
 1069      455F4556 
 1069      545F5354 
 1069      41434B5F 
 1069      4F4E00
 1070              	.LASF39:
 1071 0139 4359424C 		.ascii	"CYBLE_EVT_GATTS_XCNHG_MTU_REQ\000"
ARM GAS  C:\Users\ADMINI~1.SC-\AppData\Local\Temp\ccIaAudb.s 			page 23


 1071      455F4556 
 1071      545F4741 
 1071      5454535F 
 1071      58434E48 
 1072              	.LASF90:
 1073 0157 44697361 		.ascii	"DisableUartRxInt\000"
 1073      626C6555 
 1073      61727452 
 1073      78496E74 
 1073      00
 1074              	.LASF10:
 1075 0168 75696E74 		.ascii	"uint16\000"
 1075      313600
 1076              	.LASF86:
 1077 016f 696E6465 		.ascii	"index\000"
 1077      7800
 1078              	.LASF35:
 1079 0175 4359424C 		.ascii	"CYBLE_EVT_GAP_KEYINFO_EXCHNGE_CMPLT\000"
 1079      455F4556 
 1079      545F4741 
 1079      505F4B45 
 1079      59494E46 
 1080              	.LASF47:
 1081 0199 4359424C 		.ascii	"CYBLE_EVT_GATTC_READ_MULTI_RSP\000"
 1081      455F4556 
 1081      545F4741 
 1081      5454435F 
 1081      52454144 
 1082              	.LASF56:
 1083 01b8 4359424C 		.ascii	"CYBLE_EVT_GATTS_HANDLE_VALUE_CNF\000"
 1083      455F4556 
 1083      545F4741 
 1083      5454535F 
 1083      48414E44 
 1084              	.LASF17:
 1085 01d9 4359424C 		.ascii	"CYBLE_EVT_HOST_INVALID\000"
 1085      455F4556 
 1085      545F484F 
 1085      53545F49 
 1085      4E56414C 
 1086              	.LASF63:
 1087 01f0 4359424C 		.ascii	"CYBLE_EVT_L2CAP_CBFC_CONN_IND\000"
 1087      455F4556 
 1087      545F4C32 
 1087      4341505F 
 1087      43424643 
 1088              	.LASF66:
 1089 020e 4359424C 		.ascii	"CYBLE_EVT_L2CAP_CBFC_DISCONN_CNF\000"
 1089      455F4556 
 1089      545F4C32 
 1089      4341505F 
 1089      43424643 
 1090              	.LASF75:
 1091 022f 62644861 		.ascii	"bdHandle\000"
 1091      6E646C65 
 1091      00
 1092              	.LASF12:
ARM GAS  C:\Users\ADMINI~1.SC-\AppData\Local\Temp\ccIaAudb.s 			page 24


 1093 0238 666C6F61 		.ascii	"float\000"
 1093      7400
 1094              	.LASF45:
 1095 023e 4359424C 		.ascii	"CYBLE_EVT_GATTC_READ_RSP\000"
 1095      455F4556 
 1095      545F4741 
 1095      5454435F 
 1095      52454144 
 1096              	.LASF49:
 1097 0257 4359424C 		.ascii	"CYBLE_EVT_GATTC_WRITE_RSP\000"
 1097      455F4556 
 1097      545F4741 
 1097      5454435F 
 1097      57524954 
 1098              	.LASF6:
 1099 0271 6C6F6E67 		.ascii	"long long int\000"
 1099      206C6F6E 
 1099      6720696E 
 1099      7400
 1100              	.LASF7:
 1101 027f 6C6F6E67 		.ascii	"long long unsigned int\000"
 1101      206C6F6E 
 1101      6720756E 
 1101      7369676E 
 1101      65642069 
 1102              	.LASF97:
 1103 0296 453A5C6D 		.ascii	"E:\\my_project\\shhl\\BLE_KEY_wuyuan\\Design02.cyds"
 1103      795F7072 
 1103      6F6A6563 
 1103      745C7368 
 1103      686C5C42 
 1104 02c5 6E00     		.ascii	"n\000"
 1105              	.LASF4:
 1106 02c7 6C6F6E67 		.ascii	"long int\000"
 1106      20696E74 
 1106      00
 1107              	.LASF55:
 1108 02d0 4359424C 		.ascii	"CYBLE_EVT_GATTC_HANDLE_VALUE_IND\000"
 1108      455F4556 
 1108      545F4741 
 1108      5454435F 
 1108      48414E44 
 1109              	.LASF30:
 1110 02f1 4359424C 		.ascii	"CYBLE_EVT_GAP_DEVICE_CONNECTED\000"
 1110      455F4556 
 1110      545F4741 
 1110      505F4445 
 1110      56494345 
 1111              	.LASF91:
 1112 0310 456E6162 		.ascii	"EnableUartRxInt\000"
 1112      6C655561 
 1112      72745278 
 1112      496E7400 
 1113              	.LASF29:
 1114 0320 4359424C 		.ascii	"CYBLE_EVT_GAPP_ADVERTISEMENT_START_STOP\000"
 1114      455F4556 
 1114      545F4741 
ARM GAS  C:\Users\ADMINI~1.SC-\AppData\Local\Temp\ccIaAudb.s 			page 25


 1114      50505F41 
 1114      44564552 
 1115              	.LASF54:
 1116 0348 4359424C 		.ascii	"CYBLE_EVT_GATTC_HANDLE_VALUE_NTF\000"
 1116      455F4556 
 1116      545F4741 
 1116      5454435F 
 1116      48414E44 
 1117              	.LASF22:
 1118 0369 4359424C 		.ascii	"CYBLE_EVT_STACK_BUSY_STATUS\000"
 1118      455F4556 
 1118      545F5354 
 1118      41434B5F 
 1118      42555359 
 1119              	.LASF85:
 1120 0385 4359424C 		.ascii	"CYBLE_GATTS_WRITE_REQ_PARAM_T\000"
 1120      455F4741 
 1120      5454535F 
 1120      57524954 
 1120      455F5245 
 1121              	.LASF26:
 1122 03a3 4359424C 		.ascii	"CYBLE_EVT_GAP_PASSKEY_DISPLAY_REQUEST\000"
 1122      455F4556 
 1122      545F4741 
 1122      505F5041 
 1122      53534B45 
 1123              	.LASF64:
 1124 03c9 4359424C 		.ascii	"CYBLE_EVT_L2CAP_CBFC_CONN_CNF\000"
 1124      455F4556 
 1124      545F4C32 
 1124      4341505F 
 1124      43424643 
 1125              	.LASF73:
 1126 03e7 4359424C 		.ascii	"CYBLE_EVT_MAX\000"
 1126      455F4556 
 1126      545F4D41 
 1126      5800
 1127              	.LASF9:
 1128 03f5 75696E74 		.ascii	"uint8\000"
 1128      3800
 1129              	.LASF60:
 1130 03fb 4359424C 		.ascii	"CYBLE_EVT_L2CAP_CONN_PARAM_UPDATE_REQ\000"
 1130      455F4556 
 1130      545F4C32 
 1130      4341505F 
 1130      434F4E4E 
 1131              	.LASF1:
 1132 0421 756E7369 		.ascii	"unsigned char\000"
 1132      676E6564 
 1132      20636861 
 1132      7200
 1133              	.LASF51:
 1134 042f 4359424C 		.ascii	"CYBLE_EVT_GATTS_PREP_WRITE_REQ\000"
 1134      455F4556 
 1134      545F4741 
 1134      5454535F 
 1134      50524550 
ARM GAS  C:\Users\ADMINI~1.SC-\AppData\Local\Temp\ccIaAudb.s 			page 26


 1135              	.LASF72:
 1136 044e 4359424C 		.ascii	"CYBLE_EVT_LE_PING_AUTH_TIMEOUT\000"
 1136      455F4556 
 1136      545F4C45 
 1136      5F50494E 
 1136      475F4155 
 1137              	.LASF43:
 1138 046d 4359424C 		.ascii	"CYBLE_EVT_GATTC_FIND_INFO_RSP\000"
 1138      455F4556 
 1138      545F4741 
 1138      5454435F 
 1138      46494E44 
 1139              	.LASF0:
 1140 048b 7369676E 		.ascii	"signed char\000"
 1140      65642063 
 1140      68617200 
 1141              	.LASF48:
 1142 0497 4359424C 		.ascii	"CYBLE_EVT_GATTS_WRITE_REQ\000"
 1142      455F4556 
 1142      545F4741 
 1142      5454535F 
 1142      57524954 
 1143              	.LASF44:
 1144 04b1 4359424C 		.ascii	"CYBLE_EVT_GATTC_FIND_BY_TYPE_VALUE_RSP\000"
 1144      455F4556 
 1144      545F4741 
 1144      5454435F 
 1144      46494E44 
 1145              	.LASF27:
 1146 04d8 4359424C 		.ascii	"CYBLE_EVT_GAP_AUTH_COMPLETE\000"
 1146      455F4556 
 1146      545F4741 
 1146      505F4155 
 1146      54485F43 
 1147              	.LASF8:
 1148 04f4 756E7369 		.ascii	"unsigned int\000"
 1148      676E6564 
 1148      20696E74 
 1148      00
 1149              	.LASF37:
 1150 0501 4359424C 		.ascii	"CYBLE_EVT_GATT_CONNECT_IND\000"
 1150      455F4556 
 1150      545F4741 
 1150      54545F43 
 1150      4F4E4E45 
 1151              	.LASF5:
 1152 051c 6C6F6E67 		.ascii	"long unsigned int\000"
 1152      20756E73 
 1152      69676E65 
 1152      6420696E 
 1152      7400
 1153              	.LASF24:
 1154 052e 4359424C 		.ascii	"CYBLE_EVT_GAP_AUTH_REQ\000"
 1154      455F4556 
 1154      545F4741 
 1154      505F4155 
 1154      54485F52 
ARM GAS  C:\Users\ADMINI~1.SC-\AppData\Local\Temp\ccIaAudb.s 			page 27


 1155              	.LASF76:
 1156 0545 61747449 		.ascii	"attId\000"
 1156      6400
 1157              	.LASF94:
 1158 054b 75617274 		.ascii	"uartRxflag\000"
 1158      5278666C 
 1158      616700
 1159              	.LASF32:
 1160 0556 4359424C 		.ascii	"CYBLE_EVT_GAP_ENCRYPT_CHANGE\000"
 1160      455F4556 
 1160      545F4741 
 1160      505F454E 
 1160      43525950 
 1161              	.LASF15:
 1162 0573 72656733 		.ascii	"reg32\000"
 1162      3200
 1163              	.LASF93:
 1164 0579 75617274 		.ascii	"uartRxDataLength\000"
 1164      52784461 
 1164      74614C65 
 1164      6E677468 
 1164      00
 1165              	.LASF3:
 1166 058a 73686F72 		.ascii	"short unsigned int\000"
 1166      7420756E 
 1166      7369676E 
 1166      65642069 
 1166      6E7400
 1167              	.LASF33:
 1168 059d 4359424C 		.ascii	"CYBLE_EVT_GAP_CONNECTION_UPDATE_COMPLETE\000"
 1168      455F4556 
 1168      545F4741 
 1168      505F434F 
 1168      4E4E4543 
 1169              	.LASF14:
 1170 05c6 63686172 		.ascii	"char\000"
 1170      00
 1171              	.LASF79:
 1172 05cb 4359424C 		.ascii	"CYBLE_GATT_VALUE_T\000"
 1172      455F4741 
 1172      54545F56 
 1172      414C5545 
 1172      5F5400
 1173              	.LASF95:
 1174 05de 474E5520 		.ascii	"GNU C 4.9.3 20150303 (release) [ARM/embedded-4_9-br"
 1174      4320342E 
 1174      392E3320 
 1174      32303135 
 1174      30333033 
 1175 0611 616E6368 		.ascii	"anch revision 221220] -mcpu=cortex-m0 -mthumb -g -O"
 1175      20726576 
 1175      6973696F 
 1175      6E203232 
 1175      31323230 
 1176 0644 30202D66 		.ascii	"0 -ffunction-sections -ffat-lto-objects\000"
 1176      66756E63 
 1176      74696F6E 
ARM GAS  C:\Users\ADMINI~1.SC-\AppData\Local\Temp\ccIaAudb.s 			page 28


 1176      2D736563 
 1176      74696F6E 
 1177              	.LASF62:
 1178 066c 4359424C 		.ascii	"CYBLE_EVT_L2CAP_COMMAND_REJ\000"
 1178      455F4556 
 1178      545F4C32 
 1178      4341505F 
 1178      434F4D4D 
 1179              	.LASF96:
 1180 0688 6170705F 		.ascii	"app_UART.c\000"
 1180      55415254 
 1180      2E6300
 1181              	.LASF89:
 1182 0693 48616E64 		.ascii	"HandleUartRxTraffic\000"
 1182      6C655561 
 1182      72745278 
 1182      54726166 
 1182      66696300 
 1183              	.LASF46:
 1184 06a7 4359424C 		.ascii	"CYBLE_EVT_GATTC_READ_BLOB_RSP\000"
 1184      455F4556 
 1184      545F4741 
 1184      5454435F 
 1184      52454144 
 1185              	.LASF53:
 1186 06c5 4359424C 		.ascii	"CYBLE_EVT_GATTC_EXEC_WRITE_RSP\000"
 1186      455F4556 
 1186      545F4741 
 1186      5454435F 
 1186      45584543 
 1187              	.LASF11:
 1188 06e4 75696E74 		.ascii	"uint32\000"
 1188      333200
 1189              	.LASF71:
 1190 06eb 4359424C 		.ascii	"CYBLE_EVT_PENDING_FLASH_WRITE\000"
 1190      455F4556 
 1190      545F5045 
 1190      4E44494E 
 1190      475F464C 
 1191              	.LASF68:
 1192 0709 4359424C 		.ascii	"CYBLE_EVT_L2CAP_CBFC_RX_CREDIT_IND\000"
 1192      455F4556 
 1192      545F4C32 
 1192      4341505F 
 1192      43424643 
 1193              	.LASF81:
 1194 072c 61747472 		.ascii	"attrHandle\000"
 1194      48616E64 
 1194      6C6500
 1195              	.LASF13:
 1196 0737 646F7562 		.ascii	"double\000"
 1196      6C6500
 1197              	.LASF88:
 1198 073e 48616E64 		.ascii	"HandleUartTxTraffic\000"
 1198      6C655561 
 1198      72745478 
 1198      54726166 
ARM GAS  C:\Users\ADMINI~1.SC-\AppData\Local\Temp\ccIaAudb.s 			page 29


 1198      66696300 
 1199              	.LASF77:
 1200 0752 4359424C 		.ascii	"CYBLE_CONN_HANDLE_T\000"
 1200      455F434F 
 1200      4E4E5F48 
 1200      414E444C 
 1200      455F5400 
 1201              	.LASF82:
 1202 0766 4359424C 		.ascii	"CYBLE_GATT_HANDLE_VALUE_PAIR_T\000"
 1202      455F4741 
 1202      54545F48 
 1202      414E444C 
 1202      455F5641 
 1203              	.LASF69:
 1204 0785 4359424C 		.ascii	"CYBLE_EVT_L2CAP_CBFC_TX_CREDIT_IND\000"
 1204      455F4556 
 1204      545F4C32 
 1204      4341505F 
 1204      43424643 
 1205              	.LASF20:
 1206 07a8 4359424C 		.ascii	"CYBLE_EVT_HARDWARE_ERROR\000"
 1206      455F4556 
 1206      545F4841 
 1206      52445741 
 1206      52455F45 
 1207              	.LASF67:
 1208 07c1 4359424C 		.ascii	"CYBLE_EVT_L2CAP_CBFC_DATA_READ\000"
 1208      455F4556 
 1208      545F4C32 
 1208      4341505F 
 1208      43424643 
 1209              	.LASF61:
 1210 07e0 4359424C 		.ascii	"CYBLE_EVT_L2CAP_CONN_PARAM_UPDATE_RSP\000"
 1210      455F4556 
 1210      545F4C32 
 1210      4341505F 
 1210      434F4E4E 
 1211              	.LASF23:
 1212 0806 4359424C 		.ascii	"CYBLE_EVT_GAPC_SCAN_PROGRESS_RESULT\000"
 1212      455F4556 
 1212      545F4741 
 1212      50435F53 
 1212      43414E5F 
 1213              	.LASF78:
 1214 082a 61637475 		.ascii	"actualLen\000"
 1214      616C4C65 
 1214      6E00
 1215              	.LASF41:
 1216 0834 4359424C 		.ascii	"CYBLE_EVT_GATTC_READ_BY_GROUP_TYPE_RSP\000"
 1216      455F4556 
 1216      545F4741 
 1216      5454435F 
 1216      52454144 
 1217              	.LASF50:
 1218 085b 4359424C 		.ascii	"CYBLE_EVT_GATTS_WRITE_CMD_REQ\000"
 1218      455F4556 
 1218      545F4741 
ARM GAS  C:\Users\ADMINI~1.SC-\AppData\Local\Temp\ccIaAudb.s 			page 30


 1218      5454535F 
 1218      57524954 
 1219              	.LASF40:
 1220 0879 4359424C 		.ascii	"CYBLE_EVT_GATTC_XCHNG_MTU_RSP\000"
 1220      455F4556 
 1220      545F4741 
 1220      5454435F 
 1220      5843484E 
 1221              	.LASF19:
 1222 0897 4359424C 		.ascii	"CYBLE_EVT_TIMEOUT\000"
 1222      455F4556 
 1222      545F5449 
 1222      4D454F55 
 1222      5400
 1223              	.LASF70:
 1224 08a9 4359424C 		.ascii	"CYBLE_EVT_L2CAP_CBFC_DATA_WRITE_IND\000"
 1224      455F4556 
 1224      545F4C32 
 1224      4341505F 
 1224      43424643 
 1225              	.LASF34:
 1226 08cd 4359424C 		.ascii	"CYBLE_EVT_GAPC_SCAN_START_STOP\000"
 1226      455F4556 
 1226      545F4741 
 1226      50435F53 
 1226      43414E5F 
 1227              	.LASF59:
 1228 08ec 4359424C 		.ascii	"CYBLE_EVT_GATTS_READ_CHAR_VAL_ACCESS_REQ\000"
 1228      455F4556 
 1228      545F4741 
 1228      5454535F 
 1228      52454144 
 1229              	.LASF58:
 1230 0915 4359424C 		.ascii	"CYBLE_EVT_GATTC_STOP_CMD_COMPLETE\000"
 1230      455F4556 
 1230      545F4741 
 1230      5454435F 
 1230      53544F50 
 1231              	.LASF80:
 1232 0937 76616C75 		.ascii	"value\000"
 1232      6500
 1233              	.LASF52:
 1234 093d 4359424C 		.ascii	"CYBLE_EVT_GATTS_EXEC_WRITE_REQ\000"
 1234      455F4556 
 1234      545F4741 
 1234      5454535F 
 1234      45584543 
 1235              	.LASF74:
 1236 095c 4359424C 		.ascii	"CYBLE_GATT_DB_ATTR_HANDLE_T\000"
 1236      455F4741 
 1236      54545F44 
 1236      425F4154 
 1236      54525F48 
 1237              	.LASF57:
 1238 0978 4359424C 		.ascii	"CYBLE_EVT_GATTS_DATA_SIGNED_CMD_REQ\000"
 1238      455F4556 
 1238      545F4741 
ARM GAS  C:\Users\ADMINI~1.SC-\AppData\Local\Temp\ccIaAudb.s 			page 31


 1238      5454535F 
 1238      44415441 
 1239              	.LASF38:
 1240 099c 4359424C 		.ascii	"CYBLE_EVT_GATT_DISCONNECT_IND\000"
 1240      455F4556 
 1240      545F4741 
 1240      54545F44 
 1240      4953434F 
 1241              		.ident	"GCC: (GNU Tools for ARM Embedded Processors) 4.9.3 20150303 (release) [ARM/embedded-4_9-br
