ARM GAS  C:\Users\ADMINI~1.SC-\AppData\Local\Temp\ccy9rXlj.s 			page 1


   1              		.cpu cortex-m0
   2              		.fpu softvfp
   3              		.eabi_attribute 20, 1
   4              		.eabi_attribute 21, 1
   5              		.eabi_attribute 23, 3
   6              		.eabi_attribute 24, 1
   7              		.eabi_attribute 25, 1
   8              		.eabi_attribute 26, 1
   9              		.eabi_attribute 30, 6
  10              		.eabi_attribute 34, 0
  11              		.eabi_attribute 18, 4
  12              		.code	16
  13              		.file	"app_lock.c"
  14              		.text
  15              	.Ltext0:
  16              		.cfi_sections	.debug_frame
  17              		.global	LockIdentify
  18              		.section	.rodata
  19              		.align	2
  20              		.type	LockIdentify, %object
  21              		.size	LockIdentify, 16
  22              	LockIdentify:
  23 0000 00       		.byte	0
  24 0001 01       		.byte	1
  25 0002 02       		.byte	2
  26 0003 03       		.byte	3
  27 0004 04       		.byte	4
  28 0005 05       		.byte	5
  29 0006 06       		.byte	6
  30 0007 07       		.byte	7
  31 0008 08       		.byte	8
  32 0009 09       		.byte	9
  33 000a 0A       		.byte	10
  34 000b 0B       		.byte	11
  35 000c 0C       		.byte	12
  36 000d 0D       		.byte	13
  37 000e 0E       		.byte	14
  38 000f 0F       		.byte	15
  39              		.global	Manage_Key
  40              		.align	2
  41              		.type	Manage_Key, %object
  42              		.size	Manage_Key, 16
  43              	Manage_Key:
  44 0010 00       		.byte	0
  45 0011 01       		.byte	1
  46 0012 02       		.byte	2
  47 0013 03       		.byte	3
  48 0014 04       		.byte	4
  49 0015 05       		.byte	5
  50 0016 06       		.byte	6
  51 0017 07       		.byte	7
  52 0018 07       		.byte	7
  53 0019 06       		.byte	6
  54 001a 05       		.byte	5
  55 001b 04       		.byte	4
  56 001c 03       		.byte	3
  57 001d 02       		.byte	2
ARM GAS  C:\Users\ADMINI~1.SC-\AppData\Local\Temp\ccy9rXlj.s 			page 2


  58 001e 01       		.byte	1
  59 001f 00       		.byte	0
  60              		.global	Delay_Time
  61              		.bss
  62              		.align	2
  63              		.type	Delay_Time, %object
  64              		.size	Delay_Time, 10
  65              	Delay_Time:
  66 0000 00000000 		.space	10
  66      00000000 
  66      0000
  67              		.global	Flag
  68 000a 0000     		.align	2
  69              		.type	Flag, %object
  70              		.size	Flag, 4
  71              	Flag:
  72 000c 00000000 		.space	4
  73              		.global	System_Config
  74              		.align	2
  75              		.type	System_Config, %object
  76              		.size	System_Config, 38
  77              	System_Config:
  78 0010 00000000 		.space	38
  78      00000000 
  78      00000000 
  78      00000000 
  78      00000000 
  79              		.global	Lock_Info
  80 0036 0000     		.align	2
  81              		.type	Lock_Info, %object
  82              		.size	Lock_Info, 15
  83              	Lock_Info:
  84 0038 00000000 		.space	15
  84      00000000 
  84      00000000 
  84      000000
  85              		.global	__aeabi_uidivmod
  86              		.global	__aeabi_uidiv
  87 0047 00       		.section	.text.Alarm_Event,"ax",%progbits
  88              		.align	2
  89              		.global	Alarm_Event
  90              		.code	16
  91              		.thumb_func
  92              		.type	Alarm_Event, %function
  93              	Alarm_Event:
  94              	.LFB35:
  95              		.file 1 "app_lock.c"
   1:app_lock.c    **** /* ========================================
   2:app_lock.c    ****  *
   3:app_lock.c    ****  * Copyright YOUR COMPANY, THE YEAR
   4:app_lock.c    ****  * All Rights Reserved
   5:app_lock.c    ****  * UNPUBLISHED, LICENSED SOFTWARE.
   6:app_lock.c    ****  *
   7:app_lock.c    ****  * CONFIDENTIAL AND PROPRIETARY INFORMATION
   8:app_lock.c    ****  * WHICH IS THE PROPERTY OF your company.
   9:app_lock.c    ****  *
  10:app_lock.c    ****  * ========================================
ARM GAS  C:\Users\ADMINI~1.SC-\AppData\Local\Temp\ccy9rXlj.s 			page 3


  11:app_lock.c    **** */
  12:app_lock.c    **** #include "app_lock.h"
  13:app_lock.c    **** #include "RC4.h"
  14:app_lock.c    **** #include "app_protocol.h"
  15:app_lock.c    **** #include "app_Com.h"
  16:app_lock.c    **** #include <string.h>
  17:app_lock.c    **** #include <CyFlash.h>
  18:app_lock.c    **** 
  19:app_lock.c    **** const uint8 LockIdentify[16] = {0x00,0x01,0x02,0x03,0x04,0x05,0x06,0x07,0x08,0x09,0x0A,0x0B,0x0C,0x
  20:app_lock.c    **** const uint8 Manage_Key[16] = {0x00,0x01,0x02,0x03,0x04,0x05,0x06,0x07,0x07,0x06,0x05,0x04,0x03,0x02
  21:app_lock.c    **** 
  22:app_lock.c    **** 
  23:app_lock.c    **** 
  24:app_lock.c    **** DelayTime  Delay_Time = {};
  25:app_lock.c    **** FLAG  Flag = {};
  26:app_lock.c    **** SYSTEM_CFG System_Config = {};
  27:app_lock.c    **** LOCK_INFO Lock_Info = {};
  28:app_lock.c    **** 
  29:app_lock.c    **** 
  30:app_lock.c    **** /***********************************************************
  31:app_lock.c    ****  * @function_name: void Alarm_Event(u8* Data)
  32:app_lock.c    ****  * @function_file: Dr_Alarm.c
  33:app_lock.c    ****  * @描  述： 报警事件主程序
  34:app_lock.c    ****  *
  35:app_lock.c    ****  * @参  数： 报警事件
  36:app_lock.c    ****  * @返  回： 无
  37:app_lock.c    ****  * @作  者： ZhangQun (2014-9-2)
  38:app_lock.c    ****  *---------------------------------------------------------
  39:app_lock.c    ****  * @修改人： ZhangQun (2014-9-2)
  40:app_lock.c    **** ***********************************************************/
  41:app_lock.c    **** void Alarm_Event(uint8 Event)
  42:app_lock.c    **** {
  96              		.loc 1 42 0
  97              		.cfi_startproc
  98 0000 80B5     		push	{r7, lr}
  99              		.cfi_def_cfa_offset 8
 100              		.cfi_offset 7, -8
 101              		.cfi_offset 14, -4
 102 0002 82B0     		sub	sp, sp, #8
 103              		.cfi_def_cfa_offset 16
 104 0004 00AF     		add	r7, sp, #0
 105              		.cfi_def_cfa_register 7
 106 0006 021C     		mov	r2, r0
 107 0008 FB1D     		add	r3, r7, #7
 108 000a 1A70     		strb	r2, [r3]
  43:app_lock.c    ****    switch (Event)
 109              		.loc 1 43 0
 110 000c FB1D     		add	r3, r7, #7
 111 000e 1B78     		ldrb	r3, [r3]
 112 0010 052B     		cmp	r3, #5
 113 0012 00D9     		bls	.LCB18
 114 0014 E5E0     		b	.L2	@long jump
 115              	.LCB18:
 116 0016 9A00     		lsl	r2, r3, #2
 117 0018 774B     		ldr	r3, .L28
 118 001a D318     		add	r3, r2, r3
 119 001c 1B68     		ldr	r3, [r3]
ARM GAS  C:\Users\ADMINI~1.SC-\AppData\Local\Temp\ccy9rXlj.s 			page 4


 120 001e 9F46     		mov	pc, r3
 121              		.section	.rodata
 122              		.align	2
 123              	.L4:
 124 0020 E2010000 		.word	.L2
 125 0024 20000000 		.word	.L3
 126 0028 60000000 		.word	.L5
 127 002c C2000000 		.word	.L6
 128 0030 30010000 		.word	.L7
 129 0034 86010000 		.word	.L8
 130              		.section	.text.Alarm_Event
 131              	.L3:
  44:app_lock.c    ****     {
  45:app_lock.c    ****         case EVENT_1:	//绿灯亮1S
  46:app_lock.c    ****             if (Delay_Time.Alarm_Count == 0)
 132              		.loc 1 46 0
 133 0020 764B     		ldr	r3, .L28+4
 134 0022 1B88     		ldrh	r3, [r3]
 135 0024 002B     		cmp	r3, #0
 136 0026 02D1     		bne	.L9
  47:app_lock.c    ****             {
  48:app_lock.c    ****                 GREEN_OFF;
 137              		.loc 1 48 0
 138 0028 0120     		mov	r0, #1
 139 002a FFF7FEFF 		bl	LED_GREEN_Write
 140              	.L9:
  49:app_lock.c    ****             }
  50:app_lock.c    ****             Delay_Time.Alarm_Count ++;
 141              		.loc 1 50 0
 142 002e 734B     		ldr	r3, .L28+4
 143 0030 1B88     		ldrh	r3, [r3]
 144 0032 0133     		add	r3, r3, #1
 145 0034 9AB2     		uxth	r2, r3
 146 0036 714B     		ldr	r3, .L28+4
 147 0038 1A80     		strh	r2, [r3]
  51:app_lock.c    ****             if(Delay_Time.Alarm_Count > 1000)
 148              		.loc 1 51 0
 149 003a 704B     		ldr	r3, .L28+4
 150 003c 1A88     		ldrh	r2, [r3]
 151 003e FA23     		mov	r3, #250
 152 0040 9B00     		lsl	r3, r3, #2
 153 0042 9A42     		cmp	r2, r3
 154 0044 0BD9     		bls	.L10
  52:app_lock.c    ****             {
  53:app_lock.c    ****                 Delay_Time.Alarm_Count = 0;
 155              		.loc 1 53 0
 156 0046 6D4B     		ldr	r3, .L28+4
 157 0048 0022     		mov	r2, #0
 158 004a 1A80     		strh	r2, [r3]
  54:app_lock.c    ****                 GREEN_ON;
 159              		.loc 1 54 0
 160 004c 0020     		mov	r0, #0
 161 004e FFF7FEFF 		bl	LED_GREEN_Write
  55:app_lock.c    ****                 Flag.Alarm_Work_Step = EVENT_0;
 162              		.loc 1 55 0
 163 0052 6B4B     		ldr	r3, .L28+8
 164 0054 1A78     		ldrb	r2, [r3]
ARM GAS  C:\Users\ADMINI~1.SC-\AppData\Local\Temp\ccy9rXlj.s 			page 5


 165 0056 0721     		mov	r1, #7
 166 0058 8A43     		bic	r2, r1
 167 005a 1A70     		strb	r2, [r3]
  56:app_lock.c    ****             }
  57:app_lock.c    ****             break;
 168              		.loc 1 57 0
 169 005c C8E0     		b	.L1
 170              	.L10:
 171 005e C7E0     		b	.L1
 172              	.L5:
  58:app_lock.c    **** 
  59:app_lock.c    ****         case EVENT_2:   //蜂鸣器：嘀滴
  60:app_lock.c    ****             if (  (Delay_Time.Alarm_Count == 0) 
 173              		.loc 1 60 0
 174 0060 664B     		ldr	r3, .L28+4
 175 0062 1B88     		ldrh	r3, [r3]
 176 0064 002B     		cmp	r3, #0
 177 0066 03D0     		beq	.L12
  61:app_lock.c    ****                || (Delay_Time.Alarm_Count == 200) )
 178              		.loc 1 61 0
 179 0068 644B     		ldr	r3, .L28+4
 180 006a 1B88     		ldrh	r3, [r3]
 181 006c C82B     		cmp	r3, #200
 182 006e 04D1     		bne	.L13
 183              	.L12:
  62:app_lock.c    ****             {
  63:app_lock.c    ****                 GREEN_OFF;
 184              		.loc 1 63 0
 185 0070 0120     		mov	r0, #1
 186 0072 FFF7FEFF 		bl	LED_GREEN_Write
  64:app_lock.c    ****                 PWM_Start();
 187              		.loc 1 64 0
 188 0076 FFF7FEFF 		bl	PWM_Start
 189              	.L13:
  65:app_lock.c    ****             }
  66:app_lock.c    ****             if (Delay_Time.Alarm_Count == 100)
 190              		.loc 1 66 0
 191 007a 604B     		ldr	r3, .L28+4
 192 007c 1B88     		ldrh	r3, [r3]
 193 007e 642B     		cmp	r3, #100
 194 0080 04D1     		bne	.L14
  67:app_lock.c    ****             {
  68:app_lock.c    ****                 GREEN_ON;
 195              		.loc 1 68 0
 196 0082 0020     		mov	r0, #0
 197 0084 FFF7FEFF 		bl	LED_GREEN_Write
  69:app_lock.c    ****                 PWM_Stop();
 198              		.loc 1 69 0
 199 0088 FFF7FEFF 		bl	PWM_Stop
 200              	.L14:
  70:app_lock.c    ****             }            
  71:app_lock.c    ****             Delay_Time.Alarm_Count ++;
 201              		.loc 1 71 0
 202 008c 5B4B     		ldr	r3, .L28+4
 203 008e 1B88     		ldrh	r3, [r3]
 204 0090 0133     		add	r3, r3, #1
 205 0092 9AB2     		uxth	r2, r3
ARM GAS  C:\Users\ADMINI~1.SC-\AppData\Local\Temp\ccy9rXlj.s 			page 6


 206 0094 594B     		ldr	r3, .L28+4
 207 0096 1A80     		strh	r2, [r3]
  72:app_lock.c    ****             if (Delay_Time.Alarm_Count >= 300)
 208              		.loc 1 72 0
 209 0098 584B     		ldr	r3, .L28+4
 210 009a 1A88     		ldrh	r2, [r3]
 211 009c 2C23     		mov	r3, #44
 212 009e FF33     		add	r3, r3, #255
 213 00a0 9A42     		cmp	r2, r3
 214 00a2 0DD9     		bls	.L15
  73:app_lock.c    ****             {
  74:app_lock.c    ****                 Delay_Time.Alarm_Count = 0;
 215              		.loc 1 74 0
 216 00a4 554B     		ldr	r3, .L28+4
 217 00a6 0022     		mov	r2, #0
 218 00a8 1A80     		strh	r2, [r3]
  75:app_lock.c    ****                 GREEN_ON;
 219              		.loc 1 75 0
 220 00aa 0020     		mov	r0, #0
 221 00ac FFF7FEFF 		bl	LED_GREEN_Write
  76:app_lock.c    ****                 PWM_Stop();
 222              		.loc 1 76 0
 223 00b0 FFF7FEFF 		bl	PWM_Stop
  77:app_lock.c    ****                 Flag.Alarm_Work_Step = EVENT_0;            
 224              		.loc 1 77 0
 225 00b4 524B     		ldr	r3, .L28+8
 226 00b6 1A78     		ldrb	r2, [r3]
 227 00b8 0721     		mov	r1, #7
 228 00ba 8A43     		bic	r2, r1
 229 00bc 1A70     		strb	r2, [r3]
  78:app_lock.c    ****             }           
  79:app_lock.c    ****             break;
 230              		.loc 1 79 0
 231 00be 97E0     		b	.L1
 232              	.L15:
 233 00c0 96E0     		b	.L1
 234              	.L6:
  80:app_lock.c    **** 
  81:app_lock.c    ****         case EVENT_3:       //蜂鸣器 滴滴滴
  82:app_lock.c    ****             if (  (Delay_Time.Alarm_Count == 0) 
 235              		.loc 1 82 0
 236 00c2 4E4B     		ldr	r3, .L28+4
 237 00c4 1B88     		ldrh	r3, [r3]
 238 00c6 002B     		cmp	r3, #0
 239 00c8 09D0     		beq	.L16
  83:app_lock.c    ****                || (Delay_Time.Alarm_Count == 200)
 240              		.loc 1 83 0
 241 00ca 4C4B     		ldr	r3, .L28+4
 242 00cc 1B88     		ldrh	r3, [r3]
 243 00ce C82B     		cmp	r3, #200
 244 00d0 05D0     		beq	.L16
  84:app_lock.c    ****                || (Delay_Time.Alarm_Count == 400))
 245              		.loc 1 84 0
 246 00d2 4A4B     		ldr	r3, .L28+4
 247 00d4 1A88     		ldrh	r2, [r3]
 248 00d6 C823     		mov	r3, #200
 249 00d8 5B00     		lsl	r3, r3, #1
ARM GAS  C:\Users\ADMINI~1.SC-\AppData\Local\Temp\ccy9rXlj.s 			page 7


 250 00da 9A42     		cmp	r2, r3
 251 00dc 02D1     		bne	.L17
 252              	.L16:
  85:app_lock.c    ****             {
  86:app_lock.c    ****                 BEEP_OPEN;
 253              		.loc 1 86 0
 254 00de 0120     		mov	r0, #1
 255 00e0 FFF7FEFF 		bl	Beep_Ctrl_Write
 256              	.L17:
  87:app_lock.c    ****             }
  88:app_lock.c    ****             if (  (Delay_Time.Alarm_Count == 100)
 257              		.loc 1 88 0
 258 00e4 454B     		ldr	r3, .L28+4
 259 00e6 1B88     		ldrh	r3, [r3]
 260 00e8 642B     		cmp	r3, #100
 261 00ea 05D0     		beq	.L18
  89:app_lock.c    ****                || (Delay_Time.Alarm_Count == 300) ) 
 262              		.loc 1 89 0
 263 00ec 434B     		ldr	r3, .L28+4
 264 00ee 1A88     		ldrh	r2, [r3]
 265 00f0 9623     		mov	r3, #150
 266 00f2 5B00     		lsl	r3, r3, #1
 267 00f4 9A42     		cmp	r2, r3
 268 00f6 02D1     		bne	.L19
 269              	.L18:
  90:app_lock.c    ****             {
  91:app_lock.c    ****                 BEEP_CLOSE;
 270              		.loc 1 91 0
 271 00f8 0020     		mov	r0, #0
 272 00fa FFF7FEFF 		bl	Beep_Ctrl_Write
 273              	.L19:
  92:app_lock.c    ****             }            
  93:app_lock.c    ****             Delay_Time.Alarm_Count ++;
 274              		.loc 1 93 0
 275 00fe 3F4B     		ldr	r3, .L28+4
 276 0100 1B88     		ldrh	r3, [r3]
 277 0102 0133     		add	r3, r3, #1
 278 0104 9AB2     		uxth	r2, r3
 279 0106 3D4B     		ldr	r3, .L28+4
 280 0108 1A80     		strh	r2, [r3]
  94:app_lock.c    ****             if (Delay_Time.Alarm_Count >= 500)
 281              		.loc 1 94 0
 282 010a 3C4B     		ldr	r3, .L28+4
 283 010c 1A88     		ldrh	r2, [r3]
 284 010e F423     		mov	r3, #244
 285 0110 FF33     		add	r3, r3, #255
 286 0112 9A42     		cmp	r2, r3
 287 0114 0BD9     		bls	.L20
  95:app_lock.c    ****             {
  96:app_lock.c    ****                 Delay_Time.Alarm_Count = 0;
 288              		.loc 1 96 0
 289 0116 394B     		ldr	r3, .L28+4
 290 0118 0022     		mov	r2, #0
 291 011a 1A80     		strh	r2, [r3]
  97:app_lock.c    ****                 BEEP_CLOSE;
 292              		.loc 1 97 0
 293 011c 0020     		mov	r0, #0
ARM GAS  C:\Users\ADMINI~1.SC-\AppData\Local\Temp\ccy9rXlj.s 			page 8


 294 011e FFF7FEFF 		bl	Beep_Ctrl_Write
  98:app_lock.c    ****                 Flag.Alarm_Work_Step = EVENT_0;            
 295              		.loc 1 98 0
 296 0122 374B     		ldr	r3, .L28+8
 297 0124 1A78     		ldrb	r2, [r3]
 298 0126 0721     		mov	r1, #7
 299 0128 8A43     		bic	r2, r1
 300 012a 1A70     		strb	r2, [r3]
  99:app_lock.c    ****             }              
 100:app_lock.c    ****             break;
 301              		.loc 1 100 0
 302 012c 60E0     		b	.L1
 303              	.L20:
 304 012e 5FE0     		b	.L1
 305              	.L7:
 101:app_lock.c    **** 
 102:app_lock.c    ****         case EVENT_4:
 103:app_lock.c    ****             if (  (Delay_Time.Alarm_Count == 0) 
 306              		.loc 1 103 0
 307 0130 324B     		ldr	r3, .L28+4
 308 0132 1B88     		ldrh	r3, [r3]
 309 0134 002B     		cmp	r3, #0
 310 0136 03D0     		beq	.L21
 104:app_lock.c    ****                || (Delay_Time.Alarm_Count == 200) )
 311              		.loc 1 104 0
 312 0138 304B     		ldr	r3, .L28+4
 313 013a 1B88     		ldrh	r3, [r3]
 314 013c C82B     		cmp	r3, #200
 315 013e 02D1     		bne	.L22
 316              	.L21:
 105:app_lock.c    ****             {
 106:app_lock.c    ****                 BEEP_OPEN;
 317              		.loc 1 106 0
 318 0140 0120     		mov	r0, #1
 319 0142 FFF7FEFF 		bl	Beep_Ctrl_Write
 320              	.L22:
 107:app_lock.c    ****             }
 108:app_lock.c    ****             if (Delay_Time.Alarm_Count == 100)
 321              		.loc 1 108 0
 322 0146 2D4B     		ldr	r3, .L28+4
 323 0148 1B88     		ldrh	r3, [r3]
 324 014a 642B     		cmp	r3, #100
 325 014c 02D1     		bne	.L23
 109:app_lock.c    ****             {
 110:app_lock.c    ****                 BEEP_CLOSE;
 326              		.loc 1 110 0
 327 014e 0020     		mov	r0, #0
 328 0150 FFF7FEFF 		bl	Beep_Ctrl_Write
 329              	.L23:
 111:app_lock.c    ****             }     
 112:app_lock.c    ****             Delay_Time.Alarm_Count ++;
 330              		.loc 1 112 0
 331 0154 294B     		ldr	r3, .L28+4
 332 0156 1B88     		ldrh	r3, [r3]
 333 0158 0133     		add	r3, r3, #1
 334 015a 9AB2     		uxth	r2, r3
 335 015c 274B     		ldr	r3, .L28+4
ARM GAS  C:\Users\ADMINI~1.SC-\AppData\Local\Temp\ccy9rXlj.s 			page 9


 336 015e 1A80     		strh	r2, [r3]
 113:app_lock.c    ****             if (Delay_Time.Alarm_Count >= 300)
 337              		.loc 1 113 0
 338 0160 264B     		ldr	r3, .L28+4
 339 0162 1A88     		ldrh	r2, [r3]
 340 0164 2C23     		mov	r3, #44
 341 0166 FF33     		add	r3, r3, #255
 342 0168 9A42     		cmp	r2, r3
 343 016a 0BD9     		bls	.L24
 114:app_lock.c    ****             {
 115:app_lock.c    ****                 Delay_Time.Alarm_Count = 0;
 344              		.loc 1 115 0
 345 016c 234B     		ldr	r3, .L28+4
 346 016e 0022     		mov	r2, #0
 347 0170 1A80     		strh	r2, [r3]
 116:app_lock.c    ****                 BEEP_CLOSE;
 348              		.loc 1 116 0
 349 0172 0020     		mov	r0, #0
 350 0174 FFF7FEFF 		bl	Beep_Ctrl_Write
 117:app_lock.c    ****                 Flag.Alarm_Work_Step = EVENT_0;            
 351              		.loc 1 117 0
 352 0178 214B     		ldr	r3, .L28+8
 353 017a 1A78     		ldrb	r2, [r3]
 354 017c 0721     		mov	r1, #7
 355 017e 8A43     		bic	r2, r1
 356 0180 1A70     		strb	r2, [r3]
 118:app_lock.c    ****             }    
 119:app_lock.c    ****             break;      
 357              		.loc 1 119 0
 358 0182 35E0     		b	.L1
 359              	.L24:
 360 0184 34E0     		b	.L1
 361              	.L8:
 120:app_lock.c    ****             
 121:app_lock.c    ****         case EVENT_5:
 122:app_lock.c    ****             if((Delay_Time.Alarm_Count % 100) == 0)
 362              		.loc 1 122 0
 363 0186 1D4B     		ldr	r3, .L28+4
 364 0188 1B88     		ldrh	r3, [r3]
 365 018a 181C     		mov	r0, r3
 366 018c 6421     		mov	r1, #100
 367 018e FFF7FEFF 		bl	__aeabi_uidivmod
 368 0192 0B1C     		mov	r3, r1
 369 0194 9BB2     		uxth	r3, r3
 370 0196 002B     		cmp	r3, #0
 371 0198 13D1     		bne	.L25
 123:app_lock.c    ****             {
 124:app_lock.c    ****                 if(((Delay_Time.Alarm_Count / 100) % 2) == 0)
 372              		.loc 1 124 0
 373 019a 184B     		ldr	r3, .L28+4
 374 019c 1B88     		ldrh	r3, [r3]
 375 019e 181C     		mov	r0, r3
 376 01a0 6421     		mov	r1, #100
 377 01a2 FFF7FEFF 		bl	__aeabi_uidiv
 378 01a6 031C     		mov	r3, r0
 379 01a8 9BB2     		uxth	r3, r3
 380 01aa 0122     		mov	r2, #1
ARM GAS  C:\Users\ADMINI~1.SC-\AppData\Local\Temp\ccy9rXlj.s 			page 10


 381 01ac 1340     		and	r3, r2
 382 01ae 9BB2     		uxth	r3, r3
 383 01b0 002B     		cmp	r3, #0
 384 01b2 03D1     		bne	.L26
 125:app_lock.c    ****                 {
 126:app_lock.c    ****                     BEEP_OPEN;
 385              		.loc 1 126 0
 386 01b4 0120     		mov	r0, #1
 387 01b6 FFF7FEFF 		bl	Beep_Ctrl_Write
 388 01ba 02E0     		b	.L25
 389              	.L26:
 127:app_lock.c    ****                 }
 128:app_lock.c    ****                 else
 129:app_lock.c    ****                 {
 130:app_lock.c    ****                     BEEP_CLOSE;
 390              		.loc 1 130 0
 391 01bc 0020     		mov	r0, #0
 392 01be FFF7FEFF 		bl	Beep_Ctrl_Write
 393              	.L25:
 131:app_lock.c    ****                 }
 132:app_lock.c    ****             }
 133:app_lock.c    ****             Delay_Time.Alarm_Count ++;
 394              		.loc 1 133 0
 395 01c2 0E4B     		ldr	r3, .L28+4
 396 01c4 1B88     		ldrh	r3, [r3]
 397 01c6 0133     		add	r3, r3, #1
 398 01c8 9AB2     		uxth	r2, r3
 399 01ca 0C4B     		ldr	r3, .L28+4
 400 01cc 1A80     		strh	r2, [r3]
 134:app_lock.c    ****             if(Delay_Time.Alarm_Count >=1000)
 401              		.loc 1 134 0
 402 01ce 0B4B     		ldr	r3, .L28+4
 403 01d0 1B88     		ldrh	r3, [r3]
 404 01d2 0C4A     		ldr	r2, .L28+12
 405 01d4 9342     		cmp	r3, r2
 406 01d6 03D9     		bls	.L27
 135:app_lock.c    ****             {
 136:app_lock.c    ****                 Delay_Time.Alarm_Count = 0;
 407              		.loc 1 136 0
 408 01d8 084B     		ldr	r3, .L28+4
 409 01da 0022     		mov	r2, #0
 410 01dc 1A80     		strh	r2, [r3]
 137:app_lock.c    ****             }
 138:app_lock.c    ****             break;
 411              		.loc 1 138 0
 412 01de 07E0     		b	.L1
 413              	.L27:
 414 01e0 06E0     		b	.L1
 415              	.L2:
 139:app_lock.c    **** 			
 140:app_lock.c    ****         case EVENT_0:	//正常事件
 141:app_lock.c    ****         default:
 142:app_lock.c    ****             Delay_Time.Alarm_Count = 0;
 416              		.loc 1 142 0
 417 01e2 064B     		ldr	r3, .L28+4
 418 01e4 0022     		mov	r2, #0
 419 01e6 1A80     		strh	r2, [r3]
ARM GAS  C:\Users\ADMINI~1.SC-\AppData\Local\Temp\ccy9rXlj.s 			page 11


 143:app_lock.c    ****             BEEP_CLOSE;
 420              		.loc 1 143 0
 421 01e8 0020     		mov	r0, #0
 422 01ea FFF7FEFF 		bl	Beep_Ctrl_Write
 144:app_lock.c    ****             break;
 423              		.loc 1 144 0
 424 01ee C046     		mov	r8, r8
 425              	.L1:
 145:app_lock.c    ****     }
 146:app_lock.c    **** }
 426              		.loc 1 146 0
 427 01f0 BD46     		mov	sp, r7
 428 01f2 02B0     		add	sp, sp, #8
 429              		@ sp needed
 430 01f4 80BD     		pop	{r7, pc}
 431              	.L29:
 432 01f6 C046     		.align	2
 433              	.L28:
 434 01f8 20000000 		.word	.L4
 435 01fc 00000000 		.word	Delay_Time
 436 0200 00000000 		.word	Flag
 437 0204 E7030000 		.word	999
 438              		.cfi_endproc
 439              	.LFE35:
 440              		.size	Alarm_Event, .-Alarm_Event
 441              		.section	.text.Write_Flash,"ax",%progbits
 442              		.align	2
 443              		.global	Write_Flash
 444              		.code	16
 445              		.thumb_func
 446              		.type	Write_Flash, %function
 447              	Write_Flash:
 448              	.LFB36:
 147:app_lock.c    **** 
 148:app_lock.c    **** 
 149:app_lock.c    **** /***********************************************************
 150:app_lock.c    ****  * @function_name: void Write_Flash(uint32 Addr,uint8* Data,uint8 Length)
 151:app_lock.c    ****  * @描  述： 参数存储
 152:app_lock.c    **** ************************************************************/
 153:app_lock.c    **** void Write_Flash(uint8* Data,uint8 Length)
 154:app_lock.c    **** {
 449              		.loc 1 154 0
 450              		.cfi_startproc
 451 0000 80B5     		push	{r7, lr}
 452              		.cfi_def_cfa_offset 8
 453              		.cfi_offset 7, -8
 454              		.cfi_offset 14, -4
 455 0002 A2B0     		sub	sp, sp, #136
 456              		.cfi_def_cfa_offset 144
 457 0004 00AF     		add	r7, sp, #0
 458              		.cfi_def_cfa_register 7
 459 0006 7860     		str	r0, [r7, #4]
 460 0008 0A1C     		mov	r2, r1
 461 000a FB1C     		add	r3, r7, #3
 462 000c 1A70     		strb	r2, [r3]
 155:app_lock.c    ****     uint8 write_buff[0x80] = {0x00};
 463              		.loc 1 155 0
ARM GAS  C:\Users\ADMINI~1.SC-\AppData\Local\Temp\ccy9rXlj.s 			page 12


 464 000e 0823     		mov	r3, #8
 465 0010 FB18     		add	r3, r7, r3
 466 0012 1A1C     		mov	r2, r3
 467 0014 8023     		mov	r3, #128
 468 0016 101C     		mov	r0, r2
 469 0018 0021     		mov	r1, #0
 470 001a 1A1C     		mov	r2, r3
 471 001c FFF7FEFF 		bl	memset
 156:app_lock.c    ****     memcpy(write_buff,Data,Length);
 472              		.loc 1 156 0
 473 0020 FB1C     		add	r3, r7, #3
 474 0022 1B78     		ldrb	r3, [r3]
 475 0024 0822     		mov	r2, #8
 476 0026 B918     		add	r1, r7, r2
 477 0028 7A68     		ldr	r2, [r7, #4]
 478 002a 081C     		mov	r0, r1
 479 002c 111C     		mov	r1, r2
 480 002e 1A1C     		mov	r2, r3
 481 0030 FFF7FEFF 		bl	memcpy
 157:app_lock.c    ****     CySysFlashWriteRow(SysCfg_FLASH_ROW, write_buff);
 482              		.loc 1 157 0
 483 0034 044A     		ldr	r2, .L31
 484 0036 0823     		mov	r3, #8
 485 0038 FB18     		add	r3, r7, r3
 486 003a 101C     		mov	r0, r2
 487 003c 191C     		mov	r1, r3
 488 003e FFF7FEFF 		bl	CySysFlashWriteRow
 158:app_lock.c    **** }
 489              		.loc 1 158 0
 490 0042 BD46     		mov	sp, r7
 491 0044 22B0     		add	sp, sp, #136
 492              		@ sp needed
 493 0046 80BD     		pop	{r7, pc}
 494              	.L32:
 495              		.align	2
 496              	.L31:
 497 0048 FE030000 		.word	1022
 498              		.cfi_endproc
 499              	.LFE36:
 500              		.size	Write_Flash, .-Write_Flash
 501              		.section	.text.Read_Flash,"ax",%progbits
 502              		.align	2
 503              		.global	Read_Flash
 504              		.code	16
 505              		.thumb_func
 506              		.type	Read_Flash, %function
 507              	Read_Flash:
 508              	.LFB37:
 159:app_lock.c    **** 
 160:app_lock.c    **** /***********************************************************
 161:app_lock.c    ****  * @function_name: void Read_Flash(uint32 Addr,uint8* Data,uint8 Length)
 162:app_lock.c    ****  * @描  述： 参数存储
 163:app_lock.c    **** ************************************************************/
 164:app_lock.c    **** void Read_Flash(uint32 Addr,uint8* Data,uint8 Length)
 165:app_lock.c    **** {
 509              		.loc 1 165 0
 510              		.cfi_startproc
ARM GAS  C:\Users\ADMINI~1.SC-\AppData\Local\Temp\ccy9rXlj.s 			page 13


 511 0000 80B5     		push	{r7, lr}
 512              		.cfi_def_cfa_offset 8
 513              		.cfi_offset 7, -8
 514              		.cfi_offset 14, -4
 515 0002 86B0     		sub	sp, sp, #24
 516              		.cfi_def_cfa_offset 32
 517 0004 00AF     		add	r7, sp, #0
 518              		.cfi_def_cfa_register 7
 519 0006 F860     		str	r0, [r7, #12]
 520 0008 B960     		str	r1, [r7, #8]
 521 000a FB1D     		add	r3, r7, #7
 522 000c 1A70     		strb	r2, [r3]
 166:app_lock.c    ****     uint8 i=0;
 523              		.loc 1 166 0
 524 000e 1723     		mov	r3, #23
 525 0010 FB18     		add	r3, r7, r3
 526 0012 0022     		mov	r2, #0
 527 0014 1A70     		strb	r2, [r3]
 167:app_lock.c    ****     for (i = 0; i < Length; i++)
 528              		.loc 1 167 0
 529 0016 1723     		mov	r3, #23
 530 0018 FB18     		add	r3, r7, r3
 531 001a 0022     		mov	r2, #0
 532 001c 1A70     		strb	r2, [r3]
 533 001e 11E0     		b	.L34
 534              	.L35:
 168:app_lock.c    ****     {
 169:app_lock.c    ****         *Data = (*((uint8 *) (Addr + i)));
 535              		.loc 1 169 0 discriminator 3
 536 0020 1723     		mov	r3, #23
 537 0022 FB18     		add	r3, r7, r3
 538 0024 1A78     		ldrb	r2, [r3]
 539 0026 FB68     		ldr	r3, [r7, #12]
 540 0028 D318     		add	r3, r2, r3
 541 002a 1A78     		ldrb	r2, [r3]
 542 002c BB68     		ldr	r3, [r7, #8]
 543 002e 1A70     		strb	r2, [r3]
 170:app_lock.c    ****         Data ++;
 544              		.loc 1 170 0 discriminator 3
 545 0030 BB68     		ldr	r3, [r7, #8]
 546 0032 0133     		add	r3, r3, #1
 547 0034 BB60     		str	r3, [r7, #8]
 167:app_lock.c    ****     for (i = 0; i < Length; i++)
 548              		.loc 1 167 0 discriminator 3
 549 0036 1723     		mov	r3, #23
 550 0038 FB18     		add	r3, r7, r3
 551 003a 1A78     		ldrb	r2, [r3]
 552 003c 1723     		mov	r3, #23
 553 003e FB18     		add	r3, r7, r3
 554 0040 0132     		add	r2, r2, #1
 555 0042 1A70     		strb	r2, [r3]
 556              	.L34:
 167:app_lock.c    ****     for (i = 0; i < Length; i++)
 557              		.loc 1 167 0 is_stmt 0 discriminator 1
 558 0044 1723     		mov	r3, #23
 559 0046 FA18     		add	r2, r7, r3
 560 0048 FB1D     		add	r3, r7, #7
ARM GAS  C:\Users\ADMINI~1.SC-\AppData\Local\Temp\ccy9rXlj.s 			page 14


 561 004a 1278     		ldrb	r2, [r2]
 562 004c 1B78     		ldrb	r3, [r3]
 563 004e 9A42     		cmp	r2, r3
 564 0050 E6D3     		bcc	.L35
 171:app_lock.c    ****     }
 172:app_lock.c    **** }
 565              		.loc 1 172 0 is_stmt 1
 566 0052 BD46     		mov	sp, r7
 567 0054 06B0     		add	sp, sp, #24
 568              		@ sp needed
 569 0056 80BD     		pop	{r7, pc}
 570              		.cfi_endproc
 571              	.LFE37:
 572              		.size	Read_Flash, .-Read_Flash
 573              		.section	.text.Power_Off,"ax",%progbits
 574              		.align	2
 575              		.global	Power_Off
 576              		.code	16
 577              		.thumb_func
 578              		.type	Power_Off, %function
 579              	Power_Off:
 580              	.LFB38:
 173:app_lock.c    **** 
 174:app_lock.c    **** /***********************************************************
 175:app_lock.c    ****  * @function_name: void Power_Off(void)
 176:app_lock.c    ****  * @描  述： 关机程序
 177:app_lock.c    **** ************************************************************/
 178:app_lock.c    **** void Power_Off(void)
 179:app_lock.c    **** {
 581              		.loc 1 179 0
 582              		.cfi_startproc
 583 0000 80B5     		push	{r7, lr}
 584              		.cfi_def_cfa_offset 8
 585              		.cfi_offset 7, -8
 586              		.cfi_offset 14, -4
 587 0002 00AF     		add	r7, sp, #0
 588              		.cfi_def_cfa_register 7
 180:app_lock.c    ****     Delay_Time.Delay_1s ++;
 589              		.loc 1 180 0
 590 0004 104B     		ldr	r3, .L38
 591 0006 DB88     		ldrh	r3, [r3, #6]
 592 0008 0133     		add	r3, r3, #1
 593 000a 9AB2     		uxth	r2, r3
 594 000c 0E4B     		ldr	r3, .L38
 595 000e DA80     		strh	r2, [r3, #6]
 181:app_lock.c    ****     if(Delay_Time.Delay_1s > 1000)       //1S
 596              		.loc 1 181 0
 597 0010 0D4B     		ldr	r3, .L38
 598 0012 DA88     		ldrh	r2, [r3, #6]
 599 0014 FA23     		mov	r3, #250
 600 0016 9B00     		lsl	r3, r3, #2
 601 0018 9A42     		cmp	r2, r3
 602 001a 12D9     		bls	.L36
 182:app_lock.c    ****     {
 183:app_lock.c    ****         Delay_Time.Delay_1s = 0;
 603              		.loc 1 183 0
 604 001c 0A4B     		ldr	r3, .L38
ARM GAS  C:\Users\ADMINI~1.SC-\AppData\Local\Temp\ccy9rXlj.s 			page 15


 605 001e 0022     		mov	r2, #0
 606 0020 DA80     		strh	r2, [r3, #6]
 184:app_lock.c    ****         Delay_Time.Delay_1min ++;
 607              		.loc 1 184 0
 608 0022 094B     		ldr	r3, .L38
 609 0024 1B89     		ldrh	r3, [r3, #8]
 610 0026 0133     		add	r3, r3, #1
 611 0028 9AB2     		uxth	r2, r3
 612 002a 074B     		ldr	r3, .L38
 613 002c 1A81     		strh	r2, [r3, #8]
 185:app_lock.c    ****         if(Delay_Time.Delay_1min >= 120)
 614              		.loc 1 185 0
 615 002e 064B     		ldr	r3, .L38
 616 0030 1B89     		ldrh	r3, [r3, #8]
 617 0032 772B     		cmp	r3, #119
 618 0034 05D9     		bls	.L36
 186:app_lock.c    ****         {
 187:app_lock.c    ****             Delay_Time.Delay_1min = 0;
 619              		.loc 1 187 0
 620 0036 044B     		ldr	r3, .L38
 621 0038 0022     		mov	r2, #0
 622 003a 1A81     		strh	r2, [r3, #8]
 188:app_lock.c    ****             POWERON_OUT_Write(LOW);
 623              		.loc 1 188 0
 624 003c 0020     		mov	r0, #0
 625 003e FFF7FEFF 		bl	POWERON_OUT_Write
 626              	.L36:
 189:app_lock.c    ****         }
 190:app_lock.c    ****     }
 191:app_lock.c    **** }
 627              		.loc 1 191 0
 628 0042 BD46     		mov	sp, r7
 629              		@ sp needed
 630 0044 80BD     		pop	{r7, pc}
 631              	.L39:
 632 0046 C046     		.align	2
 633              	.L38:
 634 0048 00000000 		.word	Delay_Time
 635              		.cfi_endproc
 636              	.LFE38:
 637              		.size	Power_Off, .-Power_Off
 638              		.section	.text.Load_Config,"ax",%progbits
 639              		.align	2
 640              		.global	Load_Config
 641              		.code	16
 642              		.thumb_func
 643              		.type	Load_Config, %function
 644              	Load_Config:
 645              	.LFB39:
 192:app_lock.c    **** 
 193:app_lock.c    **** /***********************************************************
 194:app_lock.c    ****  * @function_name: void Load_Config(void)
 195:app_lock.c    ****  * @描  述： 参数存储
 196:app_lock.c    **** ************************************************************/
 197:app_lock.c    **** void Load_Config(void)
 198:app_lock.c    **** {
 646              		.loc 1 198 0
ARM GAS  C:\Users\ADMINI~1.SC-\AppData\Local\Temp\ccy9rXlj.s 			page 16


 647              		.cfi_startproc
 648 0000 90B5     		push	{r4, r7, lr}
 649              		.cfi_def_cfa_offset 12
 650              		.cfi_offset 4, -12
 651              		.cfi_offset 7, -8
 652              		.cfi_offset 14, -4
 653 0002 83B0     		sub	sp, sp, #12
 654              		.cfi_def_cfa_offset 24
 655 0004 00AF     		add	r7, sp, #0
 656              		.cfi_def_cfa_register 7
 199:app_lock.c    ****     uint8 sum;
 200:app_lock.c    **** 
 201:app_lock.c    ****     Read_Flash(SysCfg_FLASH_ADDR, (uint8 *)&System_Config, sizeof(System_Config));
 657              		.loc 1 201 0
 658 0006 374A     		ldr	r2, .L42
 659 0008 374B     		ldr	r3, .L42+4
 660 000a 101C     		mov	r0, r2
 661 000c 191C     		mov	r1, r3
 662 000e 2622     		mov	r2, #38
 663 0010 FFF7FEFF 		bl	Read_Flash
 202:app_lock.c    ****     sum = CRC_Sum((uint8 *)&System_Config, sizeof(System_Config)-1);
 664              		.loc 1 202 0
 665 0014 FC1D     		add	r4, r7, #7
 666 0016 344B     		ldr	r3, .L42+4
 667 0018 181C     		mov	r0, r3
 668 001a 2521     		mov	r1, #37
 669 001c FFF7FEFF 		bl	CRC_Sum
 670 0020 031C     		mov	r3, r0
 671 0022 2370     		strb	r3, [r4]
 203:app_lock.c    ****     if(sum != System_Config.sum)
 672              		.loc 1 203 0
 673 0024 304B     		ldr	r3, .L42+4
 674 0026 2522     		mov	r2, #37
 675 0028 9B5C     		ldrb	r3, [r3, r2]
 676 002a FA1D     		add	r2, r7, #7
 677 002c 1278     		ldrb	r2, [r2]
 678 002e 9A42     		cmp	r2, r3
 679 0030 54D0     		beq	.L40
 204:app_lock.c    ****     {
 205:app_lock.c    ****         memcpy(System_Config.ManageKey,Manage_Key,16);
 680              		.loc 1 205 0
 681 0032 2D4B     		ldr	r3, .L42+4
 682 0034 2D4A     		ldr	r2, .L42+8
 683 0036 13CA     		ldmia	r2!, {r0, r1, r4}
 684 0038 13C3     		stmia	r3!, {r0, r1, r4}
 685 003a 1268     		ldr	r2, [r2]
 686 003c 1A60     		str	r2, [r3]
 206:app_lock.c    ****         System_Config.DeviceID[0] = 0x01;
 687              		.loc 1 206 0
 688 003e 2A4B     		ldr	r3, .L42+4
 689 0040 0122     		mov	r2, #1
 690 0042 1A74     		strb	r2, [r3, #16]
 207:app_lock.c    ****         System_Config.DeviceID[1] = 0x02;
 691              		.loc 1 207 0
 692 0044 284B     		ldr	r3, .L42+4
 693 0046 0222     		mov	r2, #2
 694 0048 5A74     		strb	r2, [r3, #17]
ARM GAS  C:\Users\ADMINI~1.SC-\AppData\Local\Temp\ccy9rXlj.s 			page 17


 208:app_lock.c    ****         System_Config.DeviceID[2] = 0x03;
 695              		.loc 1 208 0
 696 004a 274B     		ldr	r3, .L42+4
 697 004c 0322     		mov	r2, #3
 698 004e 9A74     		strb	r2, [r3, #18]
 209:app_lock.c    ****         System_Config.DeviceID[3] = 0x04;
 699              		.loc 1 209 0
 700 0050 254B     		ldr	r3, .L42+4
 701 0052 0422     		mov	r2, #4
 702 0054 DA74     		strb	r2, [r3, #19]
 210:app_lock.c    ****         
 211:app_lock.c    ****         System_Config.root_key[0] = 0xa0;
 703              		.loc 1 211 0
 704 0056 244B     		ldr	r3, .L42+4
 705 0058 A022     		mov	r2, #160
 706 005a 1A75     		strb	r2, [r3, #20]
 212:app_lock.c    ****         System_Config.root_key[1] = 0xa1;
 707              		.loc 1 212 0
 708 005c 224B     		ldr	r3, .L42+4
 709 005e A122     		mov	r2, #161
 710 0060 5A75     		strb	r2, [r3, #21]
 213:app_lock.c    ****         System_Config.root_key[2] = 0xa2;
 711              		.loc 1 213 0
 712 0062 214B     		ldr	r3, .L42+4
 713 0064 A222     		mov	r2, #162
 714 0066 9A75     		strb	r2, [r3, #22]
 214:app_lock.c    ****         System_Config.root_key[3] = 0xa3;
 715              		.loc 1 214 0
 716 0068 1F4B     		ldr	r3, .L42+4
 717 006a A322     		mov	r2, #163
 718 006c DA75     		strb	r2, [r3, #23]
 215:app_lock.c    ****         System_Config.root_key[4] = 0xa4;
 719              		.loc 1 215 0
 720 006e 1E4B     		ldr	r3, .L42+4
 721 0070 A422     		mov	r2, #164
 722 0072 1A76     		strb	r2, [r3, #24]
 216:app_lock.c    ****         System_Config.root_key[5] = 0xa5;
 723              		.loc 1 216 0
 724 0074 1C4B     		ldr	r3, .L42+4
 725 0076 A522     		mov	r2, #165
 726 0078 5A76     		strb	r2, [r3, #25]
 217:app_lock.c    ****         System_Config.root_key[6] = 0xa6;
 727              		.loc 1 217 0
 728 007a 1B4B     		ldr	r3, .L42+4
 729 007c A622     		mov	r2, #166
 730 007e 9A76     		strb	r2, [r3, #26]
 218:app_lock.c    ****         System_Config.root_key[7] = 0xa7;
 731              		.loc 1 218 0
 732 0080 194B     		ldr	r3, .L42+4
 733 0082 A722     		mov	r2, #167
 734 0084 DA76     		strb	r2, [r3, #27]
 219:app_lock.c    ****         
 220:app_lock.c    ****         System_Config.ctrl_key[0] = 0xb0;
 735              		.loc 1 220 0
 736 0086 184B     		ldr	r3, .L42+4
 737 0088 B022     		mov	r2, #176
 738 008a 1A77     		strb	r2, [r3, #28]
ARM GAS  C:\Users\ADMINI~1.SC-\AppData\Local\Temp\ccy9rXlj.s 			page 18


 221:app_lock.c    ****         System_Config.ctrl_key[1] = 0xb1;
 739              		.loc 1 221 0
 740 008c 164B     		ldr	r3, .L42+4
 741 008e B122     		mov	r2, #177
 742 0090 5A77     		strb	r2, [r3, #29]
 222:app_lock.c    ****         System_Config.ctrl_key[2] = 0xb2;
 743              		.loc 1 222 0
 744 0092 154B     		ldr	r3, .L42+4
 745 0094 B222     		mov	r2, #178
 746 0096 9A77     		strb	r2, [r3, #30]
 223:app_lock.c    ****         System_Config.ctrl_key[3] = 0xb3;
 747              		.loc 1 223 0
 748 0098 134B     		ldr	r3, .L42+4
 749 009a B322     		mov	r2, #179
 750 009c DA77     		strb	r2, [r3, #31]
 224:app_lock.c    ****         System_Config.ctrl_key[4] = 0xb4;
 751              		.loc 1 224 0
 752 009e 124B     		ldr	r3, .L42+4
 753 00a0 2022     		mov	r2, #32
 754 00a2 B421     		mov	r1, #180
 755 00a4 9954     		strb	r1, [r3, r2]
 225:app_lock.c    ****         System_Config.ctrl_key[5] = 0xb5;
 756              		.loc 1 225 0
 757 00a6 104B     		ldr	r3, .L42+4
 758 00a8 2122     		mov	r2, #33
 759 00aa B521     		mov	r1, #181
 760 00ac 9954     		strb	r1, [r3, r2]
 226:app_lock.c    ****         System_Config.ctrl_key[6] = 0xb6;
 761              		.loc 1 226 0
 762 00ae 0E4B     		ldr	r3, .L42+4
 763 00b0 2222     		mov	r2, #34
 764 00b2 B621     		mov	r1, #182
 765 00b4 9954     		strb	r1, [r3, r2]
 227:app_lock.c    ****         System_Config.ctrl_key[7] = 0xb7;
 766              		.loc 1 227 0
 767 00b6 0C4B     		ldr	r3, .L42+4
 768 00b8 2322     		mov	r2, #35
 769 00ba B721     		mov	r1, #183
 770 00bc 9954     		strb	r1, [r3, r2]
 228:app_lock.c    ****         
 229:app_lock.c    ****         System_Config.sum = CRC_Sum((uint8 *)&System_Config,sizeof(System_Config)-1);
 771              		.loc 1 229 0
 772 00be 0A4B     		ldr	r3, .L42+4
 773 00c0 181C     		mov	r0, r3
 774 00c2 2521     		mov	r1, #37
 775 00c4 FFF7FEFF 		bl	CRC_Sum
 776 00c8 031C     		mov	r3, r0
 777 00ca 191C     		mov	r1, r3
 778 00cc 064B     		ldr	r3, .L42+4
 779 00ce 2522     		mov	r2, #37
 780 00d0 9954     		strb	r1, [r3, r2]
 230:app_lock.c    ****         Write_Flash((uint8 *)&System_Config, sizeof(System_Config));
 781              		.loc 1 230 0
 782 00d2 054B     		ldr	r3, .L42+4
 783 00d4 181C     		mov	r0, r3
 784 00d6 2621     		mov	r1, #38
 785 00d8 FFF7FEFF 		bl	Write_Flash
ARM GAS  C:\Users\ADMINI~1.SC-\AppData\Local\Temp\ccy9rXlj.s 			page 19


 786              	.L40:
 231:app_lock.c    ****     }
 232:app_lock.c    **** }
 787              		.loc 1 232 0
 788 00dc BD46     		mov	sp, r7
 789 00de 03B0     		add	sp, sp, #12
 790              		@ sp needed
 791 00e0 90BD     		pop	{r4, r7, pc}
 792              	.L43:
 793 00e2 C046     		.align	2
 794              	.L42:
 795 00e4 00FF0100 		.word	130816
 796 00e8 00000000 		.word	System_Config
 797 00ec 00000000 		.word	Manage_Key
 798              		.cfi_endproc
 799              	.LFE39:
 800              		.size	Load_Config, .-Load_Config
 801              		.text
 802              	.Letext0:
 803              		.file 2 "Generated_Source\\PSoC4/cytypes.h"
 804              		.file 3 "app_lock.h"
 805              		.file 4 "Generated_Source\\PSoC4/BLE_Stack.h"
 806              		.section	.debug_info,"",%progbits
 807              	.Ldebug_info0:
 808 0000 15050000 		.4byte	0x515
 809 0004 0400     		.2byte	0x4
 810 0006 00000000 		.4byte	.Ldebug_abbrev0
 811 000a 04       		.byte	0x4
 812 000b 01       		.uleb128 0x1
 813 000c 13060000 		.4byte	.LASF109
 814 0010 01       		.byte	0x1
 815 0011 99080000 		.4byte	.LASF110
 816 0015 DF020000 		.4byte	.LASF111
 817 0019 00000000 		.4byte	.Ldebug_ranges0+0
 818 001d 00000000 		.4byte	0
 819 0021 00000000 		.4byte	.Ldebug_line0
 820 0025 02       		.uleb128 0x2
 821 0026 01       		.byte	0x1
 822 0027 06       		.byte	0x6
 823 0028 DF040000 		.4byte	.LASF0
 824 002c 02       		.uleb128 0x2
 825 002d 01       		.byte	0x1
 826 002e 08       		.byte	0x8
 827 002f 56040000 		.4byte	.LASF1
 828 0033 02       		.uleb128 0x2
 829 0034 02       		.byte	0x2
 830 0035 05       		.byte	0x5
 831 0036 6B020000 		.4byte	.LASF2
 832 003a 02       		.uleb128 0x2
 833 003b 02       		.byte	0x2
 834 003c 07       		.byte	0x7
 835 003d DE050000 		.4byte	.LASF3
 836 0041 02       		.uleb128 0x2
 837 0042 04       		.byte	0x4
 838 0043 05       		.byte	0x5
 839 0044 10030000 		.4byte	.LASF4
 840 0048 02       		.uleb128 0x2
ARM GAS  C:\Users\ADMINI~1.SC-\AppData\Local\Temp\ccy9rXlj.s 			page 20


 841 0049 04       		.byte	0x4
 842 004a 07       		.byte	0x7
 843 004b 77050000 		.4byte	.LASF5
 844 004f 02       		.uleb128 0x2
 845 0050 08       		.byte	0x8
 846 0051 05       		.byte	0x5
 847 0052 BA020000 		.4byte	.LASF6
 848 0056 02       		.uleb128 0x2
 849 0057 08       		.byte	0x8
 850 0058 07       		.byte	0x7
 851 0059 C8020000 		.4byte	.LASF7
 852 005d 03       		.uleb128 0x3
 853 005e 04       		.byte	0x4
 854 005f 05       		.byte	0x5
 855 0060 696E7400 		.ascii	"int\000"
 856 0064 02       		.uleb128 0x2
 857 0065 04       		.byte	0x4
 858 0066 07       		.byte	0x7
 859 0067 53090000 		.4byte	.LASF8
 860 006b 04       		.uleb128 0x4
 861 006c 1F040000 		.4byte	.LASF9
 862 0070 02       		.byte	0x2
 863 0071 C2       		.byte	0xc2
 864 0072 2C000000 		.4byte	0x2c
 865 0076 04       		.uleb128 0x4
 866 0077 7B010000 		.4byte	.LASF10
 867 007b 02       		.byte	0x2
 868 007c C3       		.byte	0xc3
 869 007d 3A000000 		.4byte	0x3a
 870 0081 04       		.uleb128 0x4
 871 0082 19070000 		.4byte	.LASF11
 872 0086 02       		.byte	0x2
 873 0087 C4       		.byte	0xc4
 874 0088 48000000 		.4byte	0x48
 875 008c 02       		.uleb128 0x2
 876 008d 04       		.byte	0x4
 877 008e 04       		.byte	0x4
 878 008f 81020000 		.4byte	.LASF12
 879 0093 02       		.uleb128 0x2
 880 0094 08       		.byte	0x8
 881 0095 04       		.byte	0x4
 882 0096 6C070000 		.4byte	.LASF13
 883 009a 02       		.uleb128 0x2
 884 009b 01       		.byte	0x1
 885 009c 08       		.byte	0x8
 886 009d 00060000 		.4byte	.LASF14
 887 00a1 02       		.uleb128 0x2
 888 00a2 04       		.byte	0x4
 889 00a3 07       		.byte	0x7
 890 00a4 D8000000 		.4byte	.LASF15
 891 00a8 05       		.uleb128 0x5
 892 00a9 04       		.byte	0x4
 893 00aa 6B000000 		.4byte	0x6b
 894 00ae 06       		.uleb128 0x6
 895 00af 01       		.byte	0x1
 896 00b0 04       		.byte	0x4
 897 00b1 A4       		.byte	0xa4
ARM GAS  C:\Users\ADMINI~1.SC-\AppData\Local\Temp\ccy9rXlj.s 			page 21


 898 00b2 33020000 		.4byte	0x233
 899 00b6 07       		.uleb128 0x7
 900 00b7 0B020000 		.4byte	.LASF16
 901 00bb 00       		.sleb128 0
 902 00bc 07       		.uleb128 0x7
 903 00bd 42010000 		.4byte	.LASF17
 904 00c1 01       		.sleb128 1
 905 00c2 07       		.uleb128 0x7
 906 00c3 A4080000 		.4byte	.LASF18
 907 00c7 02       		.sleb128 2
 908 00c8 07       		.uleb128 0x7
 909 00c9 B4070000 		.4byte	.LASF19
 910 00cd 03       		.sleb128 3
 911 00ce 07       		.uleb128 0x7
 912 00cf 0C010000 		.4byte	.LASF20
 913 00d3 04       		.sleb128 4
 914 00d4 07       		.uleb128 0x7
 915 00d5 AE030000 		.4byte	.LASF21
 916 00d9 05       		.sleb128 5
 917 00da 07       		.uleb128 0x7
 918 00db 12080000 		.4byte	.LASF22
 919 00df 20       		.sleb128 32
 920 00e0 07       		.uleb128 0x7
 921 00e1 89050000 		.4byte	.LASF23
 922 00e5 21       		.sleb128 33
 923 00e6 07       		.uleb128 0x7
 924 00e7 12000000 		.4byte	.LASF24
 925 00eb 22       		.sleb128 34
 926 00ec 07       		.uleb128 0x7
 927 00ed CF030000 		.4byte	.LASF25
 928 00f1 23       		.sleb128 35
 929 00f2 07       		.uleb128 0x7
 930 00f3 36050000 		.4byte	.LASF26
 931 00f7 24       		.sleb128 36
 932 00f8 07       		.uleb128 0x7
 933 00f9 BE000000 		.4byte	.LASF27
 934 00fd 25       		.sleb128 37
 935 00fe 07       		.uleb128 0x7
 936 00ff 65030000 		.4byte	.LASF28
 937 0103 26       		.sleb128 38
 938 0104 07       		.uleb128 0x7
 939 0105 46030000 		.4byte	.LASF29
 940 0109 27       		.sleb128 39
 941 010a 07       		.uleb128 0x7
 942 010b 72090000 		.4byte	.LASF30
 943 010f 28       		.sleb128 40
 944 0110 07       		.uleb128 0x7
 945 0111 C1050000 		.4byte	.LASF31
 946 0115 29       		.sleb128 41
 947 0116 07       		.uleb128 0x7
 948 0117 41000000 		.4byte	.LASF32
 949 011b 2A       		.sleb128 42
 950 011c 07       		.uleb128 0x7
 951 011d DA080000 		.4byte	.LASF33
 952 0121 2B       		.sleb128 43
 953 0122 07       		.uleb128 0x7
 954 0123 9D010000 		.4byte	.LASF34
ARM GAS  C:\Users\ADMINI~1.SC-\AppData\Local\Temp\ccy9rXlj.s 			page 22


 955 0127 2C       		.sleb128 44
 956 0128 07       		.uleb128 0x7
 957 0129 77000000 		.4byte	.LASF35
 958 012d C000     		.sleb128 64
 959 012f 07       		.uleb128 0x7
 960 0130 5C050000 		.4byte	.LASF36
 961 0134 C100     		.sleb128 65
 962 0136 07       		.uleb128 0x7
 963 0137 B8090000 		.4byte	.LASF37
 964 013b C200     		.sleb128 66
 965 013d 07       		.uleb128 0x7
 966 013e 5D010000 		.4byte	.LASF38
 967 0142 C300     		.sleb128 67
 968 0144 07       		.uleb128 0x7
 969 0145 7B080000 		.4byte	.LASF39
 970 0149 C400     		.sleb128 68
 971 014b 07       		.uleb128 0x7
 972 014c 36080000 		.4byte	.LASF40
 973 0150 C500     		.sleb128 69
 974 0152 07       		.uleb128 0x7
 975 0153 21010000 		.4byte	.LASF41
 976 0157 C600     		.sleb128 70
 977 0159 07       		.uleb128 0x7
 978 015a C1040000 		.4byte	.LASF42
 979 015e C700     		.sleb128 71
 980 0160 07       		.uleb128 0x7
 981 0161 0F050000 		.4byte	.LASF43
 982 0165 C800     		.sleb128 72
 983 0167 07       		.uleb128 0x7
 984 0168 87020000 		.4byte	.LASF44
 985 016c C900     		.sleb128 73
 986 016e 07       		.uleb128 0x7
 987 016f CF060000 		.4byte	.LASF45
 988 0173 CA00     		.sleb128 74
 989 0175 07       		.uleb128 0x7
 990 0176 C1010000 		.4byte	.LASF46
 991 017a CB00     		.sleb128 75
 992 017c 07       		.uleb128 0x7
 993 017d EB040000 		.4byte	.LASF47
 994 0181 CC00     		.sleb128 76
 995 0183 07       		.uleb128 0x7
 996 0184 A0020000 		.4byte	.LASF48
 997 0188 CD00     		.sleb128 77
 998 018a 07       		.uleb128 0x7
 999 018b 5D080000 		.4byte	.LASF49
 1000 018f CE00     		.sleb128 78
 1001 0191 07       		.uleb128 0x7
 1002 0192 6E040000 		.4byte	.LASF50
 1003 0196 CF00     		.sleb128 79
 1004 0198 07       		.uleb128 0x7
 1005 0199 9A000000 		.4byte	.LASF51
 1006 019d D000     		.sleb128 80
 1007 019f 07       		.uleb128 0x7
 1008 01a0 FA060000 		.4byte	.LASF52
 1009 01a4 D100     		.sleb128 81
 1010 01a6 07       		.uleb128 0x7
 1011 01a7 8D030000 		.4byte	.LASF53
ARM GAS  C:\Users\ADMINI~1.SC-\AppData\Local\Temp\ccy9rXlj.s 			page 23


 1012 01ab D200     		.sleb128 82
 1013 01ad 07       		.uleb128 0x7
 1014 01ae 19030000 		.4byte	.LASF54
 1015 01b2 D300     		.sleb128 83
 1016 01b4 07       		.uleb128 0x7
 1017 01b5 EA010000 		.4byte	.LASF55
 1018 01b9 D400     		.sleb128 84
 1019 01bb 07       		.uleb128 0x7
 1020 01bc 94090000 		.4byte	.LASF56
 1021 01c0 D500     		.sleb128 85
 1022 01c2 07       		.uleb128 0x7
 1023 01c3 31090000 		.4byte	.LASF57
 1024 01c7 D600     		.sleb128 86
 1025 01c9 07       		.uleb128 0x7
 1026 01ca 08090000 		.4byte	.LASF58
 1027 01ce D700     		.sleb128 87
 1028 01d0 07       		.uleb128 0x7
 1029 01d1 30040000 		.4byte	.LASF59
 1030 01d5 F000     		.sleb128 112
 1031 01d7 07       		.uleb128 0x7
 1032 01d8 EC070000 		.4byte	.LASF60
 1033 01dc F100     		.sleb128 113
 1034 01de 07       		.uleb128 0x7
 1035 01df F5030000 		.4byte	.LASF61
 1036 01e3 F200     		.sleb128 114
 1037 01e5 07       		.uleb128 0x7
 1038 01e6 2C020000 		.4byte	.LASF62
 1039 01ea F300     		.sleb128 115
 1040 01ec 07       		.uleb128 0x7
 1041 01ed 96070000 		.4byte	.LASF63
 1042 01f1 F400     		.sleb128 116
 1043 01f3 07       		.uleb128 0x7
 1044 01f4 A0050000 		.4byte	.LASF64
 1045 01f8 F500     		.sleb128 117
 1046 01fa 07       		.uleb128 0x7
 1047 01fb 4A020000 		.4byte	.LASF65
 1048 01ff F600     		.sleb128 118
 1049 0201 07       		.uleb128 0x7
 1050 0202 CD070000 		.4byte	.LASF66
 1051 0206 F700     		.sleb128 119
 1052 0208 07       		.uleb128 0x7
 1053 0209 3E070000 		.4byte	.LASF67
 1054 020d F800     		.sleb128 120
 1055 020f 07       		.uleb128 0x7
 1056 0210 73070000 		.4byte	.LASF68
 1057 0214 F900     		.sleb128 121
 1058 0216 07       		.uleb128 0x7
 1059 0217 B6080000 		.4byte	.LASF69
 1060 021b FA00     		.sleb128 122
 1061 021d 07       		.uleb128 0x7
 1062 021e 20070000 		.4byte	.LASF70
 1063 0222 FA01     		.sleb128 250
 1064 0224 07       		.uleb128 0x7
 1065 0225 8D040000 		.4byte	.LASF71
 1066 0229 FB01     		.sleb128 251
 1067 022b 07       		.uleb128 0x7
 1068 022c 11040000 		.4byte	.LASF72
ARM GAS  C:\Users\ADMINI~1.SC-\AppData\Local\Temp\ccy9rXlj.s 			page 24


 1069 0230 FF01     		.sleb128 255
 1070 0232 00       		.byte	0
 1071 0233 08       		.uleb128 0x8
 1072 0234 6B000000 		.4byte	0x6b
 1073 0238 43020000 		.4byte	0x243
 1074 023c 09       		.uleb128 0x9
 1075 023d A1000000 		.4byte	0xa1
 1076 0241 0F       		.byte	0xf
 1077 0242 00       		.byte	0
 1078 0243 0A       		.uleb128 0xa
 1079 0244 26       		.byte	0x26
 1080 0245 03       		.byte	0x3
 1081 0246 34       		.byte	0x34
 1082 0247 94020000 		.4byte	0x294
 1083 024b 0B       		.uleb128 0xb
 1084 024c 64040000 		.4byte	.LASF73
 1085 0250 03       		.byte	0x3
 1086 0251 36       		.byte	0x36
 1087 0252 33020000 		.4byte	0x233
 1088 0256 00       		.byte	0
 1089 0257 0B       		.uleb128 0xb
 1090 0258 91000000 		.4byte	.LASF74
 1091 025c 03       		.byte	0x3
 1092 025d 37       		.byte	0x37
 1093 025e 94020000 		.4byte	0x294
 1094 0262 10       		.byte	0x10
 1095 0263 0B       		.uleb128 0xb
 1096 0264 BF060000 		.4byte	.LASF75
 1097 0268 03       		.byte	0x3
 1098 0269 38       		.byte	0x38
 1099 026a A4020000 		.4byte	0x2a4
 1100 026e 14       		.byte	0x14
 1101 026f 0B       		.uleb128 0xb
 1102 0270 AC040000 		.4byte	.LASF76
 1103 0274 03       		.byte	0x3
 1104 0275 39       		.byte	0x39
 1105 0276 A4020000 		.4byte	0x2a4
 1106 027a 1C       		.byte	0x1c
 1107 027b 0B       		.uleb128 0xb
 1108 027c 6A000000 		.4byte	.LASF77
 1109 0280 03       		.byte	0x3
 1110 0281 3A       		.byte	0x3a
 1111 0282 6B000000 		.4byte	0x6b
 1112 0286 24       		.byte	0x24
 1113 0287 0C       		.uleb128 0xc
 1114 0288 73756D00 		.ascii	"sum\000"
 1115 028c 03       		.byte	0x3
 1116 028d 3B       		.byte	0x3b
 1117 028e 6B000000 		.4byte	0x6b
 1118 0292 25       		.byte	0x25
 1119 0293 00       		.byte	0
 1120 0294 08       		.uleb128 0x8
 1121 0295 6B000000 		.4byte	0x6b
 1122 0299 A4020000 		.4byte	0x2a4
 1123 029d 09       		.uleb128 0x9
 1124 029e A1000000 		.4byte	0xa1
 1125 02a2 03       		.byte	0x3
ARM GAS  C:\Users\ADMINI~1.SC-\AppData\Local\Temp\ccy9rXlj.s 			page 25


 1126 02a3 00       		.byte	0
 1127 02a4 08       		.uleb128 0x8
 1128 02a5 6B000000 		.4byte	0x6b
 1129 02a9 B4020000 		.4byte	0x2b4
 1130 02ad 09       		.uleb128 0x9
 1131 02ae A1000000 		.4byte	0xa1
 1132 02b2 07       		.byte	0x7
 1133 02b3 00       		.byte	0
 1134 02b4 04       		.uleb128 0x4
 1135 02b5 82010000 		.4byte	.LASF78
 1136 02b9 03       		.byte	0x3
 1137 02ba 3C       		.byte	0x3c
 1138 02bb 43020000 		.4byte	0x243
 1139 02bf 0A       		.uleb128 0xa
 1140 02c0 0F       		.byte	0xf
 1141 02c1 03       		.byte	0x3
 1142 02c2 42       		.byte	0x42
 1143 02c3 F8020000 		.4byte	0x2f8
 1144 02c7 0B       		.uleb128 0xb
 1145 02c8 91000000 		.4byte	.LASF74
 1146 02cc 03       		.byte	0x3
 1147 02cd 44       		.byte	0x44
 1148 02ce 94020000 		.4byte	0x294
 1149 02d2 00       		.byte	0
 1150 02d3 0B       		.uleb128 0xb
 1151 02d4 B7060000 		.4byte	.LASF79
 1152 02d8 03       		.byte	0x3
 1153 02d9 45       		.byte	0x45
 1154 02da F8020000 		.4byte	0x2f8
 1155 02de 04       		.byte	0x4
 1156 02df 0B       		.uleb128 0xb
 1157 02e0 05050000 		.4byte	.LASF80
 1158 02e4 03       		.byte	0x3
 1159 02e5 46       		.byte	0x46
 1160 02e6 6B000000 		.4byte	0x6b
 1161 02ea 06       		.byte	0x6
 1162 02eb 0B       		.uleb128 0xb
 1163 02ec 55010000 		.4byte	.LASF81
 1164 02f0 03       		.byte	0x3
 1165 02f1 47       		.byte	0x47
 1166 02f2 A4020000 		.4byte	0x2a4
 1167 02f6 07       		.byte	0x7
 1168 02f7 00       		.byte	0
 1169 02f8 08       		.uleb128 0x8
 1170 02f9 6B000000 		.4byte	0x6b
 1171 02fd 08030000 		.4byte	0x308
 1172 0301 09       		.uleb128 0x9
 1173 0302 A1000000 		.4byte	0xa1
 1174 0306 01       		.byte	0x1
 1175 0307 00       		.byte	0
 1176 0308 04       		.uleb128 0x4
 1177 0309 52050000 		.4byte	.LASF82
 1178 030d 03       		.byte	0x3
 1179 030e 48       		.byte	0x48
 1180 030f BF020000 		.4byte	0x2bf
 1181 0313 0A       		.uleb128 0xa
 1182 0314 0A       		.byte	0xa
ARM GAS  C:\Users\ADMINI~1.SC-\AppData\Local\Temp\ccy9rXlj.s 			page 26


 1183 0315 03       		.byte	0x3
 1184 0316 50       		.byte	0x50
 1185 0317 64030000 		.4byte	0x364
 1186 031b 0B       		.uleb128 0xb
 1187 031c 60090000 		.4byte	.LASF83
 1188 0320 03       		.byte	0x3
 1189 0321 52       		.byte	0x52
 1190 0322 76000000 		.4byte	0x76
 1191 0326 00       		.byte	0
 1192 0327 0B       		.uleb128 0xb
 1193 0328 EE000000 		.4byte	.LASF84
 1194 032c 03       		.byte	0x3
 1195 032d 54       		.byte	0x54
 1196 032e 76000000 		.4byte	0x76
 1197 0332 02       		.byte	0x2
 1198 0333 0B       		.uleb128 0xb
 1199 0334 ED060000 		.4byte	.LASF85
 1200 0338 03       		.byte	0x3
 1201 0339 55       		.byte	0x55
 1202 033a 6B000000 		.4byte	0x6b
 1203 033e 04       		.byte	0x4
 1204 033f 0B       		.uleb128 0xb
 1205 0340 F6050000 		.4byte	.LASF86
 1206 0344 03       		.byte	0x3
 1207 0345 57       		.byte	0x57
 1208 0346 6B000000 		.4byte	0x6b
 1209 034a 05       		.byte	0x5
 1210 034b 0B       		.uleb128 0xb
 1211 034c D6090000 		.4byte	.LASF87
 1212 0350 03       		.byte	0x3
 1213 0351 58       		.byte	0x58
 1214 0352 76000000 		.4byte	0x76
 1215 0356 06       		.byte	0x6
 1216 0357 0B       		.uleb128 0xb
 1217 0358 25040000 		.4byte	.LASF88
 1218 035c 03       		.byte	0x3
 1219 035d 59       		.byte	0x59
 1220 035e 76000000 		.4byte	0x76
 1221 0362 08       		.byte	0x8
 1222 0363 00       		.byte	0
 1223 0364 04       		.uleb128 0x4
 1224 0365 E0010000 		.4byte	.LASF89
 1225 0369 03       		.byte	0x3
 1226 036a 5A       		.byte	0x5a
 1227 036b 13030000 		.4byte	0x313
 1228 036f 0A       		.uleb128 0xa
 1229 0370 04       		.byte	0x4
 1230 0371 03       		.byte	0x3
 1231 0372 60       		.byte	0x60
 1232 0373 A5030000 		.4byte	0x3a5
 1233 0377 0D       		.uleb128 0xd
 1234 0378 8D010000 		.4byte	.LASF90
 1235 037c 03       		.byte	0x3
 1236 037d 62       		.byte	0x62
 1237 037e 64000000 		.4byte	0x64
 1238 0382 04       		.byte	0x4
 1239 0383 03       		.byte	0x3
ARM GAS  C:\Users\ADMINI~1.SC-\AppData\Local\Temp\ccy9rXlj.s 			page 27


 1240 0384 1D       		.byte	0x1d
 1241 0385 00       		.byte	0
 1242 0386 0D       		.uleb128 0xd
 1243 0387 00000000 		.4byte	.LASF91
 1244 038b 03       		.byte	0x3
 1245 038c 63       		.byte	0x63
 1246 038d 64000000 		.4byte	0x64
 1247 0391 04       		.byte	0x4
 1248 0392 01       		.byte	0x1
 1249 0393 1C       		.byte	0x1c
 1250 0394 00       		.byte	0
 1251 0395 0D       		.uleb128 0xd
 1252 0396 F9080000 		.4byte	.LASF92
 1253 039a 03       		.byte	0x3
 1254 039b 65       		.byte	0x65
 1255 039c 64000000 		.4byte	0x64
 1256 03a0 04       		.byte	0x4
 1257 03a1 01       		.byte	0x1
 1258 03a2 1B       		.byte	0x1b
 1259 03a3 00       		.byte	0
 1260 03a4 00       		.byte	0
 1261 03a5 04       		.uleb128 0x4
 1262 03a6 07010000 		.4byte	.LASF93
 1263 03aa 03       		.byte	0x3
 1264 03ab 67       		.byte	0x67
 1265 03ac 6F030000 		.4byte	0x36f
 1266 03b0 0E       		.uleb128 0xe
 1267 03b1 75020000 		.4byte	.LASF94
 1268 03b5 01       		.byte	0x1
 1269 03b6 29       		.byte	0x29
 1270 03b7 00000000 		.4byte	.LFB35
 1271 03bb 08020000 		.4byte	.LFE35-.LFB35
 1272 03bf 01       		.uleb128 0x1
 1273 03c0 9C       		.byte	0x9c
 1274 03c1 D4030000 		.4byte	0x3d4
 1275 03c5 0F       		.uleb128 0xf
 1276 03c6 6C090000 		.4byte	.LASF96
 1277 03ca 01       		.byte	0x1
 1278 03cb 29       		.byte	0x29
 1279 03cc 6B000000 		.4byte	0x6b
 1280 03d0 02       		.uleb128 0x2
 1281 03d1 91       		.byte	0x91
 1282 03d2 77       		.sleb128 -9
 1283 03d3 00       		.byte	0
 1284 03d4 0E       		.uleb128 0xe
 1285 03d5 B5040000 		.4byte	.LASF95
 1286 03d9 01       		.byte	0x1
 1287 03da 99       		.byte	0x99
 1288 03db 00000000 		.4byte	.LFB36
 1289 03df 4C000000 		.4byte	.LFE36-.LFB36
 1290 03e3 01       		.uleb128 0x1
 1291 03e4 9C       		.byte	0x9c
 1292 03e5 17040000 		.4byte	0x417
 1293 03e9 0F       		.uleb128 0xf
 1294 03ea CA030000 		.4byte	.LASF97
 1295 03ee 01       		.byte	0x1
 1296 03ef 99       		.byte	0x99
ARM GAS  C:\Users\ADMINI~1.SC-\AppData\Local\Temp\ccy9rXlj.s 			page 28


 1297 03f0 A8000000 		.4byte	0xa8
 1298 03f4 03       		.uleb128 0x3
 1299 03f5 91       		.byte	0x91
 1300 03f6 F47E     		.sleb128 -140
 1301 03f8 0F       		.uleb128 0xf
 1302 03f9 C8060000 		.4byte	.LASF98
 1303 03fd 01       		.byte	0x1
 1304 03fe 99       		.byte	0x99
 1305 03ff 6B000000 		.4byte	0x6b
 1306 0403 03       		.uleb128 0x3
 1307 0404 91       		.byte	0x91
 1308 0405 F37E     		.sleb128 -141
 1309 0407 10       		.uleb128 0x10
 1310 0408 61070000 		.4byte	.LASF101
 1311 040c 01       		.byte	0x1
 1312 040d 9B       		.byte	0x9b
 1313 040e 17040000 		.4byte	0x417
 1314 0412 03       		.uleb128 0x3
 1315 0413 91       		.byte	0x91
 1316 0414 F87E     		.sleb128 -136
 1317 0416 00       		.byte	0
 1318 0417 08       		.uleb128 0x8
 1319 0418 6B000000 		.4byte	0x6b
 1320 041c 27040000 		.4byte	0x427
 1321 0420 09       		.uleb128 0x9
 1322 0421 A1000000 		.4byte	0xa1
 1323 0425 7F       		.byte	0x7f
 1324 0426 00       		.byte	0
 1325 0427 11       		.uleb128 0x11
 1326 0428 A1060000 		.4byte	.LASF99
 1327 042c 01       		.byte	0x1
 1328 042d A4       		.byte	0xa4
 1329 042e 00000000 		.4byte	.LFB37
 1330 0432 58000000 		.4byte	.LFE37-.LFB37
 1331 0436 01       		.uleb128 0x1
 1332 0437 9C       		.byte	0x9c
 1333 0438 73040000 		.4byte	0x473
 1334 043c 0F       		.uleb128 0xf
 1335 043d B9000000 		.4byte	.LASF100
 1336 0441 01       		.byte	0x1
 1337 0442 A4       		.byte	0xa4
 1338 0443 81000000 		.4byte	0x81
 1339 0447 02       		.uleb128 0x2
 1340 0448 91       		.byte	0x91
 1341 0449 6C       		.sleb128 -20
 1342 044a 0F       		.uleb128 0xf
 1343 044b CA030000 		.4byte	.LASF97
 1344 044f 01       		.byte	0x1
 1345 0450 A4       		.byte	0xa4
 1346 0451 A8000000 		.4byte	0xa8
 1347 0455 02       		.uleb128 0x2
 1348 0456 91       		.byte	0x91
 1349 0457 68       		.sleb128 -24
 1350 0458 0F       		.uleb128 0xf
 1351 0459 C8060000 		.4byte	.LASF98
 1352 045d 01       		.byte	0x1
 1353 045e A4       		.byte	0xa4
ARM GAS  C:\Users\ADMINI~1.SC-\AppData\Local\Temp\ccy9rXlj.s 			page 29


 1354 045f 6B000000 		.4byte	0x6b
 1355 0463 02       		.uleb128 0x2
 1356 0464 91       		.byte	0x91
 1357 0465 67       		.sleb128 -25
 1358 0466 12       		.uleb128 0x12
 1359 0467 6900     		.ascii	"i\000"
 1360 0469 01       		.byte	0x1
 1361 046a A6       		.byte	0xa6
 1362 046b 6B000000 		.4byte	0x6b
 1363 046f 02       		.uleb128 0x2
 1364 0470 91       		.byte	0x91
 1365 0471 77       		.sleb128 -9
 1366 0472 00       		.byte	0
 1367 0473 13       		.uleb128 0x13
 1368 0474 22020000 		.4byte	.LASF112
 1369 0478 01       		.byte	0x1
 1370 0479 B2       		.byte	0xb2
 1371 047a 00000000 		.4byte	.LFB38
 1372 047e 4C000000 		.4byte	.LFE38-.LFB38
 1373 0482 01       		.uleb128 0x1
 1374 0483 9C       		.byte	0x9c
 1375 0484 0E       		.uleb128 0xe
 1376 0485 3A030000 		.4byte	.LASF102
 1377 0489 01       		.byte	0x1
 1378 048a C5       		.byte	0xc5
 1379 048b 00000000 		.4byte	.LFB39
 1380 048f F0000000 		.4byte	.LFE39-.LFB39
 1381 0493 01       		.uleb128 0x1
 1382 0494 9C       		.byte	0x9c
 1383 0495 A8040000 		.4byte	0x4a8
 1384 0499 12       		.uleb128 0x12
 1385 049a 73756D00 		.ascii	"sum\000"
 1386 049e 01       		.byte	0x1
 1387 049f C7       		.byte	0xc7
 1388 04a0 6B000000 		.4byte	0x6b
 1389 04a4 02       		.uleb128 0x2
 1390 04a5 91       		.byte	0x91
 1391 04a6 6F       		.sleb128 -17
 1392 04a7 00       		.byte	0
 1393 04a8 14       		.uleb128 0x14
 1394 04a9 05060000 		.4byte	.LASF103
 1395 04ad 01       		.byte	0x1
 1396 04ae 1A       		.byte	0x1a
 1397 04af B4020000 		.4byte	0x2b4
 1398 04b3 05       		.uleb128 0x5
 1399 04b4 03       		.byte	0x3
 1400 04b5 00000000 		.4byte	System_Config
 1401 04b9 14       		.uleb128 0x14
 1402 04ba AC060000 		.4byte	.LASF104
 1403 04be 01       		.byte	0x1
 1404 04bf 14       		.byte	0x14
 1405 04c0 CA040000 		.4byte	0x4ca
 1406 04c4 05       		.uleb128 0x5
 1407 04c5 03       		.byte	0x3
 1408 04c6 00000000 		.4byte	Manage_Key
 1409 04ca 15       		.uleb128 0x15
 1410 04cb 33020000 		.4byte	0x233
ARM GAS  C:\Users\ADMINI~1.SC-\AppData\Local\Temp\ccy9rXlj.s 			page 30


 1411 04cf 14       		.uleb128 0x14
 1412 04d0 E1000000 		.4byte	.LASF105
 1413 04d4 01       		.byte	0x1
 1414 04d5 13       		.byte	0x13
 1415 04d6 E0040000 		.4byte	0x4e0
 1416 04da 05       		.uleb128 0x5
 1417 04db 03       		.byte	0x3
 1418 04dc 00000000 		.4byte	LockIdentify
 1419 04e0 15       		.uleb128 0x15
 1420 04e1 33020000 		.4byte	0x233
 1421 04e5 14       		.uleb128 0x14
 1422 04e6 FD000000 		.4byte	.LASF106
 1423 04ea 01       		.byte	0x1
 1424 04eb 1B       		.byte	0x1b
 1425 04ec 08030000 		.4byte	0x308
 1426 04f0 05       		.uleb128 0x5
 1427 04f1 03       		.byte	0x3
 1428 04f2 00000000 		.4byte	Lock_Info
 1429 04f6 14       		.uleb128 0x14
 1430 04f7 36000000 		.4byte	.LASF107
 1431 04fb 01       		.byte	0x1
 1432 04fc 18       		.byte	0x18
 1433 04fd 64030000 		.4byte	0x364
 1434 0501 05       		.uleb128 0x5
 1435 0502 03       		.byte	0x3
 1436 0503 00000000 		.4byte	Delay_Time
 1437 0507 14       		.uleb128 0x14
 1438 0508 F1050000 		.4byte	.LASF108
 1439 050c 01       		.byte	0x1
 1440 050d 19       		.byte	0x19
 1441 050e A5030000 		.4byte	0x3a5
 1442 0512 05       		.uleb128 0x5
 1443 0513 03       		.byte	0x3
 1444 0514 00000000 		.4byte	Flag
 1445 0518 00       		.byte	0
 1446              		.section	.debug_abbrev,"",%progbits
 1447              	.Ldebug_abbrev0:
 1448 0000 01       		.uleb128 0x1
 1449 0001 11       		.uleb128 0x11
 1450 0002 01       		.byte	0x1
 1451 0003 25       		.uleb128 0x25
 1452 0004 0E       		.uleb128 0xe
 1453 0005 13       		.uleb128 0x13
 1454 0006 0B       		.uleb128 0xb
 1455 0007 03       		.uleb128 0x3
 1456 0008 0E       		.uleb128 0xe
 1457 0009 1B       		.uleb128 0x1b
 1458 000a 0E       		.uleb128 0xe
 1459 000b 55       		.uleb128 0x55
 1460 000c 17       		.uleb128 0x17
 1461 000d 11       		.uleb128 0x11
 1462 000e 01       		.uleb128 0x1
 1463 000f 10       		.uleb128 0x10
 1464 0010 17       		.uleb128 0x17
 1465 0011 00       		.byte	0
 1466 0012 00       		.byte	0
 1467 0013 02       		.uleb128 0x2
ARM GAS  C:\Users\ADMINI~1.SC-\AppData\Local\Temp\ccy9rXlj.s 			page 31


 1468 0014 24       		.uleb128 0x24
 1469 0015 00       		.byte	0
 1470 0016 0B       		.uleb128 0xb
 1471 0017 0B       		.uleb128 0xb
 1472 0018 3E       		.uleb128 0x3e
 1473 0019 0B       		.uleb128 0xb
 1474 001a 03       		.uleb128 0x3
 1475 001b 0E       		.uleb128 0xe
 1476 001c 00       		.byte	0
 1477 001d 00       		.byte	0
 1478 001e 03       		.uleb128 0x3
 1479 001f 24       		.uleb128 0x24
 1480 0020 00       		.byte	0
 1481 0021 0B       		.uleb128 0xb
 1482 0022 0B       		.uleb128 0xb
 1483 0023 3E       		.uleb128 0x3e
 1484 0024 0B       		.uleb128 0xb
 1485 0025 03       		.uleb128 0x3
 1486 0026 08       		.uleb128 0x8
 1487 0027 00       		.byte	0
 1488 0028 00       		.byte	0
 1489 0029 04       		.uleb128 0x4
 1490 002a 16       		.uleb128 0x16
 1491 002b 00       		.byte	0
 1492 002c 03       		.uleb128 0x3
 1493 002d 0E       		.uleb128 0xe
 1494 002e 3A       		.uleb128 0x3a
 1495 002f 0B       		.uleb128 0xb
 1496 0030 3B       		.uleb128 0x3b
 1497 0031 0B       		.uleb128 0xb
 1498 0032 49       		.uleb128 0x49
 1499 0033 13       		.uleb128 0x13
 1500 0034 00       		.byte	0
 1501 0035 00       		.byte	0
 1502 0036 05       		.uleb128 0x5
 1503 0037 0F       		.uleb128 0xf
 1504 0038 00       		.byte	0
 1505 0039 0B       		.uleb128 0xb
 1506 003a 0B       		.uleb128 0xb
 1507 003b 49       		.uleb128 0x49
 1508 003c 13       		.uleb128 0x13
 1509 003d 00       		.byte	0
 1510 003e 00       		.byte	0
 1511 003f 06       		.uleb128 0x6
 1512 0040 04       		.uleb128 0x4
 1513 0041 01       		.byte	0x1
 1514 0042 0B       		.uleb128 0xb
 1515 0043 0B       		.uleb128 0xb
 1516 0044 3A       		.uleb128 0x3a
 1517 0045 0B       		.uleb128 0xb
 1518 0046 3B       		.uleb128 0x3b
 1519 0047 0B       		.uleb128 0xb
 1520 0048 01       		.uleb128 0x1
 1521 0049 13       		.uleb128 0x13
 1522 004a 00       		.byte	0
 1523 004b 00       		.byte	0
 1524 004c 07       		.uleb128 0x7
ARM GAS  C:\Users\ADMINI~1.SC-\AppData\Local\Temp\ccy9rXlj.s 			page 32


 1525 004d 28       		.uleb128 0x28
 1526 004e 00       		.byte	0
 1527 004f 03       		.uleb128 0x3
 1528 0050 0E       		.uleb128 0xe
 1529 0051 1C       		.uleb128 0x1c
 1530 0052 0D       		.uleb128 0xd
 1531 0053 00       		.byte	0
 1532 0054 00       		.byte	0
 1533 0055 08       		.uleb128 0x8
 1534 0056 01       		.uleb128 0x1
 1535 0057 01       		.byte	0x1
 1536 0058 49       		.uleb128 0x49
 1537 0059 13       		.uleb128 0x13
 1538 005a 01       		.uleb128 0x1
 1539 005b 13       		.uleb128 0x13
 1540 005c 00       		.byte	0
 1541 005d 00       		.byte	0
 1542 005e 09       		.uleb128 0x9
 1543 005f 21       		.uleb128 0x21
 1544 0060 00       		.byte	0
 1545 0061 49       		.uleb128 0x49
 1546 0062 13       		.uleb128 0x13
 1547 0063 2F       		.uleb128 0x2f
 1548 0064 0B       		.uleb128 0xb
 1549 0065 00       		.byte	0
 1550 0066 00       		.byte	0
 1551 0067 0A       		.uleb128 0xa
 1552 0068 13       		.uleb128 0x13
 1553 0069 01       		.byte	0x1
 1554 006a 0B       		.uleb128 0xb
 1555 006b 0B       		.uleb128 0xb
 1556 006c 3A       		.uleb128 0x3a
 1557 006d 0B       		.uleb128 0xb
 1558 006e 3B       		.uleb128 0x3b
 1559 006f 0B       		.uleb128 0xb
 1560 0070 01       		.uleb128 0x1
 1561 0071 13       		.uleb128 0x13
 1562 0072 00       		.byte	0
 1563 0073 00       		.byte	0
 1564 0074 0B       		.uleb128 0xb
 1565 0075 0D       		.uleb128 0xd
 1566 0076 00       		.byte	0
 1567 0077 03       		.uleb128 0x3
 1568 0078 0E       		.uleb128 0xe
 1569 0079 3A       		.uleb128 0x3a
 1570 007a 0B       		.uleb128 0xb
 1571 007b 3B       		.uleb128 0x3b
 1572 007c 0B       		.uleb128 0xb
 1573 007d 49       		.uleb128 0x49
 1574 007e 13       		.uleb128 0x13
 1575 007f 38       		.uleb128 0x38
 1576 0080 0B       		.uleb128 0xb
 1577 0081 00       		.byte	0
 1578 0082 00       		.byte	0
 1579 0083 0C       		.uleb128 0xc
 1580 0084 0D       		.uleb128 0xd
 1581 0085 00       		.byte	0
ARM GAS  C:\Users\ADMINI~1.SC-\AppData\Local\Temp\ccy9rXlj.s 			page 33


 1582 0086 03       		.uleb128 0x3
 1583 0087 08       		.uleb128 0x8
 1584 0088 3A       		.uleb128 0x3a
 1585 0089 0B       		.uleb128 0xb
 1586 008a 3B       		.uleb128 0x3b
 1587 008b 0B       		.uleb128 0xb
 1588 008c 49       		.uleb128 0x49
 1589 008d 13       		.uleb128 0x13
 1590 008e 38       		.uleb128 0x38
 1591 008f 0B       		.uleb128 0xb
 1592 0090 00       		.byte	0
 1593 0091 00       		.byte	0
 1594 0092 0D       		.uleb128 0xd
 1595 0093 0D       		.uleb128 0xd
 1596 0094 00       		.byte	0
 1597 0095 03       		.uleb128 0x3
 1598 0096 0E       		.uleb128 0xe
 1599 0097 3A       		.uleb128 0x3a
 1600 0098 0B       		.uleb128 0xb
 1601 0099 3B       		.uleb128 0x3b
 1602 009a 0B       		.uleb128 0xb
 1603 009b 49       		.uleb128 0x49
 1604 009c 13       		.uleb128 0x13
 1605 009d 0B       		.uleb128 0xb
 1606 009e 0B       		.uleb128 0xb
 1607 009f 0D       		.uleb128 0xd
 1608 00a0 0B       		.uleb128 0xb
 1609 00a1 0C       		.uleb128 0xc
 1610 00a2 0B       		.uleb128 0xb
 1611 00a3 38       		.uleb128 0x38
 1612 00a4 0B       		.uleb128 0xb
 1613 00a5 00       		.byte	0
 1614 00a6 00       		.byte	0
 1615 00a7 0E       		.uleb128 0xe
 1616 00a8 2E       		.uleb128 0x2e
 1617 00a9 01       		.byte	0x1
 1618 00aa 3F       		.uleb128 0x3f
 1619 00ab 19       		.uleb128 0x19
 1620 00ac 03       		.uleb128 0x3
 1621 00ad 0E       		.uleb128 0xe
 1622 00ae 3A       		.uleb128 0x3a
 1623 00af 0B       		.uleb128 0xb
 1624 00b0 3B       		.uleb128 0x3b
 1625 00b1 0B       		.uleb128 0xb
 1626 00b2 27       		.uleb128 0x27
 1627 00b3 19       		.uleb128 0x19
 1628 00b4 11       		.uleb128 0x11
 1629 00b5 01       		.uleb128 0x1
 1630 00b6 12       		.uleb128 0x12
 1631 00b7 06       		.uleb128 0x6
 1632 00b8 40       		.uleb128 0x40
 1633 00b9 18       		.uleb128 0x18
 1634 00ba 9642     		.uleb128 0x2116
 1635 00bc 19       		.uleb128 0x19
 1636 00bd 01       		.uleb128 0x1
 1637 00be 13       		.uleb128 0x13
 1638 00bf 00       		.byte	0
ARM GAS  C:\Users\ADMINI~1.SC-\AppData\Local\Temp\ccy9rXlj.s 			page 34


 1639 00c0 00       		.byte	0
 1640 00c1 0F       		.uleb128 0xf
 1641 00c2 05       		.uleb128 0x5
 1642 00c3 00       		.byte	0
 1643 00c4 03       		.uleb128 0x3
 1644 00c5 0E       		.uleb128 0xe
 1645 00c6 3A       		.uleb128 0x3a
 1646 00c7 0B       		.uleb128 0xb
 1647 00c8 3B       		.uleb128 0x3b
 1648 00c9 0B       		.uleb128 0xb
 1649 00ca 49       		.uleb128 0x49
 1650 00cb 13       		.uleb128 0x13
 1651 00cc 02       		.uleb128 0x2
 1652 00cd 18       		.uleb128 0x18
 1653 00ce 00       		.byte	0
 1654 00cf 00       		.byte	0
 1655 00d0 10       		.uleb128 0x10
 1656 00d1 34       		.uleb128 0x34
 1657 00d2 00       		.byte	0
 1658 00d3 03       		.uleb128 0x3
 1659 00d4 0E       		.uleb128 0xe
 1660 00d5 3A       		.uleb128 0x3a
 1661 00d6 0B       		.uleb128 0xb
 1662 00d7 3B       		.uleb128 0x3b
 1663 00d8 0B       		.uleb128 0xb
 1664 00d9 49       		.uleb128 0x49
 1665 00da 13       		.uleb128 0x13
 1666 00db 02       		.uleb128 0x2
 1667 00dc 18       		.uleb128 0x18
 1668 00dd 00       		.byte	0
 1669 00de 00       		.byte	0
 1670 00df 11       		.uleb128 0x11
 1671 00e0 2E       		.uleb128 0x2e
 1672 00e1 01       		.byte	0x1
 1673 00e2 3F       		.uleb128 0x3f
 1674 00e3 19       		.uleb128 0x19
 1675 00e4 03       		.uleb128 0x3
 1676 00e5 0E       		.uleb128 0xe
 1677 00e6 3A       		.uleb128 0x3a
 1678 00e7 0B       		.uleb128 0xb
 1679 00e8 3B       		.uleb128 0x3b
 1680 00e9 0B       		.uleb128 0xb
 1681 00ea 27       		.uleb128 0x27
 1682 00eb 19       		.uleb128 0x19
 1683 00ec 11       		.uleb128 0x11
 1684 00ed 01       		.uleb128 0x1
 1685 00ee 12       		.uleb128 0x12
 1686 00ef 06       		.uleb128 0x6
 1687 00f0 40       		.uleb128 0x40
 1688 00f1 18       		.uleb128 0x18
 1689 00f2 9742     		.uleb128 0x2117
 1690 00f4 19       		.uleb128 0x19
 1691 00f5 01       		.uleb128 0x1
 1692 00f6 13       		.uleb128 0x13
 1693 00f7 00       		.byte	0
 1694 00f8 00       		.byte	0
 1695 00f9 12       		.uleb128 0x12
ARM GAS  C:\Users\ADMINI~1.SC-\AppData\Local\Temp\ccy9rXlj.s 			page 35


 1696 00fa 34       		.uleb128 0x34
 1697 00fb 00       		.byte	0
 1698 00fc 03       		.uleb128 0x3
 1699 00fd 08       		.uleb128 0x8
 1700 00fe 3A       		.uleb128 0x3a
 1701 00ff 0B       		.uleb128 0xb
 1702 0100 3B       		.uleb128 0x3b
 1703 0101 0B       		.uleb128 0xb
 1704 0102 49       		.uleb128 0x49
 1705 0103 13       		.uleb128 0x13
 1706 0104 02       		.uleb128 0x2
 1707 0105 18       		.uleb128 0x18
 1708 0106 00       		.byte	0
 1709 0107 00       		.byte	0
 1710 0108 13       		.uleb128 0x13
 1711 0109 2E       		.uleb128 0x2e
 1712 010a 00       		.byte	0
 1713 010b 3F       		.uleb128 0x3f
 1714 010c 19       		.uleb128 0x19
 1715 010d 03       		.uleb128 0x3
 1716 010e 0E       		.uleb128 0xe
 1717 010f 3A       		.uleb128 0x3a
 1718 0110 0B       		.uleb128 0xb
 1719 0111 3B       		.uleb128 0x3b
 1720 0112 0B       		.uleb128 0xb
 1721 0113 27       		.uleb128 0x27
 1722 0114 19       		.uleb128 0x19
 1723 0115 11       		.uleb128 0x11
 1724 0116 01       		.uleb128 0x1
 1725 0117 12       		.uleb128 0x12
 1726 0118 06       		.uleb128 0x6
 1727 0119 40       		.uleb128 0x40
 1728 011a 18       		.uleb128 0x18
 1729 011b 9642     		.uleb128 0x2116
 1730 011d 19       		.uleb128 0x19
 1731 011e 00       		.byte	0
 1732 011f 00       		.byte	0
 1733 0120 14       		.uleb128 0x14
 1734 0121 34       		.uleb128 0x34
 1735 0122 00       		.byte	0
 1736 0123 03       		.uleb128 0x3
 1737 0124 0E       		.uleb128 0xe
 1738 0125 3A       		.uleb128 0x3a
 1739 0126 0B       		.uleb128 0xb
 1740 0127 3B       		.uleb128 0x3b
 1741 0128 0B       		.uleb128 0xb
 1742 0129 49       		.uleb128 0x49
 1743 012a 13       		.uleb128 0x13
 1744 012b 3F       		.uleb128 0x3f
 1745 012c 19       		.uleb128 0x19
 1746 012d 02       		.uleb128 0x2
 1747 012e 18       		.uleb128 0x18
 1748 012f 00       		.byte	0
 1749 0130 00       		.byte	0
 1750 0131 15       		.uleb128 0x15
 1751 0132 26       		.uleb128 0x26
 1752 0133 00       		.byte	0
ARM GAS  C:\Users\ADMINI~1.SC-\AppData\Local\Temp\ccy9rXlj.s 			page 36


 1753 0134 49       		.uleb128 0x49
 1754 0135 13       		.uleb128 0x13
 1755 0136 00       		.byte	0
 1756 0137 00       		.byte	0
 1757 0138 00       		.byte	0
 1758              		.section	.debug_aranges,"",%progbits
 1759 0000 3C000000 		.4byte	0x3c
 1760 0004 0200     		.2byte	0x2
 1761 0006 00000000 		.4byte	.Ldebug_info0
 1762 000a 04       		.byte	0x4
 1763 000b 00       		.byte	0
 1764 000c 0000     		.2byte	0
 1765 000e 0000     		.2byte	0
 1766 0010 00000000 		.4byte	.LFB35
 1767 0014 08020000 		.4byte	.LFE35-.LFB35
 1768 0018 00000000 		.4byte	.LFB36
 1769 001c 4C000000 		.4byte	.LFE36-.LFB36
 1770 0020 00000000 		.4byte	.LFB37
 1771 0024 58000000 		.4byte	.LFE37-.LFB37
 1772 0028 00000000 		.4byte	.LFB38
 1773 002c 4C000000 		.4byte	.LFE38-.LFB38
 1774 0030 00000000 		.4byte	.LFB39
 1775 0034 F0000000 		.4byte	.LFE39-.LFB39
 1776 0038 00000000 		.4byte	0
 1777 003c 00000000 		.4byte	0
 1778              		.section	.debug_ranges,"",%progbits
 1779              	.Ldebug_ranges0:
 1780 0000 00000000 		.4byte	.LFB35
 1781 0004 08020000 		.4byte	.LFE35
 1782 0008 00000000 		.4byte	.LFB36
 1783 000c 4C000000 		.4byte	.LFE36
 1784 0010 00000000 		.4byte	.LFB37
 1785 0014 58000000 		.4byte	.LFE37
 1786 0018 00000000 		.4byte	.LFB38
 1787 001c 4C000000 		.4byte	.LFE38
 1788 0020 00000000 		.4byte	.LFB39
 1789 0024 F0000000 		.4byte	.LFE39
 1790 0028 00000000 		.4byte	0
 1791 002c 00000000 		.4byte	0
 1792              		.section	.debug_line,"",%progbits
 1793              	.Ldebug_line0:
 1794 0000 32010000 		.section	.debug_str,"MS",%progbits,1
 1794      02006200 
 1794      00000201 
 1794      FB0E0D00 
 1794      01010101 
 1795              	.LASF91:
 1796 0000 4F70656E 		.ascii	"Open_Lock_Success\000"
 1796      5F4C6F63 
 1796      6B5F5375 
 1796      63636573 
 1796      7300
 1797              	.LASF24:
 1798 0012 4359424C 		.ascii	"CYBLE_EVT_GAP_PASSKEY_ENTRY_REQUEST\000"
 1798      455F4556 
 1798      545F4741 
 1798      505F5041 
ARM GAS  C:\Users\ADMINI~1.SC-\AppData\Local\Temp\ccy9rXlj.s 			page 37


 1798      53534B45 
 1799              	.LASF107:
 1800 0036 44656C61 		.ascii	"Delay_Time\000"
 1800      795F5469 
 1800      6D6500
 1801              	.LASF32:
 1802 0041 4359424C 		.ascii	"CYBLE_EVT_GAP_CONNECTION_UPDATE_COMPLETE\000"
 1802      455F4556 
 1802      545F4741 
 1802      505F434F 
 1802      4E4E4543 
 1803              	.LASF77:
 1804 006a 49444368 		.ascii	"IDChangeFlag\000"
 1804      616E6765 
 1804      466C6167 
 1804      00
 1805              	.LASF35:
 1806 0077 4359424C 		.ascii	"CYBLE_EVT_GATTC_ERROR_RSP\000"
 1806      455F4556 
 1806      545F4741 
 1806      5454435F 
 1806      4552524F 
 1807              	.LASF74:
 1808 0091 44657669 		.ascii	"DeviceID\000"
 1808      63654944 
 1808      00
 1809              	.LASF51:
 1810 009a 4359424C 		.ascii	"CYBLE_EVT_GATTS_EXEC_WRITE_REQ\000"
 1810      455F4556 
 1810      545F4741 
 1810      5454535F 
 1810      45584543 
 1811              	.LASF100:
 1812 00b9 41646472 		.ascii	"Addr\000"
 1812      00
 1813              	.LASF27:
 1814 00be 4359424C 		.ascii	"CYBLE_EVT_GAP_AUTH_FAILED\000"
 1814      455F4556 
 1814      545F4741 
 1814      505F4155 
 1814      54485F46 
 1815              	.LASF15:
 1816 00d8 73697A65 		.ascii	"sizetype\000"
 1816      74797065 
 1816      00
 1817              	.LASF105:
 1818 00e1 4C6F636B 		.ascii	"LockIdentify\000"
 1818      4964656E 
 1818      74696679 
 1818      00
 1819              	.LASF84:
 1820 00ee 41736B5F 		.ascii	"Ask_Lock_Delay\000"
 1820      4C6F636B 
 1820      5F44656C 
 1820      617900
 1821              	.LASF106:
 1822 00fd 4C6F636B 		.ascii	"Lock_Info\000"
ARM GAS  C:\Users\ADMINI~1.SC-\AppData\Local\Temp\ccy9rXlj.s 			page 38


 1822      5F496E66 
 1822      6F00
 1823              	.LASF93:
 1824 0107 464C4147 		.ascii	"FLAG\000"
 1824      00
 1825              	.LASF20:
 1826 010c 4359424C 		.ascii	"CYBLE_EVT_HCI_STATUS\000"
 1826      455F4556 
 1826      545F4843 
 1826      495F5354 
 1826      41545553 
 1827              	.LASF41:
 1828 0121 4359424C 		.ascii	"CYBLE_EVT_GATTC_READ_BY_TYPE_RSP\000"
 1828      455F4556 
 1828      545F4741 
 1828      5454435F 
 1828      52454144 
 1829              	.LASF17:
 1830 0142 4359424C 		.ascii	"CYBLE_EVT_STACK_ON\000"
 1830      455F4556 
 1830      545F5354 
 1830      41434B5F 
 1830      4F4E00
 1831              	.LASF81:
 1832 0155 4C6F636B 		.ascii	"LockKey\000"
 1832      4B657900 
 1833              	.LASF38:
 1834 015d 4359424C 		.ascii	"CYBLE_EVT_GATTS_XCNHG_MTU_REQ\000"
 1834      455F4556 
 1834      545F4741 
 1834      5454535F 
 1834      58434E48 
 1835              	.LASF10:
 1836 017b 75696E74 		.ascii	"uint16\000"
 1836      313600
 1837              	.LASF78:
 1838 0182 53595354 		.ascii	"SYSTEM_CFG\000"
 1838      454D5F43 
 1838      464700
 1839              	.LASF90:
 1840 018d 416C6172 		.ascii	"Alarm_Work_Step\000"
 1840      6D5F576F 
 1840      726B5F53 
 1840      74657000 
 1841              	.LASF34:
 1842 019d 4359424C 		.ascii	"CYBLE_EVT_GAP_KEYINFO_EXCHNGE_CMPLT\000"
 1842      455F4556 
 1842      545F4741 
 1842      505F4B45 
 1842      59494E46 
 1843              	.LASF46:
 1844 01c1 4359424C 		.ascii	"CYBLE_EVT_GATTC_READ_MULTI_RSP\000"
 1844      455F4556 
 1844      545F4741 
 1844      5454435F 
 1844      52454144 
 1845              	.LASF89:
ARM GAS  C:\Users\ADMINI~1.SC-\AppData\Local\Temp\ccy9rXlj.s 			page 39


 1846 01e0 44656C61 		.ascii	"DelayTime\000"
 1846      7954696D 
 1846      6500
 1847              	.LASF55:
 1848 01ea 4359424C 		.ascii	"CYBLE_EVT_GATTS_HANDLE_VALUE_CNF\000"
 1848      455F4556 
 1848      545F4741 
 1848      5454535F 
 1848      48414E44 
 1849              	.LASF16:
 1850 020b 4359424C 		.ascii	"CYBLE_EVT_HOST_INVALID\000"
 1850      455F4556 
 1850      545F484F 
 1850      53545F49 
 1850      4E56414C 
 1851              	.LASF112:
 1852 0222 506F7765 		.ascii	"Power_Off\000"
 1852      725F4F66 
 1852      6600
 1853              	.LASF62:
 1854 022c 4359424C 		.ascii	"CYBLE_EVT_L2CAP_CBFC_CONN_IND\000"
 1854      455F4556 
 1854      545F4C32 
 1854      4341505F 
 1854      43424643 
 1855              	.LASF65:
 1856 024a 4359424C 		.ascii	"CYBLE_EVT_L2CAP_CBFC_DISCONN_CNF\000"
 1856      455F4556 
 1856      545F4C32 
 1856      4341505F 
 1856      43424643 
 1857              	.LASF2:
 1858 026b 73686F72 		.ascii	"short int\000"
 1858      7420696E 
 1858      7400
 1859              	.LASF94:
 1860 0275 416C6172 		.ascii	"Alarm_Event\000"
 1860      6D5F4576 
 1860      656E7400 
 1861              	.LASF12:
 1862 0281 666C6F61 		.ascii	"float\000"
 1862      7400
 1863              	.LASF44:
 1864 0287 4359424C 		.ascii	"CYBLE_EVT_GATTC_READ_RSP\000"
 1864      455F4556 
 1864      545F4741 
 1864      5454435F 
 1864      52454144 
 1865              	.LASF48:
 1866 02a0 4359424C 		.ascii	"CYBLE_EVT_GATTC_WRITE_RSP\000"
 1866      455F4556 
 1866      545F4741 
 1866      5454435F 
 1866      57524954 
 1867              	.LASF6:
 1868 02ba 6C6F6E67 		.ascii	"long long int\000"
 1868      206C6F6E 
ARM GAS  C:\Users\ADMINI~1.SC-\AppData\Local\Temp\ccy9rXlj.s 			page 40


 1868      6720696E 
 1868      7400
 1869              	.LASF7:
 1870 02c8 6C6F6E67 		.ascii	"long long unsigned int\000"
 1870      206C6F6E 
 1870      6720756E 
 1870      7369676E 
 1870      65642069 
 1871              	.LASF111:
 1872 02df 453A5C6D 		.ascii	"E:\\my_project\\shhl\\BLE_KEY_wuyuan\\Design02.cyds"
 1872      795F7072 
 1872      6F6A6563 
 1872      745C7368 
 1872      686C5C42 
 1873 030e 6E00     		.ascii	"n\000"
 1874              	.LASF4:
 1875 0310 6C6F6E67 		.ascii	"long int\000"
 1875      20696E74 
 1875      00
 1876              	.LASF54:
 1877 0319 4359424C 		.ascii	"CYBLE_EVT_GATTC_HANDLE_VALUE_IND\000"
 1877      455F4556 
 1877      545F4741 
 1877      5454435F 
 1877      48414E44 
 1878              	.LASF102:
 1879 033a 4C6F6164 		.ascii	"Load_Config\000"
 1879      5F436F6E 
 1879      66696700 
 1880              	.LASF29:
 1881 0346 4359424C 		.ascii	"CYBLE_EVT_GAP_DEVICE_CONNECTED\000"
 1881      455F4556 
 1881      545F4741 
 1881      505F4445 
 1881      56494345 
 1882              	.LASF28:
 1883 0365 4359424C 		.ascii	"CYBLE_EVT_GAPP_ADVERTISEMENT_START_STOP\000"
 1883      455F4556 
 1883      545F4741 
 1883      50505F41 
 1883      44564552 
 1884              	.LASF53:
 1885 038d 4359424C 		.ascii	"CYBLE_EVT_GATTC_HANDLE_VALUE_NTF\000"
 1885      455F4556 
 1885      545F4741 
 1885      5454435F 
 1885      48414E44 
 1886              	.LASF21:
 1887 03ae 4359424C 		.ascii	"CYBLE_EVT_STACK_BUSY_STATUS\000"
 1887      455F4556 
 1887      545F5354 
 1887      41434B5F 
 1887      42555359 
 1888              	.LASF97:
 1889 03ca 44617461 		.ascii	"Data\000"
 1889      00
 1890              	.LASF25:
ARM GAS  C:\Users\ADMINI~1.SC-\AppData\Local\Temp\ccy9rXlj.s 			page 41


 1891 03cf 4359424C 		.ascii	"CYBLE_EVT_GAP_PASSKEY_DISPLAY_REQUEST\000"
 1891      455F4556 
 1891      545F4741 
 1891      505F5041 
 1891      53534B45 
 1892              	.LASF61:
 1893 03f5 4359424C 		.ascii	"CYBLE_EVT_L2CAP_COMMAND_REJ\000"
 1893      455F4556 
 1893      545F4C32 
 1893      4341505F 
 1893      434F4D4D 
 1894              	.LASF72:
 1895 0411 4359424C 		.ascii	"CYBLE_EVT_MAX\000"
 1895      455F4556 
 1895      545F4D41 
 1895      5800
 1896              	.LASF9:
 1897 041f 75696E74 		.ascii	"uint8\000"
 1897      3800
 1898              	.LASF88:
 1899 0425 44656C61 		.ascii	"Delay_1min\000"
 1899      795F316D 
 1899      696E00
 1900              	.LASF59:
 1901 0430 4359424C 		.ascii	"CYBLE_EVT_L2CAP_CONN_PARAM_UPDATE_REQ\000"
 1901      455F4556 
 1901      545F4C32 
 1901      4341505F 
 1901      434F4E4E 
 1902              	.LASF1:
 1903 0456 756E7369 		.ascii	"unsigned char\000"
 1903      676E6564 
 1903      20636861 
 1903      7200
 1904              	.LASF73:
 1905 0464 4D616E61 		.ascii	"ManageKey\000"
 1905      67654B65 
 1905      7900
 1906              	.LASF50:
 1907 046e 4359424C 		.ascii	"CYBLE_EVT_GATTS_PREP_WRITE_REQ\000"
 1907      455F4556 
 1907      545F4741 
 1907      5454535F 
 1907      50524550 
 1908              	.LASF71:
 1909 048d 4359424C 		.ascii	"CYBLE_EVT_LE_PING_AUTH_TIMEOUT\000"
 1909      455F4556 
 1909      545F4C45 
 1909      5F50494E 
 1909      475F4155 
 1910              	.LASF76:
 1911 04ac 6374726C 		.ascii	"ctrl_key\000"
 1911      5F6B6579 
 1911      00
 1912              	.LASF95:
 1913 04b5 57726974 		.ascii	"Write_Flash\000"
 1913      655F466C 
ARM GAS  C:\Users\ADMINI~1.SC-\AppData\Local\Temp\ccy9rXlj.s 			page 42


 1913      61736800 
 1914              	.LASF42:
 1915 04c1 4359424C 		.ascii	"CYBLE_EVT_GATTC_FIND_INFO_RSP\000"
 1915      455F4556 
 1915      545F4741 
 1915      5454435F 
 1915      46494E44 
 1916              	.LASF0:
 1917 04df 7369676E 		.ascii	"signed char\000"
 1917      65642063 
 1917      68617200 
 1918              	.LASF47:
 1919 04eb 4359424C 		.ascii	"CYBLE_EVT_GATTS_WRITE_REQ\000"
 1919      455F4556 
 1919      545F4741 
 1919      5454535F 
 1919      57524954 
 1920              	.LASF80:
 1921 0505 496E6974 		.ascii	"InitState\000"
 1921      53746174 
 1921      6500
 1922              	.LASF43:
 1923 050f 4359424C 		.ascii	"CYBLE_EVT_GATTC_FIND_BY_TYPE_VALUE_RSP\000"
 1923      455F4556 
 1923      545F4741 
 1923      5454435F 
 1923      46494E44 
 1924              	.LASF26:
 1925 0536 4359424C 		.ascii	"CYBLE_EVT_GAP_AUTH_COMPLETE\000"
 1925      455F4556 
 1925      545F4741 
 1925      505F4155 
 1925      54485F43 
 1926              	.LASF82:
 1927 0552 4C4F434B 		.ascii	"LOCK_INFO\000"
 1927      5F494E46 
 1927      4F00
 1928              	.LASF36:
 1929 055c 4359424C 		.ascii	"CYBLE_EVT_GATT_CONNECT_IND\000"
 1929      455F4556 
 1929      545F4741 
 1929      54545F43 
 1929      4F4E4E45 
 1930              	.LASF5:
 1931 0577 6C6F6E67 		.ascii	"long unsigned int\000"
 1931      20756E73 
 1931      69676E65 
 1931      6420696E 
 1931      7400
 1932              	.LASF23:
 1933 0589 4359424C 		.ascii	"CYBLE_EVT_GAP_AUTH_REQ\000"
 1933      455F4556 
 1933      545F4741 
 1933      505F4155 
 1933      54485F52 
 1934              	.LASF64:
 1935 05a0 4359424C 		.ascii	"CYBLE_EVT_L2CAP_CBFC_DISCONN_IND\000"
ARM GAS  C:\Users\ADMINI~1.SC-\AppData\Local\Temp\ccy9rXlj.s 			page 43


 1935      455F4556 
 1935      545F4C32 
 1935      4341505F 
 1935      43424643 
 1936              	.LASF31:
 1937 05c1 4359424C 		.ascii	"CYBLE_EVT_GAP_ENCRYPT_CHANGE\000"
 1937      455F4556 
 1937      545F4741 
 1937      505F454E 
 1937      43525950 
 1938              	.LASF3:
 1939 05de 73686F72 		.ascii	"short unsigned int\000"
 1939      7420756E 
 1939      7369676E 
 1939      65642069 
 1939      6E7400
 1940              	.LASF108:
 1941 05f1 466C6167 		.ascii	"Flag\000"
 1941      00
 1942              	.LASF86:
 1943 05f6 44656C61 		.ascii	"Delay_1ms\000"
 1943      795F316D 
 1943      7300
 1944              	.LASF14:
 1945 0600 63686172 		.ascii	"char\000"
 1945      00
 1946              	.LASF103:
 1947 0605 53797374 		.ascii	"System_Config\000"
 1947      656D5F43 
 1947      6F6E6669 
 1947      6700
 1948              	.LASF109:
 1949 0613 474E5520 		.ascii	"GNU C 4.9.3 20150303 (release) [ARM/embedded-4_9-br"
 1949      4320342E 
 1949      392E3320 
 1949      32303135 
 1949      30333033 
 1950 0646 616E6368 		.ascii	"anch revision 221220] -mcpu=cortex-m0 -mthumb -g -O"
 1950      20726576 
 1950      6973696F 
 1950      6E203232 
 1950      31323230 
 1951 0679 30202D66 		.ascii	"0 -ffunction-sections -ffat-lto-objects\000"
 1951      66756E63 
 1951      74696F6E 
 1951      2D736563 
 1951      74696F6E 
 1952              	.LASF99:
 1953 06a1 52656164 		.ascii	"Read_Flash\000"
 1953      5F466C61 
 1953      736800
 1954              	.LASF104:
 1955 06ac 4D616E61 		.ascii	"Manage_Key\000"
 1955      67655F4B 
 1955      657900
 1956              	.LASF79:
 1957 06b7 56657273 		.ascii	"Version\000"
ARM GAS  C:\Users\ADMINI~1.SC-\AppData\Local\Temp\ccy9rXlj.s 			page 44


 1957      696F6E00 
 1958              	.LASF75:
 1959 06bf 726F6F74 		.ascii	"root_key\000"
 1959      5F6B6579 
 1959      00
 1960              	.LASF98:
 1961 06c8 4C656E67 		.ascii	"Length\000"
 1961      746800
 1962              	.LASF45:
 1963 06cf 4359424C 		.ascii	"CYBLE_EVT_GATTC_READ_BLOB_RSP\000"
 1963      455F4556 
 1963      545F4741 
 1963      5454435F 
 1963      52454144 
 1964              	.LASF85:
 1965 06ed 4E6F4C6F 		.ascii	"NoLock_Count\000"
 1965      636B5F43 
 1965      6F756E74 
 1965      00
 1966              	.LASF52:
 1967 06fa 4359424C 		.ascii	"CYBLE_EVT_GATTC_EXEC_WRITE_RSP\000"
 1967      455F4556 
 1967      545F4741 
 1967      5454435F 
 1967      45584543 
 1968              	.LASF11:
 1969 0719 75696E74 		.ascii	"uint32\000"
 1969      333200
 1970              	.LASF70:
 1971 0720 4359424C 		.ascii	"CYBLE_EVT_PENDING_FLASH_WRITE\000"
 1971      455F4556 
 1971      545F5045 
 1971      4E44494E 
 1971      475F464C 
 1972              	.LASF67:
 1973 073e 4359424C 		.ascii	"CYBLE_EVT_L2CAP_CBFC_RX_CREDIT_IND\000"
 1973      455F4556 
 1973      545F4C32 
 1973      4341505F 
 1973      43424643 
 1974              	.LASF101:
 1975 0761 77726974 		.ascii	"write_buff\000"
 1975      655F6275 
 1975      666600
 1976              	.LASF13:
 1977 076c 646F7562 		.ascii	"double\000"
 1977      6C6500
 1978              	.LASF68:
 1979 0773 4359424C 		.ascii	"CYBLE_EVT_L2CAP_CBFC_TX_CREDIT_IND\000"
 1979      455F4556 
 1979      545F4C32 
 1979      4341505F 
 1979      43424643 
 1980              	.LASF63:
 1981 0796 4359424C 		.ascii	"CYBLE_EVT_L2CAP_CBFC_CONN_CNF\000"
 1981      455F4556 
 1981      545F4C32 
ARM GAS  C:\Users\ADMINI~1.SC-\AppData\Local\Temp\ccy9rXlj.s 			page 45


 1981      4341505F 
 1981      43424643 
 1982              	.LASF19:
 1983 07b4 4359424C 		.ascii	"CYBLE_EVT_HARDWARE_ERROR\000"
 1983      455F4556 
 1983      545F4841 
 1983      52445741 
 1983      52455F45 
 1984              	.LASF66:
 1985 07cd 4359424C 		.ascii	"CYBLE_EVT_L2CAP_CBFC_DATA_READ\000"
 1985      455F4556 
 1985      545F4C32 
 1985      4341505F 
 1985      43424643 
 1986              	.LASF60:
 1987 07ec 4359424C 		.ascii	"CYBLE_EVT_L2CAP_CONN_PARAM_UPDATE_RSP\000"
 1987      455F4556 
 1987      545F4C32 
 1987      4341505F 
 1987      434F4E4E 
 1988              	.LASF22:
 1989 0812 4359424C 		.ascii	"CYBLE_EVT_GAPC_SCAN_PROGRESS_RESULT\000"
 1989      455F4556 
 1989      545F4741 
 1989      50435F53 
 1989      43414E5F 
 1990              	.LASF40:
 1991 0836 4359424C 		.ascii	"CYBLE_EVT_GATTC_READ_BY_GROUP_TYPE_RSP\000"
 1991      455F4556 
 1991      545F4741 
 1991      5454435F 
 1991      52454144 
 1992              	.LASF49:
 1993 085d 4359424C 		.ascii	"CYBLE_EVT_GATTS_WRITE_CMD_REQ\000"
 1993      455F4556 
 1993      545F4741 
 1993      5454535F 
 1993      57524954 
 1994              	.LASF39:
 1995 087b 4359424C 		.ascii	"CYBLE_EVT_GATTC_XCHNG_MTU_RSP\000"
 1995      455F4556 
 1995      545F4741 
 1995      5454435F 
 1995      5843484E 
 1996              	.LASF110:
 1997 0899 6170705F 		.ascii	"app_lock.c\000"
 1997      6C6F636B 
 1997      2E6300
 1998              	.LASF18:
 1999 08a4 4359424C 		.ascii	"CYBLE_EVT_TIMEOUT\000"
 1999      455F4556 
 1999      545F5449 
 1999      4D454F55 
 1999      5400
 2000              	.LASF69:
 2001 08b6 4359424C 		.ascii	"CYBLE_EVT_L2CAP_CBFC_DATA_WRITE_IND\000"
 2001      455F4556 
ARM GAS  C:\Users\ADMINI~1.SC-\AppData\Local\Temp\ccy9rXlj.s 			page 46


 2001      545F4C32 
 2001      4341505F 
 2001      43424643 
 2002              	.LASF33:
 2003 08da 4359424C 		.ascii	"CYBLE_EVT_GAPC_SCAN_START_STOP\000"
 2003      455F4556 
 2003      545F4741 
 2003      50435F53 
 2003      43414E5F 
 2004              	.LASF92:
 2005 08f9 42656769 		.ascii	"Begin_Ask_Lock\000"
 2005      6E5F4173 
 2005      6B5F4C6F 
 2005      636B00
 2006              	.LASF58:
 2007 0908 4359424C 		.ascii	"CYBLE_EVT_GATTS_READ_CHAR_VAL_ACCESS_REQ\000"
 2007      455F4556 
 2007      545F4741 
 2007      5454535F 
 2007      52454144 
 2008              	.LASF57:
 2009 0931 4359424C 		.ascii	"CYBLE_EVT_GATTC_STOP_CMD_COMPLETE\000"
 2009      455F4556 
 2009      545F4741 
 2009      5454435F 
 2009      53544F50 
 2010              	.LASF8:
 2011 0953 756E7369 		.ascii	"unsigned int\000"
 2011      676E6564 
 2011      20696E74 
 2011      00
 2012              	.LASF83:
 2013 0960 416C6172 		.ascii	"Alarm_Count\000"
 2013      6D5F436F 
 2013      756E7400 
 2014              	.LASF96:
 2015 096c 4576656E 		.ascii	"Event\000"
 2015      7400
 2016              	.LASF30:
 2017 0972 4359424C 		.ascii	"CYBLE_EVT_GAP_DEVICE_DISCONNECTED\000"
 2017      455F4556 
 2017      545F4741 
 2017      505F4445 
 2017      56494345 
 2018              	.LASF56:
 2019 0994 4359424C 		.ascii	"CYBLE_EVT_GATTS_DATA_SIGNED_CMD_REQ\000"
 2019      455F4556 
 2019      545F4741 
 2019      5454535F 
 2019      44415441 
 2020              	.LASF37:
 2021 09b8 4359424C 		.ascii	"CYBLE_EVT_GATT_DISCONNECT_IND\000"
 2021      455F4556 
 2021      545F4741 
 2021      54545F44 
 2021      4953434F 
 2022              	.LASF87:
ARM GAS  C:\Users\ADMINI~1.SC-\AppData\Local\Temp\ccy9rXlj.s 			page 47


 2023 09d6 44656C61 		.ascii	"Delay_1s\000"
 2023      795F3173 
 2023      00
 2024              		.ident	"GCC: (GNU Tools for ARM Embedded Processors) 4.9.3 20150303 (release) [ARM/embedded-4_9-br
