ARM GAS  C:\Users\ADMINI~1.SC-\AppData\Local\Temp\ccOCmGDt.s 			page 1


   1              		.cpu cortex-m0
   2              		.fpu softvfp
   3              		.eabi_attribute 20, 1
   4              		.eabi_attribute 21, 1
   5              		.eabi_attribute 23, 3
   6              		.eabi_attribute 24, 1
   7              		.eabi_attribute 25, 1
   8              		.eabi_attribute 26, 1
   9              		.eabi_attribute 30, 6
  10              		.eabi_attribute 34, 0
  11              		.eabi_attribute 18, 4
  12              		.code	16
  13              		.file	"BLE_dis.c"
  14              		.text
  15              	.Ltext0:
  16              		.cfi_sections	.debug_frame
  17              		.global	cyBle_diss
  18              		.section	.rodata
  19              		.align	2
  20              		.type	cyBle_diss, %object
  21              		.size	cyBle_diss, 20
  22              	cyBle_diss:
  23 0000 1500     		.short	21
  24 0002 0000     		.short	0
  25 0004 0000     		.short	0
  26 0006 0000     		.short	0
  27 0008 0000     		.short	0
  28 000a 0000     		.short	0
  29 000c 0000     		.short	0
  30 000e 0000     		.short	0
  31 0010 0000     		.short	0
  32 0012 0000     		.short	0
  33              		.section	.text.CyBle_DisInit,"ax",%progbits
  34              		.align	2
  35              		.global	CyBle_DisInit
  36              		.code	16
  37              		.thumb_func
  38              		.type	CyBle_DisInit, %function
  39              	CyBle_DisInit:
  40              	.LFB2:
  41              		.file 1 "Generated_Source\\PSoC4\\BLE_dis.c"
   1:Generated_Source\PSoC4/BLE_dis.c **** /***************************************************************************//**
   2:Generated_Source\PSoC4/BLE_dis.c **** * \file CYBLE_dis.c
   3:Generated_Source\PSoC4/BLE_dis.c **** * \version 2.30
   4:Generated_Source\PSoC4/BLE_dis.c **** * 
   5:Generated_Source\PSoC4/BLE_dis.c **** * \brief
   6:Generated_Source\PSoC4/BLE_dis.c **** *  Contains the source code for the Device Information Service.
   7:Generated_Source\PSoC4/BLE_dis.c **** * 
   8:Generated_Source\PSoC4/BLE_dis.c **** ********************************************************************************
   9:Generated_Source\PSoC4/BLE_dis.c **** * \copyright
  10:Generated_Source\PSoC4/BLE_dis.c **** * Copyright 2014-2015, Cypress Semiconductor Corporation.  All rights reserved.
  11:Generated_Source\PSoC4/BLE_dis.c **** * You may use this file only in accordance with the license, terms, conditions,
  12:Generated_Source\PSoC4/BLE_dis.c **** * disclaimers, and limitations in the end user license agreement accompanying
  13:Generated_Source\PSoC4/BLE_dis.c **** * the software package with which this file was provided.
  14:Generated_Source\PSoC4/BLE_dis.c **** *******************************************************************************/
  15:Generated_Source\PSoC4/BLE_dis.c **** 
  16:Generated_Source\PSoC4/BLE_dis.c **** 
ARM GAS  C:\Users\ADMINI~1.SC-\AppData\Local\Temp\ccOCmGDt.s 			page 2


  17:Generated_Source\PSoC4/BLE_dis.c **** #include "BLE_eventHandler.h"
  18:Generated_Source\PSoC4/BLE_dis.c **** 
  19:Generated_Source\PSoC4/BLE_dis.c **** #ifdef CYBLE_DIS_SERVER
  20:Generated_Source\PSoC4/BLE_dis.c **** 
  21:Generated_Source\PSoC4/BLE_dis.c **** const CYBLE_DISS_T cyBle_diss =
  22:Generated_Source\PSoC4/BLE_dis.c **** {
  23:Generated_Source\PSoC4/BLE_dis.c ****     0x0015u,    /* Handle of the DIS service */
  24:Generated_Source\PSoC4/BLE_dis.c ****     {
  25:Generated_Source\PSoC4/BLE_dis.c ****         CYBLE_GATT_INVALID_ATTR_HANDLE_VALUE, /* Handle of the Manufacturer Name String characteris
  26:Generated_Source\PSoC4/BLE_dis.c ****         CYBLE_GATT_INVALID_ATTR_HANDLE_VALUE, /* Handle of the Model Number String characteristic *
  27:Generated_Source\PSoC4/BLE_dis.c ****         CYBLE_GATT_INVALID_ATTR_HANDLE_VALUE, /* Handle of the Serial Number String characteristic 
  28:Generated_Source\PSoC4/BLE_dis.c ****         CYBLE_GATT_INVALID_ATTR_HANDLE_VALUE, /* Handle of the Hardware Revision String characteris
  29:Generated_Source\PSoC4/BLE_dis.c ****         CYBLE_GATT_INVALID_ATTR_HANDLE_VALUE, /* Handle of the Firmware Revision String characteris
  30:Generated_Source\PSoC4/BLE_dis.c ****         CYBLE_GATT_INVALID_ATTR_HANDLE_VALUE, /* Handle of the Software Revision String characteris
  31:Generated_Source\PSoC4/BLE_dis.c ****         CYBLE_GATT_INVALID_ATTR_HANDLE_VALUE, /* Handle of the System ID characteristic */ 
  32:Generated_Source\PSoC4/BLE_dis.c ****         CYBLE_GATT_INVALID_ATTR_HANDLE_VALUE, /* Handle of the IEEE 11073-20601 Regulatory Certific
  33:Generated_Source\PSoC4/BLE_dis.c ****         CYBLE_GATT_INVALID_ATTR_HANDLE_VALUE, /* Handle of the PnP ID characteristic */ 
  34:Generated_Source\PSoC4/BLE_dis.c ****     },
  35:Generated_Source\PSoC4/BLE_dis.c **** };
  36:Generated_Source\PSoC4/BLE_dis.c **** 
  37:Generated_Source\PSoC4/BLE_dis.c **** #endif /* CYBLE_DIS_SERVER */
  38:Generated_Source\PSoC4/BLE_dis.c **** 
  39:Generated_Source\PSoC4/BLE_dis.c **** #ifdef CYBLE_DIS_CLIENT
  40:Generated_Source\PSoC4/BLE_dis.c **** 
  41:Generated_Source\PSoC4/BLE_dis.c **** CYBLE_DISC_T cyBle_disc;
  42:Generated_Source\PSoC4/BLE_dis.c **** static CYBLE_GATT_DB_ATTR_HANDLE_T cyBle_discReqHandle;
  43:Generated_Source\PSoC4/BLE_dis.c **** static CYBLE_CALLBACK_T CyBle_DisApplCallback = NULL;
  44:Generated_Source\PSoC4/BLE_dis.c **** 
  45:Generated_Source\PSoC4/BLE_dis.c **** #endif /* (CYBLE_DIS_CLIENT) */
  46:Generated_Source\PSoC4/BLE_dis.c **** 
  47:Generated_Source\PSoC4/BLE_dis.c **** 
  48:Generated_Source\PSoC4/BLE_dis.c **** /****************************************************************************** 
  49:Generated_Source\PSoC4/BLE_dis.c **** * Function Name: CyBle_DisInit
  50:Generated_Source\PSoC4/BLE_dis.c **** ***************************************************************************//**
  51:Generated_Source\PSoC4/BLE_dis.c **** * 
  52:Generated_Source\PSoC4/BLE_dis.c **** *  This function initializes the DIS service.
  53:Generated_Source\PSoC4/BLE_dis.c **** * 
  54:Generated_Source\PSoC4/BLE_dis.c **** * \return
  55:Generated_Source\PSoC4/BLE_dis.c **** *  None
  56:Generated_Source\PSoC4/BLE_dis.c **** * 
  57:Generated_Source\PSoC4/BLE_dis.c **** ******************************************************************************/
  58:Generated_Source\PSoC4/BLE_dis.c **** void CyBle_DisInit(void)
  59:Generated_Source\PSoC4/BLE_dis.c **** {
  42              		.loc 1 59 0
  43              		.cfi_startproc
  44 0000 80B5     		push	{r7, lr}
  45              		.cfi_def_cfa_offset 8
  46              		.cfi_offset 7, -8
  47              		.cfi_offset 14, -4
  48 0002 00AF     		add	r7, sp, #0
  49              		.cfi_def_cfa_register 7
  60:Generated_Source\PSoC4/BLE_dis.c **** 
  61:Generated_Source\PSoC4/BLE_dis.c **** #ifdef CYBLE_DIS_CLIENT
  62:Generated_Source\PSoC4/BLE_dis.c **** 
  63:Generated_Source\PSoC4/BLE_dis.c ****     (void)memset(&cyBle_disc, 0, sizeof(cyBle_disc));
  64:Generated_Source\PSoC4/BLE_dis.c ****     cyBle_discReqHandle = CYBLE_GATT_INVALID_ATTR_HANDLE_VALUE;
  65:Generated_Source\PSoC4/BLE_dis.c **** 
ARM GAS  C:\Users\ADMINI~1.SC-\AppData\Local\Temp\ccOCmGDt.s 			page 3


  66:Generated_Source\PSoC4/BLE_dis.c **** #endif /* CYBLE_DIS_CLIENT */
  67:Generated_Source\PSoC4/BLE_dis.c **** 
  68:Generated_Source\PSoC4/BLE_dis.c **** }
  50              		.loc 1 68 0
  51 0004 BD46     		mov	sp, r7
  52              		@ sp needed
  53 0006 80BD     		pop	{r7, pc}
  54              		.cfi_endproc
  55              	.LFE2:
  56              		.size	CyBle_DisInit, .-CyBle_DisInit
  57              		.section	.text.CyBle_DisRegisterAttrCallback,"ax",%progbits
  58              		.align	2
  59              		.global	CyBle_DisRegisterAttrCallback
  60              		.code	16
  61              		.thumb_func
  62              		.type	CyBle_DisRegisterAttrCallback, %function
  63              	CyBle_DisRegisterAttrCallback:
  64              	.LFB3:
  69:Generated_Source\PSoC4/BLE_dis.c **** 
  70:Generated_Source\PSoC4/BLE_dis.c **** 
  71:Generated_Source\PSoC4/BLE_dis.c **** /****************************************************************************** 
  72:Generated_Source\PSoC4/BLE_dis.c **** * Function Name: CyBle_DisRegisterAttrCallback
  73:Generated_Source\PSoC4/BLE_dis.c **** ***************************************************************************//**
  74:Generated_Source\PSoC4/BLE_dis.c **** * 
  75:Generated_Source\PSoC4/BLE_dis.c **** *  Registers a callback function for service specific attribute operations.
  76:Generated_Source\PSoC4/BLE_dis.c **** *  Callback doesn't have events in server role.
  77:Generated_Source\PSoC4/BLE_dis.c **** * 
  78:Generated_Source\PSoC4/BLE_dis.c **** *  \param callbackFunc: An application layer event callback function to receive 
  79:Generated_Source\PSoC4/BLE_dis.c **** *                    events from the BLE Component. The definition of 
  80:Generated_Source\PSoC4/BLE_dis.c **** *                    CYBLE_CALLBACK_T for Device Information Service is:\n
  81:Generated_Source\PSoC4/BLE_dis.c **** *                    typedef void (* CYBLE_CALLBACK_T) (uint32 eventCode, 
  82:Generated_Source\PSoC4/BLE_dis.c **** *                                                       void *eventParam)
  83:Generated_Source\PSoC4/BLE_dis.c **** *                    * eventCode indicates the event that triggered this 
  84:Generated_Source\PSoC4/BLE_dis.c **** *                      callback.
  85:Generated_Source\PSoC4/BLE_dis.c **** *                    * eventParam contains the parameters corresponding to the 
  86:Generated_Source\PSoC4/BLE_dis.c **** *                      current event.
  87:Generated_Source\PSoC4/BLE_dis.c **** * 
  88:Generated_Source\PSoC4/BLE_dis.c **** * \return
  89:Generated_Source\PSoC4/BLE_dis.c **** *  None
  90:Generated_Source\PSoC4/BLE_dis.c **** *
  91:Generated_Source\PSoC4/BLE_dis.c **** * \events
  92:Generated_Source\PSoC4/BLE_dis.c **** *  None
  93:Generated_Source\PSoC4/BLE_dis.c **** *
  94:Generated_Source\PSoC4/BLE_dis.c **** ******************************************************************************/
  95:Generated_Source\PSoC4/BLE_dis.c **** void CyBle_DisRegisterAttrCallback(CYBLE_CALLBACK_T callbackFunc)
  96:Generated_Source\PSoC4/BLE_dis.c **** {
  65              		.loc 1 96 0
  66              		.cfi_startproc
  67 0000 80B5     		push	{r7, lr}
  68              		.cfi_def_cfa_offset 8
  69              		.cfi_offset 7, -8
  70              		.cfi_offset 14, -4
  71 0002 82B0     		sub	sp, sp, #8
  72              		.cfi_def_cfa_offset 16
  73 0004 00AF     		add	r7, sp, #0
  74              		.cfi_def_cfa_register 7
  75 0006 7860     		str	r0, [r7, #4]
ARM GAS  C:\Users\ADMINI~1.SC-\AppData\Local\Temp\ccOCmGDt.s 			page 4


  97:Generated_Source\PSoC4/BLE_dis.c ****     
  98:Generated_Source\PSoC4/BLE_dis.c **** #ifdef CYBLE_DIS_CLIENT
  99:Generated_Source\PSoC4/BLE_dis.c ****     CyBle_DisApplCallback = callbackFunc;
 100:Generated_Source\PSoC4/BLE_dis.c **** #else
 101:Generated_Source\PSoC4/BLE_dis.c ****     if(callbackFunc != NULL) /* Callback doesn't have events in server role */
 102:Generated_Source\PSoC4/BLE_dis.c ****     {
 103:Generated_Source\PSoC4/BLE_dis.c ****     }
 104:Generated_Source\PSoC4/BLE_dis.c **** #endif /* CYBLE_DIS_CLIENT */
 105:Generated_Source\PSoC4/BLE_dis.c ****     
 106:Generated_Source\PSoC4/BLE_dis.c **** }
  76              		.loc 1 106 0
  77 0008 BD46     		mov	sp, r7
  78 000a 02B0     		add	sp, sp, #8
  79              		@ sp needed
  80 000c 80BD     		pop	{r7, pc}
  81              		.cfi_endproc
  82              	.LFE3:
  83              		.size	CyBle_DisRegisterAttrCallback, .-CyBle_DisRegisterAttrCallback
  84 000e C046     		.section	.text.CyBle_DissSetCharacteristicValue,"ax",%progbits
  85              		.align	2
  86              		.global	CyBle_DissSetCharacteristicValue
  87              		.code	16
  88              		.thumb_func
  89              		.type	CyBle_DissSetCharacteristicValue, %function
  90              	CyBle_DissSetCharacteristicValue:
  91              	.LFB4:
 107:Generated_Source\PSoC4/BLE_dis.c **** 
 108:Generated_Source\PSoC4/BLE_dis.c **** #ifdef CYBLE_DIS_SERVER
 109:Generated_Source\PSoC4/BLE_dis.c **** 
 110:Generated_Source\PSoC4/BLE_dis.c **** 
 111:Generated_Source\PSoC4/BLE_dis.c **** /******************************************************************************
 112:Generated_Source\PSoC4/BLE_dis.c **** * Function Name: CyBle_DissSetCharacteristicValue
 113:Generated_Source\PSoC4/BLE_dis.c **** ***************************************************************************//**
 114:Generated_Source\PSoC4/BLE_dis.c **** * 
 115:Generated_Source\PSoC4/BLE_dis.c **** *  Sets a characteristic value of the service, which is identified by charIndex,
 116:Generated_Source\PSoC4/BLE_dis.c **** *  to the local database.
 117:Generated_Source\PSoC4/BLE_dis.c **** * 
 118:Generated_Source\PSoC4/BLE_dis.c **** * 
 119:Generated_Source\PSoC4/BLE_dis.c **** *  \param charIndex: The index of a service characteristic.
 120:Generated_Source\PSoC4/BLE_dis.c **** *  \param attrSize: The size of the characteristic value attribute.
 121:Generated_Source\PSoC4/BLE_dis.c **** *  \param *attrValue: The pointer to the characteristic value data that should be
 122:Generated_Source\PSoC4/BLE_dis.c **** *                   stored to the GATT database.
 123:Generated_Source\PSoC4/BLE_dis.c **** * 
 124:Generated_Source\PSoC4/BLE_dis.c **** * \return
 125:Generated_Source\PSoC4/BLE_dis.c **** *  Return value is of type CYBLE_API_RESULT_T.
 126:Generated_Source\PSoC4/BLE_dis.c **** *  * CYBLE_ERROR_OK - The request handled successfully
 127:Generated_Source\PSoC4/BLE_dis.c **** *  * CYBLE_ERROR_INVALID_PARAMETER - Validation of the input parameter failed
 128:Generated_Source\PSoC4/BLE_dis.c **** *
 129:Generated_Source\PSoC4/BLE_dis.c **** * \events
 130:Generated_Source\PSoC4/BLE_dis.c **** *  None
 131:Generated_Source\PSoC4/BLE_dis.c **** *
 132:Generated_Source\PSoC4/BLE_dis.c **** ******************************************************************************/
 133:Generated_Source\PSoC4/BLE_dis.c **** CYBLE_API_RESULT_T CyBle_DissSetCharacteristicValue(CYBLE_DIS_CHAR_INDEX_T charIndex, uint8 attrSiz
 134:Generated_Source\PSoC4/BLE_dis.c **** {
  92              		.loc 1 134 0
  93              		.cfi_startproc
  94 0000 80B5     		push	{r7, lr}
ARM GAS  C:\Users\ADMINI~1.SC-\AppData\Local\Temp\ccOCmGDt.s 			page 5


  95              		.cfi_def_cfa_offset 8
  96              		.cfi_offset 7, -8
  97              		.cfi_offset 14, -4
  98 0002 86B0     		sub	sp, sp, #24
  99              		.cfi_def_cfa_offset 32
 100 0004 00AF     		add	r7, sp, #0
 101              		.cfi_def_cfa_register 7
 102 0006 3A60     		str	r2, [r7]
 103 0008 FB1D     		add	r3, r7, #7
 104 000a 021C     		add	r2, r0, #0
 105 000c 1A70     		strb	r2, [r3]
 106 000e BB1D     		add	r3, r7, #6
 107 0010 0A1C     		add	r2, r1, #0
 108 0012 1A70     		strb	r2, [r3]
 135:Generated_Source\PSoC4/BLE_dis.c ****     CYBLE_API_RESULT_T apiResult = CYBLE_ERROR_OK;
 109              		.loc 1 135 0
 110 0014 1623     		mov	r3, #22
 111 0016 FB18     		add	r3, r7, r3
 112 0018 0022     		mov	r2, #0
 113 001a 1A80     		strh	r2, [r3]
 136:Generated_Source\PSoC4/BLE_dis.c ****     CYBLE_GATT_HANDLE_VALUE_PAIR_T locHandleValuePair;
 137:Generated_Source\PSoC4/BLE_dis.c **** 
 138:Generated_Source\PSoC4/BLE_dis.c ****     if(charIndex >= CYBLE_DIS_CHAR_COUNT)
 114              		.loc 1 138 0
 115 001c FB1D     		add	r3, r7, #7
 116 001e 1B78     		ldrb	r3, [r3]
 117 0020 082B     		cmp	r3, #8
 118 0022 04D9     		bls	.L4
 139:Generated_Source\PSoC4/BLE_dis.c ****     {
 140:Generated_Source\PSoC4/BLE_dis.c ****         apiResult = CYBLE_ERROR_INVALID_PARAMETER;
 119              		.loc 1 140 0
 120 0024 1623     		mov	r3, #22
 121 0026 FB18     		add	r3, r7, r3
 122 0028 0122     		mov	r2, #1
 123 002a 1A80     		strh	r2, [r3]
 124 002c 20E0     		b	.L5
 125              	.L4:
 141:Generated_Source\PSoC4/BLE_dis.c ****     }
 142:Generated_Source\PSoC4/BLE_dis.c ****     else
 143:Generated_Source\PSoC4/BLE_dis.c ****     {
 144:Generated_Source\PSoC4/BLE_dis.c ****         /* Store data in database */
 145:Generated_Source\PSoC4/BLE_dis.c ****         locHandleValuePair.attrHandle = cyBle_diss.charHandle[charIndex];
 126              		.loc 1 145 0
 127 002e FB1D     		add	r3, r7, #7
 128 0030 1B78     		ldrb	r3, [r3]
 129 0032 134A     		ldr	r2, .L7
 130 0034 5B00     		lsl	r3, r3, #1
 131 0036 D318     		add	r3, r2, r3
 132 0038 5A88     		ldrh	r2, [r3, #2]
 133 003a 0823     		mov	r3, #8
 134 003c FB18     		add	r3, r7, r3
 135 003e 1A81     		strh	r2, [r3, #8]
 146:Generated_Source\PSoC4/BLE_dis.c ****         locHandleValuePair.value.len = attrSize;
 136              		.loc 1 146 0
 137 0040 BB1D     		add	r3, r7, #6
 138 0042 1B78     		ldrb	r3, [r3]
 139 0044 9AB2     		uxth	r2, r3
ARM GAS  C:\Users\ADMINI~1.SC-\AppData\Local\Temp\ccOCmGDt.s 			page 6


 140 0046 0823     		mov	r3, #8
 141 0048 FB18     		add	r3, r7, r3
 142 004a 9A80     		strh	r2, [r3, #4]
 147:Generated_Source\PSoC4/BLE_dis.c ****         locHandleValuePair.value.val = attrValue;
 143              		.loc 1 147 0
 144 004c 0823     		mov	r3, #8
 145 004e FB18     		add	r3, r7, r3
 146 0050 3A68     		ldr	r2, [r7]
 147 0052 1A60     		str	r2, [r3]
 148:Generated_Source\PSoC4/BLE_dis.c ****         if(CYBLE_GATT_ERR_NONE !=
 149:Generated_Source\PSoC4/BLE_dis.c ****             CyBle_GattsWriteAttributeValue(&locHandleValuePair, 0u, NULL, CYBLE_GATT_DB_LOCALLY_INI
 148              		.loc 1 149 0
 149 0054 0823     		mov	r3, #8
 150 0056 FB18     		add	r3, r7, r3
 151 0058 181C     		mov	r0, r3
 152 005a 0021     		mov	r1, #0
 153 005c 0022     		mov	r2, #0
 154 005e 0023     		mov	r3, #0
 155 0060 FFF7FEFF 		bl	CyBle_GattsWriteAttributeValue
 156 0064 031E     		sub	r3, r0, #0
 148:Generated_Source\PSoC4/BLE_dis.c ****         if(CYBLE_GATT_ERR_NONE !=
 157              		.loc 1 148 0
 158 0066 03D0     		beq	.L5
 150:Generated_Source\PSoC4/BLE_dis.c ****         {
 151:Generated_Source\PSoC4/BLE_dis.c ****             apiResult = CYBLE_ERROR_INVALID_PARAMETER;
 159              		.loc 1 151 0
 160 0068 1623     		mov	r3, #22
 161 006a FB18     		add	r3, r7, r3
 162 006c 0122     		mov	r2, #1
 163 006e 1A80     		strh	r2, [r3]
 164              	.L5:
 152:Generated_Source\PSoC4/BLE_dis.c ****         }
 153:Generated_Source\PSoC4/BLE_dis.c ****     }
 154:Generated_Source\PSoC4/BLE_dis.c ****     return (apiResult);
 165              		.loc 1 154 0
 166 0070 1623     		mov	r3, #22
 167 0072 FB18     		add	r3, r7, r3
 168 0074 1B88     		ldrh	r3, [r3]
 155:Generated_Source\PSoC4/BLE_dis.c **** }
 169              		.loc 1 155 0
 170 0076 181C     		mov	r0, r3
 171 0078 BD46     		mov	sp, r7
 172 007a 06B0     		add	sp, sp, #24
 173              		@ sp needed
 174 007c 80BD     		pop	{r7, pc}
 175              	.L8:
 176 007e C046     		.align	2
 177              	.L7:
 178 0080 00000000 		.word	cyBle_diss
 179              		.cfi_endproc
 180              	.LFE4:
 181              		.size	CyBle_DissSetCharacteristicValue, .-CyBle_DissSetCharacteristicValue
 182              		.section	.text.CyBle_DissGetCharacteristicValue,"ax",%progbits
 183              		.align	2
 184              		.global	CyBle_DissGetCharacteristicValue
 185              		.code	16
 186              		.thumb_func
ARM GAS  C:\Users\ADMINI~1.SC-\AppData\Local\Temp\ccOCmGDt.s 			page 7


 187              		.type	CyBle_DissGetCharacteristicValue, %function
 188              	CyBle_DissGetCharacteristicValue:
 189              	.LFB5:
 156:Generated_Source\PSoC4/BLE_dis.c **** 
 157:Generated_Source\PSoC4/BLE_dis.c **** 
 158:Generated_Source\PSoC4/BLE_dis.c **** /******************************************************************************
 159:Generated_Source\PSoC4/BLE_dis.c **** * Function Name: CyBle_DissGetCharacteristicValue
 160:Generated_Source\PSoC4/BLE_dis.c **** ***************************************************************************//**
 161:Generated_Source\PSoC4/BLE_dis.c **** * 
 162:Generated_Source\PSoC4/BLE_dis.c **** *  Gets a characteristic value of the service, which is identified by charIndex,
 163:Generated_Source\PSoC4/BLE_dis.c **** *  from the GATT database.
 164:Generated_Source\PSoC4/BLE_dis.c **** * 
 165:Generated_Source\PSoC4/BLE_dis.c **** *  \param charIndex: The index of a service characteristic.
 166:Generated_Source\PSoC4/BLE_dis.c **** *  \param attrSize: The size of the characteristic value attribute.
 167:Generated_Source\PSoC4/BLE_dis.c **** *  \param *attrValue: The pointer to the location where characteristic value data
 168:Generated_Source\PSoC4/BLE_dis.c **** *               should be stored.
 169:Generated_Source\PSoC4/BLE_dis.c **** * 
 170:Generated_Source\PSoC4/BLE_dis.c **** * \return
 171:Generated_Source\PSoC4/BLE_dis.c **** *  Return value is of type CYBLE_API_RESULT_T.
 172:Generated_Source\PSoC4/BLE_dis.c **** *  Return value is of type CYBLE_API_RESULT_T.
 173:Generated_Source\PSoC4/BLE_dis.c **** *  * CYBLE_ERROR_OK - The request handled successfully
 174:Generated_Source\PSoC4/BLE_dis.c **** *  * CYBLE_ERROR_INVALID_PARAMETER - Validation of the input parameter failed
 175:Generated_Source\PSoC4/BLE_dis.c **** *
 176:Generated_Source\PSoC4/BLE_dis.c **** * \events
 177:Generated_Source\PSoC4/BLE_dis.c **** *  None
 178:Generated_Source\PSoC4/BLE_dis.c **** *
 179:Generated_Source\PSoC4/BLE_dis.c **** ******************************************************************************/
 180:Generated_Source\PSoC4/BLE_dis.c **** CYBLE_API_RESULT_T CyBle_DissGetCharacteristicValue(CYBLE_DIS_CHAR_INDEX_T charIndex, uint8 attrSiz
 181:Generated_Source\PSoC4/BLE_dis.c **** {
 190              		.loc 1 181 0
 191              		.cfi_startproc
 192 0000 80B5     		push	{r7, lr}
 193              		.cfi_def_cfa_offset 8
 194              		.cfi_offset 7, -8
 195              		.cfi_offset 14, -4
 196 0002 86B0     		sub	sp, sp, #24
 197              		.cfi_def_cfa_offset 32
 198 0004 00AF     		add	r7, sp, #0
 199              		.cfi_def_cfa_register 7
 200 0006 3A60     		str	r2, [r7]
 201 0008 FB1D     		add	r3, r7, #7
 202 000a 021C     		add	r2, r0, #0
 203 000c 1A70     		strb	r2, [r3]
 204 000e BB1D     		add	r3, r7, #6
 205 0010 0A1C     		add	r2, r1, #0
 206 0012 1A70     		strb	r2, [r3]
 182:Generated_Source\PSoC4/BLE_dis.c ****     CYBLE_API_RESULT_T apiResult = CYBLE_ERROR_OK;
 207              		.loc 1 182 0
 208 0014 1623     		mov	r3, #22
 209 0016 FB18     		add	r3, r7, r3
 210 0018 0022     		mov	r2, #0
 211 001a 1A80     		strh	r2, [r3]
 183:Generated_Source\PSoC4/BLE_dis.c ****     CYBLE_GATT_HANDLE_VALUE_PAIR_T locHandleValuePair;
 184:Generated_Source\PSoC4/BLE_dis.c **** 
 185:Generated_Source\PSoC4/BLE_dis.c ****     if(charIndex >= CYBLE_DIS_CHAR_COUNT)
 212              		.loc 1 185 0
 213 001c FB1D     		add	r3, r7, #7
ARM GAS  C:\Users\ADMINI~1.SC-\AppData\Local\Temp\ccOCmGDt.s 			page 8


 214 001e 1B78     		ldrb	r3, [r3]
 215 0020 082B     		cmp	r3, #8
 216 0022 04D9     		bls	.L10
 186:Generated_Source\PSoC4/BLE_dis.c ****     {
 187:Generated_Source\PSoC4/BLE_dis.c ****         apiResult = CYBLE_ERROR_INVALID_PARAMETER;
 217              		.loc 1 187 0
 218 0024 1623     		mov	r3, #22
 219 0026 FB18     		add	r3, r7, r3
 220 0028 0122     		mov	r2, #1
 221 002a 1A80     		strh	r2, [r3]
 222 002c 1FE0     		b	.L11
 223              	.L10:
 188:Generated_Source\PSoC4/BLE_dis.c ****     }
 189:Generated_Source\PSoC4/BLE_dis.c ****     else
 190:Generated_Source\PSoC4/BLE_dis.c ****     {
 191:Generated_Source\PSoC4/BLE_dis.c ****         /* Read characteristic value from database */
 192:Generated_Source\PSoC4/BLE_dis.c ****         locHandleValuePair.attrHandle = cyBle_diss.charHandle[charIndex];
 224              		.loc 1 192 0
 225 002e FB1D     		add	r3, r7, #7
 226 0030 1B78     		ldrb	r3, [r3]
 227 0032 124A     		ldr	r2, .L13
 228 0034 5B00     		lsl	r3, r3, #1
 229 0036 D318     		add	r3, r2, r3
 230 0038 5A88     		ldrh	r2, [r3, #2]
 231 003a 0823     		mov	r3, #8
 232 003c FB18     		add	r3, r7, r3
 233 003e 1A81     		strh	r2, [r3, #8]
 193:Generated_Source\PSoC4/BLE_dis.c ****         locHandleValuePair.value.len = attrSize;
 234              		.loc 1 193 0
 235 0040 BB1D     		add	r3, r7, #6
 236 0042 1B78     		ldrb	r3, [r3]
 237 0044 9AB2     		uxth	r2, r3
 238 0046 0823     		mov	r3, #8
 239 0048 FB18     		add	r3, r7, r3
 240 004a 9A80     		strh	r2, [r3, #4]
 194:Generated_Source\PSoC4/BLE_dis.c ****         locHandleValuePair.value.val = attrValue;
 241              		.loc 1 194 0
 242 004c 0823     		mov	r3, #8
 243 004e FB18     		add	r3, r7, r3
 244 0050 3A68     		ldr	r2, [r7]
 245 0052 1A60     		str	r2, [r3]
 195:Generated_Source\PSoC4/BLE_dis.c ****         if(CYBLE_GATT_ERR_NONE !=
 196:Generated_Source\PSoC4/BLE_dis.c ****             CyBle_GattsReadAttributeValue(&locHandleValuePair, NULL, CYBLE_GATT_DB_LOCALLY_INITIATE
 246              		.loc 1 196 0
 247 0054 0823     		mov	r3, #8
 248 0056 FB18     		add	r3, r7, r3
 249 0058 181C     		mov	r0, r3
 250 005a 0021     		mov	r1, #0
 251 005c 0022     		mov	r2, #0
 252 005e FFF7FEFF 		bl	CyBle_GattsReadAttributeValue
 253 0062 031E     		sub	r3, r0, #0
 195:Generated_Source\PSoC4/BLE_dis.c ****         if(CYBLE_GATT_ERR_NONE !=
 254              		.loc 1 195 0
 255 0064 03D0     		beq	.L11
 197:Generated_Source\PSoC4/BLE_dis.c ****         {
 198:Generated_Source\PSoC4/BLE_dis.c ****             apiResult = CYBLE_ERROR_INVALID_PARAMETER;
 256              		.loc 1 198 0
ARM GAS  C:\Users\ADMINI~1.SC-\AppData\Local\Temp\ccOCmGDt.s 			page 9


 257 0066 1623     		mov	r3, #22
 258 0068 FB18     		add	r3, r7, r3
 259 006a 0122     		mov	r2, #1
 260 006c 1A80     		strh	r2, [r3]
 261              	.L11:
 199:Generated_Source\PSoC4/BLE_dis.c ****         }
 200:Generated_Source\PSoC4/BLE_dis.c ****     }
 201:Generated_Source\PSoC4/BLE_dis.c ****     return (apiResult);
 262              		.loc 1 201 0
 263 006e 1623     		mov	r3, #22
 264 0070 FB18     		add	r3, r7, r3
 265 0072 1B88     		ldrh	r3, [r3]
 202:Generated_Source\PSoC4/BLE_dis.c **** }
 266              		.loc 1 202 0
 267 0074 181C     		mov	r0, r3
 268 0076 BD46     		mov	sp, r7
 269 0078 06B0     		add	sp, sp, #24
 270              		@ sp needed
 271 007a 80BD     		pop	{r7, pc}
 272              	.L14:
 273              		.align	2
 274              	.L13:
 275 007c 00000000 		.word	cyBle_diss
 276              		.cfi_endproc
 277              	.LFE5:
 278              		.size	CyBle_DissGetCharacteristicValue, .-CyBle_DissGetCharacteristicValue
 279              		.text
 280              	.Letext0:
 281              		.file 2 "Generated_Source\\PSoC4\\cytypes.h"
 282              		.file 3 "Generated_Source\\PSoC4\\BLE_Stack.h"
 283              		.file 4 "Generated_Source\\PSoC4\\BLE_StackGatt.h"
 284              		.file 5 "Generated_Source\\PSoC4\\BLE.h"
 285              		.file 6 "Generated_Source\\PSoC4\\BLE_dis.h"
 286              		.section	.debug_info,"",%progbits
 287              	.Ldebug_info0:
 288 0000 1A060000 		.4byte	0x61a
 289 0004 0400     		.2byte	0x4
 290 0006 00000000 		.4byte	.Ldebug_abbrev0
 291 000a 04       		.byte	0x4
 292 000b 01       		.uleb128 0x1
 293 000c C3110000 		.4byte	.LASF167
 294 0010 01       		.byte	0x1
 295 0011 A2110000 		.4byte	.LASF168
 296 0015 390B0000 		.4byte	.LASF169
 297 0019 00000000 		.4byte	.Ldebug_ranges0+0
 298 001d 00000000 		.4byte	0
 299 0021 00000000 		.4byte	.Ldebug_line0
 300 0025 02       		.uleb128 0x2
 301 0026 01       		.byte	0x1
 302 0027 06       		.byte	0x6
 303 0028 21030000 		.4byte	.LASF0
 304 002c 02       		.uleb128 0x2
 305 002d 01       		.byte	0x1
 306 002e 08       		.byte	0x8
 307 002f 760C0000 		.4byte	.LASF1
 308 0033 02       		.uleb128 0x2
 309 0034 02       		.byte	0x2
ARM GAS  C:\Users\ADMINI~1.SC-\AppData\Local\Temp\ccOCmGDt.s 			page 10


 310 0035 05       		.byte	0x5
 311 0036 C7080000 		.4byte	.LASF2
 312 003a 02       		.uleb128 0x2
 313 003b 02       		.byte	0x2
 314 003c 07       		.byte	0x7
 315 003d 2A100000 		.4byte	.LASF3
 316 0041 02       		.uleb128 0x2
 317 0042 04       		.byte	0x4
 318 0043 05       		.byte	0x5
 319 0044 B7010000 		.4byte	.LASF4
 320 0048 02       		.uleb128 0x2
 321 0049 04       		.byte	0x4
 322 004a 07       		.byte	0x7
 323 004b F8060000 		.4byte	.LASF5
 324 004f 02       		.uleb128 0x2
 325 0050 08       		.byte	0x8
 326 0051 05       		.byte	0x5
 327 0052 13030000 		.4byte	.LASF6
 328 0056 02       		.uleb128 0x2
 329 0057 08       		.byte	0x8
 330 0058 07       		.byte	0x7
 331 0059 F3050000 		.4byte	.LASF7
 332 005d 03       		.uleb128 0x3
 333 005e 04       		.byte	0x4
 334 005f 05       		.byte	0x5
 335 0060 696E7400 		.ascii	"int\000"
 336 0064 02       		.uleb128 0x2
 337 0065 04       		.byte	0x4
 338 0066 07       		.byte	0x7
 339 0067 F80E0000 		.4byte	.LASF8
 340 006b 04       		.uleb128 0x4
 341 006c 73040000 		.4byte	.LASF9
 342 0070 02       		.byte	0x2
 343 0071 C2       		.byte	0xc2
 344 0072 2C000000 		.4byte	0x2c
 345 0076 04       		.uleb128 0x4
 346 0077 3F000000 		.4byte	.LASF10
 347 007b 02       		.byte	0x2
 348 007c C3       		.byte	0xc3
 349 007d 3A000000 		.4byte	0x3a
 350 0081 04       		.uleb128 0x4
 351 0082 FA040000 		.4byte	.LASF11
 352 0086 02       		.byte	0x2
 353 0087 C4       		.byte	0xc4
 354 0088 48000000 		.4byte	0x48
 355 008c 02       		.uleb128 0x2
 356 008d 04       		.byte	0x4
 357 008e 04       		.byte	0x4
 358 008f ED0B0000 		.4byte	.LASF12
 359 0093 02       		.uleb128 0x2
 360 0094 08       		.byte	0x8
 361 0095 04       		.byte	0x4
 362 0096 98040000 		.4byte	.LASF13
 363 009a 02       		.uleb128 0x2
 364 009b 01       		.byte	0x1
 365 009c 08       		.byte	0x8
 366 009d 9A0E0000 		.4byte	.LASF14
ARM GAS  C:\Users\ADMINI~1.SC-\AppData\Local\Temp\ccOCmGDt.s 			page 11


 367 00a1 02       		.uleb128 0x2
 368 00a2 04       		.byte	0x4
 369 00a3 07       		.byte	0x7
 370 00a4 FA090000 		.4byte	.LASF15
 371 00a8 05       		.uleb128 0x5
 372 00a9 04       		.byte	0x4
 373 00aa 06       		.uleb128 0x6
 374 00ab 01       		.byte	0x1
 375 00ac 03       		.byte	0x3
 376 00ad A4       		.byte	0xa4
 377 00ae 2F020000 		.4byte	0x22f
 378 00b2 07       		.uleb128 0x7
 379 00b3 F2070000 		.4byte	.LASF16
 380 00b7 00       		.sleb128 0
 381 00b8 07       		.uleb128 0x7
 382 00b9 2D030000 		.4byte	.LASF17
 383 00bd 01       		.sleb128 1
 384 00be 07       		.uleb128 0x7
 385 00bf A5010000 		.4byte	.LASF18
 386 00c3 02       		.sleb128 2
 387 00c4 07       		.uleb128 0x7
 388 00c5 11100000 		.4byte	.LASF19
 389 00c9 03       		.sleb128 3
 390 00ca 07       		.uleb128 0x7
 391 00cb F8010000 		.4byte	.LASF20
 392 00cf 04       		.sleb128 4
 393 00d0 07       		.uleb128 0x7
 394 00d1 23000000 		.4byte	.LASF21
 395 00d5 05       		.sleb128 5
 396 00d6 07       		.uleb128 0x7
 397 00d7 73090000 		.4byte	.LASF22
 398 00db 20       		.sleb128 32
 399 00dc 07       		.uleb128 0x7
 400 00dd A5030000 		.4byte	.LASF23
 401 00e1 21       		.sleb128 33
 402 00e2 07       		.uleb128 0x7
 403 00e3 26110000 		.4byte	.LASF24
 404 00e7 22       		.sleb128 34
 405 00e8 07       		.uleb128 0x7
 406 00e9 D1080000 		.4byte	.LASF25
 407 00ed 23       		.sleb128 35
 408 00ee 07       		.uleb128 0x7
 409 00ef A70A0000 		.4byte	.LASF26
 410 00f3 24       		.sleb128 36
 411 00f4 07       		.uleb128 0x7
 412 00f5 280A0000 		.4byte	.LASF27
 413 00f9 25       		.sleb128 37
 414 00fa 07       		.uleb128 0x7
 415 00fb 28040000 		.4byte	.LASF28
 416 00ff 26       		.sleb128 38
 417 0100 07       		.uleb128 0x7
 418 0101 6C080000 		.4byte	.LASF29
 419 0105 27       		.sleb128 39
 420 0106 07       		.uleb128 0x7
 421 0107 D60E0000 		.4byte	.LASF30
 422 010b 28       		.sleb128 40
 423 010c 07       		.uleb128 0x7
ARM GAS  C:\Users\ADMINI~1.SC-\AppData\Local\Temp\ccOCmGDt.s 			page 12


 424 010d 82020000 		.4byte	.LASF31
 425 0111 29       		.sleb128 41
 426 0112 07       		.uleb128 0x7
 427 0113 04010000 		.4byte	.LASF32
 428 0117 2A       		.sleb128 42
 429 0118 07       		.uleb128 0x7
 430 0119 2E020000 		.4byte	.LASF33
 431 011d 2B       		.sleb128 43
 432 011e 07       		.uleb128 0x7
 433 011f 85120000 		.4byte	.LASF34
 434 0123 2C       		.sleb128 44
 435 0124 07       		.uleb128 0x7
 436 0125 3D100000 		.4byte	.LASF35
 437 0129 C000     		.sleb128 64
 438 012b 07       		.uleb128 0x7
 439 012c 05090000 		.4byte	.LASF36
 440 0130 C100     		.sleb128 65
 441 0132 07       		.uleb128 0x7
 442 0133 91050000 		.4byte	.LASF37
 443 0137 C200     		.sleb128 66
 444 0139 07       		.uleb128 0x7
 445 013a DB100000 		.4byte	.LASF38
 446 013e C300     		.sleb128 67
 447 0140 07       		.uleb128 0x7
 448 0141 47070000 		.4byte	.LASF39
 449 0145 C400     		.sleb128 68
 450 0147 07       		.uleb128 0x7
 451 0148 C60B0000 		.4byte	.LASF40
 452 014c C500     		.sleb128 69
 453 014e 07       		.uleb128 0x7
 454 014f D9090000 		.4byte	.LASF41
 455 0153 C600     		.sleb128 70
 456 0155 07       		.uleb128 0x7
 457 0156 09080000 		.4byte	.LASF42
 458 015a C700     		.sleb128 71
 459 015c 07       		.uleb128 0x7
 460 015d 51120000 		.4byte	.LASF43
 461 0161 C800     		.sleb128 72
 462 0163 07       		.uleb128 0x7
 463 0164 BC030000 		.4byte	.LASF44
 464 0168 C900     		.sleb128 73
 465 016a 07       		.uleb128 0x7
 466 016b 4A110000 		.4byte	.LASF45
 467 016f CA00     		.sleb128 74
 468 0171 07       		.uleb128 0x7
 469 0172 4E010000 		.4byte	.LASF46
 470 0176 CB00     		.sleb128 75
 471 0178 07       		.uleb128 0x7
 472 0179 2D070000 		.4byte	.LASF47
 473 017d CC00     		.sleb128 76
 474 017f 07       		.uleb128 0x7
 475 0180 420A0000 		.4byte	.LASF48
 476 0184 CD00     		.sleb128 77
 477 0186 07       		.uleb128 0x7
 478 0187 0A040000 		.4byte	.LASF49
 479 018b CE00     		.sleb128 78
 480 018d 07       		.uleb128 0x7
ARM GAS  C:\Users\ADMINI~1.SC-\AppData\Local\Temp\ccOCmGDt.s 			page 13


 481 018e F00D0000 		.4byte	.LASF50
 482 0192 CF00     		.sleb128 79
 483 0194 07       		.uleb128 0x7
 484 0195 6D010000 		.4byte	.LASF51
 485 0199 D000     		.sleb128 80
 486 019b 07       		.uleb128 0x7
 487 019c 79040000 		.4byte	.LASF52
 488 01a0 D100     		.sleb128 81
 489 01a2 07       		.uleb128 0x7
 490 01a3 E00A0000 		.4byte	.LASF53
 491 01a7 D200     		.sleb128 82
 492 01a9 07       		.uleb128 0x7
 493 01aa 350D0000 		.4byte	.LASF54
 494 01ae D300     		.sleb128 83
 495 01b0 07       		.uleb128 0x7
 496 01b1 190E0000 		.4byte	.LASF55
 497 01b5 D400     		.sleb128 84
 498 01b7 07       		.uleb128 0x7
 499 01b8 65070000 		.4byte	.LASF56
 500 01bc D500     		.sleb128 85
 501 01be 07       		.uleb128 0x7
 502 01bf 10060000 		.4byte	.LASF57
 503 01c3 D600     		.sleb128 86
 504 01c5 07       		.uleb128 0x7
 505 01c6 050F0000 		.4byte	.LASF58
 506 01ca D700     		.sleb128 87
 507 01cc 07       		.uleb128 0x7
 508 01cd 49050000 		.4byte	.LASF59
 509 01d1 F000     		.sleb128 112
 510 01d3 07       		.uleb128 0x7
 511 01d4 DD120000 		.4byte	.LASF60
 512 01d8 F100     		.sleb128 113
 513 01da 07       		.uleb128 0x7
 514 01db 20090000 		.4byte	.LASF61
 515 01df F200     		.sleb128 114
 516 01e1 07       		.uleb128 0x7
 517 01e2 BB090000 		.4byte	.LASF62
 518 01e6 F300     		.sleb128 115
 519 01e8 07       		.uleb128 0x7
 520 01e9 820B0000 		.4byte	.LASF63
 521 01ed F400     		.sleb128 116
 522 01ef 07       		.uleb128 0x7
 523 01f0 BC120000 		.4byte	.LASF64
 524 01f4 F500     		.sleb128 117
 525 01f6 07       		.uleb128 0x7
 526 01f7 2D010000 		.4byte	.LASF65
 527 01fb F600     		.sleb128 118
 528 01fd 07       		.uleb128 0x7
 529 01fe 46000000 		.4byte	.LASF66
 530 0202 F700     		.sleb128 119
 531 0204 07       		.uleb128 0x7
 532 0205 00000000 		.4byte	.LASF67
 533 0209 F800     		.sleb128 120
 534 020b 07       		.uleb128 0x7
 535 020c 2E0F0000 		.4byte	.LASF68
 536 0210 F900     		.sleb128 121
 537 0212 07       		.uleb128 0x7
ARM GAS  C:\Users\ADMINI~1.SC-\AppData\Local\Temp\ccOCmGDt.s 			page 14


 538 0213 AF050000 		.4byte	.LASF69
 539 0217 FA00     		.sleb128 122
 540 0219 07       		.uleb128 0x7
 541 021a 4D020000 		.4byte	.LASF70
 542 021e FA01     		.sleb128 250
 543 0220 07       		.uleb128 0x7
 544 0221 67060000 		.4byte	.LASF71
 545 0225 FB01     		.sleb128 251
 546 0227 07       		.uleb128 0x7
 547 0228 18050000 		.4byte	.LASF72
 548 022c FF01     		.sleb128 255
 549 022e 00       		.byte	0
 550 022f 08       		.uleb128 0x8
 551 0230 02       		.byte	0x2
 552 0231 03       		.byte	0x3
 553 0232 0C02     		.2byte	0x20c
 554 0234 E6020000 		.4byte	0x2e6
 555 0238 07       		.uleb128 0x7
 556 0239 26050000 		.4byte	.LASF73
 557 023d 00       		.sleb128 0
 558 023e 07       		.uleb128 0x7
 559 023f 9F040000 		.4byte	.LASF74
 560 0243 01       		.sleb128 1
 561 0244 07       		.uleb128 0x7
 562 0245 57100000 		.4byte	.LASF75
 563 0249 02       		.sleb128 2
 564 024a 07       		.uleb128 0x7
 565 024b 8E000000 		.4byte	.LASF76
 566 024f 03       		.sleb128 3
 567 0250 07       		.uleb128 0x7
 568 0251 03110000 		.4byte	.LASF77
 569 0255 04       		.sleb128 4
 570 0256 07       		.uleb128 0x7
 571 0257 49060000 		.4byte	.LASF78
 572 025b 05       		.sleb128 5
 573 025c 07       		.uleb128 0x7
 574 025d 560D0000 		.4byte	.LASF79
 575 0261 06       		.sleb128 6
 576 0262 07       		.uleb128 0x7
 577 0263 7E030000 		.4byte	.LASF80
 578 0267 07       		.sleb128 7
 579 0268 07       		.uleb128 0x7
 580 0269 50130000 		.4byte	.LASF81
 581 026d 08       		.sleb128 8
 582 026e 07       		.uleb128 0x7
 583 026f D3050000 		.4byte	.LASF82
 584 0273 09       		.sleb128 9
 585 0274 07       		.uleb128 0x7
 586 0275 330C0000 		.4byte	.LASF83
 587 0279 0A       		.sleb128 10
 588 027a 07       		.uleb128 0x7
 589 027b B60E0000 		.4byte	.LASF84
 590 027f 0B       		.sleb128 11
 591 0280 07       		.uleb128 0x7
 592 0281 6B020000 		.4byte	.LASF85
 593 0285 0C       		.sleb128 12
 594 0286 07       		.uleb128 0x7
ARM GAS  C:\Users\ADMINI~1.SC-\AppData\Local\Temp\ccOCmGDt.s 			page 15


 595 0287 C0010000 		.4byte	.LASF86
 596 028b 0D       		.sleb128 13
 597 028c 07       		.uleb128 0x7
 598 028d CF060000 		.4byte	.LASF87
 599 0291 0E       		.sleb128 14
 600 0292 07       		.uleb128 0x7
 601 0293 8B0D0000 		.4byte	.LASF88
 602 0297 0F       		.sleb128 15
 603 0298 07       		.uleb128 0x7
 604 0299 B60F0000 		.4byte	.LASF89
 605 029d 10       		.sleb128 16
 606 029e 07       		.uleb128 0x7
 607 029f 89070000 		.4byte	.LASF90
 608 02a3 11       		.sleb128 17
 609 02a4 07       		.uleb128 0x7
 610 02a5 50040000 		.4byte	.LASF91
 611 02a9 12       		.sleb128 18
 612 02aa 07       		.uleb128 0x7
 613 02ab 28130000 		.4byte	.LASF92
 614 02af 13       		.sleb128 19
 615 02b0 07       		.uleb128 0x7
 616 02b1 5C030000 		.4byte	.LASF93
 617 02b5 27       		.sleb128 39
 618 02b6 07       		.uleb128 0x7
 619 02b7 910F0000 		.4byte	.LASF94
 620 02bb 28       		.sleb128 40
 621 02bc 07       		.uleb128 0x7
 622 02bd 86110000 		.4byte	.LASF95
 623 02c1 29       		.sleb128 41
 624 02c2 07       		.uleb128 0x7
 625 02c3 AB090000 		.4byte	.LASF96
 626 02c7 FF01     		.sleb128 255
 627 02c9 07       		.uleb128 0x7
 628 02ca 8C010000 		.4byte	.LASF97
 629 02ce 8002     		.sleb128 256
 630 02d0 07       		.uleb128 0x7
 631 02d1 010B0000 		.4byte	.LASF98
 632 02d5 8102     		.sleb128 257
 633 02d7 07       		.uleb128 0x7
 634 02d8 070D0000 		.4byte	.LASF99
 635 02dc 8202     		.sleb128 258
 636 02de 07       		.uleb128 0x7
 637 02df F0030000 		.4byte	.LASF100
 638 02e3 8302     		.sleb128 259
 639 02e5 00       		.byte	0
 640 02e6 09       		.uleb128 0x9
 641 02e7 CD0A0000 		.4byte	.LASF101
 642 02eb 03       		.byte	0x3
 643 02ec 6902     		.2byte	0x269
 644 02ee 2F020000 		.4byte	0x22f
 645 02f2 0A       		.uleb128 0xa
 646 02f3 04       		.byte	0x4
 647 02f4 6B000000 		.4byte	0x6b
 648 02f8 06       		.uleb128 0x6
 649 02f9 01       		.byte	0x1
 650 02fa 04       		.byte	0x4
 651 02fb AA       		.byte	0xaa
ARM GAS  C:\Users\ADMINI~1.SC-\AppData\Local\Temp\ccOCmGDt.s 			page 16


 652 02fc EB030000 		.4byte	0x3eb
 653 0300 07       		.uleb128 0x7
 654 0301 35050000 		.4byte	.LASF102
 655 0305 00       		.sleb128 0
 656 0306 07       		.uleb128 0x7
 657 0307 D8000000 		.4byte	.LASF103
 658 030b 01       		.sleb128 1
 659 030c 07       		.uleb128 0x7
 660 030d 6F050000 		.4byte	.LASF104
 661 0311 02       		.sleb128 2
 662 0312 07       		.uleb128 0x7
 663 0313 AD070000 		.4byte	.LASF105
 664 0317 03       		.sleb128 3
 665 0318 07       		.uleb128 0x7
 666 0319 D5030000 		.4byte	.LASF106
 667 031d 04       		.sleb128 4
 668 031e 07       		.uleb128 0x7
 669 031f E8020000 		.4byte	.LASF107
 670 0323 05       		.sleb128 5
 671 0324 07       		.uleb128 0x7
 672 0325 B3000000 		.4byte	.LASF108
 673 0329 06       		.sleb128 6
 674 032a 07       		.uleb128 0x7
 675 032b 68110000 		.4byte	.LASF109
 676 032f 07       		.sleb128 7
 677 0330 07       		.uleb128 0x7
 678 0331 7D0A0000 		.4byte	.LASF110
 679 0335 08       		.sleb128 8
 680 0336 07       		.uleb128 0x7
 681 0337 F30B0000 		.4byte	.LASF111
 682 033b 09       		.sleb128 9
 683 033c 07       		.uleb128 0x7
 684 033d 0A070000 		.4byte	.LASF112
 685 0341 0A       		.sleb128 10
 686 0342 07       		.uleb128 0x7
 687 0343 D0070000 		.4byte	.LASF113
 688 0347 0B       		.sleb128 11
 689 0348 07       		.uleb128 0x7
 690 0349 65000000 		.4byte	.LASF114
 691 034d 0C       		.sleb128 12
 692 034e 07       		.uleb128 0x7
 693 034f 990C0000 		.4byte	.LASF115
 694 0353 0D       		.sleb128 13
 695 0354 07       		.uleb128 0x7
 696 0355 510F0000 		.4byte	.LASF116
 697 0359 0E       		.sleb128 14
 698 035a 07       		.uleb128 0x7
 699 035b A3100000 		.4byte	.LASF117
 700 035f 0F       		.sleb128 15
 701 0360 07       		.uleb128 0x7
 702 0361 BD040000 		.4byte	.LASF118
 703 0365 10       		.sleb128 16
 704 0366 07       		.uleb128 0x7
 705 0367 030A0000 		.4byte	.LASF119
 706 036b 11       		.sleb128 17
 707 036c 07       		.uleb128 0x7
 708 036d 640E0000 		.4byte	.LASF120
ARM GAS  C:\Users\ADMINI~1.SC-\AppData\Local\Temp\ccOCmGDt.s 			page 17


 709 0371 8001     		.sleb128 128
 710 0373 07       		.uleb128 0x7
 711 0374 75100000 		.4byte	.LASF121
 712 0378 8001     		.sleb128 128
 713 037a 07       		.uleb128 0x7
 714 037b 3C090000 		.4byte	.LASF122
 715 037f 8001     		.sleb128 128
 716 0381 07       		.uleb128 0x7
 717 0382 A7080000 		.4byte	.LASF123
 718 0386 8001     		.sleb128 128
 719 0388 07       		.uleb128 0x7
 720 0389 A1060000 		.4byte	.LASF124
 721 038d 8001     		.sleb128 128
 722 038f 07       		.uleb128 0x7
 723 0390 C3020000 		.4byte	.LASF125
 724 0394 8001     		.sleb128 128
 725 0396 07       		.uleb128 0x7
 726 0397 700D0000 		.4byte	.LASF126
 727 039b 8001     		.sleb128 128
 728 039d 07       		.uleb128 0x7
 729 039e BE0C0000 		.4byte	.LASF127
 730 03a2 8101     		.sleb128 129
 731 03a4 07       		.uleb128 0x7
 732 03a5 0D020000 		.4byte	.LASF128
 733 03a9 8101     		.sleb128 129
 734 03ab 07       		.uleb128 0x7
 735 03ac 86060000 		.4byte	.LASF129
 736 03b0 8101     		.sleb128 129
 737 03b2 07       		.uleb128 0x7
 738 03b3 C70D0000 		.4byte	.LASF130
 739 03b7 A001     		.sleb128 160
 740 03b9 07       		.uleb128 0x7
 741 03ba 27080000 		.4byte	.LASF131
 742 03be A001     		.sleb128 160
 743 03c0 07       		.uleb128 0x7
 744 03c1 9F020000 		.4byte	.LASF132
 745 03c5 A101     		.sleb128 161
 746 03c7 07       		.uleb128 0x7
 747 03c8 A00B0000 		.4byte	.LASF133
 748 03cc A201     		.sleb128 162
 749 03ce 07       		.uleb128 0x7
 750 03cf 6F0F0000 		.4byte	.LASF134
 751 03d3 A301     		.sleb128 163
 752 03d5 07       		.uleb128 0x7
 753 03d6 3A0E0000 		.4byte	.LASF135
 754 03da FD01     		.sleb128 253
 755 03dc 07       		.uleb128 0x7
 756 03dd E40F0000 		.4byte	.LASF136
 757 03e1 FE01     		.sleb128 254
 758 03e3 07       		.uleb128 0x7
 759 03e4 5A0C0000 		.4byte	.LASF137
 760 03e8 FF01     		.sleb128 255
 761 03ea 00       		.byte	0
 762 03eb 09       		.uleb128 0x9
 763 03ec 40030000 		.4byte	.LASF138
 764 03f0 04       		.byte	0x4
 765 03f1 8801     		.2byte	0x188
ARM GAS  C:\Users\ADMINI~1.SC-\AppData\Local\Temp\ccOCmGDt.s 			page 18


 766 03f3 76000000 		.4byte	0x76
 767 03f7 0B       		.uleb128 0xb
 768 03f8 08       		.byte	0x8
 769 03f9 04       		.byte	0x4
 770 03fa BD01     		.2byte	0x1bd
 771 03fc 28040000 		.4byte	0x428
 772 0400 0C       		.uleb128 0xc
 773 0401 76616C00 		.ascii	"val\000"
 774 0405 04       		.byte	0x4
 775 0406 C001     		.2byte	0x1c0
 776 0408 F2020000 		.4byte	0x2f2
 777 040c 00       		.byte	0
 778 040d 0C       		.uleb128 0xc
 779 040e 6C656E00 		.ascii	"len\000"
 780 0412 04       		.byte	0x4
 781 0413 C301     		.2byte	0x1c3
 782 0415 76000000 		.4byte	0x76
 783 0419 04       		.byte	0x4
 784 041a 0D       		.uleb128 0xd
 785 041b 9B030000 		.4byte	.LASF139
 786 041f 04       		.byte	0x4
 787 0420 CA01     		.2byte	0x1ca
 788 0422 76000000 		.4byte	0x76
 789 0426 06       		.byte	0x6
 790 0427 00       		.byte	0
 791 0428 09       		.uleb128 0x9
 792 0429 E5010000 		.4byte	.LASF140
 793 042d 04       		.byte	0x4
 794 042e CC01     		.2byte	0x1cc
 795 0430 F7030000 		.4byte	0x3f7
 796 0434 0B       		.uleb128 0xb
 797 0435 0C       		.byte	0xc
 798 0436 04       		.byte	0x4
 799 0437 CF01     		.2byte	0x1cf
 800 0439 58040000 		.4byte	0x458
 801 043d 0D       		.uleb128 0xd
 802 043e 0A060000 		.4byte	.LASF141
 803 0442 04       		.byte	0x4
 804 0443 D201     		.2byte	0x1d2
 805 0445 28040000 		.4byte	0x428
 806 0449 00       		.byte	0
 807 044a 0D       		.uleb128 0xd
 808 044b E8050000 		.4byte	.LASF142
 809 044f 04       		.byte	0x4
 810 0450 D501     		.2byte	0x1d5
 811 0452 EB030000 		.4byte	0x3eb
 812 0456 08       		.byte	0x8
 813 0457 00       		.byte	0
 814 0458 09       		.uleb128 0x9
 815 0459 1A0B0000 		.4byte	.LASF143
 816 045d 04       		.byte	0x4
 817 045e D701     		.2byte	0x1d7
 818 0460 34040000 		.4byte	0x434
 819 0464 09       		.uleb128 0x9
 820 0465 CA100000 		.4byte	.LASF144
 821 0469 05       		.byte	0x5
 822 046a 4201     		.2byte	0x142
ARM GAS  C:\Users\ADMINI~1.SC-\AppData\Local\Temp\ccOCmGDt.s 			page 19


 823 046c 70040000 		.4byte	0x470
 824 0470 0A       		.uleb128 0xa
 825 0471 04       		.byte	0x4
 826 0472 76040000 		.4byte	0x476
 827 0476 0E       		.uleb128 0xe
 828 0477 86040000 		.4byte	0x486
 829 047b 0F       		.uleb128 0xf
 830 047c 81000000 		.4byte	0x81
 831 0480 0F       		.uleb128 0xf
 832 0481 A8000000 		.4byte	0xa8
 833 0485 00       		.byte	0
 834 0486 06       		.uleb128 0x6
 835 0487 01       		.byte	0x1
 836 0488 06       		.byte	0x6
 837 0489 23       		.byte	0x23
 838 048a CB040000 		.4byte	0x4cb
 839 048e 07       		.uleb128 0x7
 840 048f 03130000 		.4byte	.LASF145
 841 0493 00       		.sleb128 0
 842 0494 07       		.uleb128 0x7
 843 0495 9F0E0000 		.4byte	.LASF146
 844 0499 01       		.sleb128 1
 845 049a 07       		.uleb128 0x7
 846 049b 1B0C0000 		.4byte	.LASF147
 847 049f 02       		.sleb128 2
 848 04a0 07       		.uleb128 0x7
 849 04a1 01050000 		.4byte	.LASF148
 850 04a5 03       		.sleb128 3
 851 04a6 07       		.uleb128 0x7
 852 04a7 E3040000 		.4byte	.LASF149
 853 04ab 04       		.sleb128 4
 854 04ac 07       		.uleb128 0x7
 855 04ad B00D0000 		.4byte	.LASF150
 856 04b1 05       		.sleb128 5
 857 04b2 07       		.uleb128 0x7
 858 04b3 97090000 		.4byte	.LASF151
 859 04b7 06       		.sleb128 6
 860 04b8 07       		.uleb128 0x7
 861 04b9 6A0B0000 		.4byte	.LASF152
 862 04bd 07       		.sleb128 7
 863 04be 07       		.uleb128 0x7
 864 04bf 96080000 		.4byte	.LASF153
 865 04c3 08       		.sleb128 8
 866 04c4 07       		.uleb128 0x7
 867 04c5 840C0000 		.4byte	.LASF154
 868 04c9 09       		.sleb128 9
 869 04ca 00       		.byte	0
 870 04cb 04       		.uleb128 0x4
 871 04cc 32060000 		.4byte	.LASF155
 872 04d0 06       		.byte	0x6
 873 04d1 2F       		.byte	0x2f
 874 04d2 86040000 		.4byte	0x486
 875 04d6 10       		.uleb128 0x10
 876 04d7 14       		.byte	0x14
 877 04d8 06       		.byte	0x6
 878 04d9 34       		.byte	0x34
 879 04da F7040000 		.4byte	0x4f7
ARM GAS  C:\Users\ADMINI~1.SC-\AppData\Local\Temp\ccOCmGDt.s 			page 20


 880 04de 11       		.uleb128 0x11
 881 04df F7080000 		.4byte	.LASF156
 882 04e3 06       		.byte	0x6
 883 04e4 37       		.byte	0x37
 884 04e5 EB030000 		.4byte	0x3eb
 885 04e9 00       		.byte	0
 886 04ea 11       		.uleb128 0x11
 887 04eb 2A0D0000 		.4byte	.LASF157
 888 04ef 06       		.byte	0x6
 889 04f0 3A       		.byte	0x3a
 890 04f1 F7040000 		.4byte	0x4f7
 891 04f5 02       		.byte	0x2
 892 04f6 00       		.byte	0
 893 04f7 12       		.uleb128 0x12
 894 04f8 EB030000 		.4byte	0x3eb
 895 04fc 07050000 		.4byte	0x507
 896 0500 13       		.uleb128 0x13
 897 0501 A1000000 		.4byte	0xa1
 898 0505 08       		.byte	0x8
 899 0506 00       		.byte	0
 900 0507 04       		.uleb128 0x4
 901 0508 78120000 		.4byte	.LASF158
 902 050c 06       		.byte	0x6
 903 050d 3B       		.byte	0x3b
 904 050e D6040000 		.4byte	0x4d6
 905 0512 14       		.uleb128 0x14
 906 0513 F6000000 		.4byte	.LASF170
 907 0517 01       		.byte	0x1
 908 0518 3A       		.byte	0x3a
 909 0519 00000000 		.4byte	.LFB2
 910 051d 08000000 		.4byte	.LFE2-.LFB2
 911 0521 01       		.uleb128 0x1
 912 0522 9C       		.byte	0x9c
 913 0523 15       		.uleb128 0x15
 914 0524 E90C0000 		.4byte	.LASF171
 915 0528 01       		.byte	0x1
 916 0529 5F       		.byte	0x5f
 917 052a 00000000 		.4byte	.LFB3
 918 052e 0E000000 		.4byte	.LFE3-.LFB3
 919 0532 01       		.uleb128 0x1
 920 0533 9C       		.byte	0x9c
 921 0534 47050000 		.4byte	0x547
 922 0538 16       		.uleb128 0x16
 923 0539 4D0C0000 		.4byte	.LASF159
 924 053d 01       		.byte	0x1
 925 053e 5F       		.byte	0x5f
 926 053f 64040000 		.4byte	0x464
 927 0543 02       		.uleb128 0x2
 928 0544 91       		.byte	0x91
 929 0545 74       		.sleb128 -12
 930 0546 00       		.byte	0
 931 0547 17       		.uleb128 0x17
 932 0548 4B080000 		.4byte	.LASF165
 933 054c 01       		.byte	0x1
 934 054d 85       		.byte	0x85
 935 054e E6020000 		.4byte	0x2e6
 936 0552 00000000 		.4byte	.LFB4
ARM GAS  C:\Users\ADMINI~1.SC-\AppData\Local\Temp\ccOCmGDt.s 			page 21


 937 0556 84000000 		.4byte	.LFE4-.LFB4
 938 055a 01       		.uleb128 0x1
 939 055b 9C       		.byte	0x9c
 940 055c A7050000 		.4byte	0x5a7
 941 0560 16       		.uleb128 0x16
 942 0561 F9100000 		.4byte	.LASF160
 943 0565 01       		.byte	0x1
 944 0566 85       		.byte	0x85
 945 0567 CB040000 		.4byte	0x4cb
 946 056b 02       		.uleb128 0x2
 947 056c 91       		.byte	0x91
 948 056d 67       		.sleb128 -25
 949 056e 16       		.uleb128 0x16
 950 056f 1F130000 		.4byte	.LASF161
 951 0573 01       		.byte	0x1
 952 0574 85       		.byte	0x85
 953 0575 6B000000 		.4byte	0x6b
 954 0579 02       		.uleb128 0x2
 955 057a 91       		.byte	0x91
 956 057b 66       		.sleb128 -26
 957 057c 16       		.uleb128 0x16
 958 057d 0F0E0000 		.4byte	.LASF162
 959 0581 01       		.byte	0x1
 960 0582 85       		.byte	0x85
 961 0583 F2020000 		.4byte	0x2f2
 962 0587 02       		.uleb128 0x2
 963 0588 91       		.byte	0x91
 964 0589 60       		.sleb128 -32
 965 058a 18       		.uleb128 0x18
 966 058b C30A0000 		.4byte	.LASF163
 967 058f 01       		.byte	0x1
 968 0590 87       		.byte	0x87
 969 0591 E6020000 		.4byte	0x2e6
 970 0595 02       		.uleb128 0x2
 971 0596 91       		.byte	0x91
 972 0597 76       		.sleb128 -10
 973 0598 18       		.uleb128 0x18
 974 0599 A9120000 		.4byte	.LASF164
 975 059d 01       		.byte	0x1
 976 059e 88       		.byte	0x88
 977 059f 58040000 		.4byte	0x458
 978 05a3 02       		.uleb128 0x2
 979 05a4 91       		.byte	0x91
 980 05a5 68       		.sleb128 -24
 981 05a6 00       		.byte	0
 982 05a7 17       		.uleb128 0x17
 983 05a8 5C0A0000 		.4byte	.LASF166
 984 05ac 01       		.byte	0x1
 985 05ad B4       		.byte	0xb4
 986 05ae E6020000 		.4byte	0x2e6
 987 05b2 00000000 		.4byte	.LFB5
 988 05b6 80000000 		.4byte	.LFE5-.LFB5
 989 05ba 01       		.uleb128 0x1
 990 05bb 9C       		.byte	0x9c
 991 05bc 07060000 		.4byte	0x607
 992 05c0 16       		.uleb128 0x16
 993 05c1 F9100000 		.4byte	.LASF160
ARM GAS  C:\Users\ADMINI~1.SC-\AppData\Local\Temp\ccOCmGDt.s 			page 22


 994 05c5 01       		.byte	0x1
 995 05c6 B4       		.byte	0xb4
 996 05c7 CB040000 		.4byte	0x4cb
 997 05cb 02       		.uleb128 0x2
 998 05cc 91       		.byte	0x91
 999 05cd 67       		.sleb128 -25
 1000 05ce 16       		.uleb128 0x16
 1001 05cf 1F130000 		.4byte	.LASF161
 1002 05d3 01       		.byte	0x1
 1003 05d4 B4       		.byte	0xb4
 1004 05d5 6B000000 		.4byte	0x6b
 1005 05d9 02       		.uleb128 0x2
 1006 05da 91       		.byte	0x91
 1007 05db 66       		.sleb128 -26
 1008 05dc 16       		.uleb128 0x16
 1009 05dd 0F0E0000 		.4byte	.LASF162
 1010 05e1 01       		.byte	0x1
 1011 05e2 B4       		.byte	0xb4
 1012 05e3 F2020000 		.4byte	0x2f2
 1013 05e7 02       		.uleb128 0x2
 1014 05e8 91       		.byte	0x91
 1015 05e9 60       		.sleb128 -32
 1016 05ea 18       		.uleb128 0x18
 1017 05eb C30A0000 		.4byte	.LASF163
 1018 05ef 01       		.byte	0x1
 1019 05f0 B6       		.byte	0xb6
 1020 05f1 E6020000 		.4byte	0x2e6
 1021 05f5 02       		.uleb128 0x2
 1022 05f6 91       		.byte	0x91
 1023 05f7 76       		.sleb128 -10
 1024 05f8 18       		.uleb128 0x18
 1025 05f9 A9120000 		.4byte	.LASF164
 1026 05fd 01       		.byte	0x1
 1027 05fe B7       		.byte	0xb7
 1028 05ff 58040000 		.4byte	0x458
 1029 0603 02       		.uleb128 0x2
 1030 0604 91       		.byte	0x91
 1031 0605 68       		.sleb128 -24
 1032 0606 00       		.byte	0
 1033 0607 19       		.uleb128 0x19
 1034 0608 8B080000 		.4byte	.LASF172
 1035 060c 01       		.byte	0x1
 1036 060d 15       		.byte	0x15
 1037 060e 18060000 		.4byte	0x618
 1038 0612 05       		.uleb128 0x5
 1039 0613 03       		.byte	0x3
 1040 0614 00000000 		.4byte	cyBle_diss
 1041 0618 1A       		.uleb128 0x1a
 1042 0619 07050000 		.4byte	0x507
 1043 061d 00       		.byte	0
 1044              		.section	.debug_abbrev,"",%progbits
 1045              	.Ldebug_abbrev0:
 1046 0000 01       		.uleb128 0x1
 1047 0001 11       		.uleb128 0x11
 1048 0002 01       		.byte	0x1
 1049 0003 25       		.uleb128 0x25
 1050 0004 0E       		.uleb128 0xe
ARM GAS  C:\Users\ADMINI~1.SC-\AppData\Local\Temp\ccOCmGDt.s 			page 23


 1051 0005 13       		.uleb128 0x13
 1052 0006 0B       		.uleb128 0xb
 1053 0007 03       		.uleb128 0x3
 1054 0008 0E       		.uleb128 0xe
 1055 0009 1B       		.uleb128 0x1b
 1056 000a 0E       		.uleb128 0xe
 1057 000b 55       		.uleb128 0x55
 1058 000c 17       		.uleb128 0x17
 1059 000d 11       		.uleb128 0x11
 1060 000e 01       		.uleb128 0x1
 1061 000f 10       		.uleb128 0x10
 1062 0010 17       		.uleb128 0x17
 1063 0011 00       		.byte	0
 1064 0012 00       		.byte	0
 1065 0013 02       		.uleb128 0x2
 1066 0014 24       		.uleb128 0x24
 1067 0015 00       		.byte	0
 1068 0016 0B       		.uleb128 0xb
 1069 0017 0B       		.uleb128 0xb
 1070 0018 3E       		.uleb128 0x3e
 1071 0019 0B       		.uleb128 0xb
 1072 001a 03       		.uleb128 0x3
 1073 001b 0E       		.uleb128 0xe
 1074 001c 00       		.byte	0
 1075 001d 00       		.byte	0
 1076 001e 03       		.uleb128 0x3
 1077 001f 24       		.uleb128 0x24
 1078 0020 00       		.byte	0
 1079 0021 0B       		.uleb128 0xb
 1080 0022 0B       		.uleb128 0xb
 1081 0023 3E       		.uleb128 0x3e
 1082 0024 0B       		.uleb128 0xb
 1083 0025 03       		.uleb128 0x3
 1084 0026 08       		.uleb128 0x8
 1085 0027 00       		.byte	0
 1086 0028 00       		.byte	0
 1087 0029 04       		.uleb128 0x4
 1088 002a 16       		.uleb128 0x16
 1089 002b 00       		.byte	0
 1090 002c 03       		.uleb128 0x3
 1091 002d 0E       		.uleb128 0xe
 1092 002e 3A       		.uleb128 0x3a
 1093 002f 0B       		.uleb128 0xb
 1094 0030 3B       		.uleb128 0x3b
 1095 0031 0B       		.uleb128 0xb
 1096 0032 49       		.uleb128 0x49
 1097 0033 13       		.uleb128 0x13
 1098 0034 00       		.byte	0
 1099 0035 00       		.byte	0
 1100 0036 05       		.uleb128 0x5
 1101 0037 0F       		.uleb128 0xf
 1102 0038 00       		.byte	0
 1103 0039 0B       		.uleb128 0xb
 1104 003a 0B       		.uleb128 0xb
 1105 003b 00       		.byte	0
 1106 003c 00       		.byte	0
 1107 003d 06       		.uleb128 0x6
ARM GAS  C:\Users\ADMINI~1.SC-\AppData\Local\Temp\ccOCmGDt.s 			page 24


 1108 003e 04       		.uleb128 0x4
 1109 003f 01       		.byte	0x1
 1110 0040 0B       		.uleb128 0xb
 1111 0041 0B       		.uleb128 0xb
 1112 0042 3A       		.uleb128 0x3a
 1113 0043 0B       		.uleb128 0xb
 1114 0044 3B       		.uleb128 0x3b
 1115 0045 0B       		.uleb128 0xb
 1116 0046 01       		.uleb128 0x1
 1117 0047 13       		.uleb128 0x13
 1118 0048 00       		.byte	0
 1119 0049 00       		.byte	0
 1120 004a 07       		.uleb128 0x7
 1121 004b 28       		.uleb128 0x28
 1122 004c 00       		.byte	0
 1123 004d 03       		.uleb128 0x3
 1124 004e 0E       		.uleb128 0xe
 1125 004f 1C       		.uleb128 0x1c
 1126 0050 0D       		.uleb128 0xd
 1127 0051 00       		.byte	0
 1128 0052 00       		.byte	0
 1129 0053 08       		.uleb128 0x8
 1130 0054 04       		.uleb128 0x4
 1131 0055 01       		.byte	0x1
 1132 0056 0B       		.uleb128 0xb
 1133 0057 0B       		.uleb128 0xb
 1134 0058 3A       		.uleb128 0x3a
 1135 0059 0B       		.uleb128 0xb
 1136 005a 3B       		.uleb128 0x3b
 1137 005b 05       		.uleb128 0x5
 1138 005c 01       		.uleb128 0x1
 1139 005d 13       		.uleb128 0x13
 1140 005e 00       		.byte	0
 1141 005f 00       		.byte	0
 1142 0060 09       		.uleb128 0x9
 1143 0061 16       		.uleb128 0x16
 1144 0062 00       		.byte	0
 1145 0063 03       		.uleb128 0x3
 1146 0064 0E       		.uleb128 0xe
 1147 0065 3A       		.uleb128 0x3a
 1148 0066 0B       		.uleb128 0xb
 1149 0067 3B       		.uleb128 0x3b
 1150 0068 05       		.uleb128 0x5
 1151 0069 49       		.uleb128 0x49
 1152 006a 13       		.uleb128 0x13
 1153 006b 00       		.byte	0
 1154 006c 00       		.byte	0
 1155 006d 0A       		.uleb128 0xa
 1156 006e 0F       		.uleb128 0xf
 1157 006f 00       		.byte	0
 1158 0070 0B       		.uleb128 0xb
 1159 0071 0B       		.uleb128 0xb
 1160 0072 49       		.uleb128 0x49
 1161 0073 13       		.uleb128 0x13
 1162 0074 00       		.byte	0
 1163 0075 00       		.byte	0
 1164 0076 0B       		.uleb128 0xb
ARM GAS  C:\Users\ADMINI~1.SC-\AppData\Local\Temp\ccOCmGDt.s 			page 25


 1165 0077 13       		.uleb128 0x13
 1166 0078 01       		.byte	0x1
 1167 0079 0B       		.uleb128 0xb
 1168 007a 0B       		.uleb128 0xb
 1169 007b 3A       		.uleb128 0x3a
 1170 007c 0B       		.uleb128 0xb
 1171 007d 3B       		.uleb128 0x3b
 1172 007e 05       		.uleb128 0x5
 1173 007f 01       		.uleb128 0x1
 1174 0080 13       		.uleb128 0x13
 1175 0081 00       		.byte	0
 1176 0082 00       		.byte	0
 1177 0083 0C       		.uleb128 0xc
 1178 0084 0D       		.uleb128 0xd
 1179 0085 00       		.byte	0
 1180 0086 03       		.uleb128 0x3
 1181 0087 08       		.uleb128 0x8
 1182 0088 3A       		.uleb128 0x3a
 1183 0089 0B       		.uleb128 0xb
 1184 008a 3B       		.uleb128 0x3b
 1185 008b 05       		.uleb128 0x5
 1186 008c 49       		.uleb128 0x49
 1187 008d 13       		.uleb128 0x13
 1188 008e 38       		.uleb128 0x38
 1189 008f 0B       		.uleb128 0xb
 1190 0090 00       		.byte	0
 1191 0091 00       		.byte	0
 1192 0092 0D       		.uleb128 0xd
 1193 0093 0D       		.uleb128 0xd
 1194 0094 00       		.byte	0
 1195 0095 03       		.uleb128 0x3
 1196 0096 0E       		.uleb128 0xe
 1197 0097 3A       		.uleb128 0x3a
 1198 0098 0B       		.uleb128 0xb
 1199 0099 3B       		.uleb128 0x3b
 1200 009a 05       		.uleb128 0x5
 1201 009b 49       		.uleb128 0x49
 1202 009c 13       		.uleb128 0x13
 1203 009d 38       		.uleb128 0x38
 1204 009e 0B       		.uleb128 0xb
 1205 009f 00       		.byte	0
 1206 00a0 00       		.byte	0
 1207 00a1 0E       		.uleb128 0xe
 1208 00a2 15       		.uleb128 0x15
 1209 00a3 01       		.byte	0x1
 1210 00a4 27       		.uleb128 0x27
 1211 00a5 19       		.uleb128 0x19
 1212 00a6 01       		.uleb128 0x1
 1213 00a7 13       		.uleb128 0x13
 1214 00a8 00       		.byte	0
 1215 00a9 00       		.byte	0
 1216 00aa 0F       		.uleb128 0xf
 1217 00ab 05       		.uleb128 0x5
 1218 00ac 00       		.byte	0
 1219 00ad 49       		.uleb128 0x49
 1220 00ae 13       		.uleb128 0x13
 1221 00af 00       		.byte	0
ARM GAS  C:\Users\ADMINI~1.SC-\AppData\Local\Temp\ccOCmGDt.s 			page 26


 1222 00b0 00       		.byte	0
 1223 00b1 10       		.uleb128 0x10
 1224 00b2 13       		.uleb128 0x13
 1225 00b3 01       		.byte	0x1
 1226 00b4 0B       		.uleb128 0xb
 1227 00b5 0B       		.uleb128 0xb
 1228 00b6 3A       		.uleb128 0x3a
 1229 00b7 0B       		.uleb128 0xb
 1230 00b8 3B       		.uleb128 0x3b
 1231 00b9 0B       		.uleb128 0xb
 1232 00ba 01       		.uleb128 0x1
 1233 00bb 13       		.uleb128 0x13
 1234 00bc 00       		.byte	0
 1235 00bd 00       		.byte	0
 1236 00be 11       		.uleb128 0x11
 1237 00bf 0D       		.uleb128 0xd
 1238 00c0 00       		.byte	0
 1239 00c1 03       		.uleb128 0x3
 1240 00c2 0E       		.uleb128 0xe
 1241 00c3 3A       		.uleb128 0x3a
 1242 00c4 0B       		.uleb128 0xb
 1243 00c5 3B       		.uleb128 0x3b
 1244 00c6 0B       		.uleb128 0xb
 1245 00c7 49       		.uleb128 0x49
 1246 00c8 13       		.uleb128 0x13
 1247 00c9 38       		.uleb128 0x38
 1248 00ca 0B       		.uleb128 0xb
 1249 00cb 00       		.byte	0
 1250 00cc 00       		.byte	0
 1251 00cd 12       		.uleb128 0x12
 1252 00ce 01       		.uleb128 0x1
 1253 00cf 01       		.byte	0x1
 1254 00d0 49       		.uleb128 0x49
 1255 00d1 13       		.uleb128 0x13
 1256 00d2 01       		.uleb128 0x1
 1257 00d3 13       		.uleb128 0x13
 1258 00d4 00       		.byte	0
 1259 00d5 00       		.byte	0
 1260 00d6 13       		.uleb128 0x13
 1261 00d7 21       		.uleb128 0x21
 1262 00d8 00       		.byte	0
 1263 00d9 49       		.uleb128 0x49
 1264 00da 13       		.uleb128 0x13
 1265 00db 2F       		.uleb128 0x2f
 1266 00dc 0B       		.uleb128 0xb
 1267 00dd 00       		.byte	0
 1268 00de 00       		.byte	0
 1269 00df 14       		.uleb128 0x14
 1270 00e0 2E       		.uleb128 0x2e
 1271 00e1 00       		.byte	0
 1272 00e2 3F       		.uleb128 0x3f
 1273 00e3 19       		.uleb128 0x19
 1274 00e4 03       		.uleb128 0x3
 1275 00e5 0E       		.uleb128 0xe
 1276 00e6 3A       		.uleb128 0x3a
 1277 00e7 0B       		.uleb128 0xb
 1278 00e8 3B       		.uleb128 0x3b
ARM GAS  C:\Users\ADMINI~1.SC-\AppData\Local\Temp\ccOCmGDt.s 			page 27


 1279 00e9 0B       		.uleb128 0xb
 1280 00ea 27       		.uleb128 0x27
 1281 00eb 19       		.uleb128 0x19
 1282 00ec 11       		.uleb128 0x11
 1283 00ed 01       		.uleb128 0x1
 1284 00ee 12       		.uleb128 0x12
 1285 00ef 06       		.uleb128 0x6
 1286 00f0 40       		.uleb128 0x40
 1287 00f1 18       		.uleb128 0x18
 1288 00f2 9742     		.uleb128 0x2117
 1289 00f4 19       		.uleb128 0x19
 1290 00f5 00       		.byte	0
 1291 00f6 00       		.byte	0
 1292 00f7 15       		.uleb128 0x15
 1293 00f8 2E       		.uleb128 0x2e
 1294 00f9 01       		.byte	0x1
 1295 00fa 3F       		.uleb128 0x3f
 1296 00fb 19       		.uleb128 0x19
 1297 00fc 03       		.uleb128 0x3
 1298 00fd 0E       		.uleb128 0xe
 1299 00fe 3A       		.uleb128 0x3a
 1300 00ff 0B       		.uleb128 0xb
 1301 0100 3B       		.uleb128 0x3b
 1302 0101 0B       		.uleb128 0xb
 1303 0102 27       		.uleb128 0x27
 1304 0103 19       		.uleb128 0x19
 1305 0104 11       		.uleb128 0x11
 1306 0105 01       		.uleb128 0x1
 1307 0106 12       		.uleb128 0x12
 1308 0107 06       		.uleb128 0x6
 1309 0108 40       		.uleb128 0x40
 1310 0109 18       		.uleb128 0x18
 1311 010a 9742     		.uleb128 0x2117
 1312 010c 19       		.uleb128 0x19
 1313 010d 01       		.uleb128 0x1
 1314 010e 13       		.uleb128 0x13
 1315 010f 00       		.byte	0
 1316 0110 00       		.byte	0
 1317 0111 16       		.uleb128 0x16
 1318 0112 05       		.uleb128 0x5
 1319 0113 00       		.byte	0
 1320 0114 03       		.uleb128 0x3
 1321 0115 0E       		.uleb128 0xe
 1322 0116 3A       		.uleb128 0x3a
 1323 0117 0B       		.uleb128 0xb
 1324 0118 3B       		.uleb128 0x3b
 1325 0119 0B       		.uleb128 0xb
 1326 011a 49       		.uleb128 0x49
 1327 011b 13       		.uleb128 0x13
 1328 011c 02       		.uleb128 0x2
 1329 011d 18       		.uleb128 0x18
 1330 011e 00       		.byte	0
 1331 011f 00       		.byte	0
 1332 0120 17       		.uleb128 0x17
 1333 0121 2E       		.uleb128 0x2e
 1334 0122 01       		.byte	0x1
 1335 0123 3F       		.uleb128 0x3f
ARM GAS  C:\Users\ADMINI~1.SC-\AppData\Local\Temp\ccOCmGDt.s 			page 28


 1336 0124 19       		.uleb128 0x19
 1337 0125 03       		.uleb128 0x3
 1338 0126 0E       		.uleb128 0xe
 1339 0127 3A       		.uleb128 0x3a
 1340 0128 0B       		.uleb128 0xb
 1341 0129 3B       		.uleb128 0x3b
 1342 012a 0B       		.uleb128 0xb
 1343 012b 27       		.uleb128 0x27
 1344 012c 19       		.uleb128 0x19
 1345 012d 49       		.uleb128 0x49
 1346 012e 13       		.uleb128 0x13
 1347 012f 11       		.uleb128 0x11
 1348 0130 01       		.uleb128 0x1
 1349 0131 12       		.uleb128 0x12
 1350 0132 06       		.uleb128 0x6
 1351 0133 40       		.uleb128 0x40
 1352 0134 18       		.uleb128 0x18
 1353 0135 9642     		.uleb128 0x2116
 1354 0137 19       		.uleb128 0x19
 1355 0138 01       		.uleb128 0x1
 1356 0139 13       		.uleb128 0x13
 1357 013a 00       		.byte	0
 1358 013b 00       		.byte	0
 1359 013c 18       		.uleb128 0x18
 1360 013d 34       		.uleb128 0x34
 1361 013e 00       		.byte	0
 1362 013f 03       		.uleb128 0x3
 1363 0140 0E       		.uleb128 0xe
 1364 0141 3A       		.uleb128 0x3a
 1365 0142 0B       		.uleb128 0xb
 1366 0143 3B       		.uleb128 0x3b
 1367 0144 0B       		.uleb128 0xb
 1368 0145 49       		.uleb128 0x49
 1369 0146 13       		.uleb128 0x13
 1370 0147 02       		.uleb128 0x2
 1371 0148 18       		.uleb128 0x18
 1372 0149 00       		.byte	0
 1373 014a 00       		.byte	0
 1374 014b 19       		.uleb128 0x19
 1375 014c 34       		.uleb128 0x34
 1376 014d 00       		.byte	0
 1377 014e 03       		.uleb128 0x3
 1378 014f 0E       		.uleb128 0xe
 1379 0150 3A       		.uleb128 0x3a
 1380 0151 0B       		.uleb128 0xb
 1381 0152 3B       		.uleb128 0x3b
 1382 0153 0B       		.uleb128 0xb
 1383 0154 49       		.uleb128 0x49
 1384 0155 13       		.uleb128 0x13
 1385 0156 3F       		.uleb128 0x3f
 1386 0157 19       		.uleb128 0x19
 1387 0158 02       		.uleb128 0x2
 1388 0159 18       		.uleb128 0x18
 1389 015a 00       		.byte	0
 1390 015b 00       		.byte	0
 1391 015c 1A       		.uleb128 0x1a
 1392 015d 26       		.uleb128 0x26
ARM GAS  C:\Users\ADMINI~1.SC-\AppData\Local\Temp\ccOCmGDt.s 			page 29


 1393 015e 00       		.byte	0
 1394 015f 49       		.uleb128 0x49
 1395 0160 13       		.uleb128 0x13
 1396 0161 00       		.byte	0
 1397 0162 00       		.byte	0
 1398 0163 00       		.byte	0
 1399              		.section	.debug_aranges,"",%progbits
 1400 0000 34000000 		.4byte	0x34
 1401 0004 0200     		.2byte	0x2
 1402 0006 00000000 		.4byte	.Ldebug_info0
 1403 000a 04       		.byte	0x4
 1404 000b 00       		.byte	0
 1405 000c 0000     		.2byte	0
 1406 000e 0000     		.2byte	0
 1407 0010 00000000 		.4byte	.LFB2
 1408 0014 08000000 		.4byte	.LFE2-.LFB2
 1409 0018 00000000 		.4byte	.LFB3
 1410 001c 0E000000 		.4byte	.LFE3-.LFB3
 1411 0020 00000000 		.4byte	.LFB4
 1412 0024 84000000 		.4byte	.LFE4-.LFB4
 1413 0028 00000000 		.4byte	.LFB5
 1414 002c 80000000 		.4byte	.LFE5-.LFB5
 1415 0030 00000000 		.4byte	0
 1416 0034 00000000 		.4byte	0
 1417              		.section	.debug_ranges,"",%progbits
 1418              	.Ldebug_ranges0:
 1419 0000 00000000 		.4byte	.LFB2
 1420 0004 08000000 		.4byte	.LFE2
 1421 0008 00000000 		.4byte	.LFB3
 1422 000c 0E000000 		.4byte	.LFE3
 1423 0010 00000000 		.4byte	.LFB4
 1424 0014 84000000 		.4byte	.LFE4
 1425 0018 00000000 		.4byte	.LFB5
 1426 001c 80000000 		.4byte	.LFE5
 1427 0020 00000000 		.4byte	0
 1428 0024 00000000 		.4byte	0
 1429              		.section	.debug_line,"",%progbits
 1430              	.Ldebug_line0:
 1431 0000 DD000000 		.section	.debug_str,"MS",%progbits,1
 1431      02007C00 
 1431      00000201 
 1431      FB0E0D00 
 1431      01010101 
 1432              	.LASF67:
 1433 0000 4359424C 		.ascii	"CYBLE_EVT_L2CAP_CBFC_RX_CREDIT_IND\000"
 1433      455F4556 
 1433      545F4C32 
 1433      4341505F 
 1433      43424643 
 1434              	.LASF21:
 1435 0023 4359424C 		.ascii	"CYBLE_EVT_STACK_BUSY_STATUS\000"
 1435      455F4556 
 1435      545F5354 
 1435      41434B5F 
 1435      42555359 
 1436              	.LASF10:
 1437 003f 75696E74 		.ascii	"uint16\000"
ARM GAS  C:\Users\ADMINI~1.SC-\AppData\Local\Temp\ccOCmGDt.s 			page 30


 1437      313600
 1438              	.LASF66:
 1439 0046 4359424C 		.ascii	"CYBLE_EVT_L2CAP_CBFC_DATA_READ\000"
 1439      455F4556 
 1439      545F4C32 
 1439      4341505F 
 1439      43424643 
 1440              	.LASF114:
 1441 0065 4359424C 		.ascii	"CYBLE_GATT_ERR_INSUFFICIENT_ENC_KEY_SIZE\000"
 1441      455F4741 
 1441      54545F45 
 1441      52525F49 
 1441      4E535546 
 1442              	.LASF76:
 1443 008e 4359424C 		.ascii	"CYBLE_ERROR_MEMORY_ALLOCATION_FAILED\000"
 1443      455F4552 
 1443      524F525F 
 1443      4D454D4F 
 1443      52595F41 
 1444              	.LASF108:
 1445 00b3 4359424C 		.ascii	"CYBLE_GATT_ERR_REQUEST_NOT_SUPPORTED\000"
 1445      455F4741 
 1445      54545F45 
 1445      52525F52 
 1445      45515545 
 1446              	.LASF103:
 1447 00d8 4359424C 		.ascii	"CYBLE_GATT_ERR_INVALID_HANDLE\000"
 1447      455F4741 
 1447      54545F45 
 1447      52525F49 
 1447      4E56414C 
 1448              	.LASF170:
 1449 00f6 4379426C 		.ascii	"CyBle_DisInit\000"
 1449      655F4469 
 1449      73496E69 
 1449      7400
 1450              	.LASF32:
 1451 0104 4359424C 		.ascii	"CYBLE_EVT_GAP_CONNECTION_UPDATE_COMPLETE\000"
 1451      455F4556 
 1451      545F4741 
 1451      505F434F 
 1451      4E4E4543 
 1452              	.LASF65:
 1453 012d 4359424C 		.ascii	"CYBLE_EVT_L2CAP_CBFC_DISCONN_CNF\000"
 1453      455F4556 
 1453      545F4C32 
 1453      4341505F 
 1453      43424643 
 1454              	.LASF46:
 1455 014e 4359424C 		.ascii	"CYBLE_EVT_GATTC_READ_MULTI_RSP\000"
 1455      455F4556 
 1455      545F4741 
 1455      5454435F 
 1455      52454144 
 1456              	.LASF51:
 1457 016d 4359424C 		.ascii	"CYBLE_EVT_GATTS_EXEC_WRITE_REQ\000"
 1457      455F4556 
ARM GAS  C:\Users\ADMINI~1.SC-\AppData\Local\Temp\ccOCmGDt.s 			page 31


 1457      545F4741 
 1457      5454535F 
 1457      45584543 
 1458              	.LASF97:
 1459 018c 4359424C 		.ascii	"CYBLE_ERROR_NTF_DISABLED\000"
 1459      455F4552 
 1459      524F525F 
 1459      4E54465F 
 1459      44495341 
 1460              	.LASF18:
 1461 01a5 4359424C 		.ascii	"CYBLE_EVT_TIMEOUT\000"
 1461      455F4556 
 1461      545F5449 
 1461      4D454F55 
 1461      5400
 1462              	.LASF4:
 1463 01b7 6C6F6E67 		.ascii	"long int\000"
 1463      20696E74 
 1463      00
 1464              	.LASF86:
 1465 01c0 4359424C 		.ascii	"CYBLE_ERROR_L2CAP_PSM_WRONG_ENCODING\000"
 1465      455F4552 
 1465      524F525F 
 1465      4C324341 
 1465      505F5053 
 1466              	.LASF140:
 1467 01e5 4359424C 		.ascii	"CYBLE_GATT_VALUE_T\000"
 1467      455F4741 
 1467      54545F56 
 1467      414C5545 
 1467      5F5400
 1468              	.LASF20:
 1469 01f8 4359424C 		.ascii	"CYBLE_EVT_HCI_STATUS\000"
 1469      455F4556 
 1469      545F4843 
 1469      495F5354 
 1469      41545553 
 1470              	.LASF128:
 1471 020d 4359424C 		.ascii	"CYBLE_GATTS_ERR_OPERATION_FAILED\000"
 1471      455F4741 
 1471      5454535F 
 1471      4552525F 
 1471      4F504552 
 1472              	.LASF33:
 1473 022e 4359424C 		.ascii	"CYBLE_EVT_GAPC_SCAN_START_STOP\000"
 1473      455F4556 
 1473      545F4741 
 1473      50435F53 
 1473      43414E5F 
 1474              	.LASF70:
 1475 024d 4359424C 		.ascii	"CYBLE_EVT_PENDING_FLASH_WRITE\000"
 1475      455F4556 
 1475      545F5045 
 1475      4E44494E 
 1475      475F464C 
 1476              	.LASF85:
 1477 026b 4359424C 		.ascii	"CYBLE_ERROR_SEC_FAILED\000"
ARM GAS  C:\Users\ADMINI~1.SC-\AppData\Local\Temp\ccOCmGDt.s 			page 32


 1477      455F4552 
 1477      524F525F 
 1477      5345435F 
 1477      4641494C 
 1478              	.LASF31:
 1479 0282 4359424C 		.ascii	"CYBLE_EVT_GAP_ENCRYPT_CHANGE\000"
 1479      455F4556 
 1479      545F4741 
 1479      505F454E 
 1479      43525950 
 1480              	.LASF132:
 1481 029f 4359424C 		.ascii	"CYBLE_GATT_ERR_ANCS_INVALID_COMMAND\000"
 1481      455F4741 
 1481      54545F45 
 1481      52525F41 
 1481      4E43535F 
 1482              	.LASF125:
 1483 02c3 4359424C 		.ascii	"CYBLE_GATT_ERR_OP_CODE_NOT_SUPPORTED\000"
 1483      455F4741 
 1483      54545F45 
 1483      52525F4F 
 1483      505F434F 
 1484              	.LASF107:
 1485 02e8 4359424C 		.ascii	"CYBLE_GATT_ERR_INSUFFICIENT_AUTHENTICATION\000"
 1485      455F4741 
 1485      54545F45 
 1485      52525F49 
 1485      4E535546 
 1486              	.LASF6:
 1487 0313 6C6F6E67 		.ascii	"long long int\000"
 1487      206C6F6E 
 1487      6720696E 
 1487      7400
 1488              	.LASF0:
 1489 0321 7369676E 		.ascii	"signed char\000"
 1489      65642063 
 1489      68617200 
 1490              	.LASF17:
 1491 032d 4359424C 		.ascii	"CYBLE_EVT_STACK_ON\000"
 1491      455F4556 
 1491      545F5354 
 1491      41434B5F 
 1491      4F4E00
 1492              	.LASF138:
 1493 0340 4359424C 		.ascii	"CYBLE_GATT_DB_ATTR_HANDLE_T\000"
 1493      455F4741 
 1493      54545F44 
 1493      425F4154 
 1493      54525F48 
 1494              	.LASF93:
 1495 035c 4359424C 		.ascii	"CYBLE_ERROR_DEVICE_ALREADY_EXISTS\000"
 1495      455F4552 
 1495      524F525F 
 1495      44455649 
 1495      43455F41 
 1496              	.LASF80:
 1497 037e 4359424C 		.ascii	"CYBLE_ERROR_NO_DEVICE_ENTITY\000"
ARM GAS  C:\Users\ADMINI~1.SC-\AppData\Local\Temp\ccOCmGDt.s 			page 33


 1497      455F4552 
 1497      524F525F 
 1497      4E4F5F44 
 1497      45564943 
 1498              	.LASF139:
 1499 039b 61637475 		.ascii	"actualLen\000"
 1499      616C4C65 
 1499      6E00
 1500              	.LASF23:
 1501 03a5 4359424C 		.ascii	"CYBLE_EVT_GAP_AUTH_REQ\000"
 1501      455F4556 
 1501      545F4741 
 1501      505F4155 
 1501      54485F52 
 1502              	.LASF44:
 1503 03bc 4359424C 		.ascii	"CYBLE_EVT_GATTC_READ_RSP\000"
 1503      455F4556 
 1503      545F4741 
 1503      5454435F 
 1503      52454144 
 1504              	.LASF106:
 1505 03d5 4359424C 		.ascii	"CYBLE_GATT_ERR_INVALID_PDU\000"
 1505      455F4741 
 1505      54545F45 
 1505      52525F49 
 1505      4E56414C 
 1506              	.LASF100:
 1507 03f0 4359424C 		.ascii	"CYBLE_ERROR_INVALID_STATE\000"
 1507      455F4552 
 1507      524F525F 
 1507      494E5641 
 1507      4C49445F 
 1508              	.LASF49:
 1509 040a 4359424C 		.ascii	"CYBLE_EVT_GATTS_WRITE_CMD_REQ\000"
 1509      455F4556 
 1509      545F4741 
 1509      5454535F 
 1509      57524954 
 1510              	.LASF28:
 1511 0428 4359424C 		.ascii	"CYBLE_EVT_GAPP_ADVERTISEMENT_START_STOP\000"
 1511      455F4556 
 1511      545F4741 
 1511      50505F41 
 1511      44564552 
 1512              	.LASF91:
 1513 0450 4359424C 		.ascii	"CYBLE_ERROR_L2CAP_PSM_NOT_IN_RANGE\000"
 1513      455F4552 
 1513      524F525F 
 1513      4C324341 
 1513      505F5053 
 1514              	.LASF9:
 1515 0473 75696E74 		.ascii	"uint8\000"
 1515      3800
 1516              	.LASF52:
 1517 0479 4359424C 		.ascii	"CYBLE_EVT_GATTC_EXEC_WRITE_RSP\000"
 1517      455F4556 
 1517      545F4741 
ARM GAS  C:\Users\ADMINI~1.SC-\AppData\Local\Temp\ccOCmGDt.s 			page 34


 1517      5454435F 
 1517      45584543 
 1518              	.LASF13:
 1519 0498 646F7562 		.ascii	"double\000"
 1519      6C6500
 1520              	.LASF74:
 1521 049f 4359424C 		.ascii	"CYBLE_ERROR_INVALID_PARAMETER\000"
 1521      455F4552 
 1521      524F525F 
 1521      494E5641 
 1521      4C49445F 
 1522              	.LASF118:
 1523 04bd 4359424C 		.ascii	"CYBLE_GATT_ERR_UNSUPPORTED_GROUP_TYPE\000"
 1523      455F4741 
 1523      54545F45 
 1523      52525F55 
 1523      4E535550 
 1524              	.LASF149:
 1525 04e3 4359424C 		.ascii	"CYBLE_DIS_FIRMWARE_REV\000"
 1525      455F4449 
 1525      535F4649 
 1525      524D5741 
 1525      52455F52 
 1526              	.LASF11:
 1527 04fa 75696E74 		.ascii	"uint32\000"
 1527      333200
 1528              	.LASF148:
 1529 0501 4359424C 		.ascii	"CYBLE_DIS_HARDWARE_REV\000"
 1529      455F4449 
 1529      535F4841 
 1529      52445741 
 1529      52455F52 
 1530              	.LASF72:
 1531 0518 4359424C 		.ascii	"CYBLE_EVT_MAX\000"
 1531      455F4556 
 1531      545F4D41 
 1531      5800
 1532              	.LASF73:
 1533 0526 4359424C 		.ascii	"CYBLE_ERROR_OK\000"
 1533      455F4552 
 1533      524F525F 
 1533      4F4B00
 1534              	.LASF102:
 1535 0535 4359424C 		.ascii	"CYBLE_GATT_ERR_NONE\000"
 1535      455F4741 
 1535      54545F45 
 1535      52525F4E 
 1535      4F4E4500 
 1536              	.LASF59:
 1537 0549 4359424C 		.ascii	"CYBLE_EVT_L2CAP_CONN_PARAM_UPDATE_REQ\000"
 1537      455F4556 
 1537      545F4C32 
 1537      4341505F 
 1537      434F4E4E 
 1538              	.LASF104:
 1539 056f 4359424C 		.ascii	"CYBLE_GATT_ERR_READ_NOT_PERMITTED\000"
 1539      455F4741 
ARM GAS  C:\Users\ADMINI~1.SC-\AppData\Local\Temp\ccOCmGDt.s 			page 35


 1539      54545F45 
 1539      52525F52 
 1539      4541445F 
 1540              	.LASF37:
 1541 0591 4359424C 		.ascii	"CYBLE_EVT_GATT_DISCONNECT_IND\000"
 1541      455F4556 
 1541      545F4741 
 1541      54545F44 
 1541      4953434F 
 1542              	.LASF69:
 1543 05af 4359424C 		.ascii	"CYBLE_EVT_L2CAP_CBFC_DATA_WRITE_IND\000"
 1543      455F4556 
 1543      545F4C32 
 1543      4341505F 
 1543      43424643 
 1544              	.LASF82:
 1545 05d3 4359424C 		.ascii	"CYBLE_ERROR_GAP_ROLE\000"
 1545      455F4552 
 1545      524F525F 
 1545      4741505F 
 1545      524F4C45 
 1546              	.LASF142:
 1547 05e8 61747472 		.ascii	"attrHandle\000"
 1547      48616E64 
 1547      6C6500
 1548              	.LASF7:
 1549 05f3 6C6F6E67 		.ascii	"long long unsigned int\000"
 1549      206C6F6E 
 1549      6720756E 
 1549      7369676E 
 1549      65642069 
 1550              	.LASF141:
 1551 060a 76616C75 		.ascii	"value\000"
 1551      6500
 1552              	.LASF57:
 1553 0610 4359424C 		.ascii	"CYBLE_EVT_GATTC_STOP_CMD_COMPLETE\000"
 1553      455F4556 
 1553      545F4741 
 1553      5454435F 
 1553      53544F50 
 1554              	.LASF155:
 1555 0632 4359424C 		.ascii	"CYBLE_DIS_CHAR_INDEX_T\000"
 1555      455F4449 
 1555      535F4348 
 1555      41525F49 
 1555      4E444558 
 1556              	.LASF78:
 1557 0649 4359424C 		.ascii	"CYBLE_ERROR_OOB_NOT_AVAILABLE\000"
 1557      455F4552 
 1557      524F525F 
 1557      4F4F425F 
 1557      4E4F545F 
 1558              	.LASF71:
 1559 0667 4359424C 		.ascii	"CYBLE_EVT_LE_PING_AUTH_TIMEOUT\000"
 1559      455F4556 
 1559      545F4C45 
 1559      5F50494E 
ARM GAS  C:\Users\ADMINI~1.SC-\AppData\Local\Temp\ccOCmGDt.s 			page 36


 1559      475F4155 
 1560              	.LASF129:
 1561 0686 4359424C 		.ascii	"CYBLE_GATT_ERR_INVALID_CRC\000"
 1561      455F4741 
 1561      54545F45 
 1561      52525F49 
 1561      4E56414C 
 1562              	.LASF124:
 1563 06a1 4359424C 		.ascii	"CYBLE_GATTS_ERR_PROCEDURE_ALREADY_IN_PROGRESS\000"
 1563      455F4741 
 1563      5454535F 
 1563      4552525F 
 1563      50524F43 
 1564              	.LASF87:
 1565 06cf 4359424C 		.ascii	"CYBLE_ERROR_L2CAP_PSM_ALREADY_REGISTERED\000"
 1565      455F4552 
 1565      524F525F 
 1565      4C324341 
 1565      505F5053 
 1566              	.LASF5:
 1567 06f8 6C6F6E67 		.ascii	"long unsigned int\000"
 1567      20756E73 
 1567      69676E65 
 1567      6420696E 
 1567      7400
 1568              	.LASF112:
 1569 070a 4359424C 		.ascii	"CYBLE_GATT_ERR_ATTRIBUTE_NOT_FOUND\000"
 1569      455F4741 
 1569      54545F45 
 1569      52525F41 
 1569      54545249 
 1570              	.LASF47:
 1571 072d 4359424C 		.ascii	"CYBLE_EVT_GATTS_WRITE_REQ\000"
 1571      455F4556 
 1571      545F4741 
 1571      5454535F 
 1571      57524954 
 1572              	.LASF39:
 1573 0747 4359424C 		.ascii	"CYBLE_EVT_GATTC_XCHNG_MTU_RSP\000"
 1573      455F4556 
 1573      545F4741 
 1573      5454435F 
 1573      5843484E 
 1574              	.LASF56:
 1575 0765 4359424C 		.ascii	"CYBLE_EVT_GATTS_DATA_SIGNED_CMD_REQ\000"
 1575      455F4556 
 1575      545F4741 
 1575      5454535F 
 1575      44415441 
 1576              	.LASF90:
 1577 0789 4359424C 		.ascii	"CYBLE_ERROR_L2CAP_CHANNEL_NOT_FOUND\000"
 1577      455F4552 
 1577      524F525F 
 1577      4C324341 
 1577      505F4348 
 1578              	.LASF105:
 1579 07ad 4359424C 		.ascii	"CYBLE_GATT_ERR_WRITE_NOT_PERMITTED\000"
ARM GAS  C:\Users\ADMINI~1.SC-\AppData\Local\Temp\ccOCmGDt.s 			page 37


 1579      455F4741 
 1579      54545F45 
 1579      52525F57 
 1579      52495445 
 1580              	.LASF113:
 1581 07d0 4359424C 		.ascii	"CYBLE_GATT_ERR_ATTRIBUTE_NOT_LONG\000"
 1581      455F4741 
 1581      54545F45 
 1581      52525F41 
 1581      54545249 
 1582              	.LASF16:
 1583 07f2 4359424C 		.ascii	"CYBLE_EVT_HOST_INVALID\000"
 1583      455F4556 
 1583      545F484F 
 1583      53545F49 
 1583      4E56414C 
 1584              	.LASF42:
 1585 0809 4359424C 		.ascii	"CYBLE_EVT_GATTC_FIND_INFO_RSP\000"
 1585      455F4556 
 1585      545F4741 
 1585      5454435F 
 1585      46494E44 
 1586              	.LASF131:
 1587 0827 4359424C 		.ascii	"CYBLE_GATT_ERR_ANCS_UNKNOWN_COMMAND\000"
 1587      455F4741 
 1587      54545F45 
 1587      52525F41 
 1587      4E43535F 
 1588              	.LASF165:
 1589 084b 4379426C 		.ascii	"CyBle_DissSetCharacteristicValue\000"
 1589      655F4469 
 1589      73735365 
 1589      74436861 
 1589      72616374 
 1590              	.LASF29:
 1591 086c 4359424C 		.ascii	"CYBLE_EVT_GAP_DEVICE_CONNECTED\000"
 1591      455F4556 
 1591      545F4741 
 1591      505F4445 
 1591      56494345 
 1592              	.LASF172:
 1593 088b 6379426C 		.ascii	"cyBle_diss\000"
 1593      655F6469 
 1593      737300
 1594              	.LASF153:
 1595 0896 4359424C 		.ascii	"CYBLE_DIS_PNP_ID\000"
 1595      455F4449 
 1595      535F504E 
 1595      505F4944 
 1595      00
 1596              	.LASF123:
 1597 08a7 4359424C 		.ascii	"CYBLE_GATT_ERR_HTS_OUT_OF_RANGE\000"
 1597      455F4741 
 1597      54545F45 
 1597      52525F48 
 1597      54535F4F 
 1598              	.LASF2:
ARM GAS  C:\Users\ADMINI~1.SC-\AppData\Local\Temp\ccOCmGDt.s 			page 38


 1599 08c7 73686F72 		.ascii	"short int\000"
 1599      7420696E 
 1599      7400
 1600              	.LASF25:
 1601 08d1 4359424C 		.ascii	"CYBLE_EVT_GAP_PASSKEY_DISPLAY_REQUEST\000"
 1601      455F4556 
 1601      545F4741 
 1601      505F5041 
 1601      53534B45 
 1602              	.LASF156:
 1603 08f7 73657276 		.ascii	"serviceHandle\000"
 1603      69636548 
 1603      616E646C 
 1603      6500
 1604              	.LASF36:
 1605 0905 4359424C 		.ascii	"CYBLE_EVT_GATT_CONNECT_IND\000"
 1605      455F4556 
 1605      545F4741 
 1605      54545F43 
 1605      4F4E4E45 
 1606              	.LASF61:
 1607 0920 4359424C 		.ascii	"CYBLE_EVT_L2CAP_COMMAND_REJ\000"
 1607      455F4556 
 1607      545F4C32 
 1607      4341505F 
 1607      434F4D4D 
 1608              	.LASF122:
 1609 093c 4359424C 		.ascii	"CYBLE_GATT_ERR_CPS_INAPPROPRIATE_CONNECTION_PARAMET"
 1609      455F4741 
 1609      54545F45 
 1609      52525F43 
 1609      50535F49 
 1610 096f 45525300 		.ascii	"ERS\000"
 1611              	.LASF22:
 1612 0973 4359424C 		.ascii	"CYBLE_EVT_GAPC_SCAN_PROGRESS_RESULT\000"
 1612      455F4556 
 1612      545F4741 
 1612      50435F53 
 1612      43414E5F 
 1613              	.LASF151:
 1614 0997 4359424C 		.ascii	"CYBLE_DIS_SYSTEM_ID\000"
 1614      455F4449 
 1614      535F5359 
 1614      5354454D 
 1614      5F494400 
 1615              	.LASF96:
 1616 09ab 4359424C 		.ascii	"CYBLE_ERROR_MAX\000"
 1616      455F4552 
 1616      524F525F 
 1616      4D415800 
 1617              	.LASF62:
 1618 09bb 4359424C 		.ascii	"CYBLE_EVT_L2CAP_CBFC_CONN_IND\000"
 1618      455F4556 
 1618      545F4C32 
 1618      4341505F 
 1618      43424643 
 1619              	.LASF41:
ARM GAS  C:\Users\ADMINI~1.SC-\AppData\Local\Temp\ccOCmGDt.s 			page 39


 1620 09d9 4359424C 		.ascii	"CYBLE_EVT_GATTC_READ_BY_TYPE_RSP\000"
 1620      455F4556 
 1620      545F4741 
 1620      5454435F 
 1620      52454144 
 1621              	.LASF15:
 1622 09fa 73697A65 		.ascii	"sizetype\000"
 1622      74797065 
 1622      00
 1623              	.LASF119:
 1624 0a03 4359424C 		.ascii	"CYBLE_GATT_ERR_INSUFFICIENT_RESOURCE\000"
 1624      455F4741 
 1624      54545F45 
 1624      52525F49 
 1624      4E535546 
 1625              	.LASF27:
 1626 0a28 4359424C 		.ascii	"CYBLE_EVT_GAP_AUTH_FAILED\000"
 1626      455F4556 
 1626      545F4741 
 1626      505F4155 
 1626      54485F46 
 1627              	.LASF48:
 1628 0a42 4359424C 		.ascii	"CYBLE_EVT_GATTC_WRITE_RSP\000"
 1628      455F4556 
 1628      545F4741 
 1628      5454435F 
 1628      57524954 
 1629              	.LASF166:
 1630 0a5c 4379426C 		.ascii	"CyBle_DissGetCharacteristicValue\000"
 1630      655F4469 
 1630      73734765 
 1630      74436861 
 1630      72616374 
 1631              	.LASF110:
 1632 0a7d 4359424C 		.ascii	"CYBLE_GATT_ERR_INSUFFICIENT_AUTHORIZATION\000"
 1632      455F4741 
 1632      54545F45 
 1632      52525F49 
 1632      4E535546 
 1633              	.LASF26:
 1634 0aa7 4359424C 		.ascii	"CYBLE_EVT_GAP_AUTH_COMPLETE\000"
 1634      455F4556 
 1634      545F4741 
 1634      505F4155 
 1634      54485F43 
 1635              	.LASF163:
 1636 0ac3 61706952 		.ascii	"apiResult\000"
 1636      6573756C 
 1636      7400
 1637              	.LASF101:
 1638 0acd 4359424C 		.ascii	"CYBLE_API_RESULT_T\000"
 1638      455F4150 
 1638      495F5245 
 1638      53554C54 
 1638      5F5400
 1639              	.LASF53:
 1640 0ae0 4359424C 		.ascii	"CYBLE_EVT_GATTC_HANDLE_VALUE_NTF\000"
ARM GAS  C:\Users\ADMINI~1.SC-\AppData\Local\Temp\ccOCmGDt.s 			page 40


 1640      455F4556 
 1640      545F4741 
 1640      5454435F 
 1640      48414E44 
 1641              	.LASF98:
 1642 0b01 4359424C 		.ascii	"CYBLE_ERROR_IND_DISABLED\000"
 1642      455F4552 
 1642      524F525F 
 1642      494E445F 
 1642      44495341 
 1643              	.LASF143:
 1644 0b1a 4359424C 		.ascii	"CYBLE_GATT_HANDLE_VALUE_PAIR_T\000"
 1644      455F4741 
 1644      54545F48 
 1644      414E444C 
 1644      455F5641 
 1645              	.LASF169:
 1646 0b39 453A5C6D 		.ascii	"E:\\my_project\\shhl\\BLE_KEY_wuyuan\\Design02.cyds"
 1646      795F7072 
 1646      6F6A6563 
 1646      745C7368 
 1646      686C5C42 
 1647 0b68 6E00     		.ascii	"n\000"
 1648              	.LASF152:
 1649 0b6a 4359424C 		.ascii	"CYBLE_DIS_REG_CERT_DATA\000"
 1649      455F4449 
 1649      535F5245 
 1649      475F4345 
 1649      52545F44 
 1650              	.LASF63:
 1651 0b82 4359424C 		.ascii	"CYBLE_EVT_L2CAP_CBFC_CONN_CNF\000"
 1651      455F4556 
 1651      545F4C32 
 1651      4341505F 
 1651      43424643 
 1652              	.LASF133:
 1653 0ba0 4359424C 		.ascii	"CYBLE_GATT_ERR_ANCS_INVALID_PARAMETER\000"
 1653      455F4741 
 1653      54545F45 
 1653      52525F41 
 1653      4E43535F 
 1654              	.LASF40:
 1655 0bc6 4359424C 		.ascii	"CYBLE_EVT_GATTC_READ_BY_GROUP_TYPE_RSP\000"
 1655      455F4556 
 1655      545F4741 
 1655      5454435F 
 1655      52454144 
 1656              	.LASF12:
 1657 0bed 666C6F61 		.ascii	"float\000"
 1657      7400
 1658              	.LASF111:
 1659 0bf3 4359424C 		.ascii	"CYBLE_GATT_ERR_PREPARE_WRITE_QUEUE_FULL\000"
 1659      455F4741 
 1659      54545F45 
 1659      52525F50 
 1659      52455041 
 1660              	.LASF147:
ARM GAS  C:\Users\ADMINI~1.SC-\AppData\Local\Temp\ccOCmGDt.s 			page 41


 1661 0c1b 4359424C 		.ascii	"CYBLE_DIS_SERIAL_NUMBER\000"
 1661      455F4449 
 1661      535F5345 
 1661      5249414C 
 1661      5F4E554D 
 1662              	.LASF83:
 1663 0c33 4359424C 		.ascii	"CYBLE_ERROR_TX_POWER_READ\000"
 1663      455F4552 
 1663      524F525F 
 1663      54585F50 
 1663      4F574552 
 1664              	.LASF159:
 1665 0c4d 63616C6C 		.ascii	"callbackFunc\000"
 1665      6261636B 
 1665      46756E63 
 1665      00
 1666              	.LASF137:
 1667 0c5a 4359424C 		.ascii	"CYBLE_GATT_ERR_OUT_OF_RANGE\000"
 1667      455F4741 
 1667      54545F45 
 1667      52525F4F 
 1667      55545F4F 
 1668              	.LASF1:
 1669 0c76 756E7369 		.ascii	"unsigned char\000"
 1669      676E6564 
 1669      20636861 
 1669      7200
 1670              	.LASF154:
 1671 0c84 4359424C 		.ascii	"CYBLE_DIS_CHAR_COUNT\000"
 1671      455F4449 
 1671      535F4348 
 1671      41525F43 
 1671      4F554E54 
 1672              	.LASF115:
 1673 0c99 4359424C 		.ascii	"CYBLE_GATT_ERR_INVALID_ATTRIBUTE_LEN\000"
 1673      455F4741 
 1673      54545F45 
 1673      52525F49 
 1673      4E56414C 
 1674              	.LASF127:
 1675 0cbe 4359424C 		.ascii	"CYBLE_GATTS_ERR_CCCD_IMPROPERLY_CONFIGURED\000"
 1675      455F4741 
 1675      5454535F 
 1675      4552525F 
 1675      43434344 
 1676              	.LASF171:
 1677 0ce9 4379426C 		.ascii	"CyBle_DisRegisterAttrCallback\000"
 1677      655F4469 
 1677      73526567 
 1677      69737465 
 1677      72417474 
 1678              	.LASF99:
 1679 0d07 4359424C 		.ascii	"CYBLE_ERROR_CHAR_IS_NOT_DISCOVERED\000"
 1679      455F4552 
 1679      524F525F 
 1679      43484152 
 1679      5F49535F 
ARM GAS  C:\Users\ADMINI~1.SC-\AppData\Local\Temp\ccOCmGDt.s 			page 42


 1680              	.LASF157:
 1681 0d2a 63686172 		.ascii	"charHandle\000"
 1681      48616E64 
 1681      6C6500
 1682              	.LASF54:
 1683 0d35 4359424C 		.ascii	"CYBLE_EVT_GATTC_HANDLE_VALUE_IND\000"
 1683      455F4556 
 1683      545F4741 
 1683      5454435F 
 1683      48414E44 
 1684              	.LASF79:
 1685 0d56 4359424C 		.ascii	"CYBLE_ERROR_NO_CONNECTION\000"
 1685      455F4552 
 1685      524F525F 
 1685      4E4F5F43 
 1685      4F4E4E45 
 1686              	.LASF126:
 1687 0d70 4359424C 		.ascii	"CYBLE_GATT_ERR_MISSING_CRC\000"
 1687      455F4741 
 1687      54545F45 
 1687      52525F4D 
 1687      49535349 
 1688              	.LASF88:
 1689 0d8b 4359424C 		.ascii	"CYBLE_ERROR_L2CAP_PSM_NOT_REGISTERED\000"
 1689      455F4552 
 1689      524F525F 
 1689      4C324341 
 1689      505F5053 
 1690              	.LASF150:
 1691 0db0 4359424C 		.ascii	"CYBLE_DIS_SOFTWARE_REV\000"
 1691      455F4449 
 1691      535F534F 
 1691      46545741 
 1691      52455F52 
 1692              	.LASF130:
 1693 0dc7 4359424C 		.ascii	"CYBLE_GATT_ERR_ANS_COMMAND_NOT_SUPPORTED\000"
 1693      455F4741 
 1693      54545F45 
 1693      52525F41 
 1693      4E535F43 
 1694              	.LASF50:
 1695 0df0 4359424C 		.ascii	"CYBLE_EVT_GATTS_PREP_WRITE_REQ\000"
 1695      455F4556 
 1695      545F4741 
 1695      5454535F 
 1695      50524550 
 1696              	.LASF162:
 1697 0e0f 61747472 		.ascii	"attrValue\000"
 1697      56616C75 
 1697      6500
 1698              	.LASF55:
 1699 0e19 4359424C 		.ascii	"CYBLE_EVT_GATTS_HANDLE_VALUE_CNF\000"
 1699      455F4556 
 1699      545F4741 
 1699      5454535F 
 1699      48414E44 
 1700              	.LASF135:
ARM GAS  C:\Users\ADMINI~1.SC-\AppData\Local\Temp\ccOCmGDt.s 			page 43


 1701 0e3a 4359424C 		.ascii	"CYBLE_GATT_ERR_CCCD_IMPROPERLY_CONFIGURED\000"
 1701      455F4741 
 1701      54545F45 
 1701      52525F43 
 1701      4343445F 
 1702              	.LASF120:
 1703 0e64 4359424C 		.ascii	"CYBLE_GATT_ERR_HEART_RATE_CONTROL_POINT_NOT_SUPPORT"
 1703      455F4741 
 1703      54545F45 
 1703      52525F48 
 1703      45415254 
 1704 0e97 454400   		.ascii	"ED\000"
 1705              	.LASF14:
 1706 0e9a 63686172 		.ascii	"char\000"
 1706      00
 1707              	.LASF146:
 1708 0e9f 4359424C 		.ascii	"CYBLE_DIS_MODEL_NUMBER\000"
 1708      455F4449 
 1708      535F4D4F 
 1708      44454C5F 
 1708      4E554D42 
 1709              	.LASF84:
 1710 0eb6 4359424C 		.ascii	"CYBLE_ERROR_BT_ON_NOT_COMPLETED\000"
 1710      455F4552 
 1710      524F525F 
 1710      42545F4F 
 1710      4E5F4E4F 
 1711              	.LASF30:
 1712 0ed6 4359424C 		.ascii	"CYBLE_EVT_GAP_DEVICE_DISCONNECTED\000"
 1712      455F4556 
 1712      545F4741 
 1712      505F4445 
 1712      56494345 
 1713              	.LASF8:
 1714 0ef8 756E7369 		.ascii	"unsigned int\000"
 1714      676E6564 
 1714      20696E74 
 1714      00
 1715              	.LASF58:
 1716 0f05 4359424C 		.ascii	"CYBLE_EVT_GATTS_READ_CHAR_VAL_ACCESS_REQ\000"
 1716      455F4556 
 1716      545F4741 
 1716      5454535F 
 1716      52454144 
 1717              	.LASF68:
 1718 0f2e 4359424C 		.ascii	"CYBLE_EVT_L2CAP_CBFC_TX_CREDIT_IND\000"
 1718      455F4556 
 1718      545F4C32 
 1718      4341505F 
 1718      43424643 
 1719              	.LASF116:
 1720 0f51 4359424C 		.ascii	"CYBLE_GATT_ERR_UNLIKELY_ERROR\000"
 1720      455F4741 
 1720      54545F45 
 1720      52525F55 
 1720      4E4C494B 
 1721              	.LASF134:
ARM GAS  C:\Users\ADMINI~1.SC-\AppData\Local\Temp\ccOCmGDt.s 			page 44


 1722 0f6f 4359424C 		.ascii	"CYBLE_GATT_ERR_ANCS_ACTION_FAILED\000"
 1722      455F4741 
 1722      54545F45 
 1722      52525F41 
 1722      4E43535F 
 1723              	.LASF94:
 1724 0f91 4359424C 		.ascii	"CYBLE_ERROR_FLASH_WRITE_NOT_PERMITED\000"
 1724      455F4552 
 1724      524F525F 
 1724      464C4153 
 1724      485F5752 
 1725              	.LASF89:
 1726 0fb6 4359424C 		.ascii	"CYBLE_ERROR_L2CAP_CONNECTION_ENTITY_NOT_FOUND\000"
 1726      455F4552 
 1726      524F525F 
 1726      4C324341 
 1726      505F434F 
 1727              	.LASF136:
 1728 0fe4 4359424C 		.ascii	"CYBLE_GATT_ERR_PROCEDURE_ALREADY_IN_PROGRESS\000"
 1728      455F4741 
 1728      54545F45 
 1728      52525F50 
 1728      524F4345 
 1729              	.LASF19:
 1730 1011 4359424C 		.ascii	"CYBLE_EVT_HARDWARE_ERROR\000"
 1730      455F4556 
 1730      545F4841 
 1730      52445741 
 1730      52455F45 
 1731              	.LASF3:
 1732 102a 73686F72 		.ascii	"short unsigned int\000"
 1732      7420756E 
 1732      7369676E 
 1732      65642069 
 1732      6E7400
 1733              	.LASF35:
 1734 103d 4359424C 		.ascii	"CYBLE_EVT_GATTC_ERROR_RSP\000"
 1734      455F4556 
 1734      545F4741 
 1734      5454435F 
 1734      4552524F 
 1735              	.LASF75:
 1736 1057 4359424C 		.ascii	"CYBLE_ERROR_INVALID_OPERATION\000"
 1736      455F4552 
 1736      524F525F 
 1736      494E5641 
 1736      4C49445F 
 1737              	.LASF121:
 1738 1075 4359424C 		.ascii	"CYBLE_GATT_ERR_USER_DATA_ACCESS_NOT_PERMITTED\000"
 1738      455F4741 
 1738      54545F45 
 1738      52525F55 
 1738      5345525F 
 1739              	.LASF117:
 1740 10a3 4359424C 		.ascii	"CYBLE_GATT_ERR_INSUFFICIENT_ENCRYPTION\000"
 1740      455F4741 
 1740      54545F45 
ARM GAS  C:\Users\ADMINI~1.SC-\AppData\Local\Temp\ccOCmGDt.s 			page 45


 1740      52525F49 
 1740      4E535546 
 1741              	.LASF144:
 1742 10ca 4359424C 		.ascii	"CYBLE_CALLBACK_T\000"
 1742      455F4341 
 1742      4C4C4241 
 1742      434B5F54 
 1742      00
 1743              	.LASF38:
 1744 10db 4359424C 		.ascii	"CYBLE_EVT_GATTS_XCNHG_MTU_REQ\000"
 1744      455F4556 
 1744      545F4741 
 1744      5454535F 
 1744      58434E48 
 1745              	.LASF160:
 1746 10f9 63686172 		.ascii	"charIndex\000"
 1746      496E6465 
 1746      7800
 1747              	.LASF77:
 1748 1103 4359424C 		.ascii	"CYBLE_ERROR_INSUFFICIENT_RESOURCES\000"
 1748      455F4552 
 1748      524F525F 
 1748      494E5355 
 1748      46464943 
 1749              	.LASF24:
 1750 1126 4359424C 		.ascii	"CYBLE_EVT_GAP_PASSKEY_ENTRY_REQUEST\000"
 1750      455F4556 
 1750      545F4741 
 1750      505F5041 
 1750      53534B45 
 1751              	.LASF45:
 1752 114a 4359424C 		.ascii	"CYBLE_EVT_GATTC_READ_BLOB_RSP\000"
 1752      455F4556 
 1752      545F4741 
 1752      5454435F 
 1752      52454144 
 1753              	.LASF109:
 1754 1168 4359424C 		.ascii	"CYBLE_GATT_ERR_INVALID_OFFSET\000"
 1754      455F4741 
 1754      54545F45 
 1754      52525F49 
 1754      4E56414C 
 1755              	.LASF95:
 1756 1186 4359424C 		.ascii	"CYBLE_ERROR_MIC_AUTH_FAILED\000"
 1756      455F4552 
 1756      524F525F 
 1756      4D49435F 
 1756      41555448 
 1757              	.LASF168:
 1758 11a2 47656E65 		.ascii	"Generated_Source\\PSoC4\\BLE_dis.c\000"
 1758      72617465 
 1758      645F536F 
 1758      75726365 
 1758      5C50536F 
 1759              	.LASF167:
 1760 11c3 474E5520 		.ascii	"GNU C 4.9.3 20150303 (release) [ARM/embedded-4_9-br"
 1760      4320342E 
ARM GAS  C:\Users\ADMINI~1.SC-\AppData\Local\Temp\ccOCmGDt.s 			page 46


 1760      392E3320 
 1760      32303135 
 1760      30333033 
 1761 11f6 616E6368 		.ascii	"anch revision 221220] -mcpu=cortex-m0 -mthumb -g -O"
 1761      20726576 
 1761      6973696F 
 1761      6E203232 
 1761      31323230 
 1762 1229 30202D66 		.ascii	"0 -ffunction-sections -ffat-lto-objects\000"
 1762      66756E63 
 1762      74696F6E 
 1762      2D736563 
 1762      74696F6E 
 1763              	.LASF43:
 1764 1251 4359424C 		.ascii	"CYBLE_EVT_GATTC_FIND_BY_TYPE_VALUE_RSP\000"
 1764      455F4556 
 1764      545F4741 
 1764      5454435F 
 1764      46494E44 
 1765              	.LASF158:
 1766 1278 4359424C 		.ascii	"CYBLE_DISS_T\000"
 1766      455F4449 
 1766      53535F54 
 1766      00
 1767              	.LASF34:
 1768 1285 4359424C 		.ascii	"CYBLE_EVT_GAP_KEYINFO_EXCHNGE_CMPLT\000"
 1768      455F4556 
 1768      545F4741 
 1768      505F4B45 
 1768      59494E46 
 1769              	.LASF164:
 1770 12a9 6C6F6348 		.ascii	"locHandleValuePair\000"
 1770      616E646C 
 1770      6556616C 
 1770      75655061 
 1770      697200
 1771              	.LASF64:
 1772 12bc 4359424C 		.ascii	"CYBLE_EVT_L2CAP_CBFC_DISCONN_IND\000"
 1772      455F4556 
 1772      545F4C32 
 1772      4341505F 
 1772      43424643 
 1773              	.LASF60:
 1774 12dd 4359424C 		.ascii	"CYBLE_EVT_L2CAP_CONN_PARAM_UPDATE_RSP\000"
 1774      455F4556 
 1774      545F4C32 
 1774      4341505F 
 1774      434F4E4E 
 1775              	.LASF145:
 1776 1303 4359424C 		.ascii	"CYBLE_DIS_MANUFACTURER_NAME\000"
 1776      455F4449 
 1776      535F4D41 
 1776      4E554641 
 1776      43545552 
 1777              	.LASF161:
 1778 131f 61747472 		.ascii	"attrSize\000"
 1778      53697A65 
ARM GAS  C:\Users\ADMINI~1.SC-\AppData\Local\Temp\ccOCmGDt.s 			page 47


 1778      00
 1779              	.LASF92:
 1780 1328 4359424C 		.ascii	"CYBLE_ERROR_GATT_DB_INVALID_ATTR_HANDLE\000"
 1780      455F4552 
 1780      524F525F 
 1780      47415454 
 1780      5F44425F 
 1781              	.LASF81:
 1782 1350 4359424C 		.ascii	"CYBLE_ERROR_REPEATED_ATTEMPTS\000"
 1782      455F4552 
 1782      524F525F 
 1782      52455045 
 1782      41544544 
 1783              		.ident	"GCC: (GNU Tools for ARM Embedded Processors) 4.9.3 20150303 (release) [ARM/embedded-4_9-br
