--------------- Build Started: 04/28/2017 11:28:40 Project: Design02, Configuration: ARM GCC 4.9-2015-q1-update Debug ---------------
The code generation step is up to date.
arm-none-eabi-gcc.exe -mcpu=cortex-m0 -mthumb -I. -IGenerated_Source\PSoC4 -Wa,-alh=.\CortexM0\ARM_GCC_493\Debug/main.lst -g -D DEBUG -Wall -ffunction-sections -O0 -ffat-lto-objects -c main.c -o .\CortexM0\ARM_GCC_493\Debug\main.o
arm-none-eabi-gcc.exe -mcpu=cortex-m0 -mthumb -I. -IGenerated_Source\PSoC4 -Wa,-alh=.\CortexM0\ARM_GCC_493\Debug/app_Ble.lst -g -D DEBUG -Wall -ffunction-sections -O0 -ffat-lto-objects -c app_Ble.c -o .\CortexM0\ARM_GCC_493\Debug\app_Ble.o
arm-none-eabi-gcc.exe -mcpu=cortex-m0 -mthumb -I. -IGenerated_Source\PSoC4 -Wa,-alh=.\CortexM0\ARM_GCC_493\Debug/app_LED.lst -g -D DEBUG -Wall -ffunction-sections -O0 -ffat-lto-objects -c app_LED.c -o .\CortexM0\ARM_GCC_493\Debug\app_LED.o
arm-none-eabi-gcc.exe -mcpu=cortex-m0 -mthumb -I. -IGenerated_Source\PSoC4 -Wa,-alh=.\CortexM0\ARM_GCC_493\Debug/app_UART.lst -g -D DEBUG -Wall -ffunction-sections -O0 -ffat-lto-objects -c app_UART.c -o .\CortexM0\ARM_GCC_493\Debug\app_UART.o
arm-none-eabi-gcc.exe -mcpu=cortex-m0 -mthumb -I. -IGenerated_Source\PSoC4 -Wa,-alh=.\CortexM0\ARM_GCC_493\Debug/app_protocol.lst -g -D DEBUG -Wall -ffunction-sections -O0 -ffat-lto-objects -c app_protocol.c -o .\CortexM0\ARM_GCC_493\Debug\app_protocol.o
app_protocol.c: In function 'Hl_Back_KeyInfo':
app_protocol.c:203:12: warning: variable 'batt_val' set but not used [-Wunused-but-set-variable]
     uint16 batt_val = 0;
            ^
app_protocol.c: In function 'Hl_Back_Lock_Info':
app_protocol.c:278:5: warning: statement with no effect [-Wunused-value]
     memcmp(&packetTX[2], Lock_Info.DeviceID, 4);
     ^
app_protocol.c: In function 'ReceiveBleCmd':
app_protocol.c:384:20: warning: variable 'check_crc' set but not used [-Wunused-but-set-variable]
     uint8 data_crc,check_crc;
                    ^
app_protocol.c:384:11: warning: variable 'data_crc' set but not used [-Wunused-but-set-variable]
     uint8 data_crc,check_crc;
           ^
arm-none-eabi-gcc.exe -mcpu=cortex-m0 -mthumb -I. -IGenerated_Source\PSoC4 -Wa,-alh=.\CortexM0\ARM_GCC_493\Debug/RC4.lst -g -D DEBUG -Wall -ffunction-sections -O0 -ffat-lto-objects -c RC4.c -o .\CortexM0\ARM_GCC_493\Debug\RC4.o
arm-none-eabi-gcc.exe -mcpu=cortex-m0 -mthumb -I. -IGenerated_Source\PSoC4 -Wa,-alh=.\CortexM0\ARM_GCC_493\Debug/app_lock.lst -g -D DEBUG -Wall -ffunction-sections -O0 -ffat-lto-objects -c app_lock.c -o .\CortexM0\ARM_GCC_493\Debug\app_lock.o
arm-none-eabi-gcc.exe -mcpu=cortex-m0 -mthumb -I. -IGenerated_Source\PSoC4 -Wa,-alh=.\CortexM0\ARM_GCC_493\Debug/app_Com.lst -g -D DEBUG -Wall -ffunction-sections -O0 -ffat-lto-objects -c app_Com.c -o .\CortexM0\ARM_GCC_493\Debug\app_Com.o
arm-none-eabi-ar.exe -rs .\CortexM0\ARM_GCC_493\Debug\Design02.a .\CortexM0\ARM_GCC_493\Debug\cyfitter_cfg.o .\CortexM0\ARM_GCC_493\Debug\CyFlash.o .\CortexM0\ARM_GCC_493\Debug\CyLib.o .\CortexM0\ARM_GCC_493\Debug\cyPm.o .\CortexM0\ARM_GCC_493\Debug\cyutils.o .\CortexM0\ARM_GCC_493\Debug\CyLFClk.o .\CortexM0\ARM_GCC_493\Debug\BLE.o .\CortexM0\ARM_GCC_493\Debug\BLE_gatt.o .\CortexM0\ARM_GCC_493\Debug\BLE_eventHandler.o .\CortexM0\ARM_GCC_493\Debug\BLE_HAL_INT.o .\CortexM0\ARM_GCC_493\Debug\BLE_HAL_PVT.o .\CortexM0\ARM_GCC_493\Debug\BLE_custom.o .\CortexM0\ARM_GCC_493\Debug\UART.o .\CortexM0\ARM_GCC_493\Debug\UART_SPI_UART.o .\CortexM0\ARM_GCC_493\Debug\UART_SPI_UART_INT.o .\CortexM0\ARM_GCC_493\Debug\UART_PM.o .\CortexM0\ARM_GCC_493\Debug\UART_UART.o .\CortexM0\ARM_GCC_493\Debug\UART_BOOT.o .\CortexM0\ARM_GCC_493\Debug\UART_UART_BOOT.o .\CortexM0\ARM_GCC_493\Debug\BLE_bless_isr.o .\CortexM0\ARM_GCC_493\Debug\UART_SCBCLK.o .\CortexM0\ARM_GCC_493\Debug\UART_tx.o .\CortexM0\ARM_GCC_493\Debug\UART_SCB_IRQ.o .\CortexM0\ARM_GCC_493\Debug\UART_rx.o .\CortexM0\ARM_GCC_493\Debug\Beep_Ctrl.o .\CortexM0\ARM_GCC_493\Debug\System_Timer.o .\CortexM0\ARM_GCC_493\Debug\System_Timer_PM.o .\CortexM0\ARM_GCC_493\Debug\Timer_clock.o .\CortexM0\ARM_GCC_493\Debug\Timer_isr.o .\CortexM0\ARM_GCC_493\Debug\MISO.o .\CortexM0\ARM_GCC_493\Debug\NSS.o .\CortexM0\ARM_GCC_493\Debug\SCK.o .\CortexM0\ARM_GCC_493\Debug\MOSI.o .\CortexM0\ARM_GCC_493\Debug\POWERON_IN.o .\CortexM0\ARM_GCC_493\Debug\LED_GREEN.o .\CortexM0\ARM_GCC_493\Debug\LED_RED.o .\CortexM0\ARM_GCC_493\Debug\POWERON_OUT.o .\CortexM0\ARM_GCC_493\Debug\BAT_AD.o .\CortexM0\ARM_GCC_493\Debug\ADC.o .\CortexM0\ARM_GCC_493\Debug\ADC_PM.o .\CortexM0\ARM_GCC_493\Debug\ADC_INT.o .\CortexM0\ARM_GCC_493\Debug\ADC_IRQ.o .\CortexM0\ARM_GCC_493\Debug\ADC_intClock.o .\CortexM0\ARM_GCC_493\Debug\PWM.o .\CortexM0\ARM_GCC_493\Debug\PWM_PM.o .\CortexM0\ARM_GCC_493\Debug\PWM_Clock.o .\CortexM0\ARM_GCC_493\Debug\TC_ISR.o .\CortexM0\ARM_GCC_493\Debug\CyBootAsmGnu.o
arm-none-eabi-ar.exe: creating .\CortexM0\ARM_GCC_493\Debug\Design02.a
arm-none-eabi-gcc.exe -Wl,--start-group -o .\CortexM0\ARM_GCC_493\Debug\Design02.elf .\CortexM0\ARM_GCC_493\Debug\main.o .\CortexM0\ARM_GCC_493\Debug\app_Ble.o .\CortexM0\ARM_GCC_493\Debug\app_LED.o .\CortexM0\ARM_GCC_493\Debug\app_UART.o .\CortexM0\ARM_GCC_493\Debug\app_protocol.o .\CortexM0\ARM_GCC_493\Debug\RC4.o .\CortexM0\ARM_GCC_493\Debug\app_lock.o .\CortexM0\ARM_GCC_493\Debug\app_Com.o .\CortexM0\ARM_GCC_493\Debug\md5.o .\CortexM0\ARM_GCC_493\Debug\cymetadata.o .\CortexM0\ARM_GCC_493\Debug\Cm0Start.o .\CortexM0\ARM_GCC_493\Debug\Design02.a "C:\Program Files (x86)\Cypress\PSoC Creator\4.0\PSoC Creator\psoc\content\cycomponentlibrary\CyComponentLibrary.cylib\BLE_v2_30\Library\gccCyBLEStack_BLE_SOC_PERIPHERAL.a" "C:\Program Files (x86)\Cypress\PSoC Creator\4.0\PSoC Creator\psoc\content\cycomponentlibrary\CyComponentLibrary.cylib\CortexM0\ARM_GCC_493\Debug\CyComponentLibrary.a" -mcpu=cortex-m0 -mthumb -g -ffunction-sections -O0 -ffat-lto-objects -L Generated_Source\PSoC4 -Wl,-Map,.\CortexM0\ARM_GCC_493\Debug/Design02.map -T E:\my_project\shhl\BLE_KEY_wuyuan\Design02.cydsn\Generated_Source\PSoC4\cm0gcc.ld -specs=nano.specs -Wl,--gc-sections -Wl,--end-group
cyelftool.exe -C E:\my_project\shhl\BLE_KEY_wuyuan\Design02.cydsn\CortexM0\ARM_GCC_493\Debug\Design02.elf --flash_row_size 128 --flash_size 131072
cyelftool.exe -S E:\my_project\shhl\BLE_KEY_wuyuan\Design02.cydsn\CortexM0\ARM_GCC_493\Debug\Design02.elf
Flash used: 85127 of 131072 bytes (64.9%).
SRAM used: 10396 of 16384 bytes (63.5%). Stack: 2048 bytes. Heap: 128 bytes.
--------------- Build Succeeded: 04/28/2017 11:28:46 ---------------
