ARM GAS  C:\Users\ADMINI~1.SC-\AppData\Local\Temp\cctjaf5q.s 			page 1


   1              		.cpu cortex-m0
   2              		.fpu softvfp
   3              		.eabi_attribute 20, 1
   4              		.eabi_attribute 21, 1
   5              		.eabi_attribute 23, 3
   6              		.eabi_attribute 24, 1
   7              		.eabi_attribute 25, 1
   8              		.eabi_attribute 26, 1
   9              		.eabi_attribute 30, 6
  10              		.eabi_attribute 34, 0
  11              		.eabi_attribute 18, 4
  12              		.code	16
  13              		.file	"main.c"
  14              		.text
  15              	.Ltext0:
  16              		.cfi_sections	.debug_frame
  17              		.global	BLEDeviceName
  18              		.data
  19              		.align	2
  20              		.type	BLEDeviceName, %object
  21              		.size	BLEDeviceName, 11
  22              	BLEDeviceName:
  23 0000 54       		.byte	84
  24 0001 4C       		.byte	76
  25 0002 2D       		.byte	45
  26 0003 30       		.byte	48
  27 0004 31       		.byte	49
  28 0005 30       		.byte	48
  29 0006 32       		.byte	50
  30 0007 30       		.byte	48
  31 0008 33       		.byte	51
  32 0009 30       		.byte	48
  33 000a 34       		.byte	52
  34 000b 00       		.section	.text.TimerHand,"ax",%progbits
  35              		.align	2
  36              		.global	TimerHand
  37              		.code	16
  38              		.thumb_func
  39              		.type	TimerHand, %function
  40              	TimerHand:
  41              	.LFB35:
  42              		.file 1 "main.c"
   1:main.c        **** #include "main.h"
   2:main.c        **** #include "stdlib.h"
   3:main.c        **** #include "Rc4.h"
   4:main.c        **** #include "app_Com.h"
   5:main.c        **** 
   6:main.c        **** #define BLE_ON     1     //  0:ËìùÁâôÂÖ≥Èó≠Ôºå   1ÔºöËìùÁâôÊâìÂºÄ
   7:main.c        **** 
   8:main.c        **** char8 BLEDeviceName[11] = {0x54,0x4c,0x2d,0x30,0x31,0x30,0x32,0x30,0x33,0x30,0x34};
   9:main.c        **** 
  10:main.c        **** CY_ISR(TimerHand)
  11:main.c        **** {
  43              		.loc 1 11 0
  44              		.cfi_startproc
  45 0000 80B5     		push	{r7, lr}
  46              		.cfi_def_cfa_offset 8
ARM GAS  C:\Users\ADMINI~1.SC-\AppData\Local\Temp\cctjaf5q.s 			page 2


  47              		.cfi_offset 7, -8
  48              		.cfi_offset 14, -4
  49 0002 00AF     		add	r7, sp, #0
  50              		.cfi_def_cfa_register 7
  12:main.c        ****     System_Timer_ClearInterrupt(System_Timer_INTR_MASK_TC);
  51              		.loc 1 12 0
  52 0004 0120     		mov	r0, #1
  53 0006 FFF7FEFF 		bl	System_Timer_ClearInterrupt
  13:main.c        ****     Delay_Time.Delay_1ms = 0;   
  54              		.loc 1 13 0
  55 000a 094B     		ldr	r3, .L3
  56 000c 0022     		mov	r2, #0
  57 000e 5A71     		strb	r2, [r3, #5]
  14:main.c        ****     
  15:main.c        ****     if(Com_Array.Rx_Begin_Flag)
  58              		.loc 1 15 0
  59 0010 084B     		ldr	r3, .L3+4
  60 0012 6722     		mov	r2, #103
  61 0014 9B5C     		ldrb	r3, [r3, r2]
  62 0016 002B     		cmp	r3, #0
  63 0018 07D0     		beq	.L1
  16:main.c        ****     {
  17:main.c        ****         Com_Array.Rx_Delay ++;
  64              		.loc 1 17 0
  65 001a 064B     		ldr	r3, .L3+4
  66 001c 6822     		mov	r2, #104
  67 001e 9B5C     		ldrb	r3, [r3, r2]
  68 0020 0133     		add	r3, r3, #1
  69 0022 D9B2     		uxtb	r1, r3
  70 0024 034B     		ldr	r3, .L3+4
  71 0026 6822     		mov	r2, #104
  72 0028 9954     		strb	r1, [r3, r2]
  73              	.L1:
  18:main.c        ****     }
  19:main.c        **** }
  74              		.loc 1 19 0
  75 002a BD46     		mov	sp, r7
  76              		@ sp needed
  77 002c 80BD     		pop	{r7, pc}
  78              	.L4:
  79 002e C046     		.align	2
  80              	.L3:
  81 0030 00000000 		.word	Delay_Time
  82 0034 00000000 		.word	Com_Array
  83              		.cfi_endproc
  84              	.LFE35:
  85              		.size	TimerHand, .-TimerHand
  86              		.section	.text.MY_UART_SCB_IRQ_Interrupt,"ax",%progbits
  87              		.align	2
  88              		.global	MY_UART_SCB_IRQ_Interrupt
  89              		.code	16
  90              		.thumb_func
  91              		.type	MY_UART_SCB_IRQ_Interrupt, %function
  92              	MY_UART_SCB_IRQ_Interrupt:
  93              	.LFB36:
  20:main.c        **** 
  21:main.c        **** /***********************************************
ARM GAS  C:\Users\ADMINI~1.SC-\AppData\Local\Temp\cctjaf5q.s 			page 3


  22:main.c        ****     ‰∏≤Âè£Êé•Êî∂‰∏≠Êñ≠
  23:main.c        **** ***********************************************/
  24:main.c        **** CY_ISR(MY_UART_SCB_IRQ_Interrupt)
  25:main.c        **** {
  94              		.loc 1 25 0
  95              		.cfi_startproc
  96 0000 98B5     		push	{r3, r4, r7, lr}
  97              		.cfi_def_cfa_offset 16
  98              		.cfi_offset 3, -16
  99              		.cfi_offset 4, -12
 100              		.cfi_offset 7, -8
 101              		.cfi_offset 14, -4
 102 0002 00AF     		add	r7, sp, #0
 103              		.cfi_def_cfa_register 7
  26:main.c        ****     UART_ClearRxInterruptSource(UART_INTR_RX_NOT_EMPTY);
 104              		.loc 1 26 0
 105 0004 374B     		ldr	r3, .L13
 106 0006 0422     		mov	r2, #4
 107 0008 1A60     		str	r2, [r3]
  27:main.c        ****     
  28:main.c        ****     if(Com_Array.Tx_Begin == 0)
 108              		.loc 1 28 0
 109 000a 374B     		ldr	r3, .L13+4
 110 000c 7222     		mov	r2, #114
 111 000e 9B5C     		ldrb	r3, [r3, r2]
 112 0010 002B     		cmp	r3, #0
 113 0012 5FD1     		bne	.L6
  29:main.c        ****     {
  30:main.c        ****        if((Com_Array.Rx_Count % 2) == 0)
 114              		.loc 1 30 0
 115 0014 344B     		ldr	r3, .L13+4
 116 0016 6522     		mov	r2, #101
 117 0018 9B5C     		ldrb	r3, [r3, r2]
 118 001a 0122     		mov	r2, #1
 119 001c 1340     		and	r3, r2
 120 001e DBB2     		uxtb	r3, r3
 121 0020 002B     		cmp	r3, #0
 122 0022 11D1     		bne	.L7
  31:main.c        ****         {
  32:main.c        ****             Com_Array.Rx_Index = Com_Array.Rx_Count / 2 ;
 123              		.loc 1 32 0
 124 0024 304B     		ldr	r3, .L13+4
 125 0026 6522     		mov	r2, #101
 126 0028 9B5C     		ldrb	r3, [r3, r2]
 127 002a 5B08     		lsr	r3, r3, #1
 128 002c D9B2     		uxtb	r1, r3
 129 002e 2E4B     		ldr	r3, .L13+4
 130 0030 6622     		mov	r2, #102
 131 0032 9954     		strb	r1, [r3, r2]
  33:main.c        ****             Com_Array.Rx_buff[Com_Array.Rx_Index] = UART_SpiUartReadRxData();//ËØªÂèñ‰∏≤Âè£Êé•Êî∂Áº
 132              		.loc 1 33 0
 133 0034 2C4B     		ldr	r3, .L13+4
 134 0036 6622     		mov	r2, #102
 135 0038 9B5C     		ldrb	r3, [r3, r2]
 136 003a 1C1C     		mov	r4, r3
 137 003c FFF7FEFF 		bl	UART_SpiUartReadRxData
 138 0040 031C     		mov	r3, r0
ARM GAS  C:\Users\ADMINI~1.SC-\AppData\Local\Temp\cctjaf5q.s 			page 4


 139 0042 DAB2     		uxtb	r2, r3
 140 0044 284B     		ldr	r3, .L13+4
 141 0046 1A55     		strb	r2, [r3, r4]
 142              	.L7:
  34:main.c        ****         }
  35:main.c        ****         Com_Array.Rx_Count ++;
 143              		.loc 1 35 0
 144 0048 274B     		ldr	r3, .L13+4
 145 004a 6522     		mov	r2, #101
 146 004c 9B5C     		ldrb	r3, [r3, r2]
 147 004e 0133     		add	r3, r3, #1
 148 0050 D9B2     		uxtb	r1, r3
 149 0052 254B     		ldr	r3, .L13+4
 150 0054 6522     		mov	r2, #101
 151 0056 9954     		strb	r1, [r3, r2]
  36:main.c        ****         if(Com_Array.Rx_Index > 40)
 152              		.loc 1 36 0
 153 0058 234B     		ldr	r3, .L13+4
 154 005a 6622     		mov	r2, #102
 155 005c 9B5C     		ldrb	r3, [r3, r2]
 156 005e 282B     		cmp	r3, #40
 157 0060 0FD9     		bls	.L8
  37:main.c        ****         {
  38:main.c        ****             Com_Array.Rx_Count = 0;
 158              		.loc 1 38 0
 159 0062 214B     		ldr	r3, .L13+4
 160 0064 6522     		mov	r2, #101
 161 0066 0021     		mov	r1, #0
 162 0068 9954     		strb	r1, [r3, r2]
  39:main.c        ****             Com_Array.Rx_Index = 0;
 163              		.loc 1 39 0
 164 006a 1F4B     		ldr	r3, .L13+4
 165 006c 6622     		mov	r2, #102
 166 006e 0021     		mov	r1, #0
 167 0070 9954     		strb	r1, [r3, r2]
  40:main.c        ****             Com_Array.Rx_Delay = 0;
 168              		.loc 1 40 0
 169 0072 1D4B     		ldr	r3, .L13+4
 170 0074 6822     		mov	r2, #104
 171 0076 0021     		mov	r1, #0
 172 0078 9954     		strb	r1, [r3, r2]
  41:main.c        ****             Com_Array.Rx_Begin_Flag = 0;
 173              		.loc 1 41 0
 174 007a 1B4B     		ldr	r3, .L13+4
 175 007c 6722     		mov	r2, #103
 176 007e 0021     		mov	r1, #0
 177 0080 9954     		strb	r1, [r3, r2]
 178              	.L8:
  42:main.c        ****         }
  43:main.c        ****       
  44:main.c        ****         if(Com_Array.Rx_Count == 1)         //Á¨¨‰∏Ä‰∏™Â≠óÊó∂ÂºÄÂßãË∂ÖÊó∂ËÆ°Êó∂
 179              		.loc 1 44 0
 180 0082 194B     		ldr	r3, .L13+4
 181 0084 6522     		mov	r2, #101
 182 0086 9B5C     		ldrb	r3, [r3, r2]
 183 0088 012B     		cmp	r3, #1
 184 008a 03D1     		bne	.L9
ARM GAS  C:\Users\ADMINI~1.SC-\AppData\Local\Temp\cctjaf5q.s 			page 5


  45:main.c        ****         {
  46:main.c        ****             Com_Array.Rx_Begin_Flag = 1;
 185              		.loc 1 46 0
 186 008c 164B     		ldr	r3, .L13+4
 187 008e 6722     		mov	r2, #103
 188 0090 0121     		mov	r1, #1
 189 0092 9954     		strb	r1, [r3, r2]
 190              	.L9:
  47:main.c        ****         }
  48:main.c        ****         
  49:main.c        ****         if(Com_Array.Rx_Index == 1)         //Êï∞ÊçÆÂåÖÈïøÂ∫¶
 191              		.loc 1 49 0
 192 0094 144B     		ldr	r3, .L13+4
 193 0096 6622     		mov	r2, #102
 194 0098 9B5C     		ldrb	r3, [r3, r2]
 195 009a 012B     		cmp	r3, #1
 196 009c 06D1     		bne	.L10
  50:main.c        ****         {
  51:main.c        ****             Com_Array.Rx_Length = Com_Array.Rx_buff[1] + 4;
 197              		.loc 1 51 0
 198 009e 124B     		ldr	r3, .L13+4
 199 00a0 5B78     		ldrb	r3, [r3, #1]
 200 00a2 0433     		add	r3, r3, #4
 201 00a4 D9B2     		uxtb	r1, r3
 202 00a6 104B     		ldr	r3, .L13+4
 203 00a8 6422     		mov	r2, #100
 204 00aa 9954     		strb	r1, [r3, r2]
 205              	.L10:
  52:main.c        ****         }  
  53:main.c        ****         
  54:main.c        ****         if((Com_Array.Rx_Index > 3) && (Com_Array.Rx_Index == (Com_Array.Rx_Length - 1)))
 206              		.loc 1 54 0
 207 00ac 0E4B     		ldr	r3, .L13+4
 208 00ae 6622     		mov	r2, #102
 209 00b0 9B5C     		ldrb	r3, [r3, r2]
 210 00b2 032B     		cmp	r3, #3
 211 00b4 12D9     		bls	.L12
 212              		.loc 1 54 0 is_stmt 0 discriminator 1
 213 00b6 0C4B     		ldr	r3, .L13+4
 214 00b8 6622     		mov	r2, #102
 215 00ba 9B5C     		ldrb	r3, [r3, r2]
 216 00bc 191C     		mov	r1, r3
 217 00be 0A4B     		ldr	r3, .L13+4
 218 00c0 6422     		mov	r2, #100
 219 00c2 9B5C     		ldrb	r3, [r3, r2]
 220 00c4 013B     		sub	r3, r3, #1
 221 00c6 9942     		cmp	r1, r3
 222 00c8 08D1     		bne	.L12
  55:main.c        ****         {
  56:main.c        ****             Com_Array.Rx_Flag = 1;          //Êé•Êî∂Âà∞Êï¥ÂåÖ
 223              		.loc 1 56 0 is_stmt 1
 224 00ca 074B     		ldr	r3, .L13+4
 225 00cc 6922     		mov	r2, #105
 226 00ce 0121     		mov	r1, #1
 227 00d0 9954     		strb	r1, [r3, r2]
 228 00d2 03E0     		b	.L12
 229              	.L6:
ARM GAS  C:\Users\ADMINI~1.SC-\AppData\Local\Temp\cctjaf5q.s 			page 6


  57:main.c        ****         }
  58:main.c        ****     }
  59:main.c        ****     else
  60:main.c        ****     {
  61:main.c        ****         Com_Array.Rx_Count = 0;
 230              		.loc 1 61 0
 231 00d4 044B     		ldr	r3, .L13+4
 232 00d6 6522     		mov	r2, #101
 233 00d8 0021     		mov	r1, #0
 234 00da 9954     		strb	r1, [r3, r2]
 235              	.L12:
  62:main.c        ****     }
  63:main.c        ****     UART_SpiUartClearRxBuffer();   
 236              		.loc 1 63 0
 237 00dc FFF7FEFF 		bl	UART_SpiUartClearRxBuffer
  64:main.c        **** }
 238              		.loc 1 64 0
 239 00e0 BD46     		mov	sp, r7
 240              		@ sp needed
 241 00e2 98BD     		pop	{r3, r4, r7, pc}
 242              	.L14:
 243              		.align	2
 244              	.L13:
 245 00e4 C00F2540 		.word	1076170688
 246 00e8 00000000 		.word	Com_Array
 247              		.cfi_endproc
 248              	.LFE36:
 249              		.size	MY_UART_SCB_IRQ_Interrupt, .-MY_UART_SCB_IRQ_Interrupt
 250              		.section	.text.InterruptHandler,"ax",%progbits
 251              		.align	2
 252              		.global	InterruptHandler
 253              		.code	16
 254              		.thumb_func
 255              		.type	InterruptHandler, %function
 256              	InterruptHandler:
 257              	.LFB37:
  65:main.c        **** 
  66:main.c        **** #define BRIGHTNESS_DECREASE         (100u)
  67:main.c        **** 
  68:main.c        **** CY_ISR(InterruptHandler)
  69:main.c        **** {
 258              		.loc 1 69 0
 259              		.cfi_startproc
 260 0000 80B5     		push	{r7, lr}
 261              		.cfi_def_cfa_offset 8
 262              		.cfi_offset 7, -8
 263              		.cfi_offset 14, -4
 264 0002 00AF     		add	r7, sp, #0
 265              		.cfi_def_cfa_register 7
  70:main.c        ****     static     uint8 beep = 0;
  71:main.c        **** 	/* Clear TC Inerrupt */
  72:main.c        ****    	PWM_ClearInterrupt(PWM_INTR_MASK_TC);
 266              		.loc 1 72 0
 267 0004 0120     		mov	r0, #1
 268 0006 FFF7FEFF 		bl	PWM_ClearInterrupt
  73:main.c        ****     
  74:main.c        ****     if(beep == 0)
ARM GAS  C:\Users\ADMINI~1.SC-\AppData\Local\Temp\cctjaf5q.s 			page 7


 269              		.loc 1 74 0
 270 000a 094B     		ldr	r3, .L18
 271 000c 1B78     		ldrb	r3, [r3]
 272 000e 002B     		cmp	r3, #0
 273 0010 06D1     		bne	.L16
  75:main.c        ****     {
  76:main.c        ****         beep = 1;
 274              		.loc 1 76 0
 275 0012 074B     		ldr	r3, .L18
 276 0014 0122     		mov	r2, #1
 277 0016 1A70     		strb	r2, [r3]
  77:main.c        ****         BEEP_OPEN;
 278              		.loc 1 77 0
 279 0018 0120     		mov	r0, #1
 280 001a FFF7FEFF 		bl	Beep_Ctrl_Write
 281 001e 05E0     		b	.L15
 282              	.L16:
  78:main.c        ****     }
  79:main.c        ****     else
  80:main.c        ****     {
  81:main.c        ****         beep = 0;
 283              		.loc 1 81 0
 284 0020 034B     		ldr	r3, .L18
 285 0022 0022     		mov	r2, #0
 286 0024 1A70     		strb	r2, [r3]
  82:main.c        ****         BEEP_CLOSE;
 287              		.loc 1 82 0
 288 0026 0020     		mov	r0, #0
 289 0028 FFF7FEFF 		bl	Beep_Ctrl_Write
 290              	.L15:
  83:main.c        ****     }
  84:main.c        **** }
 291              		.loc 1 84 0
 292 002c BD46     		mov	sp, r7
 293              		@ sp needed
 294 002e 80BD     		pop	{r7, pc}
 295              	.L19:
 296              		.align	2
 297              	.L18:
 298 0030 00000000 		.word	beep.7566
 299              		.cfi_endproc
 300              	.LFE37:
 301              		.size	InterruptHandler, .-InterruptHandler
 302              		.section	.text.main,"ax",%progbits
 303              		.align	2
 304              		.global	main
 305              		.code	16
 306              		.thumb_func
 307              		.type	main, %function
 308              	main:
 309              	.LFB38:
  85:main.c        **** 
  86:main.c        **** int main()
  87:main.c        **** {
 310              		.loc 1 87 0
 311              		.cfi_startproc
 312 0000 90B5     		push	{r4, r7, lr}
ARM GAS  C:\Users\ADMINI~1.SC-\AppData\Local\Temp\cctjaf5q.s 			page 8


 313              		.cfi_def_cfa_offset 12
 314              		.cfi_offset 4, -12
 315              		.cfi_offset 7, -8
 316              		.cfi_offset 14, -4
 317 0002 83B0     		sub	sp, sp, #12
 318              		.cfi_def_cfa_offset 24
 319 0004 00AF     		add	r7, sp, #0
 320              		.cfi_def_cfa_register 7
  88:main.c        **** #if BLE_ON
  89:main.c        ****     CYBLE_API_RESULT_T      bleApiResult;
  90:main.c        ****     uint8 i;
  91:main.c        **** #endif
  92:main.c        **** 
  93:main.c        ****     System_Timer_Start();
 321              		.loc 1 93 0
 322 0006 FFF7FEFF 		bl	System_Timer_Start
  94:main.c        ****     Timer_isr_StartEx(TimerHand);    
 323              		.loc 1 94 0
 324 000a 524B     		ldr	r3, .L27
 325 000c 181C     		mov	r0, r3
 326 000e FFF7FEFF 		bl	Timer_isr_StartEx
  95:main.c        **** 
  96:main.c        ****     UART_Start(); 
 327              		.loc 1 96 0
 328 0012 FFF7FEFF 		bl	UART_Start
  97:main.c        ****     UART_SCB_IRQ_Start();
 329              		.loc 1 97 0
 330 0016 FFF7FEFF 		bl	UART_SCB_IRQ_Start
  98:main.c        ****     UART_SCB_IRQ_StartEx(MY_UART_SCB_IRQ_Interrupt);
 331              		.loc 1 98 0
 332 001a 4F4B     		ldr	r3, .L27+4
 333 001c 181C     		mov	r0, r3
 334 001e FFF7FEFF 		bl	UART_SCB_IRQ_StartEx
  99:main.c        ****     POWERON_OUT_Write(HIGH);
 335              		.loc 1 99 0
 336 0022 0120     		mov	r0, #1
 337 0024 FFF7FEFF 		bl	POWERON_OUT_Write
 100:main.c        ****     TC_ISR_StartEx(InterruptHandler);
 338              		.loc 1 100 0
 339 0028 4C4B     		ldr	r3, .L27+8
 340 002a 181C     		mov	r0, r3
 341 002c FFF7FEFF 		bl	TC_ISR_StartEx
 101:main.c        ****     Load_Config();
 342              		.loc 1 101 0
 343 0030 FFF7FEFF 		bl	Load_Config
 102:main.c        ****     ADC_Start();
 344              		.loc 1 102 0
 345 0034 FFF7FEFF 		bl	ADC_Start
 103:main.c        **** 
 104:main.c        **** #if BLE_ON
 105:main.c        ****     if(System_Config.IDChangeFlag)                 //ÂºÄÊú∫Ê£ÄÊµãÔºåÊòØÂê¶Êõ¥Êñ∞ËìùÁâôËÆæÂ§áÂêç
 346              		.loc 1 105 0
 347 0038 494B     		ldr	r3, .L27+12
 348 003a 2422     		mov	r2, #36
 349 003c 9B5C     		ldrb	r3, [r3, r2]
 350 003e 002B     		cmp	r3, #0
 351 0040 35D0     		beq	.L21
ARM GAS  C:\Users\ADMINI~1.SC-\AppData\Local\Temp\cctjaf5q.s 			page 9


 106:main.c        ****     {
 107:main.c        ****         for(i=0; i<4; i++)
 352              		.loc 1 107 0
 353 0042 FB1D     		add	r3, r7, #7
 354 0044 0022     		mov	r2, #0
 355 0046 1A70     		strb	r2, [r3]
 356 0048 29E0     		b	.L22
 357              	.L23:
 108:main.c        ****         {
 109:main.c        ****             BLEDeviceName[3+2*i] = Hex_To_Ascii(System_Config.DeviceID[i] / 16);
 358              		.loc 1 109 0 discriminator 3
 359 004a FB1D     		add	r3, r7, #7
 360 004c 1B78     		ldrb	r3, [r3]
 361 004e 5B00     		lsl	r3, r3, #1
 362 0050 DC1C     		add	r4, r3, #3
 363 0052 FB1D     		add	r3, r7, #7
 364 0054 1B78     		ldrb	r3, [r3]
 365 0056 424A     		ldr	r2, .L27+12
 366 0058 D318     		add	r3, r2, r3
 367 005a 1B7C     		ldrb	r3, [r3, #16]
 368 005c 1B09     		lsr	r3, r3, #4
 369 005e DBB2     		uxtb	r3, r3
 370 0060 181C     		mov	r0, r3
 371 0062 FFF7FEFF 		bl	Hex_To_Ascii
 372 0066 031C     		mov	r3, r0
 373 0068 1A1C     		mov	r2, r3
 374 006a 3E4B     		ldr	r3, .L27+16
 375 006c 1A55     		strb	r2, [r3, r4]
 110:main.c        ****             BLEDeviceName[4+2*i] = Hex_To_Ascii(System_Config.DeviceID[i] % 16);
 376              		.loc 1 110 0 discriminator 3
 377 006e FB1D     		add	r3, r7, #7
 378 0070 1B78     		ldrb	r3, [r3]
 379 0072 0233     		add	r3, r3, #2
 380 0074 5C00     		lsl	r4, r3, #1
 381 0076 FB1D     		add	r3, r7, #7
 382 0078 1B78     		ldrb	r3, [r3]
 383 007a 394A     		ldr	r2, .L27+12
 384 007c D318     		add	r3, r2, r3
 385 007e 1B7C     		ldrb	r3, [r3, #16]
 386 0080 0F22     		mov	r2, #15
 387 0082 1340     		and	r3, r2
 388 0084 DBB2     		uxtb	r3, r3
 389 0086 181C     		mov	r0, r3
 390 0088 FFF7FEFF 		bl	Hex_To_Ascii
 391 008c 031C     		mov	r3, r0
 392 008e 1A1C     		mov	r2, r3
 393 0090 344B     		ldr	r3, .L27+16
 394 0092 1A55     		strb	r2, [r3, r4]
 107:main.c        ****         {
 395              		.loc 1 107 0 discriminator 3
 396 0094 FB1D     		add	r3, r7, #7
 397 0096 1A78     		ldrb	r2, [r3]
 398 0098 FB1D     		add	r3, r7, #7
 399 009a 0132     		add	r2, r2, #1
 400 009c 1A70     		strb	r2, [r3]
 401              	.L22:
 107:main.c        ****         {
ARM GAS  C:\Users\ADMINI~1.SC-\AppData\Local\Temp\cctjaf5q.s 			page 10


 402              		.loc 1 107 0 is_stmt 0 discriminator 1
 403 009e FB1D     		add	r3, r7, #7
 404 00a0 1B78     		ldrb	r3, [r3]
 405 00a2 032B     		cmp	r3, #3
 406 00a4 D1D9     		bls	.L23
 111:main.c        ****         }
 112:main.c        ****         CyBle_GapSetLocalName(BLEDeviceName);       //‰øÆÊîπËìùÁâôËÆæÂ§áÂêç
 407              		.loc 1 112 0 is_stmt 1
 408 00a6 2F4B     		ldr	r3, .L27+16
 409 00a8 181C     		mov	r0, r3
 410 00aa FFF7FEFF 		bl	CyBle_GapSetLocalName
 411              	.L21:
 113:main.c        ****     }
 114:main.c        ****     bleApiResult = CyBle_Start(AppCallBack); 
 412              		.loc 1 114 0
 413 00ae 3C1D     		add	r4, r7, #4
 414 00b0 2D4B     		ldr	r3, .L27+20
 415 00b2 181C     		mov	r0, r3
 416 00b4 FFF7FEFF 		bl	CyBle_Start
 417 00b8 031C     		mov	r3, r0
 418 00ba 2380     		strh	r3, [r4]
 115:main.c        ****     if(bleApiResult == CYBLE_ERROR_OK)
 116:main.c        ****     {
 117:main.c        ****         //
 118:main.c        ****     }
 119:main.c        **** #endif
 120:main.c        ****     CyGlobalIntEnable;
 419              		.loc 1 120 0
 420              	@ 120 "main.c" 1
 421 00bc 62B6     		CPSIE   i
 422              	@ 0 "" 2
 121:main.c        ****     CyDelay(10);
 423              		.loc 1 121 0
 424              		.code	16
 425 00be 0A20     		mov	r0, #10
 426 00c0 FFF7FEFF 		bl	CyDelay
 122:main.c        **** 
 123:main.c        **** #if BLE_ON    
 124:main.c        ****     CyBle_ProcessEvents();
 427              		.loc 1 124 0
 428 00c4 FFF7FEFF 		bl	CyBle_ProcessEvents
 125:main.c        **** #endif
 126:main.c        ****     
 127:main.c        ****     RED_OFF;
 429              		.loc 1 127 0
 430 00c8 0120     		mov	r0, #1
 431 00ca FFF7FEFF 		bl	LED_RED_Write
 128:main.c        ****     GREEN_ON;
 432              		.loc 1 128 0
 433 00ce 0020     		mov	r0, #0
 434 00d0 FFF7FEFF 		bl	LED_GREEN_Write
 129:main.c        ****     Com_Array.Tx_State = RE_REQUEST;
 435              		.loc 1 129 0
 436 00d4 254B     		ldr	r3, .L27+24
 437 00d6 6C22     		mov	r2, #108
 438 00d8 1021     		mov	r1, #16
 439 00da 9954     		strb	r1, [r3, r2]
ARM GAS  C:\Users\ADMINI~1.SC-\AppData\Local\Temp\cctjaf5q.s 			page 11


 440              	.L26:
 130:main.c        ****     while(1)
 131:main.c        ****     {      
 132:main.c        **** #if BLE_ON        
 133:main.c        ****         HandleBleProcessing();//BLEËøûÊé•‰∏éÊñ≠ÂºÄ
 441              		.loc 1 133 0
 442 00dc FFF7FEFF 		bl	HandleBleProcessing
 134:main.c        ****         CyBle_ProcessEvents();    
 443              		.loc 1 134 0
 444 00e0 FFF7FEFF 		bl	CyBle_ProcessEvents
 135:main.c        ****         ReceiveBleCmd();   
 445              		.loc 1 135 0
 446 00e4 FFF7FEFF 		bl	ReceiveBleCmd
 136:main.c        ****         SendBleCmd();
 447              		.loc 1 136 0
 448 00e8 FFF7FEFF 		bl	SendBleCmd
 137:main.c        **** #endif        
 138:main.c        ****         Com_Recv_Prov();     
 449              		.loc 1 138 0
 450 00ec FFF7FEFF 		bl	Com_Recv_Prov
 139:main.c        ****         Com_Send_Prov();
 451              		.loc 1 139 0
 452 00f0 FFF7FEFF 		bl	Com_Send_Prov
 140:main.c        ****         
 141:main.c        ****         if(Com_Array.Tx_Begin)      //Ëá™Âä®ÂÖ≥Èó≠ÂèëÈÄÅ
 453              		.loc 1 141 0
 454 00f4 1D4B     		ldr	r3, .L27+24
 455 00f6 7222     		mov	r2, #114
 456 00f8 9B5C     		ldrb	r3, [r3, r2]
 457 00fa 002B     		cmp	r3, #0
 458 00fc 14D0     		beq	.L24
 142:main.c        ****         {
 143:main.c        ****             Com_Array.Tx_Delay ++;
 459              		.loc 1 143 0
 460 00fe 1B4B     		ldr	r3, .L27+24
 461 0100 7122     		mov	r2, #113
 462 0102 9B5C     		ldrb	r3, [r3, r2]
 463 0104 0133     		add	r3, r3, #1
 464 0106 D9B2     		uxtb	r1, r3
 465 0108 184B     		ldr	r3, .L27+24
 466 010a 7122     		mov	r2, #113
 467 010c 9954     		strb	r1, [r3, r2]
 144:main.c        ****             if(Com_Array.Tx_Delay > 3)
 468              		.loc 1 144 0
 469 010e 174B     		ldr	r3, .L27+24
 470 0110 7122     		mov	r2, #113
 471 0112 9B5C     		ldrb	r3, [r3, r2]
 472 0114 032B     		cmp	r3, #3
 473 0116 07D9     		bls	.L24
 145:main.c        ****             {
 146:main.c        ****                 Com_Array.Tx_Begin = 0;
 474              		.loc 1 146 0
 475 0118 144B     		ldr	r3, .L27+24
 476 011a 7222     		mov	r2, #114
 477 011c 0021     		mov	r1, #0
 478 011e 9954     		strb	r1, [r3, r2]
 147:main.c        ****                 Com_Array.Tx_Delay = 0;
ARM GAS  C:\Users\ADMINI~1.SC-\AppData\Local\Temp\cctjaf5q.s 			page 12


 479              		.loc 1 147 0
 480 0120 124B     		ldr	r3, .L27+24
 481 0122 7122     		mov	r2, #113
 482 0124 0021     		mov	r1, #0
 483 0126 9954     		strb	r1, [r3, r2]
 484              	.L24:
 148:main.c        ****             }
 149:main.c        ****         }
 150:main.c        ****         
 151:main.c        ****         Power_Off();
 485              		.loc 1 151 0
 486 0128 FFF7FEFF 		bl	Power_Off
 152:main.c        ****         
 153:main.c        ****         Alarm_Event(Flag.Alarm_Work_Step);  //Â£∞ÂÖâÊä•Ë≠¶Áä∂ÊÄÅ
 487              		.loc 1 153 0
 488 012c 104B     		ldr	r3, .L27+28
 489 012e 1B78     		ldrb	r3, [r3]
 490 0130 5B07     		lsl	r3, r3, #29
 491 0132 5B0F     		lsr	r3, r3, #29
 492 0134 DBB2     		uxtb	r3, r3
 493 0136 181C     		mov	r0, r3
 494 0138 FFF7FEFF 		bl	Alarm_Event
 154:main.c        ****   
 155:main.c        ****         key_touch_lock_process();
 495              		.loc 1 155 0
 496 013c FFF7FEFF 		bl	key_touch_lock_process
 156:main.c        ****         
 157:main.c        ****         while(Delay_Time.Delay_1ms);        //1MS
 497              		.loc 1 157 0
 498 0140 C046     		mov	r8, r8
 499              	.L25:
 500              		.loc 1 157 0 is_stmt 0 discriminator 1
 501 0142 0C4B     		ldr	r3, .L27+32
 502 0144 5B79     		ldrb	r3, [r3, #5]
 503 0146 002B     		cmp	r3, #0
 504 0148 FBD1     		bne	.L25
 158:main.c        ****         Delay_Time.Delay_1ms = 1;     
 505              		.loc 1 158 0 is_stmt 1
 506 014a 0A4B     		ldr	r3, .L27+32
 507 014c 0122     		mov	r2, #1
 508 014e 5A71     		strb	r2, [r3, #5]
 159:main.c        ****     }
 509              		.loc 1 159 0
 510 0150 C4E7     		b	.L26
 511              	.L28:
 512 0152 C046     		.align	2
 513              	.L27:
 514 0154 00000000 		.word	TimerHand
 515 0158 00000000 		.word	MY_UART_SCB_IRQ_Interrupt
 516 015c 00000000 		.word	InterruptHandler
 517 0160 00000000 		.word	System_Config
 518 0164 00000000 		.word	BLEDeviceName
 519 0168 00000000 		.word	AppCallBack
 520 016c 00000000 		.word	Com_Array
 521 0170 00000000 		.word	Flag
 522 0174 00000000 		.word	Delay_Time
 523              		.cfi_endproc
ARM GAS  C:\Users\ADMINI~1.SC-\AppData\Local\Temp\cctjaf5q.s 			page 13


 524              	.LFE38:
 525              		.size	main, .-main
 526              		.global	__aeabi_idiv
 527              		.section	.text.Get_Adc,"ax",%progbits
 528              		.align	2
 529              		.global	Get_Adc
 530              		.code	16
 531              		.thumb_func
 532              		.type	Get_Adc, %function
 533              	Get_Adc:
 534              	.LFB39:
 160:main.c        **** }
 161:main.c        **** 
 162:main.c        **** 
 163:main.c        **** /***********************************************
 164:main.c        **** * ÂáΩÊï∞ÂêçÔºöuint16 Get_Adc(void)
 165:main.c        **** * ÊèèËø∞  ÔºöÈááÈõÜÁîµÂéã
 166:main.c        **** 1677-3.623V
 167:main.c        **** 1849-4.0V
 168:main.c        **** ***********************************************/
 169:main.c        **** uint16 Get_Adc(void)
 170:main.c        **** {
 535              		.loc 1 170 0
 536              		.cfi_startproc
 537 0000 80B5     		push	{r7, lr}
 538              		.cfi_def_cfa_offset 8
 539              		.cfi_offset 7, -8
 540              		.cfi_offset 14, -4
 541 0002 82B0     		sub	sp, sp, #8
 542              		.cfi_def_cfa_offset 16
 543 0004 00AF     		add	r7, sp, #0
 544              		.cfi_def_cfa_register 7
 171:main.c        ****     uint16 adcResult;
 172:main.c        ****     uint32 mvolts;
 173:main.c        ****     ADC_StartConvert();
 545              		.loc 1 173 0
 546 0006 FFF7FEFF 		bl	ADC_StartConvert
 174:main.c        ****     ADC_IsEndConversion(ADC_WAIT_FOR_RESULT);
 547              		.loc 1 174 0
 548 000a 0220     		mov	r0, #2
 549 000c FFF7FEFF 		bl	ADC_IsEndConversion
 175:main.c        **** 
 176:main.c        ****     adcResult = ADC_GetResult16(0x00);
 550              		.loc 1 176 0
 551 0010 0020     		mov	r0, #0
 552 0012 FFF7FEFF 		bl	ADC_GetResult16
 553 0016 031C     		mov	r3, r0
 554 0018 1A1C     		mov	r2, r3
 555 001a BB1D     		add	r3, r7, #6
 556 001c 1A80     		strh	r2, [r3]
 177:main.c        ****     mvolts = (4000 * adcResult) / 1849;
 557              		.loc 1 177 0
 558 001e BB1D     		add	r3, r7, #6
 559 0020 1B88     		ldrh	r3, [r3]
 560 0022 FA22     		mov	r2, #250
 561 0024 1201     		lsl	r2, r2, #4
 562 0026 5343     		mul	r3, r2
ARM GAS  C:\Users\ADMINI~1.SC-\AppData\Local\Temp\cctjaf5q.s 			page 14


 563 0028 181C     		mov	r0, r3
 564 002a 0549     		ldr	r1, .L31
 565 002c FFF7FEFF 		bl	__aeabi_idiv
 566 0030 031C     		mov	r3, r0
 567 0032 3B60     		str	r3, [r7]
 178:main.c        ****     return (uint16)mvolts;
 568              		.loc 1 178 0
 569 0034 3B68     		ldr	r3, [r7]
 570 0036 9BB2     		uxth	r3, r3
 179:main.c        **** }
 571              		.loc 1 179 0
 572 0038 181C     		mov	r0, r3
 573 003a BD46     		mov	sp, r7
 574 003c 02B0     		add	sp, sp, #8
 575              		@ sp needed
 576 003e 80BD     		pop	{r7, pc}
 577              	.L32:
 578              		.align	2
 579              	.L31:
 580 0040 39070000 		.word	1849
 581              		.cfi_endproc
 582              	.LFE39:
 583              		.size	Get_Adc, .-Get_Adc
 584              		.bss
 585              	beep.7566:
 586 0000 00       		.space	1
 587              		.text
 588              	.Letext0:
 589              		.file 2 "Generated_Source\\PSoC4/cytypes.h"
 590              		.file 3 "Generated_Source\\PSoC4/BLE_Stack.h"
 591              		.file 4 "app_lock.h"
 592              		.file 5 "app_Com.h"
 593              		.section	.debug_info,"",%progbits
 594              	.Ldebug_info0:
 595 0000 32060000 		.4byte	0x632
 596 0004 0400     		.2byte	0x4
 597 0006 00000000 		.4byte	.Ldebug_abbrev0
 598 000a 04       		.byte	0x4
 599 000b 01       		.uleb128 0x1
 600 000c 3B0C0000 		.4byte	.LASF151
 601 0010 01       		.byte	0x1
 602 0011 BB060000 		.4byte	.LASF152
 603 0015 86080000 		.4byte	.LASF153
 604 0019 00000000 		.4byte	.Ldebug_ranges0+0
 605 001d 00000000 		.4byte	0
 606 0021 00000000 		.4byte	.Ldebug_line0
 607 0025 02       		.uleb128 0x2
 608 0026 01       		.byte	0x1
 609 0027 06       		.byte	0x6
 610 0028 8F020000 		.4byte	.LASF0
 611 002c 02       		.uleb128 0x2
 612 002d 01       		.byte	0x1
 613 002e 08       		.byte	0x8
 614 002f 57090000 		.4byte	.LASF1
 615 0033 02       		.uleb128 0x2
 616 0034 02       		.byte	0x2
 617 0035 05       		.byte	0x5
ARM GAS  C:\Users\ADMINI~1.SC-\AppData\Local\Temp\cctjaf5q.s 			page 15


 618 0036 87090000 		.4byte	.LASF2
 619 003a 02       		.uleb128 0x2
 620 003b 02       		.byte	0x2
 621 003c 07       		.byte	0x7
 622 003d 350B0000 		.4byte	.LASF3
 623 0041 02       		.uleb128 0x2
 624 0042 04       		.byte	0x4
 625 0043 05       		.byte	0x5
 626 0044 64010000 		.4byte	.LASF4
 627 0048 02       		.uleb128 0x2
 628 0049 04       		.byte	0x4
 629 004a 07       		.byte	0x7
 630 004b 6F050000 		.4byte	.LASF5
 631 004f 02       		.uleb128 0x2
 632 0050 08       		.byte	0x8
 633 0051 05       		.byte	0x5
 634 0052 81020000 		.4byte	.LASF6
 635 0056 02       		.uleb128 0x2
 636 0057 08       		.byte	0x8
 637 0058 07       		.byte	0x7
 638 0059 AE040000 		.4byte	.LASF7
 639 005d 03       		.uleb128 0x3
 640 005e 04       		.byte	0x4
 641 005f 05       		.byte	0x5
 642 0060 696E7400 		.ascii	"int\000"
 643 0064 02       		.uleb128 0x2
 644 0065 04       		.byte	0x4
 645 0066 07       		.byte	0x7
 646 0067 790A0000 		.4byte	.LASF8
 647 006b 04       		.uleb128 0x4
 648 006c BB030000 		.4byte	.LASF9
 649 0070 02       		.byte	0x2
 650 0071 C2       		.byte	0xc2
 651 0072 2C000000 		.4byte	0x2c
 652 0076 04       		.uleb128 0x4
 653 0077 3F000000 		.4byte	.LASF10
 654 007b 02       		.byte	0x2
 655 007c C3       		.byte	0xc3
 656 007d 3A000000 		.4byte	0x3a
 657 0081 04       		.uleb128 0x4
 658 0082 14040000 		.4byte	.LASF11
 659 0086 02       		.byte	0x2
 660 0087 C4       		.byte	0xc4
 661 0088 48000000 		.4byte	0x48
 662 008c 02       		.uleb128 0x2
 663 008d 04       		.byte	0x4
 664 008e 04       		.byte	0x4
 665 008f 03090000 		.4byte	.LASF12
 666 0093 02       		.uleb128 0x2
 667 0094 08       		.byte	0x8
 668 0095 04       		.byte	0x4
 669 0096 E0030000 		.4byte	.LASF13
 670 009a 04       		.uleb128 0x4
 671 009b AF0A0000 		.4byte	.LASF14
 672 009f 02       		.byte	0x2
 673 00a0 D3       		.byte	0xd3
 674 00a1 A5000000 		.4byte	0xa5
ARM GAS  C:\Users\ADMINI~1.SC-\AppData\Local\Temp\cctjaf5q.s 			page 16


 675 00a5 02       		.uleb128 0x2
 676 00a6 01       		.byte	0x1
 677 00a7 08       		.byte	0x8
 678 00a8 4E0A0000 		.4byte	.LASF15
 679 00ac 05       		.uleb128 0x5
 680 00ad 730A0000 		.4byte	.LASF16
 681 00b1 02       		.byte	0x2
 682 00b2 6E01     		.2byte	0x16e
 683 00b4 B8000000 		.4byte	0xb8
 684 00b8 06       		.uleb128 0x6
 685 00b9 81000000 		.4byte	0x81
 686 00bd 02       		.uleb128 0x2
 687 00be 04       		.byte	0x4
 688 00bf 07       		.byte	0x7
 689 00c0 B4070000 		.4byte	.LASF17
 690 00c4 07       		.uleb128 0x7
 691 00c5 01       		.byte	0x1
 692 00c6 03       		.byte	0x3
 693 00c7 A4       		.byte	0xa4
 694 00c8 49020000 		.4byte	0x249
 695 00cc 08       		.uleb128 0x8
 696 00cd 30060000 		.4byte	.LASF18
 697 00d1 00       		.sleb128 0
 698 00d2 08       		.uleb128 0x8
 699 00d3 9B020000 		.4byte	.LASF19
 700 00d7 01       		.sleb128 1
 701 00d8 08       		.uleb128 0x8
 702 00d9 52010000 		.4byte	.LASF20
 703 00dd 02       		.sleb128 2
 704 00de 08       		.uleb128 0x8
 705 00df 1C0B0000 		.4byte	.LASF21
 706 00e3 03       		.sleb128 3
 707 00e4 08       		.uleb128 0x8
 708 00e5 BD010000 		.4byte	.LASF22
 709 00e9 04       		.sleb128 4
 710 00ea 08       		.uleb128 0x8
 711 00eb 23000000 		.4byte	.LASF23
 712 00ef 05       		.sleb128 5
 713 00f0 08       		.uleb128 0x8
 714 00f1 55070000 		.4byte	.LASF24
 715 00f5 20       		.sleb128 32
 716 00f6 08       		.uleb128 0x8
 717 00f7 ED020000 		.4byte	.LASF25
 718 00fb 21       		.sleb128 33
 719 00fc 08       		.uleb128 0x8
 720 00fd 6F060000 		.4byte	.LASF26
 721 0101 22       		.sleb128 34
 722 0102 08       		.uleb128 0x8
 723 0103 D0060000 		.4byte	.LASF27
 724 0107 23       		.sleb128 35
 725 0108 08       		.uleb128 0x8
 726 0109 03080000 		.4byte	.LASF28
 727 010d 24       		.sleb128 36
 728 010e 08       		.uleb128 0x8
 729 010f C6070000 		.4byte	.LASF29
 730 0113 25       		.sleb128 37
 731 0114 08       		.uleb128 0x8
ARM GAS  C:\Users\ADMINI~1.SC-\AppData\Local\Temp\cctjaf5q.s 			page 17


 732 0115 62030000 		.4byte	.LASF30
 733 0119 26       		.sleb128 38
 734 011a 08       		.uleb128 0x8
 735 011b 93060000 		.4byte	.LASF31
 736 011f 27       		.sleb128 39
 737 0120 08       		.uleb128 0x8
 738 0121 480B0000 		.4byte	.LASF32
 739 0125 28       		.sleb128 40
 740 0126 08       		.uleb128 0x8
 741 0127 41020000 		.4byte	.LASF33
 742 012b 29       		.sleb128 41
 743 012c 08       		.uleb128 0x8
 744 012d 9C000000 		.4byte	.LASF34
 745 0131 2A       		.sleb128 42
 746 0132 08       		.uleb128 0x8
 747 0133 D2010000 		.4byte	.LASF35
 748 0137 2B       		.sleb128 43
 749 0138 08       		.uleb128 0x8
 750 0139 050D0000 		.4byte	.LASF36
 751 013d 2C       		.sleb128 44
 752 013e 08       		.uleb128 0x8
 753 013f 38040000 		.4byte	.LASF37
 754 0143 C000     		.sleb128 64
 755 0145 08       		.uleb128 0x8
 756 0146 F6060000 		.4byte	.LASF38
 757 014a C100     		.sleb128 65
 758 014c 08       		.uleb128 0x8
 759 014d 870D0000 		.4byte	.LASF39
 760 0151 C200     		.sleb128 66
 761 0153 08       		.uleb128 0x8
 762 0154 910B0000 		.4byte	.LASF40
 763 0158 C300     		.sleb128 67
 764 015a 08       		.uleb128 0x8
 765 015b 9B050000 		.4byte	.LASF41
 766 015f C400     		.sleb128 68
 767 0161 08       		.uleb128 0x8
 768 0162 DC080000 		.4byte	.LASF42
 769 0166 C500     		.sleb128 69
 770 0168 08       		.uleb128 0x8
 771 0169 93070000 		.4byte	.LASF43
 772 016d C600     		.sleb128 70
 773 016f 08       		.uleb128 0x8
 774 0170 47060000 		.4byte	.LASF44
 775 0174 C700     		.sleb128 71
 776 0176 08       		.uleb128 0x8
 777 0177 C90C0000 		.4byte	.LASF45
 778 017b C800     		.sleb128 72
 779 017d 08       		.uleb128 0x8
 780 017e 04030000 		.4byte	.LASF46
 781 0182 C900     		.sleb128 73
 782 0184 08       		.uleb128 0x8
 783 0185 CF0B0000 		.4byte	.LASF47
 784 0189 CA00     		.sleb128 74
 785 018b 08       		.uleb128 0x8
 786 018c EE000000 		.4byte	.LASF48
 787 0190 CB00     		.sleb128 75
 788 0192 08       		.uleb128 0x8
ARM GAS  C:\Users\ADMINI~1.SC-\AppData\Local\Temp\cctjaf5q.s 			page 18


 789 0193 81050000 		.4byte	.LASF49
 790 0197 CC00     		.sleb128 76
 791 0199 08       		.uleb128 0x8
 792 019a E0070000 		.4byte	.LASF50
 793 019e CD00     		.sleb128 77
 794 01a0 08       		.uleb128 0x8
 795 01a1 37030000 		.4byte	.LASF51
 796 01a5 CE00     		.sleb128 78
 797 01a7 08       		.uleb128 0x8
 798 01a8 E2090000 		.4byte	.LASF52
 799 01ac CF00     		.sleb128 79
 800 01ae 08       		.uleb128 0x8
 801 01af 0D010000 		.4byte	.LASF53
 802 01b3 D000     		.sleb128 80
 803 01b5 08       		.uleb128 0x8
 804 01b6 C1030000 		.4byte	.LASF54
 805 01ba D100     		.sleb128 81
 806 01bc 08       		.uleb128 0x8
 807 01bd 4C080000 		.4byte	.LASF55
 808 01c1 D200     		.sleb128 82
 809 01c3 08       		.uleb128 0x8
 810 01c4 9B090000 		.4byte	.LASF56
 811 01c8 D300     		.sleb128 83
 812 01ca 08       		.uleb128 0x8
 813 01cb 060A0000 		.4byte	.LASF57
 814 01cf D400     		.sleb128 84
 815 01d1 08       		.uleb128 0x8
 816 01d2 B9050000 		.4byte	.LASF58
 817 01d6 D500     		.sleb128 85
 818 01d8 08       		.uleb128 0x8
 819 01d9 DA040000 		.4byte	.LASF59
 820 01dd D600     		.sleb128 86
 821 01df 08       		.uleb128 0x8
 822 01e0 860A0000 		.4byte	.LASF60
 823 01e4 D700     		.sleb128 87
 824 01e6 08       		.uleb128 0x8
 825 01e7 52040000 		.4byte	.LASF61
 826 01eb F000     		.sleb128 112
 827 01ed 08       		.uleb128 0x8
 828 01ee 530D0000 		.4byte	.LASF62
 829 01f2 F100     		.sleb128 113
 830 01f4 08       		.uleb128 0x8
 831 01f5 1C070000 		.4byte	.LASF63
 832 01f9 F200     		.sleb128 114
 833 01fb 08       		.uleb128 0x8
 834 01fc 2C010000 		.4byte	.LASF64
 835 0200 F300     		.sleb128 115
 836 0202 08       		.uleb128 0x8
 837 0203 BE080000 		.4byte	.LASF65
 838 0207 F400     		.sleb128 116
 839 0209 08       		.uleb128 0x8
 840 020a 290D0000 		.4byte	.LASF66
 841 020e F500     		.sleb128 117
 842 0210 08       		.uleb128 0x8
 843 0211 CD000000 		.4byte	.LASF67
 844 0215 F600     		.sleb128 118
 845 0217 08       		.uleb128 0x8
ARM GAS  C:\Users\ADMINI~1.SC-\AppData\Local\Temp\cctjaf5q.s 			page 19


 846 0218 46000000 		.4byte	.LASF68
 847 021c F700     		.sleb128 119
 848 021e 08       		.uleb128 0x8
 849 021f 00000000 		.4byte	.LASF69
 850 0223 F800     		.sleb128 120
 851 0225 08       		.uleb128 0x8
 852 0226 5E020000 		.4byte	.LASF70
 853 022a F900     		.sleb128 121
 854 022c 08       		.uleb128 0x8
 855 022d 78040000 		.4byte	.LASF71
 856 0231 FA00     		.sleb128 122
 857 0233 08       		.uleb128 0x8
 858 0234 F1010000 		.4byte	.LASF72
 859 0238 FA01     		.sleb128 250
 860 023a 08       		.uleb128 0x8
 861 023b 27050000 		.4byte	.LASF73
 862 023f FB01     		.sleb128 251
 863 0241 08       		.uleb128 0x8
 864 0242 1B040000 		.4byte	.LASF74
 865 0246 FF01     		.sleb128 255
 866 0248 00       		.byte	0
 867 0249 09       		.uleb128 0x9
 868 024a 02       		.byte	0x2
 869 024b 03       		.byte	0x3
 870 024c 0C02     		.2byte	0x20c
 871 024e 00030000 		.4byte	0x300
 872 0252 08       		.uleb128 0x8
 873 0253 29040000 		.4byte	.LASF75
 874 0257 00       		.sleb128 0
 875 0258 08       		.uleb128 0x8
 876 0259 E7030000 		.4byte	.LASF76
 877 025d 01       		.sleb128 1
 878 025e 08       		.uleb128 0x8
 879 025f 6A0B0000 		.4byte	.LASF77
 880 0263 02       		.sleb128 2
 881 0264 08       		.uleb128 0x8
 882 0265 65000000 		.4byte	.LASF78
 883 0269 03       		.sleb128 3
 884 026a 08       		.uleb128 0x8
 885 026b 9A010000 		.4byte	.LASF79
 886 026f 04       		.sleb128 4
 887 0270 08       		.uleb128 0x8
 888 0271 09050000 		.4byte	.LASF80
 889 0275 05       		.sleb128 5
 890 0276 08       		.uleb128 0x8
 891 0277 C1090000 		.4byte	.LASF81
 892 027b 06       		.sleb128 6
 893 027c 08       		.uleb128 0x8
 894 027d D0020000 		.4byte	.LASF82
 895 0281 07       		.sleb128 7
 896 0282 08       		.uleb128 0x8
 897 0283 270A0000 		.4byte	.LASF83
 898 0287 08       		.sleb128 8
 899 0288 08       		.uleb128 0x8
 900 0289 F00C0000 		.4byte	.LASF84
 901 028d 09       		.sleb128 9
 902 028e 08       		.uleb128 0x8
ARM GAS  C:\Users\ADMINI~1.SC-\AppData\Local\Temp\cctjaf5q.s 			page 20


 903 028f 1A090000 		.4byte	.LASF85
 904 0293 0A       		.sleb128 10
 905 0294 08       		.uleb128 0x8
 906 0295 530A0000 		.4byte	.LASF86
 907 0299 0B       		.sleb128 11
 908 029a 08       		.uleb128 0x8
 909 029b 19020000 		.4byte	.LASF87
 910 029f 0C       		.sleb128 12
 911 02a0 08       		.uleb128 0x8
 912 02a1 75010000 		.4byte	.LASF88
 913 02a5 0D       		.sleb128 13
 914 02a6 08       		.uleb128 0x8
 915 02a7 46050000 		.4byte	.LASF89
 916 02ab 0E       		.sleb128 14
 917 02ac 08       		.uleb128 0x8
 918 02ad 160C0000 		.4byte	.LASF90
 919 02b1 0F       		.sleb128 15
 920 02b2 08       		.uleb128 0x8
 921 02b3 DA0A0000 		.4byte	.LASF91
 922 02b7 10       		.sleb128 16
 923 02b8 08       		.uleb128 0x8
 924 02b9 E9050000 		.4byte	.LASF92
 925 02bd 11       		.sleb128 17
 926 02be 08       		.uleb128 0x8
 927 02bf 8A030000 		.4byte	.LASF93
 928 02c3 12       		.sleb128 18
 929 02c4 08       		.uleb128 0x8
 930 02c5 A50D0000 		.4byte	.LASF94
 931 02c9 13       		.sleb128 19
 932 02ca 08       		.uleb128 0x8
 933 02cb AE020000 		.4byte	.LASF95
 934 02cf 27       		.sleb128 39
 935 02d0 08       		.uleb128 0x8
 936 02d1 B50A0000 		.4byte	.LASF96
 937 02d5 28       		.sleb128 40
 938 02d6 08       		.uleb128 0x8
 939 02d7 FA0B0000 		.4byte	.LASF97
 940 02db 29       		.sleb128 41
 941 02dc 08       		.uleb128 0x8
 942 02dd 79070000 		.4byte	.LASF98
 943 02e1 FF01     		.sleb128 255
 944 02e3 08       		.uleb128 0x8
 945 02e4 17060000 		.4byte	.LASF99
 946 02e8 8002     		.sleb128 256
 947 02ea 08       		.uleb128 0x8
 948 02eb 6D080000 		.4byte	.LASF100
 949 02ef 8102     		.sleb128 257
 950 02f1 08       		.uleb128 0x8
 951 02f2 34090000 		.4byte	.LASF101
 952 02f6 8202     		.sleb128 258
 953 02f8 08       		.uleb128 0x8
 954 02f9 1D030000 		.4byte	.LASF102
 955 02fd 8302     		.sleb128 259
 956 02ff 00       		.byte	0
 957 0300 05       		.uleb128 0x5
 958 0301 1F080000 		.4byte	.LASF103
 959 0305 03       		.byte	0x3
ARM GAS  C:\Users\ADMINI~1.SC-\AppData\Local\Temp\cctjaf5q.s 			page 21


 960 0306 6902     		.2byte	0x269
 961 0308 49020000 		.4byte	0x249
 962 030c 0A       		.uleb128 0xa
 963 030d 6B000000 		.4byte	0x6b
 964 0311 1C030000 		.4byte	0x31c
 965 0315 0B       		.uleb128 0xb
 966 0316 BD000000 		.4byte	0xbd
 967 031a 0F       		.byte	0xf
 968 031b 00       		.byte	0
 969 031c 0C       		.uleb128 0xc
 970 031d 26       		.byte	0x26
 971 031e 04       		.byte	0x4
 972 031f 34       		.byte	0x34
 973 0320 6D030000 		.4byte	0x36d
 974 0324 0D       		.uleb128 0xd
 975 0325 C50B0000 		.4byte	.LASF104
 976 0329 04       		.byte	0x4
 977 032a 36       		.byte	0x36
 978 032b 0C030000 		.4byte	0x30c
 979 032f 00       		.byte	0
 980 0330 0D       		.uleb128 0xd
 981 0331 880B0000 		.4byte	.LASF105
 982 0335 04       		.byte	0x4
 983 0336 37       		.byte	0x37
 984 0337 6D030000 		.4byte	0x36d
 985 033b 10       		.byte	0x10
 986 033c 0D       		.uleb128 0xd
 987 033d BD070000 		.4byte	.LASF106
 988 0341 04       		.byte	0x4
 989 0342 38       		.byte	0x38
 990 0343 7D030000 		.4byte	0x37d
 991 0347 14       		.byte	0x14
 992 0348 0D       		.uleb128 0xd
 993 0349 7E090000 		.4byte	.LASF107
 994 034d 04       		.byte	0x4
 995 034e 39       		.byte	0x39
 996 034f 7D030000 		.4byte	0x37d
 997 0353 1C       		.byte	0x1c
 998 0354 0D       		.uleb128 0xd
 999 0355 FC040000 		.4byte	.LASF108
 1000 0359 04       		.byte	0x4
 1001 035a 3A       		.byte	0x3a
 1002 035b 6B000000 		.4byte	0x6b
 1003 035f 24       		.byte	0x24
 1004 0360 0E       		.uleb128 0xe
 1005 0361 73756D00 		.ascii	"sum\000"
 1006 0365 04       		.byte	0x4
 1007 0366 3B       		.byte	0x3b
 1008 0367 6B000000 		.4byte	0x6b
 1009 036b 25       		.byte	0x25
 1010 036c 00       		.byte	0
 1011 036d 0A       		.uleb128 0xa
 1012 036e 6B000000 		.4byte	0x6b
 1013 0372 7D030000 		.4byte	0x37d
 1014 0376 0B       		.uleb128 0xb
 1015 0377 BD000000 		.4byte	0xbd
 1016 037b 03       		.byte	0x3
ARM GAS  C:\Users\ADMINI~1.SC-\AppData\Local\Temp\cctjaf5q.s 			page 22


 1017 037c 00       		.byte	0
 1018 037d 0A       		.uleb128 0xa
 1019 037e 6B000000 		.4byte	0x6b
 1020 0382 8D030000 		.4byte	0x38d
 1021 0386 0B       		.uleb128 0xb
 1022 0387 BD000000 		.4byte	0xbd
 1023 038b 07       		.byte	0x7
 1024 038c 00       		.byte	0
 1025 038d 04       		.uleb128 0x4
 1026 038e AF0B0000 		.4byte	.LASF109
 1027 0392 04       		.byte	0x4
 1028 0393 3C       		.byte	0x3c
 1029 0394 1C030000 		.4byte	0x31c
 1030 0398 0C       		.uleb128 0xc
 1031 0399 0A       		.byte	0xa
 1032 039a 04       		.byte	0x4
 1033 039b 50       		.byte	0x50
 1034 039c E9030000 		.4byte	0x3e9
 1035 03a0 0D       		.uleb128 0xd
 1036 03a1 DD050000 		.4byte	.LASF110
 1037 03a5 04       		.byte	0x4
 1038 03a6 52       		.byte	0x52
 1039 03a7 76000000 		.4byte	0x76
 1040 03ab 00       		.byte	0
 1041 03ac 0D       		.uleb128 0xd
 1042 03ad 05040000 		.4byte	.LASF111
 1043 03b1 04       		.byte	0x4
 1044 03b2 54       		.byte	0x54
 1045 03b3 76000000 		.4byte	0x76
 1046 03b7 02       		.byte	0x2
 1047 03b8 0D       		.uleb128 0xd
 1048 03b9 CD040000 		.4byte	.LASF112
 1049 03bd 04       		.byte	0x4
 1050 03be 55       		.byte	0x55
 1051 03bf 6B000000 		.4byte	0x6b
 1052 03c3 04       		.byte	0x4
 1053 03c4 0D       		.uleb128 0xd
 1054 03c5 65060000 		.4byte	.LASF113
 1055 03c9 04       		.byte	0x4
 1056 03ca 57       		.byte	0x57
 1057 03cb 6B000000 		.4byte	0x6b
 1058 03cf 05       		.byte	0x5
 1059 03d0 0D       		.uleb128 0xd
 1060 03d1 9C040000 		.4byte	.LASF114
 1061 03d5 04       		.byte	0x4
 1062 03d6 58       		.byte	0x58
 1063 03d7 76000000 		.4byte	0x76
 1064 03db 06       		.byte	0x6
 1065 03dc 0D       		.uleb128 0xd
 1066 03dd BA0B0000 		.4byte	.LASF115
 1067 03e1 04       		.byte	0x4
 1068 03e2 59       		.byte	0x59
 1069 03e3 76000000 		.4byte	0x76
 1070 03e7 08       		.byte	0x8
 1071 03e8 00       		.byte	0
 1072 03e9 04       		.uleb128 0x4
 1073 03ea 0D060000 		.4byte	.LASF116
ARM GAS  C:\Users\ADMINI~1.SC-\AppData\Local\Temp\cctjaf5q.s 			page 23


 1074 03ee 04       		.byte	0x4
 1075 03ef 5A       		.byte	0x5a
 1076 03f0 98030000 		.4byte	0x398
 1077 03f4 0C       		.uleb128 0xc
 1078 03f5 04       		.byte	0x4
 1079 03f6 04       		.byte	0x4
 1080 03f7 60       		.byte	0x60
 1081 03f8 2A040000 		.4byte	0x42a
 1082 03fc 0F       		.uleb128 0xf
 1083 03fd 65090000 		.4byte	.LASF117
 1084 0401 04       		.byte	0x4
 1085 0402 62       		.byte	0x62
 1086 0403 64000000 		.4byte	0x64
 1087 0407 04       		.byte	0x4
 1088 0408 03       		.byte	0x3
 1089 0409 1D       		.byte	0x1d
 1090 040a 00       		.byte	0
 1091 040b 0F       		.uleb128 0xf
 1092 040c 8A000000 		.4byte	.LASF118
 1093 0410 04       		.byte	0x4
 1094 0411 63       		.byte	0x63
 1095 0412 64000000 		.4byte	0x64
 1096 0416 04       		.byte	0x4
 1097 0417 01       		.byte	0x1
 1098 0418 1C       		.byte	0x1c
 1099 0419 00       		.byte	0
 1100 041a 0F       		.uleb128 0xf
 1101 041b 38070000 		.4byte	.LASF119
 1102 041f 04       		.byte	0x4
 1103 0420 65       		.byte	0x65
 1104 0421 64000000 		.4byte	0x64
 1105 0425 04       		.byte	0x4
 1106 0426 01       		.byte	0x1
 1107 0427 1B       		.byte	0x1b
 1108 0428 00       		.byte	0
 1109 0429 00       		.byte	0
 1110 042a 04       		.uleb128 0x4
 1111 042b 010A0000 		.4byte	.LASF120
 1112 042f 04       		.byte	0x4
 1113 0430 67       		.byte	0x67
 1114 0431 F4030000 		.4byte	0x3f4
 1115 0435 0C       		.uleb128 0xc
 1116 0436 76       		.byte	0x76
 1117 0437 05       		.byte	0x5
 1118 0438 20       		.byte	0x20
 1119 0439 0A050000 		.4byte	0x50a
 1120 043d 0D       		.uleb128 0xd
 1121 043e C5000000 		.4byte	.LASF121
 1122 0442 05       		.byte	0x5
 1123 0443 22       		.byte	0x22
 1124 0444 0A050000 		.4byte	0x50a
 1125 0448 00       		.byte	0
 1126 0449 0D       		.uleb128 0xd
 1127 044a 4A010000 		.4byte	.LASF122
 1128 044e 05       		.byte	0x5
 1129 044f 23       		.byte	0x23
 1130 0450 1A050000 		.4byte	0x51a
ARM GAS  C:\Users\ADMINI~1.SC-\AppData\Local\Temp\cctjaf5q.s 			page 24


 1131 0454 28       		.byte	0x28
 1132 0455 0D       		.uleb128 0xd
 1133 0456 120B0000 		.4byte	.LASF123
 1134 045a 05       		.byte	0x5
 1135 045b 25       		.byte	0x25
 1136 045c 6B000000 		.4byte	0x6b
 1137 0460 64       		.byte	0x64
 1138 0461 0D       		.uleb128 0xd
 1139 0462 4A0D0000 		.4byte	.LASF124
 1140 0466 05       		.byte	0x5
 1141 0467 26       		.byte	0x26
 1142 0468 6B000000 		.4byte	0x6b
 1143 046c 65       		.byte	0x65
 1144 046d 0D       		.uleb128 0xd
 1145 046e 450A0000 		.4byte	.LASF125
 1146 0472 05       		.byte	0x5
 1147 0473 27       		.byte	0x27
 1148 0474 6B000000 		.4byte	0x6b
 1149 0478 66       		.byte	0x66
 1150 0479 0D       		.uleb128 0xd
 1151 047a C2060000 		.4byte	.LASF126
 1152 047e 05       		.byte	0x5
 1153 047f 28       		.byte	0x28
 1154 0480 6B000000 		.4byte	0x6b
 1155 0484 67       		.byte	0x67
 1156 0485 0D       		.uleb128 0xd
 1157 0486 11090000 		.4byte	.LASF127
 1158 048a 05       		.byte	0x5
 1159 048b 29       		.byte	0x29
 1160 048c 6B000000 		.4byte	0x6b
 1161 0490 68       		.byte	0x68
 1162 0491 0D       		.uleb128 0xd
 1163 0492 6D010000 		.4byte	.LASF128
 1164 0496 05       		.byte	0x5
 1165 0497 2A       		.byte	0x2a
 1166 0498 6B000000 		.4byte	0x6b
 1167 049c 69       		.byte	0x69
 1168 049d 0D       		.uleb128 0xd
 1169 049e DB090000 		.4byte	.LASF129
 1170 04a2 05       		.byte	0x5
 1171 04a3 2B       		.byte	0x2b
 1172 04a4 6B000000 		.4byte	0x6b
 1173 04a8 6A       		.byte	0x6a
 1174 04a9 0D       		.uleb128 0xd
 1175 04aa 0F020000 		.4byte	.LASF130
 1176 04ae 05       		.byte	0x5
 1177 04af 2D       		.byte	0x2d
 1178 04b0 6B000000 		.4byte	0x6b
 1179 04b4 6B       		.byte	0x6b
 1180 04b5 0D       		.uleb128 0xd
 1181 04b6 FA070000 		.4byte	.LASF131
 1182 04ba 05       		.byte	0x5
 1183 04bb 2E       		.byte	0x2e
 1184 04bc 6B000000 		.4byte	0x6b
 1185 04c0 6C       		.byte	0x6c
 1186 04c1 0D       		.uleb128 0xd
 1187 04c2 55030000 		.4byte	.LASF132
ARM GAS  C:\Users\ADMINI~1.SC-\AppData\Local\Temp\cctjaf5q.s 			page 25


 1188 04c6 05       		.byte	0x5
 1189 04c7 2F       		.byte	0x2f
 1190 04c8 6B000000 		.4byte	0x6b
 1191 04cc 6D       		.byte	0x6d
 1192 04cd 0D       		.uleb128 0xd
 1193 04ce C5040000 		.4byte	.LASF133
 1194 04d2 05       		.byte	0x5
 1195 04d3 30       		.byte	0x30
 1196 04d4 76000000 		.4byte	0x76
 1197 04d8 6E       		.byte	0x6e
 1198 04d9 0D       		.uleb128 0xd
 1199 04da 75090000 		.4byte	.LASF134
 1200 04de 05       		.byte	0x5
 1201 04df 31       		.byte	0x31
 1202 04e0 6B000000 		.4byte	0x6b
 1203 04e4 70       		.byte	0x70
 1204 04e5 0D       		.uleb128 0xd
 1205 04e6 A5040000 		.4byte	.LASF135
 1206 04ea 05       		.byte	0x5
 1207 04eb 32       		.byte	0x32
 1208 04ec 6B000000 		.4byte	0x6b
 1209 04f0 71       		.byte	0x71
 1210 04f1 0D       		.uleb128 0xd
 1211 04f2 7E0D0000 		.4byte	.LASF136
 1212 04f6 05       		.byte	0x5
 1213 04f7 34       		.byte	0x34
 1214 04f8 6B000000 		.4byte	0x6b
 1215 04fc 72       		.byte	0x72
 1216 04fd 0E       		.uleb128 0xe
 1217 04fe 43726300 		.ascii	"Crc\000"
 1218 0502 05       		.byte	0x5
 1219 0503 36       		.byte	0x36
 1220 0504 76000000 		.4byte	0x76
 1221 0508 74       		.byte	0x74
 1222 0509 00       		.byte	0
 1223 050a 0A       		.uleb128 0xa
 1224 050b 6B000000 		.4byte	0x6b
 1225 050f 1A050000 		.4byte	0x51a
 1226 0513 0B       		.uleb128 0xb
 1227 0514 BD000000 		.4byte	0xbd
 1228 0518 27       		.byte	0x27
 1229 0519 00       		.byte	0
 1230 051a 0A       		.uleb128 0xa
 1231 051b 6B000000 		.4byte	0x6b
 1232 051f 2A050000 		.4byte	0x52a
 1233 0523 0B       		.uleb128 0xb
 1234 0524 BD000000 		.4byte	0xbd
 1235 0528 3B       		.byte	0x3b
 1236 0529 00       		.byte	0
 1237 052a 04       		.uleb128 0x4
 1238 052b B2060000 		.4byte	.LASF137
 1239 052f 05       		.byte	0x5
 1240 0530 37       		.byte	0x37
 1241 0531 35040000 		.4byte	0x435
 1242 0535 10       		.uleb128 0x10
 1243 0536 91090000 		.4byte	.LASF138
 1244 053a 01       		.byte	0x1
ARM GAS  C:\Users\ADMINI~1.SC-\AppData\Local\Temp\cctjaf5q.s 			page 26


 1245 053b 0A       		.byte	0xa
 1246 053c 00000000 		.4byte	.LFB35
 1247 0540 38000000 		.4byte	.LFE35-.LFB35
 1248 0544 01       		.uleb128 0x1
 1249 0545 9C       		.byte	0x9c
 1250 0546 10       		.uleb128 0x10
 1251 0547 32080000 		.4byte	.LASF139
 1252 054b 01       		.byte	0x1
 1253 054c 18       		.byte	0x18
 1254 054d 00000000 		.4byte	.LFB36
 1255 0551 EC000000 		.4byte	.LFE36-.LFB36
 1256 0555 01       		.uleb128 0x1
 1257 0556 9C       		.byte	0x9c
 1258 0557 11       		.uleb128 0x11
 1259 0558 30020000 		.4byte	.LASF140
 1260 055c 01       		.byte	0x1
 1261 055d 44       		.byte	0x44
 1262 055e 00000000 		.4byte	.LFB37
 1263 0562 34000000 		.4byte	.LFE37-.LFB37
 1264 0566 01       		.uleb128 0x1
 1265 0567 9C       		.byte	0x9c
 1266 0568 7E050000 		.4byte	0x57e
 1267 056c 12       		.uleb128 0x12
 1268 056d BC090000 		.4byte	.LASF142
 1269 0571 01       		.byte	0x1
 1270 0572 46       		.byte	0x46
 1271 0573 6B000000 		.4byte	0x6b
 1272 0577 05       		.uleb128 0x5
 1273 0578 03       		.byte	0x3
 1274 0579 00000000 		.4byte	beep.7566
 1275 057d 00       		.byte	0
 1276 057e 13       		.uleb128 0x13
 1277 057f 790D0000 		.4byte	.LASF141
 1278 0583 01       		.byte	0x1
 1279 0584 56       		.byte	0x56
 1280 0585 5D000000 		.4byte	0x5d
 1281 0589 00000000 		.4byte	.LFB38
 1282 058d 78010000 		.4byte	.LFE38-.LFB38
 1283 0591 01       		.uleb128 0x1
 1284 0592 9C       		.byte	0x9c
 1285 0593 B2050000 		.4byte	0x5b2
 1286 0597 12       		.uleb128 0x12
 1287 0598 ED0B0000 		.4byte	.LASF143
 1288 059c 01       		.byte	0x1
 1289 059d 59       		.byte	0x59
 1290 059e 00030000 		.4byte	0x300
 1291 05a2 02       		.uleb128 0x2
 1292 05a3 91       		.byte	0x91
 1293 05a4 6C       		.sleb128 -20
 1294 05a5 14       		.uleb128 0x14
 1295 05a6 6900     		.ascii	"i\000"
 1296 05a8 01       		.byte	0x1
 1297 05a9 5A       		.byte	0x5a
 1298 05aa 6B000000 		.4byte	0x6b
 1299 05ae 02       		.uleb128 0x2
 1300 05af 91       		.byte	0x91
 1301 05b0 6F       		.sleb128 -17
ARM GAS  C:\Users\ADMINI~1.SC-\AppData\Local\Temp\cctjaf5q.s 			page 27


 1302 05b1 00       		.byte	0
 1303 05b2 15       		.uleb128 0x15
 1304 05b3 09090000 		.4byte	.LASF154
 1305 05b7 01       		.byte	0x1
 1306 05b8 A9       		.byte	0xa9
 1307 05b9 76000000 		.4byte	0x76
 1308 05bd 00000000 		.4byte	.LFB39
 1309 05c1 44000000 		.4byte	.LFE39-.LFB39
 1310 05c5 01       		.uleb128 0x1
 1311 05c6 9C       		.byte	0x9c
 1312 05c7 E8050000 		.4byte	0x5e8
 1313 05cb 12       		.uleb128 0x12
 1314 05cc 89070000 		.4byte	.LASF144
 1315 05d0 01       		.byte	0x1
 1316 05d1 AB       		.byte	0xab
 1317 05d2 76000000 		.4byte	0x76
 1318 05d6 02       		.uleb128 0x2
 1319 05d7 91       		.byte	0x91
 1320 05d8 76       		.sleb128 -10
 1321 05d9 12       		.uleb128 0x12
 1322 05da B7080000 		.4byte	.LASF145
 1323 05de 01       		.byte	0x1
 1324 05df AC       		.byte	0xac
 1325 05e0 81000000 		.4byte	0x81
 1326 05e4 02       		.uleb128 0x2
 1327 05e5 91       		.byte	0x91
 1328 05e6 70       		.sleb128 -16
 1329 05e7 00       		.byte	0
 1330 05e8 16       		.uleb128 0x16
 1331 05e9 47070000 		.4byte	.LASF146
 1332 05ed 04       		.byte	0x4
 1333 05ee 3D       		.byte	0x3d
 1334 05ef 8D030000 		.4byte	0x38d
 1335 05f3 16       		.uleb128 0x16
 1336 05f4 11070000 		.4byte	.LASF147
 1337 05f8 04       		.byte	0x4
 1338 05f9 5B       		.byte	0x5b
 1339 05fa E9030000 		.4byte	0x3e9
 1340 05fe 16       		.uleb128 0x16
 1341 05ff 5D030000 		.4byte	.LASF148
 1342 0603 04       		.byte	0x4
 1343 0604 68       		.byte	0x68
 1344 0605 2A040000 		.4byte	0x42a
 1345 0609 16       		.uleb128 0x16
 1346 060a 080B0000 		.4byte	.LASF149
 1347 060e 05       		.byte	0x5
 1348 060f 38       		.byte	0x38
 1349 0610 2A050000 		.4byte	0x52a
 1350 0614 0A       		.uleb128 0xa
 1351 0615 9A000000 		.4byte	0x9a
 1352 0619 24060000 		.4byte	0x624
 1353 061d 0B       		.uleb128 0xb
 1354 061e BD000000 		.4byte	0xbd
 1355 0622 0A       		.byte	0xa
 1356 0623 00       		.byte	0
 1357 0624 17       		.uleb128 0x17
 1358 0625 AD030000 		.4byte	.LASF150
ARM GAS  C:\Users\ADMINI~1.SC-\AppData\Local\Temp\cctjaf5q.s 			page 28


 1359 0629 01       		.byte	0x1
 1360 062a 08       		.byte	0x8
 1361 062b 14060000 		.4byte	0x614
 1362 062f 05       		.uleb128 0x5
 1363 0630 03       		.byte	0x3
 1364 0631 00000000 		.4byte	BLEDeviceName
 1365 0635 00       		.byte	0
 1366              		.section	.debug_abbrev,"",%progbits
 1367              	.Ldebug_abbrev0:
 1368 0000 01       		.uleb128 0x1
 1369 0001 11       		.uleb128 0x11
 1370 0002 01       		.byte	0x1
 1371 0003 25       		.uleb128 0x25
 1372 0004 0E       		.uleb128 0xe
 1373 0005 13       		.uleb128 0x13
 1374 0006 0B       		.uleb128 0xb
 1375 0007 03       		.uleb128 0x3
 1376 0008 0E       		.uleb128 0xe
 1377 0009 1B       		.uleb128 0x1b
 1378 000a 0E       		.uleb128 0xe
 1379 000b 55       		.uleb128 0x55
 1380 000c 17       		.uleb128 0x17
 1381 000d 11       		.uleb128 0x11
 1382 000e 01       		.uleb128 0x1
 1383 000f 10       		.uleb128 0x10
 1384 0010 17       		.uleb128 0x17
 1385 0011 00       		.byte	0
 1386 0012 00       		.byte	0
 1387 0013 02       		.uleb128 0x2
 1388 0014 24       		.uleb128 0x24
 1389 0015 00       		.byte	0
 1390 0016 0B       		.uleb128 0xb
 1391 0017 0B       		.uleb128 0xb
 1392 0018 3E       		.uleb128 0x3e
 1393 0019 0B       		.uleb128 0xb
 1394 001a 03       		.uleb128 0x3
 1395 001b 0E       		.uleb128 0xe
 1396 001c 00       		.byte	0
 1397 001d 00       		.byte	0
 1398 001e 03       		.uleb128 0x3
 1399 001f 24       		.uleb128 0x24
 1400 0020 00       		.byte	0
 1401 0021 0B       		.uleb128 0xb
 1402 0022 0B       		.uleb128 0xb
 1403 0023 3E       		.uleb128 0x3e
 1404 0024 0B       		.uleb128 0xb
 1405 0025 03       		.uleb128 0x3
 1406 0026 08       		.uleb128 0x8
 1407 0027 00       		.byte	0
 1408 0028 00       		.byte	0
 1409 0029 04       		.uleb128 0x4
 1410 002a 16       		.uleb128 0x16
 1411 002b 00       		.byte	0
 1412 002c 03       		.uleb128 0x3
 1413 002d 0E       		.uleb128 0xe
 1414 002e 3A       		.uleb128 0x3a
 1415 002f 0B       		.uleb128 0xb
ARM GAS  C:\Users\ADMINI~1.SC-\AppData\Local\Temp\cctjaf5q.s 			page 29


 1416 0030 3B       		.uleb128 0x3b
 1417 0031 0B       		.uleb128 0xb
 1418 0032 49       		.uleb128 0x49
 1419 0033 13       		.uleb128 0x13
 1420 0034 00       		.byte	0
 1421 0035 00       		.byte	0
 1422 0036 05       		.uleb128 0x5
 1423 0037 16       		.uleb128 0x16
 1424 0038 00       		.byte	0
 1425 0039 03       		.uleb128 0x3
 1426 003a 0E       		.uleb128 0xe
 1427 003b 3A       		.uleb128 0x3a
 1428 003c 0B       		.uleb128 0xb
 1429 003d 3B       		.uleb128 0x3b
 1430 003e 05       		.uleb128 0x5
 1431 003f 49       		.uleb128 0x49
 1432 0040 13       		.uleb128 0x13
 1433 0041 00       		.byte	0
 1434 0042 00       		.byte	0
 1435 0043 06       		.uleb128 0x6
 1436 0044 35       		.uleb128 0x35
 1437 0045 00       		.byte	0
 1438 0046 49       		.uleb128 0x49
 1439 0047 13       		.uleb128 0x13
 1440 0048 00       		.byte	0
 1441 0049 00       		.byte	0
 1442 004a 07       		.uleb128 0x7
 1443 004b 04       		.uleb128 0x4
 1444 004c 01       		.byte	0x1
 1445 004d 0B       		.uleb128 0xb
 1446 004e 0B       		.uleb128 0xb
 1447 004f 3A       		.uleb128 0x3a
 1448 0050 0B       		.uleb128 0xb
 1449 0051 3B       		.uleb128 0x3b
 1450 0052 0B       		.uleb128 0xb
 1451 0053 01       		.uleb128 0x1
 1452 0054 13       		.uleb128 0x13
 1453 0055 00       		.byte	0
 1454 0056 00       		.byte	0
 1455 0057 08       		.uleb128 0x8
 1456 0058 28       		.uleb128 0x28
 1457 0059 00       		.byte	0
 1458 005a 03       		.uleb128 0x3
 1459 005b 0E       		.uleb128 0xe
 1460 005c 1C       		.uleb128 0x1c
 1461 005d 0D       		.uleb128 0xd
 1462 005e 00       		.byte	0
 1463 005f 00       		.byte	0
 1464 0060 09       		.uleb128 0x9
 1465 0061 04       		.uleb128 0x4
 1466 0062 01       		.byte	0x1
 1467 0063 0B       		.uleb128 0xb
 1468 0064 0B       		.uleb128 0xb
 1469 0065 3A       		.uleb128 0x3a
 1470 0066 0B       		.uleb128 0xb
 1471 0067 3B       		.uleb128 0x3b
 1472 0068 05       		.uleb128 0x5
ARM GAS  C:\Users\ADMINI~1.SC-\AppData\Local\Temp\cctjaf5q.s 			page 30


 1473 0069 01       		.uleb128 0x1
 1474 006a 13       		.uleb128 0x13
 1475 006b 00       		.byte	0
 1476 006c 00       		.byte	0
 1477 006d 0A       		.uleb128 0xa
 1478 006e 01       		.uleb128 0x1
 1479 006f 01       		.byte	0x1
 1480 0070 49       		.uleb128 0x49
 1481 0071 13       		.uleb128 0x13
 1482 0072 01       		.uleb128 0x1
 1483 0073 13       		.uleb128 0x13
 1484 0074 00       		.byte	0
 1485 0075 00       		.byte	0
 1486 0076 0B       		.uleb128 0xb
 1487 0077 21       		.uleb128 0x21
 1488 0078 00       		.byte	0
 1489 0079 49       		.uleb128 0x49
 1490 007a 13       		.uleb128 0x13
 1491 007b 2F       		.uleb128 0x2f
 1492 007c 0B       		.uleb128 0xb
 1493 007d 00       		.byte	0
 1494 007e 00       		.byte	0
 1495 007f 0C       		.uleb128 0xc
 1496 0080 13       		.uleb128 0x13
 1497 0081 01       		.byte	0x1
 1498 0082 0B       		.uleb128 0xb
 1499 0083 0B       		.uleb128 0xb
 1500 0084 3A       		.uleb128 0x3a
 1501 0085 0B       		.uleb128 0xb
 1502 0086 3B       		.uleb128 0x3b
 1503 0087 0B       		.uleb128 0xb
 1504 0088 01       		.uleb128 0x1
 1505 0089 13       		.uleb128 0x13
 1506 008a 00       		.byte	0
 1507 008b 00       		.byte	0
 1508 008c 0D       		.uleb128 0xd
 1509 008d 0D       		.uleb128 0xd
 1510 008e 00       		.byte	0
 1511 008f 03       		.uleb128 0x3
 1512 0090 0E       		.uleb128 0xe
 1513 0091 3A       		.uleb128 0x3a
 1514 0092 0B       		.uleb128 0xb
 1515 0093 3B       		.uleb128 0x3b
 1516 0094 0B       		.uleb128 0xb
 1517 0095 49       		.uleb128 0x49
 1518 0096 13       		.uleb128 0x13
 1519 0097 38       		.uleb128 0x38
 1520 0098 0B       		.uleb128 0xb
 1521 0099 00       		.byte	0
 1522 009a 00       		.byte	0
 1523 009b 0E       		.uleb128 0xe
 1524 009c 0D       		.uleb128 0xd
 1525 009d 00       		.byte	0
 1526 009e 03       		.uleb128 0x3
 1527 009f 08       		.uleb128 0x8
 1528 00a0 3A       		.uleb128 0x3a
 1529 00a1 0B       		.uleb128 0xb
ARM GAS  C:\Users\ADMINI~1.SC-\AppData\Local\Temp\cctjaf5q.s 			page 31


 1530 00a2 3B       		.uleb128 0x3b
 1531 00a3 0B       		.uleb128 0xb
 1532 00a4 49       		.uleb128 0x49
 1533 00a5 13       		.uleb128 0x13
 1534 00a6 38       		.uleb128 0x38
 1535 00a7 0B       		.uleb128 0xb
 1536 00a8 00       		.byte	0
 1537 00a9 00       		.byte	0
 1538 00aa 0F       		.uleb128 0xf
 1539 00ab 0D       		.uleb128 0xd
 1540 00ac 00       		.byte	0
 1541 00ad 03       		.uleb128 0x3
 1542 00ae 0E       		.uleb128 0xe
 1543 00af 3A       		.uleb128 0x3a
 1544 00b0 0B       		.uleb128 0xb
 1545 00b1 3B       		.uleb128 0x3b
 1546 00b2 0B       		.uleb128 0xb
 1547 00b3 49       		.uleb128 0x49
 1548 00b4 13       		.uleb128 0x13
 1549 00b5 0B       		.uleb128 0xb
 1550 00b6 0B       		.uleb128 0xb
 1551 00b7 0D       		.uleb128 0xd
 1552 00b8 0B       		.uleb128 0xb
 1553 00b9 0C       		.uleb128 0xc
 1554 00ba 0B       		.uleb128 0xb
 1555 00bb 38       		.uleb128 0x38
 1556 00bc 0B       		.uleb128 0xb
 1557 00bd 00       		.byte	0
 1558 00be 00       		.byte	0
 1559 00bf 10       		.uleb128 0x10
 1560 00c0 2E       		.uleb128 0x2e
 1561 00c1 00       		.byte	0
 1562 00c2 3F       		.uleb128 0x3f
 1563 00c3 19       		.uleb128 0x19
 1564 00c4 03       		.uleb128 0x3
 1565 00c5 0E       		.uleb128 0xe
 1566 00c6 3A       		.uleb128 0x3a
 1567 00c7 0B       		.uleb128 0xb
 1568 00c8 3B       		.uleb128 0x3b
 1569 00c9 0B       		.uleb128 0xb
 1570 00ca 27       		.uleb128 0x27
 1571 00cb 19       		.uleb128 0x19
 1572 00cc 11       		.uleb128 0x11
 1573 00cd 01       		.uleb128 0x1
 1574 00ce 12       		.uleb128 0x12
 1575 00cf 06       		.uleb128 0x6
 1576 00d0 40       		.uleb128 0x40
 1577 00d1 18       		.uleb128 0x18
 1578 00d2 9642     		.uleb128 0x2116
 1579 00d4 19       		.uleb128 0x19
 1580 00d5 00       		.byte	0
 1581 00d6 00       		.byte	0
 1582 00d7 11       		.uleb128 0x11
 1583 00d8 2E       		.uleb128 0x2e
 1584 00d9 01       		.byte	0x1
 1585 00da 3F       		.uleb128 0x3f
 1586 00db 19       		.uleb128 0x19
ARM GAS  C:\Users\ADMINI~1.SC-\AppData\Local\Temp\cctjaf5q.s 			page 32


 1587 00dc 03       		.uleb128 0x3
 1588 00dd 0E       		.uleb128 0xe
 1589 00de 3A       		.uleb128 0x3a
 1590 00df 0B       		.uleb128 0xb
 1591 00e0 3B       		.uleb128 0x3b
 1592 00e1 0B       		.uleb128 0xb
 1593 00e2 27       		.uleb128 0x27
 1594 00e3 19       		.uleb128 0x19
 1595 00e4 11       		.uleb128 0x11
 1596 00e5 01       		.uleb128 0x1
 1597 00e6 12       		.uleb128 0x12
 1598 00e7 06       		.uleb128 0x6
 1599 00e8 40       		.uleb128 0x40
 1600 00e9 18       		.uleb128 0x18
 1601 00ea 9642     		.uleb128 0x2116
 1602 00ec 19       		.uleb128 0x19
 1603 00ed 01       		.uleb128 0x1
 1604 00ee 13       		.uleb128 0x13
 1605 00ef 00       		.byte	0
 1606 00f0 00       		.byte	0
 1607 00f1 12       		.uleb128 0x12
 1608 00f2 34       		.uleb128 0x34
 1609 00f3 00       		.byte	0
 1610 00f4 03       		.uleb128 0x3
 1611 00f5 0E       		.uleb128 0xe
 1612 00f6 3A       		.uleb128 0x3a
 1613 00f7 0B       		.uleb128 0xb
 1614 00f8 3B       		.uleb128 0x3b
 1615 00f9 0B       		.uleb128 0xb
 1616 00fa 49       		.uleb128 0x49
 1617 00fb 13       		.uleb128 0x13
 1618 00fc 02       		.uleb128 0x2
 1619 00fd 18       		.uleb128 0x18
 1620 00fe 00       		.byte	0
 1621 00ff 00       		.byte	0
 1622 0100 13       		.uleb128 0x13
 1623 0101 2E       		.uleb128 0x2e
 1624 0102 01       		.byte	0x1
 1625 0103 3F       		.uleb128 0x3f
 1626 0104 19       		.uleb128 0x19
 1627 0105 03       		.uleb128 0x3
 1628 0106 0E       		.uleb128 0xe
 1629 0107 3A       		.uleb128 0x3a
 1630 0108 0B       		.uleb128 0xb
 1631 0109 3B       		.uleb128 0x3b
 1632 010a 0B       		.uleb128 0xb
 1633 010b 49       		.uleb128 0x49
 1634 010c 13       		.uleb128 0x13
 1635 010d 11       		.uleb128 0x11
 1636 010e 01       		.uleb128 0x1
 1637 010f 12       		.uleb128 0x12
 1638 0110 06       		.uleb128 0x6
 1639 0111 40       		.uleb128 0x40
 1640 0112 18       		.uleb128 0x18
 1641 0113 9642     		.uleb128 0x2116
 1642 0115 19       		.uleb128 0x19
 1643 0116 01       		.uleb128 0x1
ARM GAS  C:\Users\ADMINI~1.SC-\AppData\Local\Temp\cctjaf5q.s 			page 33


 1644 0117 13       		.uleb128 0x13
 1645 0118 00       		.byte	0
 1646 0119 00       		.byte	0
 1647 011a 14       		.uleb128 0x14
 1648 011b 34       		.uleb128 0x34
 1649 011c 00       		.byte	0
 1650 011d 03       		.uleb128 0x3
 1651 011e 08       		.uleb128 0x8
 1652 011f 3A       		.uleb128 0x3a
 1653 0120 0B       		.uleb128 0xb
 1654 0121 3B       		.uleb128 0x3b
 1655 0122 0B       		.uleb128 0xb
 1656 0123 49       		.uleb128 0x49
 1657 0124 13       		.uleb128 0x13
 1658 0125 02       		.uleb128 0x2
 1659 0126 18       		.uleb128 0x18
 1660 0127 00       		.byte	0
 1661 0128 00       		.byte	0
 1662 0129 15       		.uleb128 0x15
 1663 012a 2E       		.uleb128 0x2e
 1664 012b 01       		.byte	0x1
 1665 012c 3F       		.uleb128 0x3f
 1666 012d 19       		.uleb128 0x19
 1667 012e 03       		.uleb128 0x3
 1668 012f 0E       		.uleb128 0xe
 1669 0130 3A       		.uleb128 0x3a
 1670 0131 0B       		.uleb128 0xb
 1671 0132 3B       		.uleb128 0x3b
 1672 0133 0B       		.uleb128 0xb
 1673 0134 27       		.uleb128 0x27
 1674 0135 19       		.uleb128 0x19
 1675 0136 49       		.uleb128 0x49
 1676 0137 13       		.uleb128 0x13
 1677 0138 11       		.uleb128 0x11
 1678 0139 01       		.uleb128 0x1
 1679 013a 12       		.uleb128 0x12
 1680 013b 06       		.uleb128 0x6
 1681 013c 40       		.uleb128 0x40
 1682 013d 18       		.uleb128 0x18
 1683 013e 9642     		.uleb128 0x2116
 1684 0140 19       		.uleb128 0x19
 1685 0141 01       		.uleb128 0x1
 1686 0142 13       		.uleb128 0x13
 1687 0143 00       		.byte	0
 1688 0144 00       		.byte	0
 1689 0145 16       		.uleb128 0x16
 1690 0146 34       		.uleb128 0x34
 1691 0147 00       		.byte	0
 1692 0148 03       		.uleb128 0x3
 1693 0149 0E       		.uleb128 0xe
 1694 014a 3A       		.uleb128 0x3a
 1695 014b 0B       		.uleb128 0xb
 1696 014c 3B       		.uleb128 0x3b
 1697 014d 0B       		.uleb128 0xb
 1698 014e 49       		.uleb128 0x49
 1699 014f 13       		.uleb128 0x13
 1700 0150 3F       		.uleb128 0x3f
ARM GAS  C:\Users\ADMINI~1.SC-\AppData\Local\Temp\cctjaf5q.s 			page 34


 1701 0151 19       		.uleb128 0x19
 1702 0152 3C       		.uleb128 0x3c
 1703 0153 19       		.uleb128 0x19
 1704 0154 00       		.byte	0
 1705 0155 00       		.byte	0
 1706 0156 17       		.uleb128 0x17
 1707 0157 34       		.uleb128 0x34
 1708 0158 00       		.byte	0
 1709 0159 03       		.uleb128 0x3
 1710 015a 0E       		.uleb128 0xe
 1711 015b 3A       		.uleb128 0x3a
 1712 015c 0B       		.uleb128 0xb
 1713 015d 3B       		.uleb128 0x3b
 1714 015e 0B       		.uleb128 0xb
 1715 015f 49       		.uleb128 0x49
 1716 0160 13       		.uleb128 0x13
 1717 0161 3F       		.uleb128 0x3f
 1718 0162 19       		.uleb128 0x19
 1719 0163 02       		.uleb128 0x2
 1720 0164 18       		.uleb128 0x18
 1721 0165 00       		.byte	0
 1722 0166 00       		.byte	0
 1723 0167 00       		.byte	0
 1724              		.section	.debug_aranges,"",%progbits
 1725 0000 3C000000 		.4byte	0x3c
 1726 0004 0200     		.2byte	0x2
 1727 0006 00000000 		.4byte	.Ldebug_info0
 1728 000a 04       		.byte	0x4
 1729 000b 00       		.byte	0
 1730 000c 0000     		.2byte	0
 1731 000e 0000     		.2byte	0
 1732 0010 00000000 		.4byte	.LFB35
 1733 0014 38000000 		.4byte	.LFE35-.LFB35
 1734 0018 00000000 		.4byte	.LFB36
 1735 001c EC000000 		.4byte	.LFE36-.LFB36
 1736 0020 00000000 		.4byte	.LFB37
 1737 0024 34000000 		.4byte	.LFE37-.LFB37
 1738 0028 00000000 		.4byte	.LFB38
 1739 002c 78010000 		.4byte	.LFE38-.LFB38
 1740 0030 00000000 		.4byte	.LFB39
 1741 0034 44000000 		.4byte	.LFE39-.LFB39
 1742 0038 00000000 		.4byte	0
 1743 003c 00000000 		.4byte	0
 1744              		.section	.debug_ranges,"",%progbits
 1745              	.Ldebug_ranges0:
 1746 0000 00000000 		.4byte	.LFB35
 1747 0004 38000000 		.4byte	.LFE35
 1748 0008 00000000 		.4byte	.LFB36
 1749 000c EC000000 		.4byte	.LFE36
 1750 0010 00000000 		.4byte	.LFB37
 1751 0014 34000000 		.4byte	.LFE37
 1752 0018 00000000 		.4byte	.LFB38
 1753 001c 78010000 		.4byte	.LFE38
 1754 0020 00000000 		.4byte	.LFB39
 1755 0024 44000000 		.4byte	.LFE39
 1756 0028 00000000 		.4byte	0
 1757 002c 00000000 		.4byte	0
ARM GAS  C:\Users\ADMINI~1.SC-\AppData\Local\Temp\cctjaf5q.s 			page 35


 1758              		.section	.debug_line,"",%progbits
 1759              	.Ldebug_line0:
 1760 0000 2F010000 		.section	.debug_str,"MS",%progbits,1
 1760      02006B00 
 1760      00000201 
 1760      FB0E0D00 
 1760      01010101 
 1761              	.LASF69:
 1762 0000 4359424C 		.ascii	"CYBLE_EVT_L2CAP_CBFC_RX_CREDIT_IND\000"
 1762      455F4556 
 1762      545F4C32 
 1762      4341505F 
 1762      43424643 
 1763              	.LASF23:
 1764 0023 4359424C 		.ascii	"CYBLE_EVT_STACK_BUSY_STATUS\000"
 1764      455F4556 
 1764      545F5354 
 1764      41434B5F 
 1764      42555359 
 1765              	.LASF10:
 1766 003f 75696E74 		.ascii	"uint16\000"
 1766      313600
 1767              	.LASF68:
 1768 0046 4359424C 		.ascii	"CYBLE_EVT_L2CAP_CBFC_DATA_READ\000"
 1768      455F4556 
 1768      545F4C32 
 1768      4341505F 
 1768      43424643 
 1769              	.LASF78:
 1770 0065 4359424C 		.ascii	"CYBLE_ERROR_MEMORY_ALLOCATION_FAILED\000"
 1770      455F4552 
 1770      524F525F 
 1770      4D454D4F 
 1770      52595F41 
 1771              	.LASF118:
 1772 008a 4F70656E 		.ascii	"Open_Lock_Success\000"
 1772      5F4C6F63 
 1772      6B5F5375 
 1772      63636573 
 1772      7300
 1773              	.LASF34:
 1774 009c 4359424C 		.ascii	"CYBLE_EVT_GAP_CONNECTION_UPDATE_COMPLETE\000"
 1774      455F4556 
 1774      545F4741 
 1774      505F434F 
 1774      4E4E4543 
 1775              	.LASF121:
 1776 00c5 52785F62 		.ascii	"Rx_buff\000"
 1776      75666600 
 1777              	.LASF67:
 1778 00cd 4359424C 		.ascii	"CYBLE_EVT_L2CAP_CBFC_DISCONN_CNF\000"
 1778      455F4556 
 1778      545F4C32 
 1778      4341505F 
 1778      43424643 
 1779              	.LASF48:
 1780 00ee 4359424C 		.ascii	"CYBLE_EVT_GATTC_READ_MULTI_RSP\000"
ARM GAS  C:\Users\ADMINI~1.SC-\AppData\Local\Temp\cctjaf5q.s 			page 36


 1780      455F4556 
 1780      545F4741 
 1780      5454435F 
 1780      52454144 
 1781              	.LASF53:
 1782 010d 4359424C 		.ascii	"CYBLE_EVT_GATTS_EXEC_WRITE_REQ\000"
 1782      455F4556 
 1782      545F4741 
 1782      5454535F 
 1782      45584543 
 1783              	.LASF64:
 1784 012c 4359424C 		.ascii	"CYBLE_EVT_L2CAP_CBFC_CONN_IND\000"
 1784      455F4556 
 1784      545F4C32 
 1784      4341505F 
 1784      43424643 
 1785              	.LASF122:
 1786 014a 54785F62 		.ascii	"Tx_buff\000"
 1786      75666600 
 1787              	.LASF20:
 1788 0152 4359424C 		.ascii	"CYBLE_EVT_TIMEOUT\000"
 1788      455F4556 
 1788      545F5449 
 1788      4D454F55 
 1788      5400
 1789              	.LASF4:
 1790 0164 6C6F6E67 		.ascii	"long int\000"
 1790      20696E74 
 1790      00
 1791              	.LASF128:
 1792 016d 52785F46 		.ascii	"Rx_Flag\000"
 1792      6C616700 
 1793              	.LASF88:
 1794 0175 4359424C 		.ascii	"CYBLE_ERROR_L2CAP_PSM_WRONG_ENCODING\000"
 1794      455F4552 
 1794      524F525F 
 1794      4C324341 
 1794      505F5053 
 1795              	.LASF79:
 1796 019a 4359424C 		.ascii	"CYBLE_ERROR_INSUFFICIENT_RESOURCES\000"
 1796      455F4552 
 1796      524F525F 
 1796      494E5355 
 1796      46464943 
 1797              	.LASF22:
 1798 01bd 4359424C 		.ascii	"CYBLE_EVT_HCI_STATUS\000"
 1798      455F4556 
 1798      545F4843 
 1798      495F5354 
 1798      41545553 
 1799              	.LASF35:
 1800 01d2 4359424C 		.ascii	"CYBLE_EVT_GAPC_SCAN_START_STOP\000"
 1800      455F4556 
 1800      545F4741 
 1800      50435F53 
 1800      43414E5F 
 1801              	.LASF72:
ARM GAS  C:\Users\ADMINI~1.SC-\AppData\Local\Temp\cctjaf5q.s 			page 37


 1802 01f1 4359424C 		.ascii	"CYBLE_EVT_PENDING_FLASH_WRITE\000"
 1802      455F4556 
 1802      545F5045 
 1802      4E44494E 
 1802      475F464C 
 1803              	.LASF130:
 1804 020f 54785F4C 		.ascii	"Tx_Length\000"
 1804      656E6774 
 1804      6800
 1805              	.LASF87:
 1806 0219 4359424C 		.ascii	"CYBLE_ERROR_SEC_FAILED\000"
 1806      455F4552 
 1806      524F525F 
 1806      5345435F 
 1806      4641494C 
 1807              	.LASF140:
 1808 0230 496E7465 		.ascii	"InterruptHandler\000"
 1808      72727570 
 1808      7448616E 
 1808      646C6572 
 1808      00
 1809              	.LASF33:
 1810 0241 4359424C 		.ascii	"CYBLE_EVT_GAP_ENCRYPT_CHANGE\000"
 1810      455F4556 
 1810      545F4741 
 1810      505F454E 
 1810      43525950 
 1811              	.LASF70:
 1812 025e 4359424C 		.ascii	"CYBLE_EVT_L2CAP_CBFC_TX_CREDIT_IND\000"
 1812      455F4556 
 1812      545F4C32 
 1812      4341505F 
 1812      43424643 
 1813              	.LASF6:
 1814 0281 6C6F6E67 		.ascii	"long long int\000"
 1814      206C6F6E 
 1814      6720696E 
 1814      7400
 1815              	.LASF0:
 1816 028f 7369676E 		.ascii	"signed char\000"
 1816      65642063 
 1816      68617200 
 1817              	.LASF19:
 1818 029b 4359424C 		.ascii	"CYBLE_EVT_STACK_ON\000"
 1818      455F4556 
 1818      545F5354 
 1818      41434B5F 
 1818      4F4E00
 1819              	.LASF95:
 1820 02ae 4359424C 		.ascii	"CYBLE_ERROR_DEVICE_ALREADY_EXISTS\000"
 1820      455F4552 
 1820      524F525F 
 1820      44455649 
 1820      43455F41 
 1821              	.LASF82:
 1822 02d0 4359424C 		.ascii	"CYBLE_ERROR_NO_DEVICE_ENTITY\000"
 1822      455F4552 
ARM GAS  C:\Users\ADMINI~1.SC-\AppData\Local\Temp\cctjaf5q.s 			page 38


 1822      524F525F 
 1822      4E4F5F44 
 1822      45564943 
 1823              	.LASF25:
 1824 02ed 4359424C 		.ascii	"CYBLE_EVT_GAP_AUTH_REQ\000"
 1824      455F4556 
 1824      545F4741 
 1824      505F4155 
 1824      54485F52 
 1825              	.LASF46:
 1826 0304 4359424C 		.ascii	"CYBLE_EVT_GATTC_READ_RSP\000"
 1826      455F4556 
 1826      545F4741 
 1826      5454435F 
 1826      52454144 
 1827              	.LASF102:
 1828 031d 4359424C 		.ascii	"CYBLE_ERROR_INVALID_STATE\000"
 1828      455F4552 
 1828      524F525F 
 1828      494E5641 
 1828      4C49445F 
 1829              	.LASF51:
 1830 0337 4359424C 		.ascii	"CYBLE_EVT_GATTS_WRITE_CMD_REQ\000"
 1830      455F4556 
 1830      545F4741 
 1830      5454535F 
 1830      57524954 
 1831              	.LASF132:
 1832 0355 54785F4D 		.ascii	"Tx_Mode\000"
 1832      6F646500 
 1833              	.LASF148:
 1834 035d 466C6167 		.ascii	"Flag\000"
 1834      00
 1835              	.LASF30:
 1836 0362 4359424C 		.ascii	"CYBLE_EVT_GAPP_ADVERTISEMENT_START_STOP\000"
 1836      455F4556 
 1836      545F4741 
 1836      50505F41 
 1836      44564552 
 1837              	.LASF93:
 1838 038a 4359424C 		.ascii	"CYBLE_ERROR_L2CAP_PSM_NOT_IN_RANGE\000"
 1838      455F4552 
 1838      524F525F 
 1838      4C324341 
 1838      505F5053 
 1839              	.LASF150:
 1840 03ad 424C4544 		.ascii	"BLEDeviceName\000"
 1840      65766963 
 1840      654E616D 
 1840      6500
 1841              	.LASF9:
 1842 03bb 75696E74 		.ascii	"uint8\000"
 1842      3800
 1843              	.LASF54:
 1844 03c1 4359424C 		.ascii	"CYBLE_EVT_GATTC_EXEC_WRITE_RSP\000"
 1844      455F4556 
 1844      545F4741 
ARM GAS  C:\Users\ADMINI~1.SC-\AppData\Local\Temp\cctjaf5q.s 			page 39


 1844      5454435F 
 1844      45584543 
 1845              	.LASF13:
 1846 03e0 646F7562 		.ascii	"double\000"
 1846      6C6500
 1847              	.LASF76:
 1848 03e7 4359424C 		.ascii	"CYBLE_ERROR_INVALID_PARAMETER\000"
 1848      455F4552 
 1848      524F525F 
 1848      494E5641 
 1848      4C49445F 
 1849              	.LASF111:
 1850 0405 41736B5F 		.ascii	"Ask_Lock_Delay\000"
 1850      4C6F636B 
 1850      5F44656C 
 1850      617900
 1851              	.LASF11:
 1852 0414 75696E74 		.ascii	"uint32\000"
 1852      333200
 1853              	.LASF74:
 1854 041b 4359424C 		.ascii	"CYBLE_EVT_MAX\000"
 1854      455F4556 
 1854      545F4D41 
 1854      5800
 1855              	.LASF75:
 1856 0429 4359424C 		.ascii	"CYBLE_ERROR_OK\000"
 1856      455F4552 
 1856      524F525F 
 1856      4F4B00
 1857              	.LASF37:
 1858 0438 4359424C 		.ascii	"CYBLE_EVT_GATTC_ERROR_RSP\000"
 1858      455F4556 
 1858      545F4741 
 1858      5454435F 
 1858      4552524F 
 1859              	.LASF61:
 1860 0452 4359424C 		.ascii	"CYBLE_EVT_L2CAP_CONN_PARAM_UPDATE_REQ\000"
 1860      455F4556 
 1860      545F4C32 
 1860      4341505F 
 1860      434F4E4E 
 1861              	.LASF71:
 1862 0478 4359424C 		.ascii	"CYBLE_EVT_L2CAP_CBFC_DATA_WRITE_IND\000"
 1862      455F4556 
 1862      545F4C32 
 1862      4341505F 
 1862      43424643 
 1863              	.LASF114:
 1864 049c 44656C61 		.ascii	"Delay_1s\000"
 1864      795F3173 
 1864      00
 1865              	.LASF135:
 1866 04a5 54785F44 		.ascii	"Tx_Delay\000"
 1866      656C6179 
 1866      00
 1867              	.LASF7:
 1868 04ae 6C6F6E67 		.ascii	"long long unsigned int\000"
ARM GAS  C:\Users\ADMINI~1.SC-\AppData\Local\Temp\cctjaf5q.s 			page 40


 1868      206C6F6E 
 1868      6720756E 
 1868      7369676E 
 1868      65642069 
 1869              	.LASF133:
 1870 04c5 54785F57 		.ascii	"Tx_Wait\000"
 1870      61697400 
 1871              	.LASF112:
 1872 04cd 4E6F4C6F 		.ascii	"NoLock_Count\000"
 1872      636B5F43 
 1872      6F756E74 
 1872      00
 1873              	.LASF59:
 1874 04da 4359424C 		.ascii	"CYBLE_EVT_GATTC_STOP_CMD_COMPLETE\000"
 1874      455F4556 
 1874      545F4741 
 1874      5454435F 
 1874      53544F50 
 1875              	.LASF108:
 1876 04fc 49444368 		.ascii	"IDChangeFlag\000"
 1876      616E6765 
 1876      466C6167 
 1876      00
 1877              	.LASF80:
 1878 0509 4359424C 		.ascii	"CYBLE_ERROR_OOB_NOT_AVAILABLE\000"
 1878      455F4552 
 1878      524F525F 
 1878      4F4F425F 
 1878      4E4F545F 
 1879              	.LASF73:
 1880 0527 4359424C 		.ascii	"CYBLE_EVT_LE_PING_AUTH_TIMEOUT\000"
 1880      455F4556 
 1880      545F4C45 
 1880      5F50494E 
 1880      475F4155 
 1881              	.LASF89:
 1882 0546 4359424C 		.ascii	"CYBLE_ERROR_L2CAP_PSM_ALREADY_REGISTERED\000"
 1882      455F4552 
 1882      524F525F 
 1882      4C324341 
 1882      505F5053 
 1883              	.LASF5:
 1884 056f 6C6F6E67 		.ascii	"long unsigned int\000"
 1884      20756E73 
 1884      69676E65 
 1884      6420696E 
 1884      7400
 1885              	.LASF49:
 1886 0581 4359424C 		.ascii	"CYBLE_EVT_GATTS_WRITE_REQ\000"
 1886      455F4556 
 1886      545F4741 
 1886      5454535F 
 1886      57524954 
 1887              	.LASF41:
 1888 059b 4359424C 		.ascii	"CYBLE_EVT_GATTC_XCHNG_MTU_RSP\000"
 1888      455F4556 
 1888      545F4741 
ARM GAS  C:\Users\ADMINI~1.SC-\AppData\Local\Temp\cctjaf5q.s 			page 41


 1888      5454435F 
 1888      5843484E 
 1889              	.LASF58:
 1890 05b9 4359424C 		.ascii	"CYBLE_EVT_GATTS_DATA_SIGNED_CMD_REQ\000"
 1890      455F4556 
 1890      545F4741 
 1890      5454535F 
 1890      44415441 
 1891              	.LASF110:
 1892 05dd 416C6172 		.ascii	"Alarm_Count\000"
 1892      6D5F436F 
 1892      756E7400 
 1893              	.LASF92:
 1894 05e9 4359424C 		.ascii	"CYBLE_ERROR_L2CAP_CHANNEL_NOT_FOUND\000"
 1894      455F4552 
 1894      524F525F 
 1894      4C324341 
 1894      505F4348 
 1895              	.LASF116:
 1896 060d 44656C61 		.ascii	"DelayTime\000"
 1896      7954696D 
 1896      6500
 1897              	.LASF99:
 1898 0617 4359424C 		.ascii	"CYBLE_ERROR_NTF_DISABLED\000"
 1898      455F4552 
 1898      524F525F 
 1898      4E54465F 
 1898      44495341 
 1899              	.LASF18:
 1900 0630 4359424C 		.ascii	"CYBLE_EVT_HOST_INVALID\000"
 1900      455F4556 
 1900      545F484F 
 1900      53545F49 
 1900      4E56414C 
 1901              	.LASF44:
 1902 0647 4359424C 		.ascii	"CYBLE_EVT_GATTC_FIND_INFO_RSP\000"
 1902      455F4556 
 1902      545F4741 
 1902      5454435F 
 1902      46494E44 
 1903              	.LASF113:
 1904 0665 44656C61 		.ascii	"Delay_1ms\000"
 1904      795F316D 
 1904      7300
 1905              	.LASF26:
 1906 066f 4359424C 		.ascii	"CYBLE_EVT_GAP_PASSKEY_ENTRY_REQUEST\000"
 1906      455F4556 
 1906      545F4741 
 1906      505F5041 
 1906      53534B45 
 1907              	.LASF31:
 1908 0693 4359424C 		.ascii	"CYBLE_EVT_GAP_DEVICE_CONNECTED\000"
 1908      455F4556 
 1908      545F4741 
 1908      505F4445 
 1908      56494345 
 1909              	.LASF137:
ARM GAS  C:\Users\ADMINI~1.SC-\AppData\Local\Temp\cctjaf5q.s 			page 42


 1910 06b2 436F6D41 		.ascii	"ComArray\000"
 1910      72726179 
 1910      00
 1911              	.LASF152:
 1912 06bb 6D61696E 		.ascii	"main.c\000"
 1912      2E6300
 1913              	.LASF126:
 1914 06c2 52785F42 		.ascii	"Rx_Begin_Flag\000"
 1914      6567696E 
 1914      5F466C61 
 1914      6700
 1915              	.LASF27:
 1916 06d0 4359424C 		.ascii	"CYBLE_EVT_GAP_PASSKEY_DISPLAY_REQUEST\000"
 1916      455F4556 
 1916      545F4741 
 1916      505F5041 
 1916      53534B45 
 1917              	.LASF38:
 1918 06f6 4359424C 		.ascii	"CYBLE_EVT_GATT_CONNECT_IND\000"
 1918      455F4556 
 1918      545F4741 
 1918      54545F43 
 1918      4F4E4E45 
 1919              	.LASF147:
 1920 0711 44656C61 		.ascii	"Delay_Time\000"
 1920      795F5469 
 1920      6D6500
 1921              	.LASF63:
 1922 071c 4359424C 		.ascii	"CYBLE_EVT_L2CAP_COMMAND_REJ\000"
 1922      455F4556 
 1922      545F4C32 
 1922      4341505F 
 1922      434F4D4D 
 1923              	.LASF119:
 1924 0738 42656769 		.ascii	"Begin_Ask_Lock\000"
 1924      6E5F4173 
 1924      6B5F4C6F 
 1924      636B00
 1925              	.LASF146:
 1926 0747 53797374 		.ascii	"System_Config\000"
 1926      656D5F43 
 1926      6F6E6669 
 1926      6700
 1927              	.LASF24:
 1928 0755 4359424C 		.ascii	"CYBLE_EVT_GAPC_SCAN_PROGRESS_RESULT\000"
 1928      455F4556 
 1928      545F4741 
 1928      50435F53 
 1928      43414E5F 
 1929              	.LASF98:
 1930 0779 4359424C 		.ascii	"CYBLE_ERROR_MAX\000"
 1930      455F4552 
 1930      524F525F 
 1930      4D415800 
 1931              	.LASF144:
 1932 0789 61646352 		.ascii	"adcResult\000"
 1932      6573756C 
ARM GAS  C:\Users\ADMINI~1.SC-\AppData\Local\Temp\cctjaf5q.s 			page 43


 1932      7400
 1933              	.LASF43:
 1934 0793 4359424C 		.ascii	"CYBLE_EVT_GATTC_READ_BY_TYPE_RSP\000"
 1934      455F4556 
 1934      545F4741 
 1934      5454435F 
 1934      52454144 
 1935              	.LASF17:
 1936 07b4 73697A65 		.ascii	"sizetype\000"
 1936      74797065 
 1936      00
 1937              	.LASF106:
 1938 07bd 726F6F74 		.ascii	"root_key\000"
 1938      5F6B6579 
 1938      00
 1939              	.LASF29:
 1940 07c6 4359424C 		.ascii	"CYBLE_EVT_GAP_AUTH_FAILED\000"
 1940      455F4556 
 1940      545F4741 
 1940      505F4155 
 1940      54485F46 
 1941              	.LASF50:
 1942 07e0 4359424C 		.ascii	"CYBLE_EVT_GATTC_WRITE_RSP\000"
 1942      455F4556 
 1942      545F4741 
 1942      5454435F 
 1942      57524954 
 1943              	.LASF131:
 1944 07fa 54785F53 		.ascii	"Tx_State\000"
 1944      74617465 
 1944      00
 1945              	.LASF28:
 1946 0803 4359424C 		.ascii	"CYBLE_EVT_GAP_AUTH_COMPLETE\000"
 1946      455F4556 
 1946      545F4741 
 1946      505F4155 
 1946      54485F43 
 1947              	.LASF103:
 1948 081f 4359424C 		.ascii	"CYBLE_API_RESULT_T\000"
 1948      455F4150 
 1948      495F5245 
 1948      53554C54 
 1948      5F5400
 1949              	.LASF139:
 1950 0832 4D595F55 		.ascii	"MY_UART_SCB_IRQ_Interrupt\000"
 1950      4152545F 
 1950      5343425F 
 1950      4952515F 
 1950      496E7465 
 1951              	.LASF55:
 1952 084c 4359424C 		.ascii	"CYBLE_EVT_GATTC_HANDLE_VALUE_NTF\000"
 1952      455F4556 
 1952      545F4741 
 1952      5454435F 
 1952      48414E44 
 1953              	.LASF100:
 1954 086d 4359424C 		.ascii	"CYBLE_ERROR_IND_DISABLED\000"
ARM GAS  C:\Users\ADMINI~1.SC-\AppData\Local\Temp\cctjaf5q.s 			page 44


 1954      455F4552 
 1954      524F525F 
 1954      494E445F 
 1954      44495341 
 1955              	.LASF153:
 1956 0886 453A5C6D 		.ascii	"E:\\my_project\\shhl\\BLE_KEY_wuyuan\\Design02.cyds"
 1956      795F7072 
 1956      6F6A6563 
 1956      745C7368 
 1956      686C5C42 
 1957 08b5 6E00     		.ascii	"n\000"
 1958              	.LASF145:
 1959 08b7 6D766F6C 		.ascii	"mvolts\000"
 1959      747300
 1960              	.LASF65:
 1961 08be 4359424C 		.ascii	"CYBLE_EVT_L2CAP_CBFC_CONN_CNF\000"
 1961      455F4556 
 1961      545F4C32 
 1961      4341505F 
 1961      43424643 
 1962              	.LASF42:
 1963 08dc 4359424C 		.ascii	"CYBLE_EVT_GATTC_READ_BY_GROUP_TYPE_RSP\000"
 1963      455F4556 
 1963      545F4741 
 1963      5454435F 
 1963      52454144 
 1964              	.LASF12:
 1965 0903 666C6F61 		.ascii	"float\000"
 1965      7400
 1966              	.LASF154:
 1967 0909 4765745F 		.ascii	"Get_Adc\000"
 1967      41646300 
 1968              	.LASF127:
 1969 0911 52785F44 		.ascii	"Rx_Delay\000"
 1969      656C6179 
 1969      00
 1970              	.LASF85:
 1971 091a 4359424C 		.ascii	"CYBLE_ERROR_TX_POWER_READ\000"
 1971      455F4552 
 1971      524F525F 
 1971      54585F50 
 1971      4F574552 
 1972              	.LASF101:
 1973 0934 4359424C 		.ascii	"CYBLE_ERROR_CHAR_IS_NOT_DISCOVERED\000"
 1973      455F4552 
 1973      524F525F 
 1973      43484152 
 1973      5F49535F 
 1974              	.LASF1:
 1975 0957 756E7369 		.ascii	"unsigned char\000"
 1975      676E6564 
 1975      20636861 
 1975      7200
 1976              	.LASF117:
 1977 0965 416C6172 		.ascii	"Alarm_Work_Step\000"
 1977      6D5F576F 
 1977      726B5F53 
ARM GAS  C:\Users\ADMINI~1.SC-\AppData\Local\Temp\cctjaf5q.s 			page 45


 1977      74657000 
 1978              	.LASF134:
 1979 0975 54785F43 		.ascii	"Tx_Count\000"
 1979      6F756E74 
 1979      00
 1980              	.LASF107:
 1981 097e 6374726C 		.ascii	"ctrl_key\000"
 1981      5F6B6579 
 1981      00
 1982              	.LASF2:
 1983 0987 73686F72 		.ascii	"short int\000"
 1983      7420696E 
 1983      7400
 1984              	.LASF138:
 1985 0991 54696D65 		.ascii	"TimerHand\000"
 1985      7248616E 
 1985      6400
 1986              	.LASF56:
 1987 099b 4359424C 		.ascii	"CYBLE_EVT_GATTC_HANDLE_VALUE_IND\000"
 1987      455F4556 
 1987      545F4741 
 1987      5454435F 
 1987      48414E44 
 1988              	.LASF142:
 1989 09bc 62656570 		.ascii	"beep\000"
 1989      00
 1990              	.LASF81:
 1991 09c1 4359424C 		.ascii	"CYBLE_ERROR_NO_CONNECTION\000"
 1991      455F4552 
 1991      524F525F 
 1991      4E4F5F43 
 1991      4F4E4E45 
 1992              	.LASF129:
 1993 09db 52785F54 		.ascii	"Rx_Tag\000"
 1993      616700
 1994              	.LASF52:
 1995 09e2 4359424C 		.ascii	"CYBLE_EVT_GATTS_PREP_WRITE_REQ\000"
 1995      455F4556 
 1995      545F4741 
 1995      5454535F 
 1995      50524550 
 1996              	.LASF120:
 1997 0a01 464C4147 		.ascii	"FLAG\000"
 1997      00
 1998              	.LASF57:
 1999 0a06 4359424C 		.ascii	"CYBLE_EVT_GATTS_HANDLE_VALUE_CNF\000"
 1999      455F4556 
 1999      545F4741 
 1999      5454535F 
 1999      48414E44 
 2000              	.LASF83:
 2001 0a27 4359424C 		.ascii	"CYBLE_ERROR_REPEATED_ATTEMPTS\000"
 2001      455F4552 
 2001      524F525F 
 2001      52455045 
 2001      41544544 
 2002              	.LASF125:
ARM GAS  C:\Users\ADMINI~1.SC-\AppData\Local\Temp\cctjaf5q.s 			page 46


 2003 0a45 52785F49 		.ascii	"Rx_Index\000"
 2003      6E646578 
 2003      00
 2004              	.LASF15:
 2005 0a4e 63686172 		.ascii	"char\000"
 2005      00
 2006              	.LASF86:
 2007 0a53 4359424C 		.ascii	"CYBLE_ERROR_BT_ON_NOT_COMPLETED\000"
 2007      455F4552 
 2007      524F525F 
 2007      42545F4F 
 2007      4E5F4E4F 
 2008              	.LASF16:
 2009 0a73 72656733 		.ascii	"reg32\000"
 2009      3200
 2010              	.LASF8:
 2011 0a79 756E7369 		.ascii	"unsigned int\000"
 2011      676E6564 
 2011      20696E74 
 2011      00
 2012              	.LASF60:
 2013 0a86 4359424C 		.ascii	"CYBLE_EVT_GATTS_READ_CHAR_VAL_ACCESS_REQ\000"
 2013      455F4556 
 2013      545F4741 
 2013      5454535F 
 2013      52454144 
 2014              	.LASF14:
 2015 0aaf 63686172 		.ascii	"char8\000"
 2015      3800
 2016              	.LASF96:
 2017 0ab5 4359424C 		.ascii	"CYBLE_ERROR_FLASH_WRITE_NOT_PERMITED\000"
 2017      455F4552 
 2017      524F525F 
 2017      464C4153 
 2017      485F5752 
 2018              	.LASF91:
 2019 0ada 4359424C 		.ascii	"CYBLE_ERROR_L2CAP_CONNECTION_ENTITY_NOT_FOUND\000"
 2019      455F4552 
 2019      524F525F 
 2019      4C324341 
 2019      505F434F 
 2020              	.LASF149:
 2021 0b08 436F6D5F 		.ascii	"Com_Array\000"
 2021      41727261 
 2021      7900
 2022              	.LASF123:
 2023 0b12 52785F4C 		.ascii	"Rx_Length\000"
 2023      656E6774 
 2023      6800
 2024              	.LASF21:
 2025 0b1c 4359424C 		.ascii	"CYBLE_EVT_HARDWARE_ERROR\000"
 2025      455F4556 
 2025      545F4841 
 2025      52445741 
 2025      52455F45 
 2026              	.LASF3:
 2027 0b35 73686F72 		.ascii	"short unsigned int\000"
ARM GAS  C:\Users\ADMINI~1.SC-\AppData\Local\Temp\cctjaf5q.s 			page 47


 2027      7420756E 
 2027      7369676E 
 2027      65642069 
 2027      6E7400
 2028              	.LASF32:
 2029 0b48 4359424C 		.ascii	"CYBLE_EVT_GAP_DEVICE_DISCONNECTED\000"
 2029      455F4556 
 2029      545F4741 
 2029      505F4445 
 2029      56494345 
 2030              	.LASF77:
 2031 0b6a 4359424C 		.ascii	"CYBLE_ERROR_INVALID_OPERATION\000"
 2031      455F4552 
 2031      524F525F 
 2031      494E5641 
 2031      4C49445F 
 2032              	.LASF105:
 2033 0b88 44657669 		.ascii	"DeviceID\000"
 2033      63654944 
 2033      00
 2034              	.LASF40:
 2035 0b91 4359424C 		.ascii	"CYBLE_EVT_GATTS_XCNHG_MTU_REQ\000"
 2035      455F4556 
 2035      545F4741 
 2035      5454535F 
 2035      58434E48 
 2036              	.LASF109:
 2037 0baf 53595354 		.ascii	"SYSTEM_CFG\000"
 2037      454D5F43 
 2037      464700
 2038              	.LASF115:
 2039 0bba 44656C61 		.ascii	"Delay_1min\000"
 2039      795F316D 
 2039      696E00
 2040              	.LASF104:
 2041 0bc5 4D616E61 		.ascii	"ManageKey\000"
 2041      67654B65 
 2041      7900
 2042              	.LASF47:
 2043 0bcf 4359424C 		.ascii	"CYBLE_EVT_GATTC_READ_BLOB_RSP\000"
 2043      455F4556 
 2043      545F4741 
 2043      5454435F 
 2043      52454144 
 2044              	.LASF143:
 2045 0bed 626C6541 		.ascii	"bleApiResult\000"
 2045      70695265 
 2045      73756C74 
 2045      00
 2046              	.LASF97:
 2047 0bfa 4359424C 		.ascii	"CYBLE_ERROR_MIC_AUTH_FAILED\000"
 2047      455F4552 
 2047      524F525F 
 2047      4D49435F 
 2047      41555448 
 2048              	.LASF90:
 2049 0c16 4359424C 		.ascii	"CYBLE_ERROR_L2CAP_PSM_NOT_REGISTERED\000"
ARM GAS  C:\Users\ADMINI~1.SC-\AppData\Local\Temp\cctjaf5q.s 			page 48


 2049      455F4552 
 2049      524F525F 
 2049      4C324341 
 2049      505F5053 
 2050              	.LASF151:
 2051 0c3b 474E5520 		.ascii	"GNU C 4.9.3 20150303 (release) [ARM/embedded-4_9-br"
 2051      4320342E 
 2051      392E3320 
 2051      32303135 
 2051      30333033 
 2052 0c6e 616E6368 		.ascii	"anch revision 221220] -mcpu=cortex-m0 -mthumb -g -O"
 2052      20726576 
 2052      6973696F 
 2052      6E203232 
 2052      31323230 
 2053 0ca1 30202D66 		.ascii	"0 -ffunction-sections -ffat-lto-objects\000"
 2053      66756E63 
 2053      74696F6E 
 2053      2D736563 
 2053      74696F6E 
 2054              	.LASF45:
 2055 0cc9 4359424C 		.ascii	"CYBLE_EVT_GATTC_FIND_BY_TYPE_VALUE_RSP\000"
 2055      455F4556 
 2055      545F4741 
 2055      5454435F 
 2055      46494E44 
 2056              	.LASF84:
 2057 0cf0 4359424C 		.ascii	"CYBLE_ERROR_GAP_ROLE\000"
 2057      455F4552 
 2057      524F525F 
 2057      4741505F 
 2057      524F4C45 
 2058              	.LASF36:
 2059 0d05 4359424C 		.ascii	"CYBLE_EVT_GAP_KEYINFO_EXCHNGE_CMPLT\000"
 2059      455F4556 
 2059      545F4741 
 2059      505F4B45 
 2059      59494E46 
 2060              	.LASF66:
 2061 0d29 4359424C 		.ascii	"CYBLE_EVT_L2CAP_CBFC_DISCONN_IND\000"
 2061      455F4556 
 2061      545F4C32 
 2061      4341505F 
 2061      43424643 
 2062              	.LASF124:
 2063 0d4a 52785F43 		.ascii	"Rx_Count\000"
 2063      6F756E74 
 2063      00
 2064              	.LASF62:
 2065 0d53 4359424C 		.ascii	"CYBLE_EVT_L2CAP_CONN_PARAM_UPDATE_RSP\000"
 2065      455F4556 
 2065      545F4C32 
 2065      4341505F 
 2065      434F4E4E 
 2066              	.LASF141:
 2067 0d79 6D61696E 		.ascii	"main\000"
 2067      00
ARM GAS  C:\Users\ADMINI~1.SC-\AppData\Local\Temp\cctjaf5q.s 			page 49


 2068              	.LASF136:
 2069 0d7e 54785F42 		.ascii	"Tx_Begin\000"
 2069      6567696E 
 2069      00
 2070              	.LASF39:
 2071 0d87 4359424C 		.ascii	"CYBLE_EVT_GATT_DISCONNECT_IND\000"
 2071      455F4556 
 2071      545F4741 
 2071      54545F44 
 2071      4953434F 
 2072              	.LASF94:
 2073 0da5 4359424C 		.ascii	"CYBLE_ERROR_GATT_DB_INVALID_ATTR_HANDLE\000"
 2073      455F4552 
 2073      524F525F 
 2073      47415454 
 2073      5F44425F 
 2074              		.ident	"GCC: (GNU Tools for ARM Embedded Processors) 4.9.3 20150303 (release) [ARM/embedded-4_9-br
