ARM GAS  C:\Users\ADMINI~1.SC-\AppData\Local\Temp\ccllya0J.s 			page 1


   1              		.cpu cortex-m0
   2              		.fpu softvfp
   3              		.eabi_attribute 20, 1
   4              		.eabi_attribute 21, 1
   5              		.eabi_attribute 23, 3
   6              		.eabi_attribute 24, 1
   7              		.eabi_attribute 25, 1
   8              		.eabi_attribute 26, 1
   9              		.eabi_attribute 30, 6
  10              		.eabi_attribute 34, 0
  11              		.eabi_attribute 18, 4
  12              		.code	16
  13              		.file	"UART_SPI_UART_INT.c"
  14              		.text
  15              	.Ltext0:
  16              		.cfi_sections	.debug_frame
  17              		.section	.text.UART_SPI_UART_ISR,"ax",%progbits
  18              		.align	2
  19              		.global	UART_SPI_UART_ISR
  20              		.code	16
  21              		.thumb_func
  22              		.type	UART_SPI_UART_ISR, %function
  23              	UART_SPI_UART_ISR:
  24              	.LFB2:
  25              		.file 1 "Generated_Source\\PSoC4\\UART_SPI_UART_INT.c"
   1:Generated_Source\PSoC4/UART_SPI_UART_INT.c **** /*******************************************************************************
   2:Generated_Source\PSoC4/UART_SPI_UART_INT.c **** * File Name: UART_SPI_UART_INT.c
   3:Generated_Source\PSoC4/UART_SPI_UART_INT.c **** * Version 3.0
   4:Generated_Source\PSoC4/UART_SPI_UART_INT.c **** *
   5:Generated_Source\PSoC4/UART_SPI_UART_INT.c **** * Description:
   6:Generated_Source\PSoC4/UART_SPI_UART_INT.c **** *  This file provides the source code to the Interrupt Service Routine for
   7:Generated_Source\PSoC4/UART_SPI_UART_INT.c **** *  the SCB Component in SPI and UART modes.
   8:Generated_Source\PSoC4/UART_SPI_UART_INT.c **** *
   9:Generated_Source\PSoC4/UART_SPI_UART_INT.c **** * Note:
  10:Generated_Source\PSoC4/UART_SPI_UART_INT.c **** *
  11:Generated_Source\PSoC4/UART_SPI_UART_INT.c **** ********************************************************************************
  12:Generated_Source\PSoC4/UART_SPI_UART_INT.c **** * Copyright 2013-2015, Cypress Semiconductor Corporation.  All rights reserved.
  13:Generated_Source\PSoC4/UART_SPI_UART_INT.c **** * You may use this file only in accordance with the license, terms, conditions,
  14:Generated_Source\PSoC4/UART_SPI_UART_INT.c **** * disclaimers, and limitations in the end user license agreement accompanying
  15:Generated_Source\PSoC4/UART_SPI_UART_INT.c **** * the software package with which this file was provided.
  16:Generated_Source\PSoC4/UART_SPI_UART_INT.c **** *******************************************************************************/
  17:Generated_Source\PSoC4/UART_SPI_UART_INT.c **** 
  18:Generated_Source\PSoC4/UART_SPI_UART_INT.c **** #include "UART_PVT.h"
  19:Generated_Source\PSoC4/UART_SPI_UART_INT.c **** #include "UART_SPI_UART_PVT.h"
  20:Generated_Source\PSoC4/UART_SPI_UART_INT.c **** 
  21:Generated_Source\PSoC4/UART_SPI_UART_INT.c **** 
  22:Generated_Source\PSoC4/UART_SPI_UART_INT.c **** #if (UART_SCB_IRQ_INTERNAL)
  23:Generated_Source\PSoC4/UART_SPI_UART_INT.c **** /*******************************************************************************
  24:Generated_Source\PSoC4/UART_SPI_UART_INT.c **** * Function Name: UART_SPI_UART_ISR
  25:Generated_Source\PSoC4/UART_SPI_UART_INT.c **** ********************************************************************************
  26:Generated_Source\PSoC4/UART_SPI_UART_INT.c **** *
  27:Generated_Source\PSoC4/UART_SPI_UART_INT.c **** * Summary:
  28:Generated_Source\PSoC4/UART_SPI_UART_INT.c **** *  Handles the Interrupt Service Routine for the SCB SPI or UART modes.
  29:Generated_Source\PSoC4/UART_SPI_UART_INT.c **** *
  30:Generated_Source\PSoC4/UART_SPI_UART_INT.c **** * Parameters:
  31:Generated_Source\PSoC4/UART_SPI_UART_INT.c **** *  None
  32:Generated_Source\PSoC4/UART_SPI_UART_INT.c **** *
ARM GAS  C:\Users\ADMINI~1.SC-\AppData\Local\Temp\ccllya0J.s 			page 2


  33:Generated_Source\PSoC4/UART_SPI_UART_INT.c **** * Return:
  34:Generated_Source\PSoC4/UART_SPI_UART_INT.c **** *  None
  35:Generated_Source\PSoC4/UART_SPI_UART_INT.c **** *
  36:Generated_Source\PSoC4/UART_SPI_UART_INT.c **** *******************************************************************************/
  37:Generated_Source\PSoC4/UART_SPI_UART_INT.c **** CY_ISR(UART_SPI_UART_ISR)
  38:Generated_Source\PSoC4/UART_SPI_UART_INT.c **** {
  26              		.loc 1 38 0
  27              		.cfi_startproc
  28 0000 80B5     		push	{r7, lr}
  29              		.cfi_def_cfa_offset 8
  30              		.cfi_offset 7, -8
  31              		.cfi_offset 14, -4
  32 0002 00AF     		add	r7, sp, #0
  33              		.cfi_def_cfa_register 7
  39:Generated_Source\PSoC4/UART_SPI_UART_INT.c **** #if (UART_INTERNAL_RX_SW_BUFFER_CONST)
  40:Generated_Source\PSoC4/UART_SPI_UART_INT.c ****     uint32 locHead;
  41:Generated_Source\PSoC4/UART_SPI_UART_INT.c **** #endif /* (UART_INTERNAL_RX_SW_BUFFER_CONST) */
  42:Generated_Source\PSoC4/UART_SPI_UART_INT.c **** 
  43:Generated_Source\PSoC4/UART_SPI_UART_INT.c **** #if (UART_INTERNAL_TX_SW_BUFFER_CONST)
  44:Generated_Source\PSoC4/UART_SPI_UART_INT.c ****     uint32 locTail;
  45:Generated_Source\PSoC4/UART_SPI_UART_INT.c **** #endif /* (UART_INTERNAL_TX_SW_BUFFER_CONST) */
  46:Generated_Source\PSoC4/UART_SPI_UART_INT.c **** 
  47:Generated_Source\PSoC4/UART_SPI_UART_INT.c **** #ifdef UART_SPI_UART_ISR_ENTRY_CALLBACK
  48:Generated_Source\PSoC4/UART_SPI_UART_INT.c ****     UART_SPI_UART_ISR_EntryCallback();
  49:Generated_Source\PSoC4/UART_SPI_UART_INT.c **** #endif /* UART_SPI_UART_ISR_ENTRY_CALLBACK */
  50:Generated_Source\PSoC4/UART_SPI_UART_INT.c **** 
  51:Generated_Source\PSoC4/UART_SPI_UART_INT.c ****     if (NULL != UART_customIntrHandler)
  34              		.loc 1 51 0
  35 0004 044B     		ldr	r3, .L3
  36 0006 1B68     		ldr	r3, [r3]
  37 0008 002B     		cmp	r3, #0
  38 000a 02D0     		beq	.L1
  52:Generated_Source\PSoC4/UART_SPI_UART_INT.c ****     {
  53:Generated_Source\PSoC4/UART_SPI_UART_INT.c ****         UART_customIntrHandler();
  39              		.loc 1 53 0
  40 000c 024B     		ldr	r3, .L3
  41 000e 1B68     		ldr	r3, [r3]
  42 0010 9847     		blx	r3
  43              	.L1:
  54:Generated_Source\PSoC4/UART_SPI_UART_INT.c ****     }
  55:Generated_Source\PSoC4/UART_SPI_UART_INT.c **** 
  56:Generated_Source\PSoC4/UART_SPI_UART_INT.c ****     #if (UART_CHECK_SPI_WAKE_ENABLE)
  57:Generated_Source\PSoC4/UART_SPI_UART_INT.c ****     {
  58:Generated_Source\PSoC4/UART_SPI_UART_INT.c ****         /* Clear SPI wakeup source */
  59:Generated_Source\PSoC4/UART_SPI_UART_INT.c ****         UART_ClearSpiExtClkInterruptSource(UART_INTR_SPI_EC_WAKE_UP);
  60:Generated_Source\PSoC4/UART_SPI_UART_INT.c ****     }
  61:Generated_Source\PSoC4/UART_SPI_UART_INT.c ****     #endif
  62:Generated_Source\PSoC4/UART_SPI_UART_INT.c **** 
  63:Generated_Source\PSoC4/UART_SPI_UART_INT.c ****     #if (UART_CHECK_RX_SW_BUFFER)
  64:Generated_Source\PSoC4/UART_SPI_UART_INT.c ****     {
  65:Generated_Source\PSoC4/UART_SPI_UART_INT.c ****         if (UART_CHECK_INTR_RX_MASKED(UART_INTR_RX_NOT_EMPTY))
  66:Generated_Source\PSoC4/UART_SPI_UART_INT.c ****         {
  67:Generated_Source\PSoC4/UART_SPI_UART_INT.c ****             do
  68:Generated_Source\PSoC4/UART_SPI_UART_INT.c ****             {
  69:Generated_Source\PSoC4/UART_SPI_UART_INT.c ****                 /* Move local head index */
  70:Generated_Source\PSoC4/UART_SPI_UART_INT.c ****                 locHead = (UART_rxBufferHead + 1u);
  71:Generated_Source\PSoC4/UART_SPI_UART_INT.c **** 
ARM GAS  C:\Users\ADMINI~1.SC-\AppData\Local\Temp\ccllya0J.s 			page 3


  72:Generated_Source\PSoC4/UART_SPI_UART_INT.c ****                 /* Adjust local head index */
  73:Generated_Source\PSoC4/UART_SPI_UART_INT.c ****                 if (UART_INTERNAL_RX_BUFFER_SIZE == locHead)
  74:Generated_Source\PSoC4/UART_SPI_UART_INT.c ****                 {
  75:Generated_Source\PSoC4/UART_SPI_UART_INT.c ****                     locHead = 0u;
  76:Generated_Source\PSoC4/UART_SPI_UART_INT.c ****                 }
  77:Generated_Source\PSoC4/UART_SPI_UART_INT.c **** 
  78:Generated_Source\PSoC4/UART_SPI_UART_INT.c ****                 if (locHead == UART_rxBufferTail)
  79:Generated_Source\PSoC4/UART_SPI_UART_INT.c ****                 {
  80:Generated_Source\PSoC4/UART_SPI_UART_INT.c ****                     #if (UART_CHECK_UART_RTS_CONTROL_FLOW)
  81:Generated_Source\PSoC4/UART_SPI_UART_INT.c ****                     {
  82:Generated_Source\PSoC4/UART_SPI_UART_INT.c ****                         /* There is no space in the software buffer - disable the
  83:Generated_Source\PSoC4/UART_SPI_UART_INT.c ****                         * RX Not Empty interrupt source. The data elements are
  84:Generated_Source\PSoC4/UART_SPI_UART_INT.c ****                         * still being received into the RX FIFO until the RTS signal
  85:Generated_Source\PSoC4/UART_SPI_UART_INT.c ****                         * stops the transmitter. After the data element is read from the
  86:Generated_Source\PSoC4/UART_SPI_UART_INT.c ****                         * buffer, the RX Not Empty interrupt source is enabled to
  87:Generated_Source\PSoC4/UART_SPI_UART_INT.c ****                         * move the next data element in the software buffer.
  88:Generated_Source\PSoC4/UART_SPI_UART_INT.c ****                         */
  89:Generated_Source\PSoC4/UART_SPI_UART_INT.c ****                         UART_INTR_RX_MASK_REG &= ~UART_INTR_RX_NOT_EMPTY;
  90:Generated_Source\PSoC4/UART_SPI_UART_INT.c ****                         break;
  91:Generated_Source\PSoC4/UART_SPI_UART_INT.c ****                     }
  92:Generated_Source\PSoC4/UART_SPI_UART_INT.c ****                     #else
  93:Generated_Source\PSoC4/UART_SPI_UART_INT.c ****                     {
  94:Generated_Source\PSoC4/UART_SPI_UART_INT.c ****                         /* Overflow: through away received data element */
  95:Generated_Source\PSoC4/UART_SPI_UART_INT.c ****                         (void) UART_RX_FIFO_RD_REG;
  96:Generated_Source\PSoC4/UART_SPI_UART_INT.c ****                         UART_rxBufferOverflow = (uint8) UART_INTR_RX_OVERFLOW;
  97:Generated_Source\PSoC4/UART_SPI_UART_INT.c ****                     }
  98:Generated_Source\PSoC4/UART_SPI_UART_INT.c ****                     #endif
  99:Generated_Source\PSoC4/UART_SPI_UART_INT.c ****                 }
 100:Generated_Source\PSoC4/UART_SPI_UART_INT.c ****                 else
 101:Generated_Source\PSoC4/UART_SPI_UART_INT.c ****                 {
 102:Generated_Source\PSoC4/UART_SPI_UART_INT.c ****                     /* Store received data */
 103:Generated_Source\PSoC4/UART_SPI_UART_INT.c ****                     UART_PutWordInRxBuffer(locHead, UART_RX_FIFO_RD_REG);
 104:Generated_Source\PSoC4/UART_SPI_UART_INT.c **** 
 105:Generated_Source\PSoC4/UART_SPI_UART_INT.c ****                     /* Move head index */
 106:Generated_Source\PSoC4/UART_SPI_UART_INT.c ****                     UART_rxBufferHead = locHead;
 107:Generated_Source\PSoC4/UART_SPI_UART_INT.c ****                 }
 108:Generated_Source\PSoC4/UART_SPI_UART_INT.c ****             }
 109:Generated_Source\PSoC4/UART_SPI_UART_INT.c ****             while(0u != UART_GET_RX_FIFO_ENTRIES);
 110:Generated_Source\PSoC4/UART_SPI_UART_INT.c **** 
 111:Generated_Source\PSoC4/UART_SPI_UART_INT.c ****             UART_ClearRxInterruptSource(UART_INTR_RX_NOT_EMPTY);
 112:Generated_Source\PSoC4/UART_SPI_UART_INT.c ****         }
 113:Generated_Source\PSoC4/UART_SPI_UART_INT.c ****     }
 114:Generated_Source\PSoC4/UART_SPI_UART_INT.c ****     #endif
 115:Generated_Source\PSoC4/UART_SPI_UART_INT.c **** 
 116:Generated_Source\PSoC4/UART_SPI_UART_INT.c **** 
 117:Generated_Source\PSoC4/UART_SPI_UART_INT.c ****     #if (UART_CHECK_TX_SW_BUFFER)
 118:Generated_Source\PSoC4/UART_SPI_UART_INT.c ****     {
 119:Generated_Source\PSoC4/UART_SPI_UART_INT.c ****         if (UART_CHECK_INTR_TX_MASKED(UART_INTR_TX_NOT_FULL))
 120:Generated_Source\PSoC4/UART_SPI_UART_INT.c ****         {
 121:Generated_Source\PSoC4/UART_SPI_UART_INT.c ****             do
 122:Generated_Source\PSoC4/UART_SPI_UART_INT.c ****             {
 123:Generated_Source\PSoC4/UART_SPI_UART_INT.c ****                 /* Check for room in TX software buffer */
 124:Generated_Source\PSoC4/UART_SPI_UART_INT.c ****                 if (UART_txBufferHead != UART_txBufferTail)
 125:Generated_Source\PSoC4/UART_SPI_UART_INT.c ****                 {
 126:Generated_Source\PSoC4/UART_SPI_UART_INT.c ****                     /* Move local tail index */
 127:Generated_Source\PSoC4/UART_SPI_UART_INT.c ****                     locTail = (UART_txBufferTail + 1u);
 128:Generated_Source\PSoC4/UART_SPI_UART_INT.c **** 
ARM GAS  C:\Users\ADMINI~1.SC-\AppData\Local\Temp\ccllya0J.s 			page 4


 129:Generated_Source\PSoC4/UART_SPI_UART_INT.c ****                     /* Adjust local tail index */
 130:Generated_Source\PSoC4/UART_SPI_UART_INT.c ****                     if (UART_TX_BUFFER_SIZE == locTail)
 131:Generated_Source\PSoC4/UART_SPI_UART_INT.c ****                     {
 132:Generated_Source\PSoC4/UART_SPI_UART_INT.c ****                         locTail = 0u;
 133:Generated_Source\PSoC4/UART_SPI_UART_INT.c ****                     }
 134:Generated_Source\PSoC4/UART_SPI_UART_INT.c **** 
 135:Generated_Source\PSoC4/UART_SPI_UART_INT.c ****                     /* Put data into TX FIFO */
 136:Generated_Source\PSoC4/UART_SPI_UART_INT.c ****                     UART_TX_FIFO_WR_REG = UART_GetWordFromTxBuffer(locTail);
 137:Generated_Source\PSoC4/UART_SPI_UART_INT.c **** 
 138:Generated_Source\PSoC4/UART_SPI_UART_INT.c ****                     /* Move tail index */
 139:Generated_Source\PSoC4/UART_SPI_UART_INT.c ****                     UART_txBufferTail = locTail;
 140:Generated_Source\PSoC4/UART_SPI_UART_INT.c ****                 }
 141:Generated_Source\PSoC4/UART_SPI_UART_INT.c ****                 else
 142:Generated_Source\PSoC4/UART_SPI_UART_INT.c ****                 {
 143:Generated_Source\PSoC4/UART_SPI_UART_INT.c ****                     /* TX software buffer is empty: complete transfer */
 144:Generated_Source\PSoC4/UART_SPI_UART_INT.c ****                     UART_DISABLE_INTR_TX(UART_INTR_TX_NOT_FULL);
 145:Generated_Source\PSoC4/UART_SPI_UART_INT.c ****                     break;
 146:Generated_Source\PSoC4/UART_SPI_UART_INT.c ****                 }
 147:Generated_Source\PSoC4/UART_SPI_UART_INT.c ****             }
 148:Generated_Source\PSoC4/UART_SPI_UART_INT.c ****             while (UART_SPI_UART_FIFO_SIZE != UART_GET_TX_FIFO_ENTRIES);
 149:Generated_Source\PSoC4/UART_SPI_UART_INT.c **** 
 150:Generated_Source\PSoC4/UART_SPI_UART_INT.c ****             UART_ClearTxInterruptSource(UART_INTR_TX_NOT_FULL);
 151:Generated_Source\PSoC4/UART_SPI_UART_INT.c ****         }
 152:Generated_Source\PSoC4/UART_SPI_UART_INT.c ****     }
 153:Generated_Source\PSoC4/UART_SPI_UART_INT.c ****     #endif
 154:Generated_Source\PSoC4/UART_SPI_UART_INT.c ****     
 155:Generated_Source\PSoC4/UART_SPI_UART_INT.c **** #ifdef UART_SPI_UART_ISR_EXIT_CALLBACK
 156:Generated_Source\PSoC4/UART_SPI_UART_INT.c ****     UART_SPI_UART_ISR_ExitCallback();
 157:Generated_Source\PSoC4/UART_SPI_UART_INT.c **** #endif /* UART_SPI_UART_ISR_EXIT_CALLBACK */
 158:Generated_Source\PSoC4/UART_SPI_UART_INT.c ****     
 159:Generated_Source\PSoC4/UART_SPI_UART_INT.c **** }
  44              		.loc 1 159 0
  45 0012 BD46     		mov	sp, r7
  46              		@ sp needed
  47 0014 80BD     		pop	{r7, pc}
  48              	.L4:
  49 0016 C046     		.align	2
  50              	.L3:
  51 0018 00000000 		.word	UART_customIntrHandler
  52              		.cfi_endproc
  53              	.LFE2:
  54              		.size	UART_SPI_UART_ISR, .-UART_SPI_UART_ISR
  55              		.text
  56              	.Letext0:
  57              		.file 2 "Generated_Source\\PSoC4/cytypes.h"
  58              		.file 3 "Generated_Source\\PSoC4\\UART_PVT.h"
  59              		.section	.debug_info,"",%progbits
  60              	.Ldebug_info0:
  61 0000 B3000000 		.4byte	0xb3
  62 0004 0400     		.2byte	0x4
  63 0006 00000000 		.4byte	.Ldebug_abbrev0
  64 000a 04       		.byte	0x4
  65 000b 01       		.uleb128 0x1
  66 000c 0E000000 		.4byte	.LASF13
  67 0010 01       		.byte	0x1
  68 0011 38010000 		.4byte	.LASF14
  69 0015 8E010000 		.4byte	.LASF15
ARM GAS  C:\Users\ADMINI~1.SC-\AppData\Local\Temp\ccllya0J.s 			page 5


  70 0019 00000000 		.4byte	.Ldebug_ranges0+0
  71 001d 00000000 		.4byte	0
  72 0021 00000000 		.4byte	.Ldebug_line0
  73 0025 02       		.uleb128 0x2
  74 0026 01       		.byte	0x1
  75 0027 06       		.byte	0x6
  76 0028 2C010000 		.4byte	.LASF0
  77 002c 02       		.uleb128 0x2
  78 002d 01       		.byte	0x1
  79 002e 08       		.byte	0x8
  80 002f D2000000 		.4byte	.LASF1
  81 0033 02       		.uleb128 0x2
  82 0034 02       		.byte	0x2
  83 0035 05       		.byte	0x5
  84 0036 7B010000 		.4byte	.LASF2
  85 003a 02       		.uleb128 0x2
  86 003b 02       		.byte	0x2
  87 003c 07       		.byte	0x7
  88 003d 19010000 		.4byte	.LASF3
  89 0041 02       		.uleb128 0x2
  90 0042 04       		.byte	0x4
  91 0043 05       		.byte	0x5
  92 0044 FC000000 		.4byte	.LASF4
  93 0048 02       		.uleb128 0x2
  94 0049 04       		.byte	0x4
  95 004a 07       		.byte	0x7
  96 004b A9000000 		.4byte	.LASF5
  97 004f 02       		.uleb128 0x2
  98 0050 08       		.byte	0x8
  99 0051 05       		.byte	0x5
 100 0052 00000000 		.4byte	.LASF6
 101 0056 02       		.uleb128 0x2
 102 0057 08       		.byte	0x8
 103 0058 07       		.byte	0x7
 104 0059 BB000000 		.4byte	.LASF7
 105 005d 03       		.uleb128 0x3
 106 005e 04       		.byte	0x4
 107 005f 05       		.byte	0x5
 108 0060 696E7400 		.ascii	"int\000"
 109 0064 02       		.uleb128 0x2
 110 0065 04       		.byte	0x4
 111 0066 07       		.byte	0x7
 112 0067 9C000000 		.4byte	.LASF8
 113 006b 02       		.uleb128 0x2
 114 006c 04       		.byte	0x4
 115 006d 04       		.byte	0x4
 116 006e 63010000 		.4byte	.LASF9
 117 0072 02       		.uleb128 0x2
 118 0073 08       		.byte	0x8
 119 0074 04       		.byte	0x4
 120 0075 12010000 		.4byte	.LASF10
 121 0079 02       		.uleb128 0x2
 122 007a 01       		.byte	0x1
 123 007b 08       		.byte	0x8
 124 007c F7000000 		.4byte	.LASF11
 125 0080 04       		.uleb128 0x4
 126 0081 05010000 		.4byte	.LASF16
ARM GAS  C:\Users\ADMINI~1.SC-\AppData\Local\Temp\ccllya0J.s 			page 6


 127 0085 02       		.byte	0x2
 128 0086 7E01     		.2byte	0x17e
 129 0088 8C000000 		.4byte	0x8c
 130 008c 05       		.uleb128 0x5
 131 008d 04       		.byte	0x4
 132 008e 92000000 		.4byte	0x92
 133 0092 06       		.uleb128 0x6
 134 0093 02       		.uleb128 0x2
 135 0094 04       		.byte	0x4
 136 0095 07       		.byte	0x7
 137 0096 85010000 		.4byte	.LASF12
 138 009a 07       		.uleb128 0x7
 139 009b 69010000 		.4byte	.LASF17
 140 009f 01       		.byte	0x1
 141 00a0 25       		.byte	0x25
 142 00a1 00000000 		.4byte	.LFB2
 143 00a5 1C000000 		.4byte	.LFE2-.LFB2
 144 00a9 01       		.uleb128 0x1
 145 00aa 9C       		.byte	0x9c
 146 00ab 08       		.uleb128 0x8
 147 00ac E0000000 		.4byte	.LASF18
 148 00b0 03       		.byte	0x3
 149 00b1 3A       		.byte	0x3a
 150 00b2 80000000 		.4byte	0x80
 151 00b6 00       		.byte	0
 152              		.section	.debug_abbrev,"",%progbits
 153              	.Ldebug_abbrev0:
 154 0000 01       		.uleb128 0x1
 155 0001 11       		.uleb128 0x11
 156 0002 01       		.byte	0x1
 157 0003 25       		.uleb128 0x25
 158 0004 0E       		.uleb128 0xe
 159 0005 13       		.uleb128 0x13
 160 0006 0B       		.uleb128 0xb
 161 0007 03       		.uleb128 0x3
 162 0008 0E       		.uleb128 0xe
 163 0009 1B       		.uleb128 0x1b
 164 000a 0E       		.uleb128 0xe
 165 000b 55       		.uleb128 0x55
 166 000c 17       		.uleb128 0x17
 167 000d 11       		.uleb128 0x11
 168 000e 01       		.uleb128 0x1
 169 000f 10       		.uleb128 0x10
 170 0010 17       		.uleb128 0x17
 171 0011 00       		.byte	0
 172 0012 00       		.byte	0
 173 0013 02       		.uleb128 0x2
 174 0014 24       		.uleb128 0x24
 175 0015 00       		.byte	0
 176 0016 0B       		.uleb128 0xb
 177 0017 0B       		.uleb128 0xb
 178 0018 3E       		.uleb128 0x3e
 179 0019 0B       		.uleb128 0xb
 180 001a 03       		.uleb128 0x3
 181 001b 0E       		.uleb128 0xe
 182 001c 00       		.byte	0
 183 001d 00       		.byte	0
ARM GAS  C:\Users\ADMINI~1.SC-\AppData\Local\Temp\ccllya0J.s 			page 7


 184 001e 03       		.uleb128 0x3
 185 001f 24       		.uleb128 0x24
 186 0020 00       		.byte	0
 187 0021 0B       		.uleb128 0xb
 188 0022 0B       		.uleb128 0xb
 189 0023 3E       		.uleb128 0x3e
 190 0024 0B       		.uleb128 0xb
 191 0025 03       		.uleb128 0x3
 192 0026 08       		.uleb128 0x8
 193 0027 00       		.byte	0
 194 0028 00       		.byte	0
 195 0029 04       		.uleb128 0x4
 196 002a 16       		.uleb128 0x16
 197 002b 00       		.byte	0
 198 002c 03       		.uleb128 0x3
 199 002d 0E       		.uleb128 0xe
 200 002e 3A       		.uleb128 0x3a
 201 002f 0B       		.uleb128 0xb
 202 0030 3B       		.uleb128 0x3b
 203 0031 05       		.uleb128 0x5
 204 0032 49       		.uleb128 0x49
 205 0033 13       		.uleb128 0x13
 206 0034 00       		.byte	0
 207 0035 00       		.byte	0
 208 0036 05       		.uleb128 0x5
 209 0037 0F       		.uleb128 0xf
 210 0038 00       		.byte	0
 211 0039 0B       		.uleb128 0xb
 212 003a 0B       		.uleb128 0xb
 213 003b 49       		.uleb128 0x49
 214 003c 13       		.uleb128 0x13
 215 003d 00       		.byte	0
 216 003e 00       		.byte	0
 217 003f 06       		.uleb128 0x6
 218 0040 15       		.uleb128 0x15
 219 0041 00       		.byte	0
 220 0042 27       		.uleb128 0x27
 221 0043 19       		.uleb128 0x19
 222 0044 00       		.byte	0
 223 0045 00       		.byte	0
 224 0046 07       		.uleb128 0x7
 225 0047 2E       		.uleb128 0x2e
 226 0048 00       		.byte	0
 227 0049 3F       		.uleb128 0x3f
 228 004a 19       		.uleb128 0x19
 229 004b 03       		.uleb128 0x3
 230 004c 0E       		.uleb128 0xe
 231 004d 3A       		.uleb128 0x3a
 232 004e 0B       		.uleb128 0xb
 233 004f 3B       		.uleb128 0x3b
 234 0050 0B       		.uleb128 0xb
 235 0051 27       		.uleb128 0x27
 236 0052 19       		.uleb128 0x19
 237 0053 11       		.uleb128 0x11
 238 0054 01       		.uleb128 0x1
 239 0055 12       		.uleb128 0x12
 240 0056 06       		.uleb128 0x6
ARM GAS  C:\Users\ADMINI~1.SC-\AppData\Local\Temp\ccllya0J.s 			page 8


 241 0057 40       		.uleb128 0x40
 242 0058 18       		.uleb128 0x18
 243 0059 9642     		.uleb128 0x2116
 244 005b 19       		.uleb128 0x19
 245 005c 00       		.byte	0
 246 005d 00       		.byte	0
 247 005e 08       		.uleb128 0x8
 248 005f 34       		.uleb128 0x34
 249 0060 00       		.byte	0
 250 0061 03       		.uleb128 0x3
 251 0062 0E       		.uleb128 0xe
 252 0063 3A       		.uleb128 0x3a
 253 0064 0B       		.uleb128 0xb
 254 0065 3B       		.uleb128 0x3b
 255 0066 0B       		.uleb128 0xb
 256 0067 49       		.uleb128 0x49
 257 0068 13       		.uleb128 0x13
 258 0069 3F       		.uleb128 0x3f
 259 006a 19       		.uleb128 0x19
 260 006b 3C       		.uleb128 0x3c
 261 006c 19       		.uleb128 0x19
 262 006d 00       		.byte	0
 263 006e 00       		.byte	0
 264 006f 00       		.byte	0
 265              		.section	.debug_aranges,"",%progbits
 266 0000 1C000000 		.4byte	0x1c
 267 0004 0200     		.2byte	0x2
 268 0006 00000000 		.4byte	.Ldebug_info0
 269 000a 04       		.byte	0x4
 270 000b 00       		.byte	0
 271 000c 0000     		.2byte	0
 272 000e 0000     		.2byte	0
 273 0010 00000000 		.4byte	.LFB2
 274 0014 1C000000 		.4byte	.LFE2-.LFB2
 275 0018 00000000 		.4byte	0
 276 001c 00000000 		.4byte	0
 277              		.section	.debug_ranges,"",%progbits
 278              	.Ldebug_ranges0:
 279 0000 00000000 		.4byte	.LFB2
 280 0004 1C000000 		.4byte	.LFE2
 281 0008 00000000 		.4byte	0
 282 000c 00000000 		.4byte	0
 283              		.section	.debug_line,"",%progbits
 284              	.Ldebug_line0:
 285 0000 79000000 		.section	.debug_str,"MS",%progbits,1
 285      02005C00 
 285      00000201 
 285      FB0E0D00 
 285      01010101 
 286              	.LASF6:
 287 0000 6C6F6E67 		.ascii	"long long int\000"
 287      206C6F6E 
 287      6720696E 
 287      7400
 288              	.LASF13:
 289 000e 474E5520 		.ascii	"GNU C 4.9.3 20150303 (release) [ARM/embedded-4_9-br"
 289      4320342E 
ARM GAS  C:\Users\ADMINI~1.SC-\AppData\Local\Temp\ccllya0J.s 			page 9


 289      392E3320 
 289      32303135 
 289      30333033 
 290 0041 616E6368 		.ascii	"anch revision 221220] -mcpu=cortex-m0 -mthumb -g -O"
 290      20726576 
 290      6973696F 
 290      6E203232 
 290      31323230 
 291 0074 30202D66 		.ascii	"0 -ffunction-sections -ffat-lto-objects\000"
 291      66756E63 
 291      74696F6E 
 291      2D736563 
 291      74696F6E 
 292              	.LASF8:
 293 009c 756E7369 		.ascii	"unsigned int\000"
 293      676E6564 
 293      20696E74 
 293      00
 294              	.LASF5:
 295 00a9 6C6F6E67 		.ascii	"long unsigned int\000"
 295      20756E73 
 295      69676E65 
 295      6420696E 
 295      7400
 296              	.LASF7:
 297 00bb 6C6F6E67 		.ascii	"long long unsigned int\000"
 297      206C6F6E 
 297      6720756E 
 297      7369676E 
 297      65642069 
 298              	.LASF1:
 299 00d2 756E7369 		.ascii	"unsigned char\000"
 299      676E6564 
 299      20636861 
 299      7200
 300              	.LASF18:
 301 00e0 55415254 		.ascii	"UART_customIntrHandler\000"
 301      5F637573 
 301      746F6D49 
 301      6E747248 
 301      616E646C 
 302              	.LASF11:
 303 00f7 63686172 		.ascii	"char\000"
 303      00
 304              	.LASF4:
 305 00fc 6C6F6E67 		.ascii	"long int\000"
 305      20696E74 
 305      00
 306              	.LASF16:
 307 0105 63796973 		.ascii	"cyisraddress\000"
 307      72616464 
 307      72657373 
 307      00
 308              	.LASF10:
 309 0112 646F7562 		.ascii	"double\000"
 309      6C6500
 310              	.LASF3:
ARM GAS  C:\Users\ADMINI~1.SC-\AppData\Local\Temp\ccllya0J.s 			page 10


 311 0119 73686F72 		.ascii	"short unsigned int\000"
 311      7420756E 
 311      7369676E 
 311      65642069 
 311      6E7400
 312              	.LASF0:
 313 012c 7369676E 		.ascii	"signed char\000"
 313      65642063 
 313      68617200 
 314              	.LASF14:
 315 0138 47656E65 		.ascii	"Generated_Source\\PSoC4\\UART_SPI_UART_INT.c\000"
 315      72617465 
 315      645F536F 
 315      75726365 
 315      5C50536F 
 316              	.LASF9:
 317 0163 666C6F61 		.ascii	"float\000"
 317      7400
 318              	.LASF17:
 319 0169 55415254 		.ascii	"UART_SPI_UART_ISR\000"
 319      5F535049 
 319      5F554152 
 319      545F4953 
 319      5200
 320              	.LASF2:
 321 017b 73686F72 		.ascii	"short int\000"
 321      7420696E 
 321      7400
 322              	.LASF12:
 323 0185 73697A65 		.ascii	"sizetype\000"
 323      74797065 
 323      00
 324              	.LASF15:
 325 018e 453A5C6D 		.ascii	"E:\\my_project\\shhl\\BLE_KEY_wuyuan\\Design02.cyds"
 325      795F7072 
 325      6F6A6563 
 325      745C7368 
 325      686C5C42 
 326 01bd 6E00     		.ascii	"n\000"
 327              		.ident	"GCC: (GNU Tools for ARM Embedded Processors) 4.9.3 20150303 (release) [ARM/embedded-4_9-br
